<?xml version="1.0" encoding="UTF-8"?>
<testsuite xmlns:xsi="http://www.w3.org/2001/XMLSchema-instance" xsi:noNamespaceSchemaLocation="https://maven.apache.org/surefire/maven-surefire-plugin/xsd/surefire-test-report-3.0.xsd" version="3.0" name="org.bukkit.LocationTest" time="0.001" tests="60" errors="0" skipped="0" failures="0">
  <properties>
    <property name="sun.desktop" value="windows"/>
    <property name="awt.toolkit" value="sun.awt.windows.WToolkit"/>
    <property name="file.encoding.pkg" value="sun.io"/>
    <property name="java.specification.version" value="1.8"/>
    <property name="sun.cpu.isalist" value="amd64"/>
    <property name="sun.jnu.encoding" value="Cp1252"/>
    <property name="java.class.path" value="C:\Users\Rafael\Desktop\Spigot-1.8.8-V2-main\Spigot\Spigot-API\target\test-classes;C:\Users\Rafael\Desktop\Spigot-1.8.8-V2-main\Spigot\Spigot-API\target\classes;C:\Users\Rafael\.m2\repository\commons-lang\commons-lang\2.6\commons-lang-2.6.jar;C:\Users\Rafael\.m2\repository\com\googlecode\json-simple\json-simple\1.1.1\json-simple-1.1.1.jar;C:\Users\Rafael\.m2\repository\com\google\guava\guava\17.0\guava-17.0.jar;C:\Users\Rafael\.m2\repository\com\google\code\gson\gson\2.2.4\gson-2.2.4.jar;C:\Users\Rafael\.m2\repository\org\avaje\ebean\2.8.1\ebean-2.8.1.jar;C:\Users\Rafael\.m2\repository\javax\persistence\persistence-api\1.0\persistence-api-1.0.jar;C:\Users\Rafael\.m2\repository\org\yaml\snakeyaml\1.15\snakeyaml-1.15.jar;C:\Users\Rafael\.m2\repository\net\md-5\bungeecord-chat\1.8-SNAPSHOT\bungeecord-chat-1.8-SNAPSHOT.jar;C:\Users\Rafael\.m2\repository\junit\junit\4.12\junit-4.12.jar;C:\Users\Rafael\.m2\repository\org\hamcrest\hamcrest-core\1.3\hamcrest-core-1.3.jar;C:\Users\Rafael\.m2\repository\org\hamcrest\hamcrest-library\1.3\hamcrest-library-1.3.jar;"/>
    <property name="java.vm.vendor" value="Oracle Corporation"/>
    <property name="sun.arch.data.model" value="64"/>
    <property name="user.variant" value=""/>
    <property name="java.vendor.url" value="http://java.oracle.com/"/>
    <property name="user.timezone" value="America/Sao_Paulo"/>
    <property name="java.vm.specification.version" value="1.8"/>
    <property name="os.name" value="Windows 10"/>
    <property name="user.country" value="BR"/>
    <property name="sun.java.launcher" value="SUN_STANDARD"/>
    <property name="sun.boot.library.path" value="C:\Program Files\Java\jre1.8.0_202\bin"/>
    <property name="sun.java.command" value="C:\Users\Rafael\AppData\Local\Temp\surefire2012668066229523118\surefirebooter-20250517100709722_3.jar C:\Users\Rafael\AppData\Local\Temp\surefire2012668066229523118 2025-05-17T10-07-09_549-jvmRun1 surefire-20250517100709722_1tmp surefire_0-20250517100709722_2tmp"/>
    <property name="surefire.test.class.path" value="C:\Users\Rafael\Desktop\Spigot-1.8.8-V2-main\Spigot\Spigot-API\target\test-classes;C:\Users\Rafael\Desktop\Spigot-1.8.8-V2-main\Spigot\Spigot-API\target\classes;C:\Users\Rafael\.m2\repository\commons-lang\commons-lang\2.6\commons-lang-2.6.jar;C:\Users\Rafael\.m2\repository\com\googlecode\json-simple\json-simple\1.1.1\json-simple-1.1.1.jar;C:\Users\Rafael\.m2\repository\com\google\guava\guava\17.0\guava-17.0.jar;C:\Users\Rafael\.m2\repository\com\google\code\gson\gson\2.2.4\gson-2.2.4.jar;C:\Users\Rafael\.m2\repository\org\avaje\ebean\2.8.1\ebean-2.8.1.jar;C:\Users\Rafael\.m2\repository\javax\persistence\persistence-api\1.0\persistence-api-1.0.jar;C:\Users\Rafael\.m2\repository\org\yaml\snakeyaml\1.15\snakeyaml-1.15.jar;C:\Users\Rafael\.m2\repository\net\md-5\bungeecord-chat\1.8-SNAPSHOT\bungeecord-chat-1.8-SNAPSHOT.jar;C:\Users\Rafael\.m2\repository\junit\junit\4.12\junit-4.12.jar;C:\Users\Rafael\.m2\repository\org\hamcrest\hamcrest-core\1.3\hamcrest-core-1.3.jar;C:\Users\Rafael\.m2\repository\org\hamcrest\hamcrest-library\1.3\hamcrest-library-1.3.jar;"/>
    <property name="sun.cpu.endian" value="little"/>
    <property name="user.home" value="C:\Users\Rafael"/>
    <property name="user.language" value="pt"/>
    <property name="java.specification.vendor" value="Oracle Corporation"/>
    <property name="java.home" value="C:\Program Files\Java\jre1.8.0_202"/>
    <property name="basedir" value="C:\Users\Rafael\Desktop\Spigot-1.8.8-V2-main\Spigot\Spigot-API"/>
    <property name="file.separator" value="\"/>
    <property name="line.separator" value="&#10;"/>
    <property name="java.vm.specification.vendor" value="Oracle Corporation"/>
    <property name="java.specification.name" value="Java Platform API Specification"/>
    <property name="java.awt.graphicsenv" value="sun.awt.Win32GraphicsEnvironment"/>
    <property name="surefire.real.class.path" value="C:\Users\Rafael\AppData\Local\Temp\surefire2012668066229523118\surefirebooter-20250517100709722_3.jar"/>
    <property name="sun.boot.class.path" value="C:\Program Files\Java\jre1.8.0_202\lib\resources.jar;C:\Program Files\Java\jre1.8.0_202\lib\rt.jar;C:\Program Files\Java\jre1.8.0_202\lib\sunrsasign.jar;C:\Program Files\Java\jre1.8.0_202\lib\jsse.jar;C:\Program Files\Java\jre1.8.0_202\lib\jce.jar;C:\Program Files\Java\jre1.8.0_202\lib\charsets.jar;C:\Program Files\Java\jre1.8.0_202\lib\jfr.jar;C:\Program Files\Java\jre1.8.0_202\classes"/>
    <property name="user.script" value=""/>
    <property name="sun.management.compiler" value="HotSpot 64-Bit Tiered Compilers"/>
    <property name="java.runtime.version" value="1.8.0_202-b08"/>
    <property name="user.name" value="Rafael"/>
    <property name="path.separator" value=";"/>
    <property name="os.version" value="10.0"/>
    <property name="java.endorsed.dirs" value="C:\Program Files\Java\jre1.8.0_202\lib\endorsed"/>
    <property name="java.runtime.name" value="Java(TM) SE Runtime Environment"/>
    <property name="file.encoding" value="Cp1252"/>
    <property name="java.vm.name" value="Java HotSpot(TM) 64-Bit Server VM"/>
    <property name="localRepository" value="C:\Users\Rafael\.m2\repository"/>
    <property name="java.vendor.url.bug" value="http://bugreport.sun.com/bugreport/"/>
    <property name="java.io.tmpdir" value="C:\Users\Rafael\AppData\Local\Temp\"/>
    <property name="java.version" value="1.8.0_202"/>
    <property name="user.dir" value="C:\Users\Rafael\Desktop\Spigot-1.8.8-V2-main\Spigot\Spigot-API"/>
    <property name="os.arch" value="amd64"/>
    <property name="java.vm.specification.name" value="Java Virtual Machine Specification"/>
    <property name="java.awt.printerjob" value="sun.awt.windows.WPrinterJob"/>
    <property name="sun.os.patch.level" value=""/>
    <property name="java.library.path" value="C:\Program Files\Java\jre1.8.0_202\bin;C:\Windows\Sun\Java\bin;C:\Windows\system32;C:\Windows;C:\Users\Rafael\bin;C:\Program Files\Git\mingw64\bin;C:\Program Files\Git\usr\local\bin;C:\Program Files\Git\usr\bin;C:\Program Files\Git\usr\bin;C:\Program Files\Git\mingw64\bin;C:\Program Files\Git\usr\bin;C:\Users\Rafael\bin;C:\Program Files (x86)\Common Files\Oracle\Java\javapath;C:\Windows\system32;C:\Windows;C:\Windows\System32\Wbem;C:\Windows\System32\WindowsPowerShell\v1.0;C:\Windows\System32\OpenSSH;C:\Program Files (x86)\Bitvise SSH Client;C:\Program Files\Git\cmd;C:\Users\Rafael\AppData\Local\Microsoft\WindowsApps;C:\Users\Rafael\AppData\Local\GitHubDesktop\bin;C:\apache-maven-3.9.9-bin\bin;C:\Program Files\Git\usr\bin\vendor_perl;C:\Program Files\Git\usr\bin\core_perl;."/>
    <property name="java.vm.info" value="mixed mode"/>
    <property name="java.vendor" value="Oracle Corporation"/>
    <property name="java.vm.version" value="25.202-b08"/>
    <property name="java.ext.dirs" value="C:\Program Files\Java\jre1.8.0_202\lib\ext;C:\Windows\Sun\Java\lib\ext"/>
    <property name="sun.io.unicode.encoding" value="UnicodeLittle"/>
    <property name="java.class.version" value="52.0"/>
  </properties>
  <testcase name="testExpectedXYZ[0: X]" classname="org.bukkit.LocationTest" time="0.0"/>
  <testcase name="testExpectedPitchYaw[0: X]" classname="org.bukkit.LocationTest" time="0.0"/>
  <testcase name="testExpectedXYZ[1: -X]" classname="org.bukkit.LocationTest" time="0.0"/>
  <testcase name="testExpectedPitchYaw[1: -X]" classname="org.bukkit.LocationTest" time="0.0"/>
  <testcase name="testExpectedXYZ[2: Z]" classname="org.bukkit.LocationTest" time="0.0"/>
  <testcase name="testExpectedPitchYaw[2: Z]" classname="org.bukkit.LocationTest" time="0.0"/>
  <testcase name="testExpectedXYZ[3: -Z]" classname="org.bukkit.LocationTest" time="0.0"/>
  <testcase name="testExpectedPitchYaw[3: -Z]" classname="org.bukkit.LocationTest" time="0.0"/>
  <testcase name="testExpectedXYZ[4: Y]" classname="org.bukkit.LocationTest" time="0.0"/>
  <testcase name="testExpectedPitchYaw[4: Y]" classname="org.bukkit.LocationTest" time="0.0"/>
  <testcase name="testExpectedXYZ[5: -Y]" classname="org.bukkit.LocationTest" time="0.0"/>
  <testcase name="testExpectedPitchYaw[5: -Y]" classname="org.bukkit.LocationTest" time="0.0"/>
  <testcase name="testExpectedXYZ[6: X Z]" classname="org.bukkit.LocationTest" time="0.0"/>
  <testcase name="testExpectedPitchYaw[6: X Z]" classname="org.bukkit.LocationTest" time="0.0"/>
  <testcase name="testExpectedXYZ[7: X -Z]" classname="org.bukkit.LocationTest" time="0.0"/>
  <testcase name="testExpectedPitchYaw[7: X -Z]" classname="org.bukkit.LocationTest" time="0.0"/>
  <testcase name="testExpectedXYZ[8: -X -Z]" classname="org.bukkit.LocationTest" time="0.0"/>
  <testcase name="testExpectedPitchYaw[8: -X -Z]" classname="org.bukkit.LocationTest" time="0.0"/>
  <testcase name="testExpectedXYZ[9: -X Z]" classname="org.bukkit.LocationTest" time="0.0"/>
  <testcase name="testExpectedPitchYaw[9: -X Z]" classname="org.bukkit.LocationTest" time="0.0"/>
  <testcase name="testExpectedXYZ[10: X Y Z]" classname="org.bukkit.LocationTest" time="0.0"/>
  <testcase name="testExpectedPitchYaw[10: X Y Z]" classname="org.bukkit.LocationTest" time="0.0"/>
  <testcase name="testExpectedXYZ[11: -X -Y -Z]" classname="org.bukkit.LocationTest" time="0.0"/>
  <testcase name="testExpectedPitchYaw[11: -X -Y -Z]" classname="org.bukkit.LocationTest" time="0.0"/>
  <testcase name="testExpectedXYZ[12: R0]" classname="org.bukkit.LocationTest" time="0.0"/>
  <testcase name="testExpectedPitchYaw[12: R0]" classname="org.bukkit.LocationTest" time="0.0"/>
  <testcase name="testExpectedXYZ[13: R1]" classname="org.bukkit.LocationTest" time="0.0"/>
  <testcase name="testExpectedPitchYaw[13: R1]" classname="org.bukkit.LocationTest" time="0.0"/>
  <testcase name="testExpectedXYZ[14: R2]" classname="org.bukkit.LocationTest" time="0.0"/>
  <testcase name="testExpectedPitchYaw[14: R2]" classname="org.bukkit.LocationTest" time="0.0"/>
  <testcase name="testExpectedXYZ[15: R3]" classname="org.bukkit.LocationTest" time="0.0"/>
  <testcase name="testExpectedPitchYaw[15: R3]" classname="org.bukkit.LocationTest" time="0.0"/>
  <testcase name="testExpectedXYZ[16: R4]" classname="org.bukkit.LocationTest" time="0.0"/>
  <testcase name="testExpectedPitchYaw[16: R4]" classname="org.bukkit.LocationTest" time="0.0"/>
  <testcase name="testExpectedXYZ[17: R5]" classname="org.bukkit.LocationTest" time="0.0"/>
  <testcase name="testExpectedPitchYaw[17: R5]" classname="org.bukkit.LocationTest" time="0.0"/>
  <testcase name="testExpectedXYZ[18: R6]" classname="org.bukkit.LocationTest" time="0.0"/>
  <testcase name="testExpectedPitchYaw[18: R6]" classname="org.bukkit.LocationTest" time="0.0"/>
  <testcase name="testExpectedXYZ[19: R7]" classname="org.bukkit.LocationTest" time="0.0"/>
  <testcase name="testExpectedPitchYaw[19: R7]" classname="org.bukkit.LocationTest" time="0.0"/>
  <testcase name="testExpectedXYZ[20: R8]" classname="org.bukkit.LocationTest" time="0.0"/>
  <testcase name="testExpectedPitchYaw[20: R8]" classname="org.bukkit.LocationTest" time="0.0"/>
  <testcase name="testExpectedXYZ[21: R9]" classname="org.bukkit.LocationTest" time="0.0"/>
  <testcase name="testExpectedPitchYaw[21: R9]" classname="org.bukkit.LocationTest" time="0.0"/>
  <testcase name="testExpectedXYZ[22: R10]" classname="org.bukkit.LocationTest" time="0.0"/>
  <testcase name="testExpectedPitchYaw[22: R10]" classname="org.bukkit.LocationTest" time="0.0"/>
  <testcase name="testExpectedXYZ[23: R11]" classname="org.bukkit.LocationTest" time="0.0"/>
  <testcase name="testExpectedPitchYaw[23: R11]" classname="org.bukkit.LocationTest" time="0.0"/>
  <testcase name="testExpectedXYZ[24: R12]" classname="org.bukkit.LocationTest" time="0.0"/>
  <testcase name="testExpectedPitchYaw[24: R12]" classname="org.bukkit.LocationTest" time="0.0"/>
  <testcase name="testExpectedXYZ[25: R13]" classname="org.bukkit.LocationTest" time="0.0"/>
  <testcase name="testExpectedPitchYaw[25: R13]" classname="org.bukkit.LocationTest" time="0.0"/>
  <testcase name="testExpectedXYZ[26: R14]" classname="org.bukkit.LocationTest" time="0.0"/>
  <testcase name="testExpectedPitchYaw[26: R14]" classname="org.bukkit.LocationTest" time="0.0"/>
  <testcase name="testExpectedXYZ[27: R15]" classname="org.bukkit.LocationTest" time="0.0"/>
  <testcase name="testExpectedPitchYaw[27: R15]" classname="org.bukkit.LocationTest" time="0.0"/>
  <testcase name="testExpectedXYZ[28: R16]" classname="org.bukkit.LocationTest" time="0.0"/>
  <testcase name="testExpectedPitchYaw[28: R16]" classname="org.bukkit.LocationTest" time="0.0"/>
  <testcase name="testExpectedXYZ[29: R17]" classname="org.bukkit.LocationTest" time="0.0"/>
  <testcase name="testExpectedPitchYaw[29: R17]" classname="org.bukkit.LocationTest" time="0.0"/>
</testsuite>