<?xml version="1.0" encoding="UTF-8"?>
<testsuite name="org.bukkit.craftbukkit.inventory.FactoryItemMaterialTest" time="0.288" tests="1352" errors="0" skipped="0" failures="0">
  <properties>
    <property name="java.runtime.name" value="Java(TM) SE Runtime Environment"/>
    <property name="sun.boot.library.path" value="C:\Program Files\Java\jre1.8.0_202\bin"/>
    <property name="java.vm.version" value="25.202-b08"/>
    <property name="java.vm.vendor" value="Oracle Corporation"/>
    <property name="maven.multiModuleProjectDirectory" value="C:/Users/Rafael/Desktop/Spigot-1.8.8-V2-main/Spigot"/>
    <property name="java.vendor.url" value="http://java.oracle.com/"/>
    <property name="path.separator" value=";"/>
    <property name="guice.disable.misplaced.annotation.check" value="true"/>
    <property name="java.vm.name" value="Java HotSpot(TM) 64-Bit Server VM"/>
    <property name="file.encoding.pkg" value="sun.io"/>
    <property name="user.script" value=""/>
    <property name="user.country" value="BR"/>
    <property name="sun.java.launcher" value="SUN_STANDARD"/>
    <property name="sun.os.patch.level" value=""/>
    <property name="java.vm.specification.name" value="Java Virtual Machine Specification"/>
    <property name="user.dir" value="C:\Users\Rafael\Desktop\Spigot-1.8.8-V2-main\Spigot"/>
    <property name="java.runtime.version" value="1.8.0_202-b08"/>
    <property name="java.awt.graphicsenv" value="sun.awt.Win32GraphicsEnvironment"/>
    <property name="java.endorsed.dirs" value="C:\Program Files\Java\jre1.8.0_202\lib\endorsed"/>
    <property name="os.arch" value="amd64"/>
    <property name="java.io.tmpdir" value="C:\Users\Rafael\AppData\Local\Temp\"/>
    <property name="line.separator" value="&#10;"/>
    <property name="java.vm.specification.vendor" value="Oracle Corporation"/>
    <property name="user.variant" value=""/>
    <property name="os.name" value="Windows 10"/>
    <property name="classworlds.conf" value="C:/apache-maven-3.9.9-bin/bin/m2.conf"/>
    <property name="sun.jnu.encoding" value="Cp1252"/>
    <property name="java.library.path" value="C:\Program Files (x86)\Common Files\Oracle\Java\javapath;C:\Windows\Sun\Java\bin;C:\Windows\system32;C:\Windows;C:\Users\Rafael\bin;C:\Program Files\Git\mingw64\bin;C:\Program Files\Git\usr\local\bin;C:\Program Files\Git\usr\bin;C:\Program Files\Git\usr\bin;C:\Program Files\Git\mingw64\bin;C:\Program Files\Git\usr\bin;C:\Users\Rafael\bin;C:\Program Files (x86)\Common Files\Oracle\Java\javapath;C:\Windows\system32;C:\Windows;C:\Windows\System32\Wbem;C:\Windows\System32\WindowsPowerShell\v1.0;C:\Windows\System32\OpenSSH;C:\Program Files (x86)\Bitvise SSH Client;C:\Program Files\Git\cmd;C:\Users\Rafael\AppData\Local\Microsoft\WindowsApps;C:\Users\Rafael\AppData\Local\GitHubDesktop\bin;C:\apache-maven-3.9.9-bin\bin;C:\Program Files\Git\usr\bin\vendor_perl;C:\Program Files\Git\usr\bin\core_perl;."/>
    <property name="maven.conf" value="C:/apache-maven-3.9.9-bin/conf"/>
    <property name="java.specification.name" value="Java Platform API Specification"/>
    <property name="java.class.version" value="52.0"/>
    <property name="sun.management.compiler" value="HotSpot 64-Bit Tiered Compilers"/>
    <property name="os.version" value="10.0"/>
    <property name="library.jansi.path" value="C:/apache-maven-3.9.9-bin/lib/jansi-native"/>
    <property name="user.home" value="C:\Users\Rafael"/>
    <property name="user.timezone" value="America/Sao_Paulo"/>
    <property name="java.awt.printerjob" value="sun.awt.windows.WPrinterJob"/>
    <property name="java.specification.version" value="1.8"/>
    <property name="file.encoding" value="Cp1252"/>
    <property name="user.name" value="Rafael"/>
    <property name="java.class.path" value="C:/apache-maven-3.9.9-bin/boot/plexus-classworlds-2.8.0.jar"/>
    <property name="java.vm.specification.version" value="1.8"/>
    <property name="sun.arch.data.model" value="64"/>
    <property name="java.home" value="C:\Program Files\Java\jre1.8.0_202"/>
    <property name="sun.java.command" value="org.codehaus.plexus.classworlds.launcher.Launcher clean install"/>
    <property name="java.specification.vendor" value="Oracle Corporation"/>
    <property name="user.language" value="pt"/>
    <property name="awt.toolkit" value="sun.awt.windows.WToolkit"/>
    <property name="java.vm.info" value="mixed mode"/>
    <property name="java.version" value="1.8.0_202"/>
    <property name="java.ext.dirs" value="C:\Program Files\Java\jre1.8.0_202\lib\ext;C:\Windows\Sun\Java\lib\ext"/>
    <property name="sun.boot.class.path" value="C:\Program Files\Java\jre1.8.0_202\lib\resources.jar;C:\Program Files\Java\jre1.8.0_202\lib\rt.jar;C:\Program Files\Java\jre1.8.0_202\lib\sunrsasign.jar;C:\Program Files\Java\jre1.8.0_202\lib\jsse.jar;C:\Program Files\Java\jre1.8.0_202\lib\jce.jar;C:\Program Files\Java\jre1.8.0_202\lib\charsets.jar;C:\Program Files\Java\jre1.8.0_202\lib\jfr.jar;C:\Program Files\Java\jre1.8.0_202\classes"/>
    <property name="sun.stderr.encoding" value="cp850"/>
    <property name="java.vendor" value="Oracle Corporation"/>
    <property name="maven.home" value="C:\apache-maven-3.9.9-bin"/>
    <property name="file.separator" value="\"/>
    <property name="java.vendor.url.bug" value="http://bugreport.sun.com/bugreport/"/>
    <property name="sun.cpu.endian" value="little"/>
    <property name="sun.io.unicode.encoding" value="UnicodeLittle"/>
    <property name="sun.stdout.encoding" value="cp850"/>
    <property name="sun.desktop" value="windows"/>
    <property name="sun.cpu.isalist" value="amd64"/>
  </properties>
  <testcase name="blankEqualities[Material[0]:AIR]" classname="org.bukkit.craftbukkit.inventory.FactoryItemMaterialTest" time="0"/>
  <testcase name="generalCase[Material[0]:AIR]" classname="org.bukkit.craftbukkit.inventory.FactoryItemMaterialTest" time="0"/>
  <testcase name="asMetaFor[Material[0]:AIR]" classname="org.bukkit.craftbukkit.inventory.FactoryItemMaterialTest" time="0"/>
  <testcase name="itemStack[Material[0]:AIR]" classname="org.bukkit.craftbukkit.inventory.FactoryItemMaterialTest" time="0.012"/>
  <testcase name="blankEqualities[Material[1]:STONE]" classname="org.bukkit.craftbukkit.inventory.FactoryItemMaterialTest" time="0.005"/>
  <testcase name="generalCase[Material[1]:STONE]" classname="org.bukkit.craftbukkit.inventory.FactoryItemMaterialTest" time="0"/>
  <testcase name="asMetaFor[Material[1]:STONE]" classname="org.bukkit.craftbukkit.inventory.FactoryItemMaterialTest" time="0.01"/>
  <testcase name="itemStack[Material[1]:STONE]" classname="org.bukkit.craftbukkit.inventory.FactoryItemMaterialTest" time="0"/>
  <testcase name="blankEqualities[Material[2]:GRASS]" classname="org.bukkit.craftbukkit.inventory.FactoryItemMaterialTest" time="0.001"/>
  <testcase name="generalCase[Material[2]:GRASS]" classname="org.bukkit.craftbukkit.inventory.FactoryItemMaterialTest" time="0"/>
  <testcase name="asMetaFor[Material[2]:GRASS]" classname="org.bukkit.craftbukkit.inventory.FactoryItemMaterialTest" time="0.001"/>
  <testcase name="itemStack[Material[2]:GRASS]" classname="org.bukkit.craftbukkit.inventory.FactoryItemMaterialTest" time="0"/>
  <testcase name="blankEqualities[Material[3]:DIRT]" classname="org.bukkit.craftbukkit.inventory.FactoryItemMaterialTest" time="0.001"/>
  <testcase name="generalCase[Material[3]:DIRT]" classname="org.bukkit.craftbukkit.inventory.FactoryItemMaterialTest" time="0"/>
  <testcase name="asMetaFor[Material[3]:DIRT]" classname="org.bukkit.craftbukkit.inventory.FactoryItemMaterialTest" time="0.001"/>
  <testcase name="itemStack[Material[3]:DIRT]" classname="org.bukkit.craftbukkit.inventory.FactoryItemMaterialTest" time="0"/>
  <testcase name="blankEqualities[Material[4]:COBBLESTONE]" classname="org.bukkit.craftbukkit.inventory.FactoryItemMaterialTest" time="0"/>
  <testcase name="generalCase[Material[4]:COBBLESTONE]" classname="org.bukkit.craftbukkit.inventory.FactoryItemMaterialTest" time="0"/>
  <testcase name="asMetaFor[Material[4]:COBBLESTONE]" classname="org.bukkit.craftbukkit.inventory.FactoryItemMaterialTest" time="0"/>
  <testcase name="itemStack[Material[4]:COBBLESTONE]" classname="org.bukkit.craftbukkit.inventory.FactoryItemMaterialTest" time="0"/>
  <testcase name="blankEqualities[Material[5]:WOOD]" classname="org.bukkit.craftbukkit.inventory.FactoryItemMaterialTest" time="0.001"/>
  <testcase name="generalCase[Material[5]:WOOD]" classname="org.bukkit.craftbukkit.inventory.FactoryItemMaterialTest" time="0"/>
  <testcase name="asMetaFor[Material[5]:WOOD]" classname="org.bukkit.craftbukkit.inventory.FactoryItemMaterialTest" time="0.002"/>
  <testcase name="itemStack[Material[5]:WOOD]" classname="org.bukkit.craftbukkit.inventory.FactoryItemMaterialTest" time="0"/>
  <testcase name="blankEqualities[Material[6]:SAPLING]" classname="org.bukkit.craftbukkit.inventory.FactoryItemMaterialTest" time="0"/>
  <testcase name="generalCase[Material[6]:SAPLING]" classname="org.bukkit.craftbukkit.inventory.FactoryItemMaterialTest" time="0"/>
  <testcase name="asMetaFor[Material[6]:SAPLING]" classname="org.bukkit.craftbukkit.inventory.FactoryItemMaterialTest" time="0.001"/>
  <testcase name="itemStack[Material[6]:SAPLING]" classname="org.bukkit.craftbukkit.inventory.FactoryItemMaterialTest" time="0"/>
  <testcase name="blankEqualities[Material[7]:BEDROCK]" classname="org.bukkit.craftbukkit.inventory.FactoryItemMaterialTest" time="0"/>
  <testcase name="generalCase[Material[7]:BEDROCK]" classname="org.bukkit.craftbukkit.inventory.FactoryItemMaterialTest" time="0"/>
  <testcase name="asMetaFor[Material[7]:BEDROCK]" classname="org.bukkit.craftbukkit.inventory.FactoryItemMaterialTest" time="0"/>
  <testcase name="itemStack[Material[7]:BEDROCK]" classname="org.bukkit.craftbukkit.inventory.FactoryItemMaterialTest" time="0"/>
  <testcase name="blankEqualities[Material[8]:SAND]" classname="org.bukkit.craftbukkit.inventory.FactoryItemMaterialTest" time="0.001"/>
  <testcase name="generalCase[Material[8]:SAND]" classname="org.bukkit.craftbukkit.inventory.FactoryItemMaterialTest" time="0"/>
  <testcase name="asMetaFor[Material[8]:SAND]" classname="org.bukkit.craftbukkit.inventory.FactoryItemMaterialTest" time="0.001"/>
  <testcase name="itemStack[Material[8]:SAND]" classname="org.bukkit.craftbukkit.inventory.FactoryItemMaterialTest" time="0"/>
  <testcase name="blankEqualities[Material[9]:GRAVEL]" classname="org.bukkit.craftbukkit.inventory.FactoryItemMaterialTest" time="0.001"/>
  <testcase name="generalCase[Material[9]:GRAVEL]" classname="org.bukkit.craftbukkit.inventory.FactoryItemMaterialTest" time="0"/>
  <testcase name="asMetaFor[Material[9]:GRAVEL]" classname="org.bukkit.craftbukkit.inventory.FactoryItemMaterialTest" time="0"/>
  <testcase name="itemStack[Material[9]:GRAVEL]" classname="org.bukkit.craftbukkit.inventory.FactoryItemMaterialTest" time="0"/>
  <testcase name="blankEqualities[Material[10]:GOLD_ORE]" classname="org.bukkit.craftbukkit.inventory.FactoryItemMaterialTest" time="0.001"/>
  <testcase name="generalCase[Material[10]:GOLD_ORE]" classname="org.bukkit.craftbukkit.inventory.FactoryItemMaterialTest" time="0"/>
  <testcase name="asMetaFor[Material[10]:GOLD_ORE]" classname="org.bukkit.craftbukkit.inventory.FactoryItemMaterialTest" time="0"/>
  <testcase name="itemStack[Material[10]:GOLD_ORE]" classname="org.bukkit.craftbukkit.inventory.FactoryItemMaterialTest" time="0.001"/>
  <testcase name="blankEqualities[Material[11]:IRON_ORE]" classname="org.bukkit.craftbukkit.inventory.FactoryItemMaterialTest" time="0"/>
  <testcase name="generalCase[Material[11]:IRON_ORE]" classname="org.bukkit.craftbukkit.inventory.FactoryItemMaterialTest" time="0"/>
  <testcase name="asMetaFor[Material[11]:IRON_ORE]" classname="org.bukkit.craftbukkit.inventory.FactoryItemMaterialTest" time="0.001"/>
  <testcase name="itemStack[Material[11]:IRON_ORE]" classname="org.bukkit.craftbukkit.inventory.FactoryItemMaterialTest" time="0"/>
  <testcase name="blankEqualities[Material[12]:COAL_ORE]" classname="org.bukkit.craftbukkit.inventory.FactoryItemMaterialTest" time="0.001"/>
  <testcase name="generalCase[Material[12]:COAL_ORE]" classname="org.bukkit.craftbukkit.inventory.FactoryItemMaterialTest" time="0"/>
  <testcase name="asMetaFor[Material[12]:COAL_ORE]" classname="org.bukkit.craftbukkit.inventory.FactoryItemMaterialTest" time="0"/>
  <testcase name="itemStack[Material[12]:COAL_ORE]" classname="org.bukkit.craftbukkit.inventory.FactoryItemMaterialTest" time="0.001"/>
  <testcase name="blankEqualities[Material[13]:LOG]" classname="org.bukkit.craftbukkit.inventory.FactoryItemMaterialTest" time="0"/>
  <testcase name="generalCase[Material[13]:LOG]" classname="org.bukkit.craftbukkit.inventory.FactoryItemMaterialTest" time="0"/>
  <testcase name="asMetaFor[Material[13]:LOG]" classname="org.bukkit.craftbukkit.inventory.FactoryItemMaterialTest" time="0.001"/>
  <testcase name="itemStack[Material[13]:LOG]" classname="org.bukkit.craftbukkit.inventory.FactoryItemMaterialTest" time="0"/>
  <testcase name="blankEqualities[Material[14]:LEAVES]" classname="org.bukkit.craftbukkit.inventory.FactoryItemMaterialTest" time="0.001"/>
  <testcase name="generalCase[Material[14]:LEAVES]" classname="org.bukkit.craftbukkit.inventory.FactoryItemMaterialTest" time="0"/>
  <testcase name="asMetaFor[Material[14]:LEAVES]" classname="org.bukkit.craftbukkit.inventory.FactoryItemMaterialTest" time="0"/>
  <testcase name="itemStack[Material[14]:LEAVES]" classname="org.bukkit.craftbukkit.inventory.FactoryItemMaterialTest" time="0"/>
  <testcase name="blankEqualities[Material[15]:SPONGE]" classname="org.bukkit.craftbukkit.inventory.FactoryItemMaterialTest" time="0.001"/>
  <testcase name="generalCase[Material[15]:SPONGE]" classname="org.bukkit.craftbukkit.inventory.FactoryItemMaterialTest" time="0.001"/>
  <testcase name="asMetaFor[Material[15]:SPONGE]" classname="org.bukkit.craftbukkit.inventory.FactoryItemMaterialTest" time="0"/>
  <testcase name="itemStack[Material[15]:SPONGE]" classname="org.bukkit.craftbukkit.inventory.FactoryItemMaterialTest" time="0.001"/>
  <testcase name="blankEqualities[Material[16]:GLASS]" classname="org.bukkit.craftbukkit.inventory.FactoryItemMaterialTest" time="0"/>
  <testcase name="generalCase[Material[16]:GLASS]" classname="org.bukkit.craftbukkit.inventory.FactoryItemMaterialTest" time="0"/>
  <testcase name="asMetaFor[Material[16]:GLASS]" classname="org.bukkit.craftbukkit.inventory.FactoryItemMaterialTest" time="0.001"/>
  <testcase name="itemStack[Material[16]:GLASS]" classname="org.bukkit.craftbukkit.inventory.FactoryItemMaterialTest" time="0"/>
  <testcase name="blankEqualities[Material[17]:LAPIS_ORE]" classname="org.bukkit.craftbukkit.inventory.FactoryItemMaterialTest" time="0.001"/>
  <testcase name="generalCase[Material[17]:LAPIS_ORE]" classname="org.bukkit.craftbukkit.inventory.FactoryItemMaterialTest" time="0"/>
  <testcase name="asMetaFor[Material[17]:LAPIS_ORE]" classname="org.bukkit.craftbukkit.inventory.FactoryItemMaterialTest" time="0"/>
  <testcase name="itemStack[Material[17]:LAPIS_ORE]" classname="org.bukkit.craftbukkit.inventory.FactoryItemMaterialTest" time="0"/>
  <testcase name="blankEqualities[Material[18]:LAPIS_BLOCK]" classname="org.bukkit.craftbukkit.inventory.FactoryItemMaterialTest" time="0.001"/>
  <testcase name="generalCase[Material[18]:LAPIS_BLOCK]" classname="org.bukkit.craftbukkit.inventory.FactoryItemMaterialTest" time="0"/>
  <testcase name="asMetaFor[Material[18]:LAPIS_BLOCK]" classname="org.bukkit.craftbukkit.inventory.FactoryItemMaterialTest" time="0"/>
  <testcase name="itemStack[Material[18]:LAPIS_BLOCK]" classname="org.bukkit.craftbukkit.inventory.FactoryItemMaterialTest" time="0.001"/>
  <testcase name="blankEqualities[Material[19]:DISPENSER]" classname="org.bukkit.craftbukkit.inventory.FactoryItemMaterialTest" time="0"/>
  <testcase name="generalCase[Material[19]:DISPENSER]" classname="org.bukkit.craftbukkit.inventory.FactoryItemMaterialTest" time="0.001"/>
  <testcase name="asMetaFor[Material[19]:DISPENSER]" classname="org.bukkit.craftbukkit.inventory.FactoryItemMaterialTest" time="0"/>
  <testcase name="itemStack[Material[19]:DISPENSER]" classname="org.bukkit.craftbukkit.inventory.FactoryItemMaterialTest" time="0"/>
  <testcase name="blankEqualities[Material[20]:SANDSTONE]" classname="org.bukkit.craftbukkit.inventory.FactoryItemMaterialTest" time="0"/>
  <testcase name="generalCase[Material[20]:SANDSTONE]" classname="org.bukkit.craftbukkit.inventory.FactoryItemMaterialTest" time="0"/>
  <testcase name="asMetaFor[Material[20]:SANDSTONE]" classname="org.bukkit.craftbukkit.inventory.FactoryItemMaterialTest" time="0"/>
  <testcase name="itemStack[Material[20]:SANDSTONE]" classname="org.bukkit.craftbukkit.inventory.FactoryItemMaterialTest" time="0"/>
  <testcase name="blankEqualities[Material[21]:NOTE_BLOCK]" classname="org.bukkit.craftbukkit.inventory.FactoryItemMaterialTest" time="0.001"/>
  <testcase name="generalCase[Material[21]:NOTE_BLOCK]" classname="org.bukkit.craftbukkit.inventory.FactoryItemMaterialTest" time="0"/>
  <testcase name="asMetaFor[Material[21]:NOTE_BLOCK]" classname="org.bukkit.craftbukkit.inventory.FactoryItemMaterialTest" time="0.001"/>
  <testcase name="itemStack[Material[21]:NOTE_BLOCK]" classname="org.bukkit.craftbukkit.inventory.FactoryItemMaterialTest" time="0"/>
  <testcase name="blankEqualities[Material[22]:POWERED_RAIL]" classname="org.bukkit.craftbukkit.inventory.FactoryItemMaterialTest" time="0.001"/>
  <testcase name="generalCase[Material[22]:POWERED_RAIL]" classname="org.bukkit.craftbukkit.inventory.FactoryItemMaterialTest" time="0"/>
  <testcase name="asMetaFor[Material[22]:POWERED_RAIL]" classname="org.bukkit.craftbukkit.inventory.FactoryItemMaterialTest" time="0"/>
  <testcase name="itemStack[Material[22]:POWERED_RAIL]" classname="org.bukkit.craftbukkit.inventory.FactoryItemMaterialTest" time="0"/>
  <testcase name="blankEqualities[Material[23]:DETECTOR_RAIL]" classname="org.bukkit.craftbukkit.inventory.FactoryItemMaterialTest" time="0"/>
  <testcase name="generalCase[Material[23]:DETECTOR_RAIL]" classname="org.bukkit.craftbukkit.inventory.FactoryItemMaterialTest" time="0"/>
  <testcase name="asMetaFor[Material[23]:DETECTOR_RAIL]" classname="org.bukkit.craftbukkit.inventory.FactoryItemMaterialTest" time="0.001"/>
  <testcase name="itemStack[Material[23]:DETECTOR_RAIL]" classname="org.bukkit.craftbukkit.inventory.FactoryItemMaterialTest" time="0"/>
  <testcase name="blankEqualities[Material[24]:PISTON_STICKY_BASE]" classname="org.bukkit.craftbukkit.inventory.FactoryItemMaterialTest" time="0.001"/>
  <testcase name="generalCase[Material[24]:PISTON_STICKY_BASE]" classname="org.bukkit.craftbukkit.inventory.FactoryItemMaterialTest" time="0"/>
  <testcase name="asMetaFor[Material[24]:PISTON_STICKY_BASE]" classname="org.bukkit.craftbukkit.inventory.FactoryItemMaterialTest" time="0"/>
  <testcase name="itemStack[Material[24]:PISTON_STICKY_BASE]" classname="org.bukkit.craftbukkit.inventory.FactoryItemMaterialTest" time="0"/>
  <testcase name="blankEqualities[Material[25]:WEB]" classname="org.bukkit.craftbukkit.inventory.FactoryItemMaterialTest" time="0.001"/>
  <testcase name="generalCase[Material[25]:WEB]" classname="org.bukkit.craftbukkit.inventory.FactoryItemMaterialTest" time="0"/>
  <testcase name="asMetaFor[Material[25]:WEB]" classname="org.bukkit.craftbukkit.inventory.FactoryItemMaterialTest" time="0.001"/>
  <testcase name="itemStack[Material[25]:WEB]" classname="org.bukkit.craftbukkit.inventory.FactoryItemMaterialTest" time="0"/>
  <testcase name="blankEqualities[Material[26]:LONG_GRASS]" classname="org.bukkit.craftbukkit.inventory.FactoryItemMaterialTest" time="0"/>
  <testcase name="generalCase[Material[26]:LONG_GRASS]" classname="org.bukkit.craftbukkit.inventory.FactoryItemMaterialTest" time="0"/>
  <testcase name="asMetaFor[Material[26]:LONG_GRASS]" classname="org.bukkit.craftbukkit.inventory.FactoryItemMaterialTest" time="0"/>
  <testcase name="itemStack[Material[26]:LONG_GRASS]" classname="org.bukkit.craftbukkit.inventory.FactoryItemMaterialTest" time="0"/>
  <testcase name="blankEqualities[Material[27]:DEAD_BUSH]" classname="org.bukkit.craftbukkit.inventory.FactoryItemMaterialTest" time="0"/>
  <testcase name="generalCase[Material[27]:DEAD_BUSH]" classname="org.bukkit.craftbukkit.inventory.FactoryItemMaterialTest" time="0"/>
  <testcase name="asMetaFor[Material[27]:DEAD_BUSH]" classname="org.bukkit.craftbukkit.inventory.FactoryItemMaterialTest" time="0"/>
  <testcase name="itemStack[Material[27]:DEAD_BUSH]" classname="org.bukkit.craftbukkit.inventory.FactoryItemMaterialTest" time="0"/>
  <testcase name="blankEqualities[Material[28]:PISTON_BASE]" classname="org.bukkit.craftbukkit.inventory.FactoryItemMaterialTest" time="0"/>
  <testcase name="generalCase[Material[28]:PISTON_BASE]" classname="org.bukkit.craftbukkit.inventory.FactoryItemMaterialTest" time="0"/>
  <testcase name="asMetaFor[Material[28]:PISTON_BASE]" classname="org.bukkit.craftbukkit.inventory.FactoryItemMaterialTest" time="0"/>
  <testcase name="itemStack[Material[28]:PISTON_BASE]" classname="org.bukkit.craftbukkit.inventory.FactoryItemMaterialTest" time="0"/>
  <testcase name="blankEqualities[Material[29]:WOOL]" classname="org.bukkit.craftbukkit.inventory.FactoryItemMaterialTest" time="0"/>
  <testcase name="generalCase[Material[29]:WOOL]" classname="org.bukkit.craftbukkit.inventory.FactoryItemMaterialTest" time="0"/>
  <testcase name="asMetaFor[Material[29]:WOOL]" classname="org.bukkit.craftbukkit.inventory.FactoryItemMaterialTest" time="0"/>
  <testcase name="itemStack[Material[29]:WOOL]" classname="org.bukkit.craftbukkit.inventory.FactoryItemMaterialTest" time="0"/>
  <testcase name="blankEqualities[Material[30]:YELLOW_FLOWER]" classname="org.bukkit.craftbukkit.inventory.FactoryItemMaterialTest" time="0.003"/>
  <testcase name="generalCase[Material[30]:YELLOW_FLOWER]" classname="org.bukkit.craftbukkit.inventory.FactoryItemMaterialTest" time="0"/>
  <testcase name="asMetaFor[Material[30]:YELLOW_FLOWER]" classname="org.bukkit.craftbukkit.inventory.FactoryItemMaterialTest" time="0"/>
  <testcase name="itemStack[Material[30]:YELLOW_FLOWER]" classname="org.bukkit.craftbukkit.inventory.FactoryItemMaterialTest" time="0"/>
  <testcase name="blankEqualities[Material[31]:RED_ROSE]" classname="org.bukkit.craftbukkit.inventory.FactoryItemMaterialTest" time="0"/>
  <testcase name="generalCase[Material[31]:RED_ROSE]" classname="org.bukkit.craftbukkit.inventory.FactoryItemMaterialTest" time="0"/>
  <testcase name="asMetaFor[Material[31]:RED_ROSE]" classname="org.bukkit.craftbukkit.inventory.FactoryItemMaterialTest" time="0"/>
  <testcase name="itemStack[Material[31]:RED_ROSE]" classname="org.bukkit.craftbukkit.inventory.FactoryItemMaterialTest" time="0"/>
  <testcase name="blankEqualities[Material[32]:BROWN_MUSHROOM]" classname="org.bukkit.craftbukkit.inventory.FactoryItemMaterialTest" time="0"/>
  <testcase name="generalCase[Material[32]:BROWN_MUSHROOM]" classname="org.bukkit.craftbukkit.inventory.FactoryItemMaterialTest" time="0"/>
  <testcase name="asMetaFor[Material[32]:BROWN_MUSHROOM]" classname="org.bukkit.craftbukkit.inventory.FactoryItemMaterialTest" time="0"/>
  <testcase name="itemStack[Material[32]:BROWN_MUSHROOM]" classname="org.bukkit.craftbukkit.inventory.FactoryItemMaterialTest" time="0"/>
  <testcase name="blankEqualities[Material[33]:RED_MUSHROOM]" classname="org.bukkit.craftbukkit.inventory.FactoryItemMaterialTest" time="0.002"/>
  <testcase name="generalCase[Material[33]:RED_MUSHROOM]" classname="org.bukkit.craftbukkit.inventory.FactoryItemMaterialTest" time="0"/>
  <testcase name="asMetaFor[Material[33]:RED_MUSHROOM]" classname="org.bukkit.craftbukkit.inventory.FactoryItemMaterialTest" time="0"/>
  <testcase name="itemStack[Material[33]:RED_MUSHROOM]" classname="org.bukkit.craftbukkit.inventory.FactoryItemMaterialTest" time="0"/>
  <testcase name="blankEqualities[Material[34]:GOLD_BLOCK]" classname="org.bukkit.craftbukkit.inventory.FactoryItemMaterialTest" time="0"/>
  <testcase name="generalCase[Material[34]:GOLD_BLOCK]" classname="org.bukkit.craftbukkit.inventory.FactoryItemMaterialTest" time="0"/>
  <testcase name="asMetaFor[Material[34]:GOLD_BLOCK]" classname="org.bukkit.craftbukkit.inventory.FactoryItemMaterialTest" time="0.009"/>
  <testcase name="itemStack[Material[34]:GOLD_BLOCK]" classname="org.bukkit.craftbukkit.inventory.FactoryItemMaterialTest" time="0"/>
  <testcase name="blankEqualities[Material[35]:IRON_BLOCK]" classname="org.bukkit.craftbukkit.inventory.FactoryItemMaterialTest" time="0"/>
  <testcase name="generalCase[Material[35]:IRON_BLOCK]" classname="org.bukkit.craftbukkit.inventory.FactoryItemMaterialTest" time="0"/>
  <testcase name="asMetaFor[Material[35]:IRON_BLOCK]" classname="org.bukkit.craftbukkit.inventory.FactoryItemMaterialTest" time="0"/>
  <testcase name="itemStack[Material[35]:IRON_BLOCK]" classname="org.bukkit.craftbukkit.inventory.FactoryItemMaterialTest" time="0"/>
  <testcase name="blankEqualities[Material[36]:STEP]" classname="org.bukkit.craftbukkit.inventory.FactoryItemMaterialTest" time="0"/>
  <testcase name="generalCase[Material[36]:STEP]" classname="org.bukkit.craftbukkit.inventory.FactoryItemMaterialTest" time="0"/>
  <testcase name="asMetaFor[Material[36]:STEP]" classname="org.bukkit.craftbukkit.inventory.FactoryItemMaterialTest" time="0"/>
  <testcase name="itemStack[Material[36]:STEP]" classname="org.bukkit.craftbukkit.inventory.FactoryItemMaterialTest" time="0"/>
  <testcase name="blankEqualities[Material[37]:BRICK]" classname="org.bukkit.craftbukkit.inventory.FactoryItemMaterialTest" time="0"/>
  <testcase name="generalCase[Material[37]:BRICK]" classname="org.bukkit.craftbukkit.inventory.FactoryItemMaterialTest" time="0"/>
  <testcase name="asMetaFor[Material[37]:BRICK]" classname="org.bukkit.craftbukkit.inventory.FactoryItemMaterialTest" time="0"/>
  <testcase name="itemStack[Material[37]:BRICK]" classname="org.bukkit.craftbukkit.inventory.FactoryItemMaterialTest" time="0.013"/>
  <testcase name="blankEqualities[Material[38]:TNT]" classname="org.bukkit.craftbukkit.inventory.FactoryItemMaterialTest" time="0"/>
  <testcase name="generalCase[Material[38]:TNT]" classname="org.bukkit.craftbukkit.inventory.FactoryItemMaterialTest" time="0"/>
  <testcase name="asMetaFor[Material[38]:TNT]" classname="org.bukkit.craftbukkit.inventory.FactoryItemMaterialTest" time="0"/>
  <testcase name="itemStack[Material[38]:TNT]" classname="org.bukkit.craftbukkit.inventory.FactoryItemMaterialTest" time="0"/>
  <testcase name="blankEqualities[Material[39]:BOOKSHELF]" classname="org.bukkit.craftbukkit.inventory.FactoryItemMaterialTest" time="0.003"/>
  <testcase name="generalCase[Material[39]:BOOKSHELF]" classname="org.bukkit.craftbukkit.inventory.FactoryItemMaterialTest" time="0"/>
  <testcase name="asMetaFor[Material[39]:BOOKSHELF]" classname="org.bukkit.craftbukkit.inventory.FactoryItemMaterialTest" time="0"/>
  <testcase name="itemStack[Material[39]:BOOKSHELF]" classname="org.bukkit.craftbukkit.inventory.FactoryItemMaterialTest" time="0"/>
  <testcase name="blankEqualities[Material[40]:MOSSY_COBBLESTONE]" classname="org.bukkit.craftbukkit.inventory.FactoryItemMaterialTest" time="0"/>
  <testcase name="generalCase[Material[40]:MOSSY_COBBLESTONE]" classname="org.bukkit.craftbukkit.inventory.FactoryItemMaterialTest" time="0"/>
  <testcase name="asMetaFor[Material[40]:MOSSY_COBBLESTONE]" classname="org.bukkit.craftbukkit.inventory.FactoryItemMaterialTest" time="0"/>
  <testcase name="itemStack[Material[40]:MOSSY_COBBLESTONE]" classname="org.bukkit.craftbukkit.inventory.FactoryItemMaterialTest" time="0"/>
  <testcase name="blankEqualities[Material[41]:OBSIDIAN]" classname="org.bukkit.craftbukkit.inventory.FactoryItemMaterialTest" time="0"/>
  <testcase name="generalCase[Material[41]:OBSIDIAN]" classname="org.bukkit.craftbukkit.inventory.FactoryItemMaterialTest" time="0.005"/>
  <testcase name="asMetaFor[Material[41]:OBSIDIAN]" classname="org.bukkit.craftbukkit.inventory.FactoryItemMaterialTest" time="0"/>
  <testcase name="itemStack[Material[41]:OBSIDIAN]" classname="org.bukkit.craftbukkit.inventory.FactoryItemMaterialTest" time="0"/>
  <testcase name="blankEqualities[Material[42]:TORCH]" classname="org.bukkit.craftbukkit.inventory.FactoryItemMaterialTest" time="0"/>
  <testcase name="generalCase[Material[42]:TORCH]" classname="org.bukkit.craftbukkit.inventory.FactoryItemMaterialTest" time="0"/>
  <testcase name="asMetaFor[Material[42]:TORCH]" classname="org.bukkit.craftbukkit.inventory.FactoryItemMaterialTest" time="0"/>
  <testcase name="itemStack[Material[42]:TORCH]" classname="org.bukkit.craftbukkit.inventory.FactoryItemMaterialTest" time="0"/>
  <testcase name="blankEqualities[Material[43]:MOB_SPAWNER]" classname="org.bukkit.craftbukkit.inventory.FactoryItemMaterialTest" time="0"/>
  <testcase name="generalCase[Material[43]:MOB_SPAWNER]" classname="org.bukkit.craftbukkit.inventory.FactoryItemMaterialTest" time="0"/>
  <testcase name="asMetaFor[Material[43]:MOB_SPAWNER]" classname="org.bukkit.craftbukkit.inventory.FactoryItemMaterialTest" time="0"/>
  <testcase name="itemStack[Material[43]:MOB_SPAWNER]" classname="org.bukkit.craftbukkit.inventory.FactoryItemMaterialTest" time="0"/>
  <testcase name="blankEqualities[Material[44]:WOOD_STAIRS]" classname="org.bukkit.craftbukkit.inventory.FactoryItemMaterialTest" time="0"/>
  <testcase name="generalCase[Material[44]:WOOD_STAIRS]" classname="org.bukkit.craftbukkit.inventory.FactoryItemMaterialTest" time="0"/>
  <testcase name="asMetaFor[Material[44]:WOOD_STAIRS]" classname="org.bukkit.craftbukkit.inventory.FactoryItemMaterialTest" time="0"/>
  <testcase name="itemStack[Material[44]:WOOD_STAIRS]" classname="org.bukkit.craftbukkit.inventory.FactoryItemMaterialTest" time="0"/>
  <testcase name="blankEqualities[Material[45]:CHEST]" classname="org.bukkit.craftbukkit.inventory.FactoryItemMaterialTest" time="0"/>
  <testcase name="generalCase[Material[45]:CHEST]" classname="org.bukkit.craftbukkit.inventory.FactoryItemMaterialTest" time="0"/>
  <testcase name="asMetaFor[Material[45]:CHEST]" classname="org.bukkit.craftbukkit.inventory.FactoryItemMaterialTest" time="0"/>
  <testcase name="itemStack[Material[45]:CHEST]" classname="org.bukkit.craftbukkit.inventory.FactoryItemMaterialTest" time="0"/>
  <testcase name="blankEqualities[Material[46]:DIAMOND_ORE]" classname="org.bukkit.craftbukkit.inventory.FactoryItemMaterialTest" time="0"/>
  <testcase name="generalCase[Material[46]:DIAMOND_ORE]" classname="org.bukkit.craftbukkit.inventory.FactoryItemMaterialTest" time="0"/>
  <testcase name="asMetaFor[Material[46]:DIAMOND_ORE]" classname="org.bukkit.craftbukkit.inventory.FactoryItemMaterialTest" time="0"/>
  <testcase name="itemStack[Material[46]:DIAMOND_ORE]" classname="org.bukkit.craftbukkit.inventory.FactoryItemMaterialTest" time="0"/>
  <testcase name="blankEqualities[Material[47]:DIAMOND_BLOCK]" classname="org.bukkit.craftbukkit.inventory.FactoryItemMaterialTest" time="0"/>
  <testcase name="generalCase[Material[47]:DIAMOND_BLOCK]" classname="org.bukkit.craftbukkit.inventory.FactoryItemMaterialTest" time="0"/>
  <testcase name="asMetaFor[Material[47]:DIAMOND_BLOCK]" classname="org.bukkit.craftbukkit.inventory.FactoryItemMaterialTest" time="0"/>
  <testcase name="itemStack[Material[47]:DIAMOND_BLOCK]" classname="org.bukkit.craftbukkit.inventory.FactoryItemMaterialTest" time="0"/>
  <testcase name="blankEqualities[Material[48]:WORKBENCH]" classname="org.bukkit.craftbukkit.inventory.FactoryItemMaterialTest" time="0"/>
  <testcase name="generalCase[Material[48]:WORKBENCH]" classname="org.bukkit.craftbukkit.inventory.FactoryItemMaterialTest" time="0"/>
  <testcase name="asMetaFor[Material[48]:WORKBENCH]" classname="org.bukkit.craftbukkit.inventory.FactoryItemMaterialTest" time="0"/>
  <testcase name="itemStack[Material[48]:WORKBENCH]" classname="org.bukkit.craftbukkit.inventory.FactoryItemMaterialTest" time="0"/>
  <testcase name="blankEqualities[Material[49]:SOIL]" classname="org.bukkit.craftbukkit.inventory.FactoryItemMaterialTest" time="0"/>
  <testcase name="generalCase[Material[49]:SOIL]" classname="org.bukkit.craftbukkit.inventory.FactoryItemMaterialTest" time="0"/>
  <testcase name="asMetaFor[Material[49]:SOIL]" classname="org.bukkit.craftbukkit.inventory.FactoryItemMaterialTest" time="0"/>
  <testcase name="itemStack[Material[49]:SOIL]" classname="org.bukkit.craftbukkit.inventory.FactoryItemMaterialTest" time="0"/>
  <testcase name="blankEqualities[Material[50]:FURNACE]" classname="org.bukkit.craftbukkit.inventory.FactoryItemMaterialTest" time="0"/>
  <testcase name="generalCase[Material[50]:FURNACE]" classname="org.bukkit.craftbukkit.inventory.FactoryItemMaterialTest" time="0"/>
  <testcase name="asMetaFor[Material[50]:FURNACE]" classname="org.bukkit.craftbukkit.inventory.FactoryItemMaterialTest" time="0"/>
  <testcase name="itemStack[Material[50]:FURNACE]" classname="org.bukkit.craftbukkit.inventory.FactoryItemMaterialTest" time="0"/>
  <testcase name="blankEqualities[Material[51]:BURNING_FURNACE]" classname="org.bukkit.craftbukkit.inventory.FactoryItemMaterialTest" time="0"/>
  <testcase name="generalCase[Material[51]:BURNING_FURNACE]" classname="org.bukkit.craftbukkit.inventory.FactoryItemMaterialTest" time="0"/>
  <testcase name="asMetaFor[Material[51]:BURNING_FURNACE]" classname="org.bukkit.craftbukkit.inventory.FactoryItemMaterialTest" time="0"/>
  <testcase name="itemStack[Material[51]:BURNING_FURNACE]" classname="org.bukkit.craftbukkit.inventory.FactoryItemMaterialTest" time="0"/>
  <testcase name="blankEqualities[Material[52]:LADDER]" classname="org.bukkit.craftbukkit.inventory.FactoryItemMaterialTest" time="0"/>
  <testcase name="generalCase[Material[52]:LADDER]" classname="org.bukkit.craftbukkit.inventory.FactoryItemMaterialTest" time="0"/>
  <testcase name="asMetaFor[Material[52]:LADDER]" classname="org.bukkit.craftbukkit.inventory.FactoryItemMaterialTest" time="0.001"/>
  <testcase name="itemStack[Material[52]:LADDER]" classname="org.bukkit.craftbukkit.inventory.FactoryItemMaterialTest" time="0"/>
  <testcase name="blankEqualities[Material[53]:RAILS]" classname="org.bukkit.craftbukkit.inventory.FactoryItemMaterialTest" time="0.001"/>
  <testcase name="generalCase[Material[53]:RAILS]" classname="org.bukkit.craftbukkit.inventory.FactoryItemMaterialTest" time="0"/>
  <testcase name="asMetaFor[Material[53]:RAILS]" classname="org.bukkit.craftbukkit.inventory.FactoryItemMaterialTest" time="0"/>
  <testcase name="itemStack[Material[53]:RAILS]" classname="org.bukkit.craftbukkit.inventory.FactoryItemMaterialTest" time="0"/>
  <testcase name="blankEqualities[Material[54]:COBBLESTONE_STAIRS]" classname="org.bukkit.craftbukkit.inventory.FactoryItemMaterialTest" time="0"/>
  <testcase name="generalCase[Material[54]:COBBLESTONE_STAIRS]" classname="org.bukkit.craftbukkit.inventory.FactoryItemMaterialTest" time="0"/>
  <testcase name="asMetaFor[Material[54]:COBBLESTONE_STAIRS]" classname="org.bukkit.craftbukkit.inventory.FactoryItemMaterialTest" time="0.001"/>
  <testcase name="itemStack[Material[54]:COBBLESTONE_STAIRS]" classname="org.bukkit.craftbukkit.inventory.FactoryItemMaterialTest" time="0"/>
  <testcase name="blankEqualities[Material[55]:LEVER]" classname="org.bukkit.craftbukkit.inventory.FactoryItemMaterialTest" time="0"/>
  <testcase name="generalCase[Material[55]:LEVER]" classname="org.bukkit.craftbukkit.inventory.FactoryItemMaterialTest" time="0.001"/>
  <testcase name="asMetaFor[Material[55]:LEVER]" classname="org.bukkit.craftbukkit.inventory.FactoryItemMaterialTest" time="0"/>
  <testcase name="itemStack[Material[55]:LEVER]" classname="org.bukkit.craftbukkit.inventory.FactoryItemMaterialTest" time="0"/>
  <testcase name="blankEqualities[Material[56]:STONE_PLATE]" classname="org.bukkit.craftbukkit.inventory.FactoryItemMaterialTest" time="0.001"/>
  <testcase name="generalCase[Material[56]:STONE_PLATE]" classname="org.bukkit.craftbukkit.inventory.FactoryItemMaterialTest" time="0"/>
  <testcase name="asMetaFor[Material[56]:STONE_PLATE]" classname="org.bukkit.craftbukkit.inventory.FactoryItemMaterialTest" time="0.001"/>
  <testcase name="itemStack[Material[56]:STONE_PLATE]" classname="org.bukkit.craftbukkit.inventory.FactoryItemMaterialTest" time="0.002"/>
  <testcase name="blankEqualities[Material[57]:WOOD_PLATE]" classname="org.bukkit.craftbukkit.inventory.FactoryItemMaterialTest" time="0"/>
  <testcase name="generalCase[Material[57]:WOOD_PLATE]" classname="org.bukkit.craftbukkit.inventory.FactoryItemMaterialTest" time="0"/>
  <testcase name="asMetaFor[Material[57]:WOOD_PLATE]" classname="org.bukkit.craftbukkit.inventory.FactoryItemMaterialTest" time="0"/>
  <testcase name="itemStack[Material[57]:WOOD_PLATE]" classname="org.bukkit.craftbukkit.inventory.FactoryItemMaterialTest" time="0"/>
  <testcase name="blankEqualities[Material[58]:REDSTONE_ORE]" classname="org.bukkit.craftbukkit.inventory.FactoryItemMaterialTest" time="0"/>
  <testcase name="generalCase[Material[58]:REDSTONE_ORE]" classname="org.bukkit.craftbukkit.inventory.FactoryItemMaterialTest" time="0.001"/>
  <testcase name="asMetaFor[Material[58]:REDSTONE_ORE]" classname="org.bukkit.craftbukkit.inventory.FactoryItemMaterialTest" time="0"/>
  <testcase name="itemStack[Material[58]:REDSTONE_ORE]" classname="org.bukkit.craftbukkit.inventory.FactoryItemMaterialTest" time="0"/>
  <testcase name="blankEqualities[Material[59]:REDSTONE_TORCH_ON]" classname="org.bukkit.craftbukkit.inventory.FactoryItemMaterialTest" time="0.002"/>
  <testcase name="generalCase[Material[59]:REDSTONE_TORCH_ON]" classname="org.bukkit.craftbukkit.inventory.FactoryItemMaterialTest" time="0"/>
  <testcase name="asMetaFor[Material[59]:REDSTONE_TORCH_ON]" classname="org.bukkit.craftbukkit.inventory.FactoryItemMaterialTest" time="0"/>
  <testcase name="itemStack[Material[59]:REDSTONE_TORCH_ON]" classname="org.bukkit.craftbukkit.inventory.FactoryItemMaterialTest" time="0"/>
  <testcase name="blankEqualities[Material[60]:STONE_BUTTON]" classname="org.bukkit.craftbukkit.inventory.FactoryItemMaterialTest" time="0"/>
  <testcase name="generalCase[Material[60]:STONE_BUTTON]" classname="org.bukkit.craftbukkit.inventory.FactoryItemMaterialTest" time="0"/>
  <testcase name="asMetaFor[Material[60]:STONE_BUTTON]" classname="org.bukkit.craftbukkit.inventory.FactoryItemMaterialTest" time="0"/>
  <testcase name="itemStack[Material[60]:STONE_BUTTON]" classname="org.bukkit.craftbukkit.inventory.FactoryItemMaterialTest" time="0"/>
  <testcase name="blankEqualities[Material[61]:SNOW]" classname="org.bukkit.craftbukkit.inventory.FactoryItemMaterialTest" time="0.001"/>
  <testcase name="generalCase[Material[61]:SNOW]" classname="org.bukkit.craftbukkit.inventory.FactoryItemMaterialTest" time="0"/>
  <testcase name="asMetaFor[Material[61]:SNOW]" classname="org.bukkit.craftbukkit.inventory.FactoryItemMaterialTest" time="0"/>
  <testcase name="itemStack[Material[61]:SNOW]" classname="org.bukkit.craftbukkit.inventory.FactoryItemMaterialTest" time="0"/>
  <testcase name="blankEqualities[Material[62]:ICE]" classname="org.bukkit.craftbukkit.inventory.FactoryItemMaterialTest" time="0"/>
  <testcase name="generalCase[Material[62]:ICE]" classname="org.bukkit.craftbukkit.inventory.FactoryItemMaterialTest" time="0"/>
  <testcase name="asMetaFor[Material[62]:ICE]" classname="org.bukkit.craftbukkit.inventory.FactoryItemMaterialTest" time="0"/>
  <testcase name="itemStack[Material[62]:ICE]" classname="org.bukkit.craftbukkit.inventory.FactoryItemMaterialTest" time="0"/>
  <testcase name="blankEqualities[Material[63]:SNOW_BLOCK]" classname="org.bukkit.craftbukkit.inventory.FactoryItemMaterialTest" time="0.001"/>
  <testcase name="generalCase[Material[63]:SNOW_BLOCK]" classname="org.bukkit.craftbukkit.inventory.FactoryItemMaterialTest" time="0"/>
  <testcase name="asMetaFor[Material[63]:SNOW_BLOCK]" classname="org.bukkit.craftbukkit.inventory.FactoryItemMaterialTest" time="0"/>
  <testcase name="itemStack[Material[63]:SNOW_BLOCK]" classname="org.bukkit.craftbukkit.inventory.FactoryItemMaterialTest" time="0"/>
  <testcase name="blankEqualities[Material[64]:CACTUS]" classname="org.bukkit.craftbukkit.inventory.FactoryItemMaterialTest" time="0.001"/>
  <testcase name="generalCase[Material[64]:CACTUS]" classname="org.bukkit.craftbukkit.inventory.FactoryItemMaterialTest" time="0"/>
  <testcase name="asMetaFor[Material[64]:CACTUS]" classname="org.bukkit.craftbukkit.inventory.FactoryItemMaterialTest" time="0"/>
  <testcase name="itemStack[Material[64]:CACTUS]" classname="org.bukkit.craftbukkit.inventory.FactoryItemMaterialTest" time="0"/>
  <testcase name="blankEqualities[Material[65]:CLAY]" classname="org.bukkit.craftbukkit.inventory.FactoryItemMaterialTest" time="0.001"/>
  <testcase name="generalCase[Material[65]:CLAY]" classname="org.bukkit.craftbukkit.inventory.FactoryItemMaterialTest" time="0"/>
  <testcase name="asMetaFor[Material[65]:CLAY]" classname="org.bukkit.craftbukkit.inventory.FactoryItemMaterialTest" time="0"/>
  <testcase name="itemStack[Material[65]:CLAY]" classname="org.bukkit.craftbukkit.inventory.FactoryItemMaterialTest" time="0"/>
  <testcase name="blankEqualities[Material[66]:JUKEBOX]" classname="org.bukkit.craftbukkit.inventory.FactoryItemMaterialTest" time="0.001"/>
  <testcase name="generalCase[Material[66]:JUKEBOX]" classname="org.bukkit.craftbukkit.inventory.FactoryItemMaterialTest" time="0"/>
  <testcase name="asMetaFor[Material[66]:JUKEBOX]" classname="org.bukkit.craftbukkit.inventory.FactoryItemMaterialTest" time="0.001"/>
  <testcase name="itemStack[Material[66]:JUKEBOX]" classname="org.bukkit.craftbukkit.inventory.FactoryItemMaterialTest" time="0"/>
  <testcase name="blankEqualities[Material[67]:FENCE]" classname="org.bukkit.craftbukkit.inventory.FactoryItemMaterialTest" time="0"/>
  <testcase name="generalCase[Material[67]:FENCE]" classname="org.bukkit.craftbukkit.inventory.FactoryItemMaterialTest" time="0"/>
  <testcase name="asMetaFor[Material[67]:FENCE]" classname="org.bukkit.craftbukkit.inventory.FactoryItemMaterialTest" time="0"/>
  <testcase name="itemStack[Material[67]:FENCE]" classname="org.bukkit.craftbukkit.inventory.FactoryItemMaterialTest" time="0"/>
  <testcase name="blankEqualities[Material[68]:PUMPKIN]" classname="org.bukkit.craftbukkit.inventory.FactoryItemMaterialTest" time="0"/>
  <testcase name="generalCase[Material[68]:PUMPKIN]" classname="org.bukkit.craftbukkit.inventory.FactoryItemMaterialTest" time="0"/>
  <testcase name="asMetaFor[Material[68]:PUMPKIN]" classname="org.bukkit.craftbukkit.inventory.FactoryItemMaterialTest" time="0.001"/>
  <testcase name="itemStack[Material[68]:PUMPKIN]" classname="org.bukkit.craftbukkit.inventory.FactoryItemMaterialTest" time="0"/>
  <testcase name="blankEqualities[Material[69]:NETHERRACK]" classname="org.bukkit.craftbukkit.inventory.FactoryItemMaterialTest" time="0.001"/>
  <testcase name="generalCase[Material[69]:NETHERRACK]" classname="org.bukkit.craftbukkit.inventory.FactoryItemMaterialTest" time="0"/>
  <testcase name="asMetaFor[Material[69]:NETHERRACK]" classname="org.bukkit.craftbukkit.inventory.FactoryItemMaterialTest" time="0"/>
  <testcase name="itemStack[Material[69]:NETHERRACK]" classname="org.bukkit.craftbukkit.inventory.FactoryItemMaterialTest" time="0"/>
  <testcase name="blankEqualities[Material[70]:SOUL_SAND]" classname="org.bukkit.craftbukkit.inventory.FactoryItemMaterialTest" time="0.001"/>
  <testcase name="generalCase[Material[70]:SOUL_SAND]" classname="org.bukkit.craftbukkit.inventory.FactoryItemMaterialTest" time="0"/>
  <testcase name="asMetaFor[Material[70]:SOUL_SAND]" classname="org.bukkit.craftbukkit.inventory.FactoryItemMaterialTest" time="0.001"/>
  <testcase name="itemStack[Material[70]:SOUL_SAND]" classname="org.bukkit.craftbukkit.inventory.FactoryItemMaterialTest" time="0"/>
  <testcase name="blankEqualities[Material[71]:GLOWSTONE]" classname="org.bukkit.craftbukkit.inventory.FactoryItemMaterialTest" time="0"/>
  <testcase name="generalCase[Material[71]:GLOWSTONE]" classname="org.bukkit.craftbukkit.inventory.FactoryItemMaterialTest" time="0"/>
  <testcase name="asMetaFor[Material[71]:GLOWSTONE]" classname="org.bukkit.craftbukkit.inventory.FactoryItemMaterialTest" time="0.001"/>
  <testcase name="itemStack[Material[71]:GLOWSTONE]" classname="org.bukkit.craftbukkit.inventory.FactoryItemMaterialTest" time="0"/>
  <testcase name="blankEqualities[Material[72]:JACK_O_LANTERN]" classname="org.bukkit.craftbukkit.inventory.FactoryItemMaterialTest" time="0.001"/>
  <testcase name="generalCase[Material[72]:JACK_O_LANTERN]" classname="org.bukkit.craftbukkit.inventory.FactoryItemMaterialTest" time="0"/>
  <testcase name="asMetaFor[Material[72]:JACK_O_LANTERN]" classname="org.bukkit.craftbukkit.inventory.FactoryItemMaterialTest" time="0"/>
  <testcase name="itemStack[Material[72]:JACK_O_LANTERN]" classname="org.bukkit.craftbukkit.inventory.FactoryItemMaterialTest" time="0"/>
  <testcase name="blankEqualities[Material[73]:STAINED_GLASS]" classname="org.bukkit.craftbukkit.inventory.FactoryItemMaterialTest" time="0.001"/>
  <testcase name="generalCase[Material[73]:STAINED_GLASS]" classname="org.bukkit.craftbukkit.inventory.FactoryItemMaterialTest" time="0"/>
  <testcase name="asMetaFor[Material[73]:STAINED_GLASS]" classname="org.bukkit.craftbukkit.inventory.FactoryItemMaterialTest" time="0"/>
  <testcase name="itemStack[Material[73]:STAINED_GLASS]" classname="org.bukkit.craftbukkit.inventory.FactoryItemMaterialTest" time="0"/>
  <testcase name="blankEqualities[Material[74]:TRAP_DOOR]" classname="org.bukkit.craftbukkit.inventory.FactoryItemMaterialTest" time="0"/>
  <testcase name="generalCase[Material[74]:TRAP_DOOR]" classname="org.bukkit.craftbukkit.inventory.FactoryItemMaterialTest" time="0"/>
  <testcase name="asMetaFor[Material[74]:TRAP_DOOR]" classname="org.bukkit.craftbukkit.inventory.FactoryItemMaterialTest" time="0.001"/>
  <testcase name="itemStack[Material[74]:TRAP_DOOR]" classname="org.bukkit.craftbukkit.inventory.FactoryItemMaterialTest" time="0"/>
  <testcase name="blankEqualities[Material[75]:MONSTER_EGGS]" classname="org.bukkit.craftbukkit.inventory.FactoryItemMaterialTest" time="0"/>
  <testcase name="generalCase[Material[75]:MONSTER_EGGS]" classname="org.bukkit.craftbukkit.inventory.FactoryItemMaterialTest" time="0.001"/>
  <testcase name="asMetaFor[Material[75]:MONSTER_EGGS]" classname="org.bukkit.craftbukkit.inventory.FactoryItemMaterialTest" time="0.001"/>
  <testcase name="itemStack[Material[75]:MONSTER_EGGS]" classname="org.bukkit.craftbukkit.inventory.FactoryItemMaterialTest" time="0"/>
  <testcase name="blankEqualities[Material[76]:SMOOTH_BRICK]" classname="org.bukkit.craftbukkit.inventory.FactoryItemMaterialTest" time="0"/>
  <testcase name="generalCase[Material[76]:SMOOTH_BRICK]" classname="org.bukkit.craftbukkit.inventory.FactoryItemMaterialTest" time="0"/>
  <testcase name="asMetaFor[Material[76]:SMOOTH_BRICK]" classname="org.bukkit.craftbukkit.inventory.FactoryItemMaterialTest" time="0"/>
  <testcase name="itemStack[Material[76]:SMOOTH_BRICK]" classname="org.bukkit.craftbukkit.inventory.FactoryItemMaterialTest" time="0"/>
  <testcase name="blankEqualities[Material[77]:HUGE_MUSHROOM_1]" classname="org.bukkit.craftbukkit.inventory.FactoryItemMaterialTest" time="0.001"/>
  <testcase name="generalCase[Material[77]:HUGE_MUSHROOM_1]" classname="org.bukkit.craftbukkit.inventory.FactoryItemMaterialTest" time="0"/>
  <testcase name="asMetaFor[Material[77]:HUGE_MUSHROOM_1]" classname="org.bukkit.craftbukkit.inventory.FactoryItemMaterialTest" time="0"/>
  <testcase name="itemStack[Material[77]:HUGE_MUSHROOM_1]" classname="org.bukkit.craftbukkit.inventory.FactoryItemMaterialTest" time="0"/>
  <testcase name="blankEqualities[Material[78]:HUGE_MUSHROOM_2]" classname="org.bukkit.craftbukkit.inventory.FactoryItemMaterialTest" time="0.001"/>
  <testcase name="generalCase[Material[78]:HUGE_MUSHROOM_2]" classname="org.bukkit.craftbukkit.inventory.FactoryItemMaterialTest" time="0"/>
  <testcase name="asMetaFor[Material[78]:HUGE_MUSHROOM_2]" classname="org.bukkit.craftbukkit.inventory.FactoryItemMaterialTest" time="0"/>
  <testcase name="itemStack[Material[78]:HUGE_MUSHROOM_2]" classname="org.bukkit.craftbukkit.inventory.FactoryItemMaterialTest" time="0"/>
  <testcase name="blankEqualities[Material[79]:IRON_FENCE]" classname="org.bukkit.craftbukkit.inventory.FactoryItemMaterialTest" time="0.001"/>
  <testcase name="generalCase[Material[79]:IRON_FENCE]" classname="org.bukkit.craftbukkit.inventory.FactoryItemMaterialTest" time="0"/>
  <testcase name="asMetaFor[Material[79]:IRON_FENCE]" classname="org.bukkit.craftbukkit.inventory.FactoryItemMaterialTest" time="0"/>
  <testcase name="itemStack[Material[79]:IRON_FENCE]" classname="org.bukkit.craftbukkit.inventory.FactoryItemMaterialTest" time="0"/>
  <testcase name="blankEqualities[Material[80]:THIN_GLASS]" classname="org.bukkit.craftbukkit.inventory.FactoryItemMaterialTest" time="0"/>
  <testcase name="generalCase[Material[80]:THIN_GLASS]" classname="org.bukkit.craftbukkit.inventory.FactoryItemMaterialTest" time="0"/>
  <testcase name="asMetaFor[Material[80]:THIN_GLASS]" classname="org.bukkit.craftbukkit.inventory.FactoryItemMaterialTest" time="0.001"/>
  <testcase name="itemStack[Material[80]:THIN_GLASS]" classname="org.bukkit.craftbukkit.inventory.FactoryItemMaterialTest" time="0"/>
  <testcase name="blankEqualities[Material[81]:MELON_BLOCK]" classname="org.bukkit.craftbukkit.inventory.FactoryItemMaterialTest" time="0"/>
  <testcase name="generalCase[Material[81]:MELON_BLOCK]" classname="org.bukkit.craftbukkit.inventory.FactoryItemMaterialTest" time="0"/>
  <testcase name="asMetaFor[Material[81]:MELON_BLOCK]" classname="org.bukkit.craftbukkit.inventory.FactoryItemMaterialTest" time="0.001"/>
  <testcase name="itemStack[Material[81]:MELON_BLOCK]" classname="org.bukkit.craftbukkit.inventory.FactoryItemMaterialTest" time="0"/>
  <testcase name="blankEqualities[Material[82]:VINE]" classname="org.bukkit.craftbukkit.inventory.FactoryItemMaterialTest" time="0"/>
  <testcase name="generalCase[Material[82]:VINE]" classname="org.bukkit.craftbukkit.inventory.FactoryItemMaterialTest" time="0"/>
  <testcase name="asMetaFor[Material[82]:VINE]" classname="org.bukkit.craftbukkit.inventory.FactoryItemMaterialTest" time="0.001"/>
  <testcase name="itemStack[Material[82]:VINE]" classname="org.bukkit.craftbukkit.inventory.FactoryItemMaterialTest" time="0"/>
  <testcase name="blankEqualities[Material[83]:FENCE_GATE]" classname="org.bukkit.craftbukkit.inventory.FactoryItemMaterialTest" time="0.002"/>
  <testcase name="generalCase[Material[83]:FENCE_GATE]" classname="org.bukkit.craftbukkit.inventory.FactoryItemMaterialTest" time="0"/>
  <testcase name="asMetaFor[Material[83]:FENCE_GATE]" classname="org.bukkit.craftbukkit.inventory.FactoryItemMaterialTest" time="0"/>
  <testcase name="itemStack[Material[83]:FENCE_GATE]" classname="org.bukkit.craftbukkit.inventory.FactoryItemMaterialTest" time="0"/>
  <testcase name="blankEqualities[Material[84]:BRICK_STAIRS]" classname="org.bukkit.craftbukkit.inventory.FactoryItemMaterialTest" time="0.002"/>
  <testcase name="generalCase[Material[84]:BRICK_STAIRS]" classname="org.bukkit.craftbukkit.inventory.FactoryItemMaterialTest" time="0"/>
  <testcase name="asMetaFor[Material[84]:BRICK_STAIRS]" classname="org.bukkit.craftbukkit.inventory.FactoryItemMaterialTest" time="0"/>
  <testcase name="itemStack[Material[84]:BRICK_STAIRS]" classname="org.bukkit.craftbukkit.inventory.FactoryItemMaterialTest" time="0"/>
  <testcase name="blankEqualities[Material[85]:SMOOTH_STAIRS]" classname="org.bukkit.craftbukkit.inventory.FactoryItemMaterialTest" time="0"/>
  <testcase name="generalCase[Material[85]:SMOOTH_STAIRS]" classname="org.bukkit.craftbukkit.inventory.FactoryItemMaterialTest" time="0"/>
  <testcase name="asMetaFor[Material[85]:SMOOTH_STAIRS]" classname="org.bukkit.craftbukkit.inventory.FactoryItemMaterialTest" time="0"/>
  <testcase name="itemStack[Material[85]:SMOOTH_STAIRS]" classname="org.bukkit.craftbukkit.inventory.FactoryItemMaterialTest" time="0"/>
  <testcase name="blankEqualities[Material[86]:MYCEL]" classname="org.bukkit.craftbukkit.inventory.FactoryItemMaterialTest" time="0.001"/>
  <testcase name="generalCase[Material[86]:MYCEL]" classname="org.bukkit.craftbukkit.inventory.FactoryItemMaterialTest" time="0"/>
  <testcase name="asMetaFor[Material[86]:MYCEL]" classname="org.bukkit.craftbukkit.inventory.FactoryItemMaterialTest" time="0"/>
  <testcase name="itemStack[Material[86]:MYCEL]" classname="org.bukkit.craftbukkit.inventory.FactoryItemMaterialTest" time="0"/>
  <testcase name="blankEqualities[Material[87]:WATER_LILY]" classname="org.bukkit.craftbukkit.inventory.FactoryItemMaterialTest" time="0.001"/>
  <testcase name="generalCase[Material[87]:WATER_LILY]" classname="org.bukkit.craftbukkit.inventory.FactoryItemMaterialTest" time="0"/>
  <testcase name="asMetaFor[Material[87]:WATER_LILY]" classname="org.bukkit.craftbukkit.inventory.FactoryItemMaterialTest" time="0.001"/>
  <testcase name="itemStack[Material[87]:WATER_LILY]" classname="org.bukkit.craftbukkit.inventory.FactoryItemMaterialTest" time="0"/>
  <testcase name="blankEqualities[Material[88]:NETHER_BRICK]" classname="org.bukkit.craftbukkit.inventory.FactoryItemMaterialTest" time="0.001"/>
  <testcase name="generalCase[Material[88]:NETHER_BRICK]" classname="org.bukkit.craftbukkit.inventory.FactoryItemMaterialTest" time="0"/>
  <testcase name="asMetaFor[Material[88]:NETHER_BRICK]" classname="org.bukkit.craftbukkit.inventory.FactoryItemMaterialTest" time="0"/>
  <testcase name="itemStack[Material[88]:NETHER_BRICK]" classname="org.bukkit.craftbukkit.inventory.FactoryItemMaterialTest" time="0"/>
  <testcase name="blankEqualities[Material[89]:NETHER_FENCE]" classname="org.bukkit.craftbukkit.inventory.FactoryItemMaterialTest" time="0"/>
  <testcase name="generalCase[Material[89]:NETHER_FENCE]" classname="org.bukkit.craftbukkit.inventory.FactoryItemMaterialTest" time="0"/>
  <testcase name="asMetaFor[Material[89]:NETHER_FENCE]" classname="org.bukkit.craftbukkit.inventory.FactoryItemMaterialTest" time="0.001"/>
  <testcase name="itemStack[Material[89]:NETHER_FENCE]" classname="org.bukkit.craftbukkit.inventory.FactoryItemMaterialTest" time="0"/>
  <testcase name="blankEqualities[Material[90]:NETHER_BRICK_STAIRS]" classname="org.bukkit.craftbukkit.inventory.FactoryItemMaterialTest" time="0"/>
  <testcase name="generalCase[Material[90]:NETHER_BRICK_STAIRS]" classname="org.bukkit.craftbukkit.inventory.FactoryItemMaterialTest" time="0"/>
  <testcase name="asMetaFor[Material[90]:NETHER_BRICK_STAIRS]" classname="org.bukkit.craftbukkit.inventory.FactoryItemMaterialTest" time="0.001"/>
  <testcase name="itemStack[Material[90]:NETHER_BRICK_STAIRS]" classname="org.bukkit.craftbukkit.inventory.FactoryItemMaterialTest" time="0"/>
  <testcase name="blankEqualities[Material[91]:ENCHANTMENT_TABLE]" classname="org.bukkit.craftbukkit.inventory.FactoryItemMaterialTest" time="0.001"/>
  <testcase name="generalCase[Material[91]:ENCHANTMENT_TABLE]" classname="org.bukkit.craftbukkit.inventory.FactoryItemMaterialTest" time="0"/>
  <testcase name="asMetaFor[Material[91]:ENCHANTMENT_TABLE]" classname="org.bukkit.craftbukkit.inventory.FactoryItemMaterialTest" time="0"/>
  <testcase name="itemStack[Material[91]:ENCHANTMENT_TABLE]" classname="org.bukkit.craftbukkit.inventory.FactoryItemMaterialTest" time="0"/>
  <testcase name="blankEqualities[Material[92]:ENDER_PORTAL_FRAME]" classname="org.bukkit.craftbukkit.inventory.FactoryItemMaterialTest" time="0"/>
  <testcase name="generalCase[Material[92]:ENDER_PORTAL_FRAME]" classname="org.bukkit.craftbukkit.inventory.FactoryItemMaterialTest" time="0"/>
  <testcase name="asMetaFor[Material[92]:ENDER_PORTAL_FRAME]" classname="org.bukkit.craftbukkit.inventory.FactoryItemMaterialTest" time="0.001"/>
  <testcase name="itemStack[Material[92]:ENDER_PORTAL_FRAME]" classname="org.bukkit.craftbukkit.inventory.FactoryItemMaterialTest" time="0"/>
  <testcase name="blankEqualities[Material[93]:ENDER_STONE]" classname="org.bukkit.craftbukkit.inventory.FactoryItemMaterialTest" time="0"/>
  <testcase name="generalCase[Material[93]:ENDER_STONE]" classname="org.bukkit.craftbukkit.inventory.FactoryItemMaterialTest" time="0"/>
  <testcase name="asMetaFor[Material[93]:ENDER_STONE]" classname="org.bukkit.craftbukkit.inventory.FactoryItemMaterialTest" time="0.001"/>
  <testcase name="itemStack[Material[93]:ENDER_STONE]" classname="org.bukkit.craftbukkit.inventory.FactoryItemMaterialTest" time="0"/>
  <testcase name="blankEqualities[Material[94]:DRAGON_EGG]" classname="org.bukkit.craftbukkit.inventory.FactoryItemMaterialTest" time="0"/>
  <testcase name="generalCase[Material[94]:DRAGON_EGG]" classname="org.bukkit.craftbukkit.inventory.FactoryItemMaterialTest" time="0"/>
  <testcase name="asMetaFor[Material[94]:DRAGON_EGG]" classname="org.bukkit.craftbukkit.inventory.FactoryItemMaterialTest" time="0.001"/>
  <testcase name="itemStack[Material[94]:DRAGON_EGG]" classname="org.bukkit.craftbukkit.inventory.FactoryItemMaterialTest" time="0"/>
  <testcase name="blankEqualities[Material[95]:REDSTONE_LAMP_OFF]" classname="org.bukkit.craftbukkit.inventory.FactoryItemMaterialTest" time="0"/>
  <testcase name="generalCase[Material[95]:REDSTONE_LAMP_OFF]" classname="org.bukkit.craftbukkit.inventory.FactoryItemMaterialTest" time="0"/>
  <testcase name="asMetaFor[Material[95]:REDSTONE_LAMP_OFF]" classname="org.bukkit.craftbukkit.inventory.FactoryItemMaterialTest" time="0.001"/>
  <testcase name="itemStack[Material[95]:REDSTONE_LAMP_OFF]" classname="org.bukkit.craftbukkit.inventory.FactoryItemMaterialTest" time="0"/>
  <testcase name="blankEqualities[Material[96]:WOOD_STEP]" classname="org.bukkit.craftbukkit.inventory.FactoryItemMaterialTest" time="0.001"/>
  <testcase name="generalCase[Material[96]:WOOD_STEP]" classname="org.bukkit.craftbukkit.inventory.FactoryItemMaterialTest" time="0"/>
  <testcase name="asMetaFor[Material[96]:WOOD_STEP]" classname="org.bukkit.craftbukkit.inventory.FactoryItemMaterialTest" time="0"/>
  <testcase name="itemStack[Material[96]:WOOD_STEP]" classname="org.bukkit.craftbukkit.inventory.FactoryItemMaterialTest" time="0"/>
  <testcase name="blankEqualities[Material[97]:SANDSTONE_STAIRS]" classname="org.bukkit.craftbukkit.inventory.FactoryItemMaterialTest" time="0.001"/>
  <testcase name="generalCase[Material[97]:SANDSTONE_STAIRS]" classname="org.bukkit.craftbukkit.inventory.FactoryItemMaterialTest" time="0"/>
  <testcase name="asMetaFor[Material[97]:SANDSTONE_STAIRS]" classname="org.bukkit.craftbukkit.inventory.FactoryItemMaterialTest" time="0"/>
  <testcase name="itemStack[Material[97]:SANDSTONE_STAIRS]" classname="org.bukkit.craftbukkit.inventory.FactoryItemMaterialTest" time="0"/>
  <testcase name="blankEqualities[Material[98]:EMERALD_ORE]" classname="org.bukkit.craftbukkit.inventory.FactoryItemMaterialTest" time="0.001"/>
  <testcase name="generalCase[Material[98]:EMERALD_ORE]" classname="org.bukkit.craftbukkit.inventory.FactoryItemMaterialTest" time="0"/>
  <testcase name="asMetaFor[Material[98]:EMERALD_ORE]" classname="org.bukkit.craftbukkit.inventory.FactoryItemMaterialTest" time="0"/>
  <testcase name="itemStack[Material[98]:EMERALD_ORE]" classname="org.bukkit.craftbukkit.inventory.FactoryItemMaterialTest" time="0.001"/>
  <testcase name="blankEqualities[Material[99]:ENDER_CHEST]" classname="org.bukkit.craftbukkit.inventory.FactoryItemMaterialTest" time="0"/>
  <testcase name="generalCase[Material[99]:ENDER_CHEST]" classname="org.bukkit.craftbukkit.inventory.FactoryItemMaterialTest" time="0"/>
  <testcase name="asMetaFor[Material[99]:ENDER_CHEST]" classname="org.bukkit.craftbukkit.inventory.FactoryItemMaterialTest" time="0.001"/>
  <testcase name="itemStack[Material[99]:ENDER_CHEST]" classname="org.bukkit.craftbukkit.inventory.FactoryItemMaterialTest" time="0"/>
  <testcase name="blankEqualities[Material[100]:TRIPWIRE_HOOK]" classname="org.bukkit.craftbukkit.inventory.FactoryItemMaterialTest" time="0.001"/>
  <testcase name="generalCase[Material[100]:TRIPWIRE_HOOK]" classname="org.bukkit.craftbukkit.inventory.FactoryItemMaterialTest" time="0"/>
  <testcase name="asMetaFor[Material[100]:TRIPWIRE_HOOK]" classname="org.bukkit.craftbukkit.inventory.FactoryItemMaterialTest" time="0"/>
  <testcase name="itemStack[Material[100]:TRIPWIRE_HOOK]" classname="org.bukkit.craftbukkit.inventory.FactoryItemMaterialTest" time="0"/>
  <testcase name="blankEqualities[Material[101]:EMERALD_BLOCK]" classname="org.bukkit.craftbukkit.inventory.FactoryItemMaterialTest" time="0.001"/>
  <testcase name="generalCase[Material[101]:EMERALD_BLOCK]" classname="org.bukkit.craftbukkit.inventory.FactoryItemMaterialTest" time="0"/>
  <testcase name="asMetaFor[Material[101]:EMERALD_BLOCK]" classname="org.bukkit.craftbukkit.inventory.FactoryItemMaterialTest" time="0"/>
  <testcase name="itemStack[Material[101]:EMERALD_BLOCK]" classname="org.bukkit.craftbukkit.inventory.FactoryItemMaterialTest" time="0"/>
  <testcase name="blankEqualities[Material[102]:SPRUCE_WOOD_STAIRS]" classname="org.bukkit.craftbukkit.inventory.FactoryItemMaterialTest" time="0.001"/>
  <testcase name="generalCase[Material[102]:SPRUCE_WOOD_STAIRS]" classname="org.bukkit.craftbukkit.inventory.FactoryItemMaterialTest" time="0"/>
  <testcase name="asMetaFor[Material[102]:SPRUCE_WOOD_STAIRS]" classname="org.bukkit.craftbukkit.inventory.FactoryItemMaterialTest" time="0"/>
  <testcase name="itemStack[Material[102]:SPRUCE_WOOD_STAIRS]" classname="org.bukkit.craftbukkit.inventory.FactoryItemMaterialTest" time="0"/>
  <testcase name="blankEqualities[Material[103]:BIRCH_WOOD_STAIRS]" classname="org.bukkit.craftbukkit.inventory.FactoryItemMaterialTest" time="0.001"/>
  <testcase name="generalCase[Material[103]:BIRCH_WOOD_STAIRS]" classname="org.bukkit.craftbukkit.inventory.FactoryItemMaterialTest" time="0"/>
  <testcase name="asMetaFor[Material[103]:BIRCH_WOOD_STAIRS]" classname="org.bukkit.craftbukkit.inventory.FactoryItemMaterialTest" time="0"/>
  <testcase name="itemStack[Material[103]:BIRCH_WOOD_STAIRS]" classname="org.bukkit.craftbukkit.inventory.FactoryItemMaterialTest" time="0"/>
  <testcase name="blankEqualities[Material[104]:JUNGLE_WOOD_STAIRS]" classname="org.bukkit.craftbukkit.inventory.FactoryItemMaterialTest" time="0"/>
  <testcase name="generalCase[Material[104]:JUNGLE_WOOD_STAIRS]" classname="org.bukkit.craftbukkit.inventory.FactoryItemMaterialTest" time="0"/>
  <testcase name="asMetaFor[Material[104]:JUNGLE_WOOD_STAIRS]" classname="org.bukkit.craftbukkit.inventory.FactoryItemMaterialTest" time="0"/>
  <testcase name="itemStack[Material[104]:JUNGLE_WOOD_STAIRS]" classname="org.bukkit.craftbukkit.inventory.FactoryItemMaterialTest" time="0"/>
  <testcase name="blankEqualities[Material[105]:COMMAND]" classname="org.bukkit.craftbukkit.inventory.FactoryItemMaterialTest" time="0"/>
  <testcase name="generalCase[Material[105]:COMMAND]" classname="org.bukkit.craftbukkit.inventory.FactoryItemMaterialTest" time="0"/>
  <testcase name="asMetaFor[Material[105]:COMMAND]" classname="org.bukkit.craftbukkit.inventory.FactoryItemMaterialTest" time="0.001"/>
  <testcase name="itemStack[Material[105]:COMMAND]" classname="org.bukkit.craftbukkit.inventory.FactoryItemMaterialTest" time="0"/>
  <testcase name="blankEqualities[Material[106]:BEACON]" classname="org.bukkit.craftbukkit.inventory.FactoryItemMaterialTest" time="0"/>
  <testcase name="generalCase[Material[106]:BEACON]" classname="org.bukkit.craftbukkit.inventory.FactoryItemMaterialTest" time="0"/>
  <testcase name="asMetaFor[Material[106]:BEACON]" classname="org.bukkit.craftbukkit.inventory.FactoryItemMaterialTest" time="0.001"/>
  <testcase name="itemStack[Material[106]:BEACON]" classname="org.bukkit.craftbukkit.inventory.FactoryItemMaterialTest" time="0"/>
  <testcase name="blankEqualities[Material[107]:COBBLE_WALL]" classname="org.bukkit.craftbukkit.inventory.FactoryItemMaterialTest" time="0.001"/>
  <testcase name="generalCase[Material[107]:COBBLE_WALL]" classname="org.bukkit.craftbukkit.inventory.FactoryItemMaterialTest" time="0"/>
  <testcase name="asMetaFor[Material[107]:COBBLE_WALL]" classname="org.bukkit.craftbukkit.inventory.FactoryItemMaterialTest" time="0.001"/>
  <testcase name="itemStack[Material[107]:COBBLE_WALL]" classname="org.bukkit.craftbukkit.inventory.FactoryItemMaterialTest" time="0"/>
  <testcase name="blankEqualities[Material[108]:WOOD_BUTTON]" classname="org.bukkit.craftbukkit.inventory.FactoryItemMaterialTest" time="0"/>
  <testcase name="generalCase[Material[108]:WOOD_BUTTON]" classname="org.bukkit.craftbukkit.inventory.FactoryItemMaterialTest" time="0"/>
  <testcase name="asMetaFor[Material[108]:WOOD_BUTTON]" classname="org.bukkit.craftbukkit.inventory.FactoryItemMaterialTest" time="0"/>
  <testcase name="itemStack[Material[108]:WOOD_BUTTON]" classname="org.bukkit.craftbukkit.inventory.FactoryItemMaterialTest" time="0"/>
  <testcase name="blankEqualities[Material[109]:ANVIL]" classname="org.bukkit.craftbukkit.inventory.FactoryItemMaterialTest" time="0"/>
  <testcase name="generalCase[Material[109]:ANVIL]" classname="org.bukkit.craftbukkit.inventory.FactoryItemMaterialTest" time="0"/>
  <testcase name="asMetaFor[Material[109]:ANVIL]" classname="org.bukkit.craftbukkit.inventory.FactoryItemMaterialTest" time="0"/>
  <testcase name="itemStack[Material[109]:ANVIL]" classname="org.bukkit.craftbukkit.inventory.FactoryItemMaterialTest" time="0"/>
  <testcase name="blankEqualities[Material[110]:TRAPPED_CHEST]" classname="org.bukkit.craftbukkit.inventory.FactoryItemMaterialTest" time="0.001"/>
  <testcase name="generalCase[Material[110]:TRAPPED_CHEST]" classname="org.bukkit.craftbukkit.inventory.FactoryItemMaterialTest" time="0"/>
  <testcase name="asMetaFor[Material[110]:TRAPPED_CHEST]" classname="org.bukkit.craftbukkit.inventory.FactoryItemMaterialTest" time="0"/>
  <testcase name="itemStack[Material[110]:TRAPPED_CHEST]" classname="org.bukkit.craftbukkit.inventory.FactoryItemMaterialTest" time="0"/>
  <testcase name="blankEqualities[Material[111]:GOLD_PLATE]" classname="org.bukkit.craftbukkit.inventory.FactoryItemMaterialTest" time="0"/>
  <testcase name="generalCase[Material[111]:GOLD_PLATE]" classname="org.bukkit.craftbukkit.inventory.FactoryItemMaterialTest" time="0"/>
  <testcase name="asMetaFor[Material[111]:GOLD_PLATE]" classname="org.bukkit.craftbukkit.inventory.FactoryItemMaterialTest" time="0"/>
  <testcase name="itemStack[Material[111]:GOLD_PLATE]" classname="org.bukkit.craftbukkit.inventory.FactoryItemMaterialTest" time="0"/>
  <testcase name="blankEqualities[Material[112]:IRON_PLATE]" classname="org.bukkit.craftbukkit.inventory.FactoryItemMaterialTest" time="0"/>
  <testcase name="generalCase[Material[112]:IRON_PLATE]" classname="org.bukkit.craftbukkit.inventory.FactoryItemMaterialTest" time="0"/>
  <testcase name="asMetaFor[Material[112]:IRON_PLATE]" classname="org.bukkit.craftbukkit.inventory.FactoryItemMaterialTest" time="0"/>
  <testcase name="itemStack[Material[112]:IRON_PLATE]" classname="org.bukkit.craftbukkit.inventory.FactoryItemMaterialTest" time="0"/>
  <testcase name="blankEqualities[Material[113]:DAYLIGHT_DETECTOR]" classname="org.bukkit.craftbukkit.inventory.FactoryItemMaterialTest" time="0"/>
  <testcase name="generalCase[Material[113]:DAYLIGHT_DETECTOR]" classname="org.bukkit.craftbukkit.inventory.FactoryItemMaterialTest" time="0"/>
  <testcase name="asMetaFor[Material[113]:DAYLIGHT_DETECTOR]" classname="org.bukkit.craftbukkit.inventory.FactoryItemMaterialTest" time="0.001"/>
  <testcase name="itemStack[Material[113]:DAYLIGHT_DETECTOR]" classname="org.bukkit.craftbukkit.inventory.FactoryItemMaterialTest" time="0"/>
  <testcase name="blankEqualities[Material[114]:REDSTONE_BLOCK]" classname="org.bukkit.craftbukkit.inventory.FactoryItemMaterialTest" time="0"/>
  <testcase name="generalCase[Material[114]:REDSTONE_BLOCK]" classname="org.bukkit.craftbukkit.inventory.FactoryItemMaterialTest" time="0"/>
  <testcase name="asMetaFor[Material[114]:REDSTONE_BLOCK]" classname="org.bukkit.craftbukkit.inventory.FactoryItemMaterialTest" time="0.001"/>
  <testcase name="itemStack[Material[114]:REDSTONE_BLOCK]" classname="org.bukkit.craftbukkit.inventory.FactoryItemMaterialTest" time="0"/>
  <testcase name="blankEqualities[Material[115]:QUARTZ_ORE]" classname="org.bukkit.craftbukkit.inventory.FactoryItemMaterialTest" time="0.001"/>
  <testcase name="generalCase[Material[115]:QUARTZ_ORE]" classname="org.bukkit.craftbukkit.inventory.FactoryItemMaterialTest" time="0"/>
  <testcase name="asMetaFor[Material[115]:QUARTZ_ORE]" classname="org.bukkit.craftbukkit.inventory.FactoryItemMaterialTest" time="0"/>
  <testcase name="itemStack[Material[115]:QUARTZ_ORE]" classname="org.bukkit.craftbukkit.inventory.FactoryItemMaterialTest" time="0"/>
  <testcase name="blankEqualities[Material[116]:HOPPER]" classname="org.bukkit.craftbukkit.inventory.FactoryItemMaterialTest" time="0.001"/>
  <testcase name="generalCase[Material[116]:HOPPER]" classname="org.bukkit.craftbukkit.inventory.FactoryItemMaterialTest" time="0"/>
  <testcase name="asMetaFor[Material[116]:HOPPER]" classname="org.bukkit.craftbukkit.inventory.FactoryItemMaterialTest" time="0"/>
  <testcase name="itemStack[Material[116]:HOPPER]" classname="org.bukkit.craftbukkit.inventory.FactoryItemMaterialTest" time="0"/>
  <testcase name="blankEqualities[Material[117]:QUARTZ_BLOCK]" classname="org.bukkit.craftbukkit.inventory.FactoryItemMaterialTest" time="0.001"/>
  <testcase name="generalCase[Material[117]:QUARTZ_BLOCK]" classname="org.bukkit.craftbukkit.inventory.FactoryItemMaterialTest" time="0"/>
  <testcase name="asMetaFor[Material[117]:QUARTZ_BLOCK]" classname="org.bukkit.craftbukkit.inventory.FactoryItemMaterialTest" time="0"/>
  <testcase name="itemStack[Material[117]:QUARTZ_BLOCK]" classname="org.bukkit.craftbukkit.inventory.FactoryItemMaterialTest" time="0"/>
  <testcase name="blankEqualities[Material[118]:QUARTZ_STAIRS]" classname="org.bukkit.craftbukkit.inventory.FactoryItemMaterialTest" time="0.001"/>
  <testcase name="generalCase[Material[118]:QUARTZ_STAIRS]" classname="org.bukkit.craftbukkit.inventory.FactoryItemMaterialTest" time="0"/>
  <testcase name="asMetaFor[Material[118]:QUARTZ_STAIRS]" classname="org.bukkit.craftbukkit.inventory.FactoryItemMaterialTest" time="0"/>
  <testcase name="itemStack[Material[118]:QUARTZ_STAIRS]" classname="org.bukkit.craftbukkit.inventory.FactoryItemMaterialTest" time="0"/>
  <testcase name="blankEqualities[Material[119]:ACTIVATOR_RAIL]" classname="org.bukkit.craftbukkit.inventory.FactoryItemMaterialTest" time="0.02"/>
  <testcase name="generalCase[Material[119]:ACTIVATOR_RAIL]" classname="org.bukkit.craftbukkit.inventory.FactoryItemMaterialTest" time="0"/>
  <testcase name="asMetaFor[Material[119]:ACTIVATOR_RAIL]" classname="org.bukkit.craftbukkit.inventory.FactoryItemMaterialTest" time="0"/>
  <testcase name="itemStack[Material[119]:ACTIVATOR_RAIL]" classname="org.bukkit.craftbukkit.inventory.FactoryItemMaterialTest" time="0"/>
  <testcase name="blankEqualities[Material[120]:DROPPER]" classname="org.bukkit.craftbukkit.inventory.FactoryItemMaterialTest" time="0.001"/>
  <testcase name="generalCase[Material[120]:DROPPER]" classname="org.bukkit.craftbukkit.inventory.FactoryItemMaterialTest" time="0"/>
  <testcase name="asMetaFor[Material[120]:DROPPER]" classname="org.bukkit.craftbukkit.inventory.FactoryItemMaterialTest" time="0"/>
  <testcase name="itemStack[Material[120]:DROPPER]" classname="org.bukkit.craftbukkit.inventory.FactoryItemMaterialTest" time="0"/>
  <testcase name="blankEqualities[Material[121]:STAINED_CLAY]" classname="org.bukkit.craftbukkit.inventory.FactoryItemMaterialTest" time="0"/>
  <testcase name="generalCase[Material[121]:STAINED_CLAY]" classname="org.bukkit.craftbukkit.inventory.FactoryItemMaterialTest" time="0"/>
  <testcase name="asMetaFor[Material[121]:STAINED_CLAY]" classname="org.bukkit.craftbukkit.inventory.FactoryItemMaterialTest" time="0.001"/>
  <testcase name="itemStack[Material[121]:STAINED_CLAY]" classname="org.bukkit.craftbukkit.inventory.FactoryItemMaterialTest" time="0"/>
  <testcase name="blankEqualities[Material[122]:STAINED_GLASS_PANE]" classname="org.bukkit.craftbukkit.inventory.FactoryItemMaterialTest" time="0"/>
  <testcase name="generalCase[Material[122]:STAINED_GLASS_PANE]" classname="org.bukkit.craftbukkit.inventory.FactoryItemMaterialTest" time="0"/>
  <testcase name="asMetaFor[Material[122]:STAINED_GLASS_PANE]" classname="org.bukkit.craftbukkit.inventory.FactoryItemMaterialTest" time="0"/>
  <testcase name="itemStack[Material[122]:STAINED_GLASS_PANE]" classname="org.bukkit.craftbukkit.inventory.FactoryItemMaterialTest" time="0"/>
  <testcase name="blankEqualities[Material[123]:LEAVES_2]" classname="org.bukkit.craftbukkit.inventory.FactoryItemMaterialTest" time="0"/>
  <testcase name="generalCase[Material[123]:LEAVES_2]" classname="org.bukkit.craftbukkit.inventory.FactoryItemMaterialTest" time="0"/>
  <testcase name="asMetaFor[Material[123]:LEAVES_2]" classname="org.bukkit.craftbukkit.inventory.FactoryItemMaterialTest" time="0"/>
  <testcase name="itemStack[Material[123]:LEAVES_2]" classname="org.bukkit.craftbukkit.inventory.FactoryItemMaterialTest" time="0"/>
  <testcase name="blankEqualities[Material[124]:LOG_2]" classname="org.bukkit.craftbukkit.inventory.FactoryItemMaterialTest" time="0.001"/>
  <testcase name="generalCase[Material[124]:LOG_2]" classname="org.bukkit.craftbukkit.inventory.FactoryItemMaterialTest" time="0"/>
  <testcase name="asMetaFor[Material[124]:LOG_2]" classname="org.bukkit.craftbukkit.inventory.FactoryItemMaterialTest" time="0"/>
  <testcase name="itemStack[Material[124]:LOG_2]" classname="org.bukkit.craftbukkit.inventory.FactoryItemMaterialTest" time="0"/>
  <testcase name="blankEqualities[Material[125]:ACACIA_STAIRS]" classname="org.bukkit.craftbukkit.inventory.FactoryItemMaterialTest" time="0"/>
  <testcase name="generalCase[Material[125]:ACACIA_STAIRS]" classname="org.bukkit.craftbukkit.inventory.FactoryItemMaterialTest" time="0"/>
  <testcase name="asMetaFor[Material[125]:ACACIA_STAIRS]" classname="org.bukkit.craftbukkit.inventory.FactoryItemMaterialTest" time="0.001"/>
  <testcase name="itemStack[Material[125]:ACACIA_STAIRS]" classname="org.bukkit.craftbukkit.inventory.FactoryItemMaterialTest" time="0"/>
  <testcase name="blankEqualities[Material[126]:DARK_OAK_STAIRS]" classname="org.bukkit.craftbukkit.inventory.FactoryItemMaterialTest" time="0"/>
  <testcase name="generalCase[Material[126]:DARK_OAK_STAIRS]" classname="org.bukkit.craftbukkit.inventory.FactoryItemMaterialTest" time="0"/>
  <testcase name="asMetaFor[Material[126]:DARK_OAK_STAIRS]" classname="org.bukkit.craftbukkit.inventory.FactoryItemMaterialTest" time="0"/>
  <testcase name="itemStack[Material[126]:DARK_OAK_STAIRS]" classname="org.bukkit.craftbukkit.inventory.FactoryItemMaterialTest" time="0"/>
  <testcase name="blankEqualities[Material[127]:SLIME_BLOCK]" classname="org.bukkit.craftbukkit.inventory.FactoryItemMaterialTest" time="0"/>
  <testcase name="generalCase[Material[127]:SLIME_BLOCK]" classname="org.bukkit.craftbukkit.inventory.FactoryItemMaterialTest" time="0"/>
  <testcase name="asMetaFor[Material[127]:SLIME_BLOCK]" classname="org.bukkit.craftbukkit.inventory.FactoryItemMaterialTest" time="0"/>
  <testcase name="itemStack[Material[127]:SLIME_BLOCK]" classname="org.bukkit.craftbukkit.inventory.FactoryItemMaterialTest" time="0"/>
  <testcase name="blankEqualities[Material[128]:BARRIER]" classname="org.bukkit.craftbukkit.inventory.FactoryItemMaterialTest" time="0.001"/>
  <testcase name="generalCase[Material[128]:BARRIER]" classname="org.bukkit.craftbukkit.inventory.FactoryItemMaterialTest" time="0"/>
  <testcase name="asMetaFor[Material[128]:BARRIER]" classname="org.bukkit.craftbukkit.inventory.FactoryItemMaterialTest" time="0"/>
  <testcase name="itemStack[Material[128]:BARRIER]" classname="org.bukkit.craftbukkit.inventory.FactoryItemMaterialTest" time="0"/>
  <testcase name="blankEqualities[Material[129]:IRON_TRAPDOOR]" classname="org.bukkit.craftbukkit.inventory.FactoryItemMaterialTest" time="0.001"/>
  <testcase name="generalCase[Material[129]:IRON_TRAPDOOR]" classname="org.bukkit.craftbukkit.inventory.FactoryItemMaterialTest" time="0"/>
  <testcase name="asMetaFor[Material[129]:IRON_TRAPDOOR]" classname="org.bukkit.craftbukkit.inventory.FactoryItemMaterialTest" time="0"/>
  <testcase name="itemStack[Material[129]:IRON_TRAPDOOR]" classname="org.bukkit.craftbukkit.inventory.FactoryItemMaterialTest" time="0"/>
  <testcase name="blankEqualities[Material[130]:PRISMARINE]" classname="org.bukkit.craftbukkit.inventory.FactoryItemMaterialTest" time="0.001"/>
  <testcase name="generalCase[Material[130]:PRISMARINE]" classname="org.bukkit.craftbukkit.inventory.FactoryItemMaterialTest" time="0"/>
  <testcase name="asMetaFor[Material[130]:PRISMARINE]" classname="org.bukkit.craftbukkit.inventory.FactoryItemMaterialTest" time="0"/>
  <testcase name="itemStack[Material[130]:PRISMARINE]" classname="org.bukkit.craftbukkit.inventory.FactoryItemMaterialTest" time="0"/>
  <testcase name="blankEqualities[Material[131]:SEA_LANTERN]" classname="org.bukkit.craftbukkit.inventory.FactoryItemMaterialTest" time="0.001"/>
  <testcase name="generalCase[Material[131]:SEA_LANTERN]" classname="org.bukkit.craftbukkit.inventory.FactoryItemMaterialTest" time="0"/>
  <testcase name="asMetaFor[Material[131]:SEA_LANTERN]" classname="org.bukkit.craftbukkit.inventory.FactoryItemMaterialTest" time="0"/>
  <testcase name="itemStack[Material[131]:SEA_LANTERN]" classname="org.bukkit.craftbukkit.inventory.FactoryItemMaterialTest" time="0"/>
  <testcase name="blankEqualities[Material[132]:HAY_BLOCK]" classname="org.bukkit.craftbukkit.inventory.FactoryItemMaterialTest" time="0"/>
  <testcase name="generalCase[Material[132]:HAY_BLOCK]" classname="org.bukkit.craftbukkit.inventory.FactoryItemMaterialTest" time="0"/>
  <testcase name="asMetaFor[Material[132]:HAY_BLOCK]" classname="org.bukkit.craftbukkit.inventory.FactoryItemMaterialTest" time="0.001"/>
  <testcase name="itemStack[Material[132]:HAY_BLOCK]" classname="org.bukkit.craftbukkit.inventory.FactoryItemMaterialTest" time="0"/>
  <testcase name="blankEqualities[Material[133]:CARPET]" classname="org.bukkit.craftbukkit.inventory.FactoryItemMaterialTest" time="0"/>
  <testcase name="generalCase[Material[133]:CARPET]" classname="org.bukkit.craftbukkit.inventory.FactoryItemMaterialTest" time="0"/>
  <testcase name="asMetaFor[Material[133]:CARPET]" classname="org.bukkit.craftbukkit.inventory.FactoryItemMaterialTest" time="0"/>
  <testcase name="itemStack[Material[133]:CARPET]" classname="org.bukkit.craftbukkit.inventory.FactoryItemMaterialTest" time="0"/>
  <testcase name="blankEqualities[Material[134]:HARD_CLAY]" classname="org.bukkit.craftbukkit.inventory.FactoryItemMaterialTest" time="0.001"/>
  <testcase name="generalCase[Material[134]:HARD_CLAY]" classname="org.bukkit.craftbukkit.inventory.FactoryItemMaterialTest" time="0"/>
  <testcase name="asMetaFor[Material[134]:HARD_CLAY]" classname="org.bukkit.craftbukkit.inventory.FactoryItemMaterialTest" time="0"/>
  <testcase name="itemStack[Material[134]:HARD_CLAY]" classname="org.bukkit.craftbukkit.inventory.FactoryItemMaterialTest" time="0"/>
  <testcase name="blankEqualities[Material[135]:COAL_BLOCK]" classname="org.bukkit.craftbukkit.inventory.FactoryItemMaterialTest" time="0"/>
  <testcase name="generalCase[Material[135]:COAL_BLOCK]" classname="org.bukkit.craftbukkit.inventory.FactoryItemMaterialTest" time="0"/>
  <testcase name="asMetaFor[Material[135]:COAL_BLOCK]" classname="org.bukkit.craftbukkit.inventory.FactoryItemMaterialTest" time="0.001"/>
  <testcase name="itemStack[Material[135]:COAL_BLOCK]" classname="org.bukkit.craftbukkit.inventory.FactoryItemMaterialTest" time="0"/>
  <testcase name="blankEqualities[Material[136]:PACKED_ICE]" classname="org.bukkit.craftbukkit.inventory.FactoryItemMaterialTest" time="0"/>
  <testcase name="generalCase[Material[136]:PACKED_ICE]" classname="org.bukkit.craftbukkit.inventory.FactoryItemMaterialTest" time="0"/>
  <testcase name="asMetaFor[Material[136]:PACKED_ICE]" classname="org.bukkit.craftbukkit.inventory.FactoryItemMaterialTest" time="0"/>
  <testcase name="itemStack[Material[136]:PACKED_ICE]" classname="org.bukkit.craftbukkit.inventory.FactoryItemMaterialTest" time="0"/>
  <testcase name="blankEqualities[Material[137]:DOUBLE_PLANT]" classname="org.bukkit.craftbukkit.inventory.FactoryItemMaterialTest" time="0.001"/>
  <testcase name="generalCase[Material[137]:DOUBLE_PLANT]" classname="org.bukkit.craftbukkit.inventory.FactoryItemMaterialTest" time="0"/>
  <testcase name="asMetaFor[Material[137]:DOUBLE_PLANT]" classname="org.bukkit.craftbukkit.inventory.FactoryItemMaterialTest" time="0"/>
  <testcase name="itemStack[Material[137]:DOUBLE_PLANT]" classname="org.bukkit.craftbukkit.inventory.FactoryItemMaterialTest" time="0"/>
  <testcase name="blankEqualities[Material[138]:RED_SANDSTONE]" classname="org.bukkit.craftbukkit.inventory.FactoryItemMaterialTest" time="0.001"/>
  <testcase name="generalCase[Material[138]:RED_SANDSTONE]" classname="org.bukkit.craftbukkit.inventory.FactoryItemMaterialTest" time="0"/>
  <testcase name="asMetaFor[Material[138]:RED_SANDSTONE]" classname="org.bukkit.craftbukkit.inventory.FactoryItemMaterialTest" time="0"/>
  <testcase name="itemStack[Material[138]:RED_SANDSTONE]" classname="org.bukkit.craftbukkit.inventory.FactoryItemMaterialTest" time="0"/>
  <testcase name="blankEqualities[Material[139]:RED_SANDSTONE_STAIRS]" classname="org.bukkit.craftbukkit.inventory.FactoryItemMaterialTest" time="0.001"/>
  <testcase name="generalCase[Material[139]:RED_SANDSTONE_STAIRS]" classname="org.bukkit.craftbukkit.inventory.FactoryItemMaterialTest" time="0"/>
  <testcase name="asMetaFor[Material[139]:RED_SANDSTONE_STAIRS]" classname="org.bukkit.craftbukkit.inventory.FactoryItemMaterialTest" time="0"/>
  <testcase name="itemStack[Material[139]:RED_SANDSTONE_STAIRS]" classname="org.bukkit.craftbukkit.inventory.FactoryItemMaterialTest" time="0"/>
  <testcase name="blankEqualities[Material[140]:STONE_SLAB2]" classname="org.bukkit.craftbukkit.inventory.FactoryItemMaterialTest" time="0.001"/>
  <testcase name="generalCase[Material[140]:STONE_SLAB2]" classname="org.bukkit.craftbukkit.inventory.FactoryItemMaterialTest" time="0"/>
  <testcase name="asMetaFor[Material[140]:STONE_SLAB2]" classname="org.bukkit.craftbukkit.inventory.FactoryItemMaterialTest" time="0"/>
  <testcase name="itemStack[Material[140]:STONE_SLAB2]" classname="org.bukkit.craftbukkit.inventory.FactoryItemMaterialTest" time="0"/>
  <testcase name="blankEqualities[Material[141]:SPRUCE_FENCE_GATE]" classname="org.bukkit.craftbukkit.inventory.FactoryItemMaterialTest" time="0"/>
  <testcase name="generalCase[Material[141]:SPRUCE_FENCE_GATE]" classname="org.bukkit.craftbukkit.inventory.FactoryItemMaterialTest" time="0"/>
  <testcase name="asMetaFor[Material[141]:SPRUCE_FENCE_GATE]" classname="org.bukkit.craftbukkit.inventory.FactoryItemMaterialTest" time="0.001"/>
  <testcase name="itemStack[Material[141]:SPRUCE_FENCE_GATE]" classname="org.bukkit.craftbukkit.inventory.FactoryItemMaterialTest" time="0"/>
  <testcase name="blankEqualities[Material[142]:BIRCH_FENCE_GATE]" classname="org.bukkit.craftbukkit.inventory.FactoryItemMaterialTest" time="0"/>
  <testcase name="generalCase[Material[142]:BIRCH_FENCE_GATE]" classname="org.bukkit.craftbukkit.inventory.FactoryItemMaterialTest" time="0"/>
  <testcase name="asMetaFor[Material[142]:BIRCH_FENCE_GATE]" classname="org.bukkit.craftbukkit.inventory.FactoryItemMaterialTest" time="0"/>
  <testcase name="itemStack[Material[142]:BIRCH_FENCE_GATE]" classname="org.bukkit.craftbukkit.inventory.FactoryItemMaterialTest" time="0"/>
  <testcase name="blankEqualities[Material[143]:JUNGLE_FENCE_GATE]" classname="org.bukkit.craftbukkit.inventory.FactoryItemMaterialTest" time="0.001"/>
  <testcase name="generalCase[Material[143]:JUNGLE_FENCE_GATE]" classname="org.bukkit.craftbukkit.inventory.FactoryItemMaterialTest" time="0"/>
  <testcase name="asMetaFor[Material[143]:JUNGLE_FENCE_GATE]" classname="org.bukkit.craftbukkit.inventory.FactoryItemMaterialTest" time="0"/>
  <testcase name="itemStack[Material[143]:JUNGLE_FENCE_GATE]" classname="org.bukkit.craftbukkit.inventory.FactoryItemMaterialTest" time="0"/>
  <testcase name="blankEqualities[Material[144]:DARK_OAK_FENCE_GATE]" classname="org.bukkit.craftbukkit.inventory.FactoryItemMaterialTest" time="0"/>
  <testcase name="generalCase[Material[144]:DARK_OAK_FENCE_GATE]" classname="org.bukkit.craftbukkit.inventory.FactoryItemMaterialTest" time="0"/>
  <testcase name="asMetaFor[Material[144]:DARK_OAK_FENCE_GATE]" classname="org.bukkit.craftbukkit.inventory.FactoryItemMaterialTest" time="0"/>
  <testcase name="itemStack[Material[144]:DARK_OAK_FENCE_GATE]" classname="org.bukkit.craftbukkit.inventory.FactoryItemMaterialTest" time="0"/>
  <testcase name="blankEqualities[Material[145]:ACACIA_FENCE_GATE]" classname="org.bukkit.craftbukkit.inventory.FactoryItemMaterialTest" time="0"/>
  <testcase name="generalCase[Material[145]:ACACIA_FENCE_GATE]" classname="org.bukkit.craftbukkit.inventory.FactoryItemMaterialTest" time="0"/>
  <testcase name="asMetaFor[Material[145]:ACACIA_FENCE_GATE]" classname="org.bukkit.craftbukkit.inventory.FactoryItemMaterialTest" time="0"/>
  <testcase name="itemStack[Material[145]:ACACIA_FENCE_GATE]" classname="org.bukkit.craftbukkit.inventory.FactoryItemMaterialTest" time="0"/>
  <testcase name="blankEqualities[Material[146]:SPRUCE_FENCE]" classname="org.bukkit.craftbukkit.inventory.FactoryItemMaterialTest" time="0"/>
  <testcase name="generalCase[Material[146]:SPRUCE_FENCE]" classname="org.bukkit.craftbukkit.inventory.FactoryItemMaterialTest" time="0"/>
  <testcase name="asMetaFor[Material[146]:SPRUCE_FENCE]" classname="org.bukkit.craftbukkit.inventory.FactoryItemMaterialTest" time="0"/>
  <testcase name="itemStack[Material[146]:SPRUCE_FENCE]" classname="org.bukkit.craftbukkit.inventory.FactoryItemMaterialTest" time="0"/>
  <testcase name="blankEqualities[Material[147]:BIRCH_FENCE]" classname="org.bukkit.craftbukkit.inventory.FactoryItemMaterialTest" time="0"/>
  <testcase name="generalCase[Material[147]:BIRCH_FENCE]" classname="org.bukkit.craftbukkit.inventory.FactoryItemMaterialTest" time="0.001"/>
  <testcase name="asMetaFor[Material[147]:BIRCH_FENCE]" classname="org.bukkit.craftbukkit.inventory.FactoryItemMaterialTest" time="0"/>
  <testcase name="itemStack[Material[147]:BIRCH_FENCE]" classname="org.bukkit.craftbukkit.inventory.FactoryItemMaterialTest" time="0"/>
  <testcase name="blankEqualities[Material[148]:JUNGLE_FENCE]" classname="org.bukkit.craftbukkit.inventory.FactoryItemMaterialTest" time="0"/>
  <testcase name="generalCase[Material[148]:JUNGLE_FENCE]" classname="org.bukkit.craftbukkit.inventory.FactoryItemMaterialTest" time="0"/>
  <testcase name="asMetaFor[Material[148]:JUNGLE_FENCE]" classname="org.bukkit.craftbukkit.inventory.FactoryItemMaterialTest" time="0"/>
  <testcase name="itemStack[Material[148]:JUNGLE_FENCE]" classname="org.bukkit.craftbukkit.inventory.FactoryItemMaterialTest" time="0"/>
  <testcase name="blankEqualities[Material[149]:DARK_OAK_FENCE]" classname="org.bukkit.craftbukkit.inventory.FactoryItemMaterialTest" time="0"/>
  <testcase name="generalCase[Material[149]:DARK_OAK_FENCE]" classname="org.bukkit.craftbukkit.inventory.FactoryItemMaterialTest" time="0"/>
  <testcase name="asMetaFor[Material[149]:DARK_OAK_FENCE]" classname="org.bukkit.craftbukkit.inventory.FactoryItemMaterialTest" time="0"/>
  <testcase name="itemStack[Material[149]:DARK_OAK_FENCE]" classname="org.bukkit.craftbukkit.inventory.FactoryItemMaterialTest" time="0"/>
  <testcase name="blankEqualities[Material[150]:ACACIA_FENCE]" classname="org.bukkit.craftbukkit.inventory.FactoryItemMaterialTest" time="0.001"/>
  <testcase name="generalCase[Material[150]:ACACIA_FENCE]" classname="org.bukkit.craftbukkit.inventory.FactoryItemMaterialTest" time="0"/>
  <testcase name="asMetaFor[Material[150]:ACACIA_FENCE]" classname="org.bukkit.craftbukkit.inventory.FactoryItemMaterialTest" time="0"/>
  <testcase name="itemStack[Material[150]:ACACIA_FENCE]" classname="org.bukkit.craftbukkit.inventory.FactoryItemMaterialTest" time="0"/>
  <testcase name="blankEqualities[Material[151]:IRON_SPADE]" classname="org.bukkit.craftbukkit.inventory.FactoryItemMaterialTest" time="0"/>
  <testcase name="generalCase[Material[151]:IRON_SPADE]" classname="org.bukkit.craftbukkit.inventory.FactoryItemMaterialTest" time="0"/>
  <testcase name="asMetaFor[Material[151]:IRON_SPADE]" classname="org.bukkit.craftbukkit.inventory.FactoryItemMaterialTest" time="0.001"/>
  <testcase name="itemStack[Material[151]:IRON_SPADE]" classname="org.bukkit.craftbukkit.inventory.FactoryItemMaterialTest" time="0"/>
  <testcase name="blankEqualities[Material[152]:IRON_PICKAXE]" classname="org.bukkit.craftbukkit.inventory.FactoryItemMaterialTest" time="0"/>
  <testcase name="generalCase[Material[152]:IRON_PICKAXE]" classname="org.bukkit.craftbukkit.inventory.FactoryItemMaterialTest" time="0"/>
  <testcase name="asMetaFor[Material[152]:IRON_PICKAXE]" classname="org.bukkit.craftbukkit.inventory.FactoryItemMaterialTest" time="0"/>
  <testcase name="itemStack[Material[152]:IRON_PICKAXE]" classname="org.bukkit.craftbukkit.inventory.FactoryItemMaterialTest" time="0"/>
  <testcase name="blankEqualities[Material[153]:IRON_AXE]" classname="org.bukkit.craftbukkit.inventory.FactoryItemMaterialTest" time="0.001"/>
  <testcase name="generalCase[Material[153]:IRON_AXE]" classname="org.bukkit.craftbukkit.inventory.FactoryItemMaterialTest" time="0"/>
  <testcase name="asMetaFor[Material[153]:IRON_AXE]" classname="org.bukkit.craftbukkit.inventory.FactoryItemMaterialTest" time="0"/>
  <testcase name="itemStack[Material[153]:IRON_AXE]" classname="org.bukkit.craftbukkit.inventory.FactoryItemMaterialTest" time="0"/>
  <testcase name="blankEqualities[Material[154]:FLINT_AND_STEEL]" classname="org.bukkit.craftbukkit.inventory.FactoryItemMaterialTest" time="0.001"/>
  <testcase name="generalCase[Material[154]:FLINT_AND_STEEL]" classname="org.bukkit.craftbukkit.inventory.FactoryItemMaterialTest" time="0"/>
  <testcase name="asMetaFor[Material[154]:FLINT_AND_STEEL]" classname="org.bukkit.craftbukkit.inventory.FactoryItemMaterialTest" time="0"/>
  <testcase name="itemStack[Material[154]:FLINT_AND_STEEL]" classname="org.bukkit.craftbukkit.inventory.FactoryItemMaterialTest" time="0"/>
  <testcase name="blankEqualities[Material[155]:APPLE]" classname="org.bukkit.craftbukkit.inventory.FactoryItemMaterialTest" time="0.001"/>
  <testcase name="generalCase[Material[155]:APPLE]" classname="org.bukkit.craftbukkit.inventory.FactoryItemMaterialTest" time="0"/>
  <testcase name="asMetaFor[Material[155]:APPLE]" classname="org.bukkit.craftbukkit.inventory.FactoryItemMaterialTest" time="0"/>
  <testcase name="itemStack[Material[155]:APPLE]" classname="org.bukkit.craftbukkit.inventory.FactoryItemMaterialTest" time="0"/>
  <testcase name="blankEqualities[Material[156]:BOW]" classname="org.bukkit.craftbukkit.inventory.FactoryItemMaterialTest" time="0"/>
  <testcase name="generalCase[Material[156]:BOW]" classname="org.bukkit.craftbukkit.inventory.FactoryItemMaterialTest" time="0.001"/>
  <testcase name="asMetaFor[Material[156]:BOW]" classname="org.bukkit.craftbukkit.inventory.FactoryItemMaterialTest" time="0"/>
  <testcase name="itemStack[Material[156]:BOW]" classname="org.bukkit.craftbukkit.inventory.FactoryItemMaterialTest" time="0"/>
  <testcase name="blankEqualities[Material[157]:ARROW]" classname="org.bukkit.craftbukkit.inventory.FactoryItemMaterialTest" time="0"/>
  <testcase name="generalCase[Material[157]:ARROW]" classname="org.bukkit.craftbukkit.inventory.FactoryItemMaterialTest" time="0"/>
  <testcase name="asMetaFor[Material[157]:ARROW]" classname="org.bukkit.craftbukkit.inventory.FactoryItemMaterialTest" time="0.001"/>
  <testcase name="itemStack[Material[157]:ARROW]" classname="org.bukkit.craftbukkit.inventory.FactoryItemMaterialTest" time="0"/>
  <testcase name="blankEqualities[Material[158]:COAL]" classname="org.bukkit.craftbukkit.inventory.FactoryItemMaterialTest" time="0"/>
  <testcase name="generalCase[Material[158]:COAL]" classname="org.bukkit.craftbukkit.inventory.FactoryItemMaterialTest" time="0"/>
  <testcase name="asMetaFor[Material[158]:COAL]" classname="org.bukkit.craftbukkit.inventory.FactoryItemMaterialTest" time="0.001"/>
  <testcase name="itemStack[Material[158]:COAL]" classname="org.bukkit.craftbukkit.inventory.FactoryItemMaterialTest" time="0"/>
  <testcase name="blankEqualities[Material[159]:DIAMOND]" classname="org.bukkit.craftbukkit.inventory.FactoryItemMaterialTest" time="0"/>
  <testcase name="generalCase[Material[159]:DIAMOND]" classname="org.bukkit.craftbukkit.inventory.FactoryItemMaterialTest" time="0"/>
  <testcase name="asMetaFor[Material[159]:DIAMOND]" classname="org.bukkit.craftbukkit.inventory.FactoryItemMaterialTest" time="0"/>
  <testcase name="itemStack[Material[159]:DIAMOND]" classname="org.bukkit.craftbukkit.inventory.FactoryItemMaterialTest" time="0"/>
  <testcase name="blankEqualities[Material[160]:IRON_INGOT]" classname="org.bukkit.craftbukkit.inventory.FactoryItemMaterialTest" time="0"/>
  <testcase name="generalCase[Material[160]:IRON_INGOT]" classname="org.bukkit.craftbukkit.inventory.FactoryItemMaterialTest" time="0"/>
  <testcase name="asMetaFor[Material[160]:IRON_INGOT]" classname="org.bukkit.craftbukkit.inventory.FactoryItemMaterialTest" time="0"/>
  <testcase name="itemStack[Material[160]:IRON_INGOT]" classname="org.bukkit.craftbukkit.inventory.FactoryItemMaterialTest" time="0"/>
  <testcase name="blankEqualities[Material[161]:GOLD_INGOT]" classname="org.bukkit.craftbukkit.inventory.FactoryItemMaterialTest" time="0"/>
  <testcase name="generalCase[Material[161]:GOLD_INGOT]" classname="org.bukkit.craftbukkit.inventory.FactoryItemMaterialTest" time="0"/>
  <testcase name="asMetaFor[Material[161]:GOLD_INGOT]" classname="org.bukkit.craftbukkit.inventory.FactoryItemMaterialTest" time="0"/>
  <testcase name="itemStack[Material[161]:GOLD_INGOT]" classname="org.bukkit.craftbukkit.inventory.FactoryItemMaterialTest" time="0"/>
  <testcase name="blankEqualities[Material[162]:IRON_SWORD]" classname="org.bukkit.craftbukkit.inventory.FactoryItemMaterialTest" time="0.001"/>
  <testcase name="generalCase[Material[162]:IRON_SWORD]" classname="org.bukkit.craftbukkit.inventory.FactoryItemMaterialTest" time="0"/>
  <testcase name="asMetaFor[Material[162]:IRON_SWORD]" classname="org.bukkit.craftbukkit.inventory.FactoryItemMaterialTest" time="0"/>
  <testcase name="itemStack[Material[162]:IRON_SWORD]" classname="org.bukkit.craftbukkit.inventory.FactoryItemMaterialTest" time="0"/>
  <testcase name="blankEqualities[Material[163]:WOOD_SWORD]" classname="org.bukkit.craftbukkit.inventory.FactoryItemMaterialTest" time="0.001"/>
  <testcase name="generalCase[Material[163]:WOOD_SWORD]" classname="org.bukkit.craftbukkit.inventory.FactoryItemMaterialTest" time="0"/>
  <testcase name="asMetaFor[Material[163]:WOOD_SWORD]" classname="org.bukkit.craftbukkit.inventory.FactoryItemMaterialTest" time="0"/>
  <testcase name="itemStack[Material[163]:WOOD_SWORD]" classname="org.bukkit.craftbukkit.inventory.FactoryItemMaterialTest" time="0"/>
  <testcase name="blankEqualities[Material[164]:WOOD_SPADE]" classname="org.bukkit.craftbukkit.inventory.FactoryItemMaterialTest" time="0"/>
  <testcase name="generalCase[Material[164]:WOOD_SPADE]" classname="org.bukkit.craftbukkit.inventory.FactoryItemMaterialTest" time="0.001"/>
  <testcase name="asMetaFor[Material[164]:WOOD_SPADE]" classname="org.bukkit.craftbukkit.inventory.FactoryItemMaterialTest" time="0"/>
  <testcase name="itemStack[Material[164]:WOOD_SPADE]" classname="org.bukkit.craftbukkit.inventory.FactoryItemMaterialTest" time="0"/>
  <testcase name="blankEqualities[Material[165]:WOOD_PICKAXE]" classname="org.bukkit.craftbukkit.inventory.FactoryItemMaterialTest" time="0"/>
  <testcase name="generalCase[Material[165]:WOOD_PICKAXE]" classname="org.bukkit.craftbukkit.inventory.FactoryItemMaterialTest" time="0"/>
  <testcase name="asMetaFor[Material[165]:WOOD_PICKAXE]" classname="org.bukkit.craftbukkit.inventory.FactoryItemMaterialTest" time="0.001"/>
  <testcase name="itemStack[Material[165]:WOOD_PICKAXE]" classname="org.bukkit.craftbukkit.inventory.FactoryItemMaterialTest" time="0"/>
  <testcase name="blankEqualities[Material[166]:WOOD_AXE]" classname="org.bukkit.craftbukkit.inventory.FactoryItemMaterialTest" time="0"/>
  <testcase name="generalCase[Material[166]:WOOD_AXE]" classname="org.bukkit.craftbukkit.inventory.FactoryItemMaterialTest" time="0"/>
  <testcase name="asMetaFor[Material[166]:WOOD_AXE]" classname="org.bukkit.craftbukkit.inventory.FactoryItemMaterialTest" time="0.001"/>
  <testcase name="itemStack[Material[166]:WOOD_AXE]" classname="org.bukkit.craftbukkit.inventory.FactoryItemMaterialTest" time="0"/>
  <testcase name="blankEqualities[Material[167]:STONE_SWORD]" classname="org.bukkit.craftbukkit.inventory.FactoryItemMaterialTest" time="0"/>
  <testcase name="generalCase[Material[167]:STONE_SWORD]" classname="org.bukkit.craftbukkit.inventory.FactoryItemMaterialTest" time="0"/>
  <testcase name="asMetaFor[Material[167]:STONE_SWORD]" classname="org.bukkit.craftbukkit.inventory.FactoryItemMaterialTest" time="0"/>
  <testcase name="itemStack[Material[167]:STONE_SWORD]" classname="org.bukkit.craftbukkit.inventory.FactoryItemMaterialTest" time="0"/>
  <testcase name="blankEqualities[Material[168]:STONE_SPADE]" classname="org.bukkit.craftbukkit.inventory.FactoryItemMaterialTest" time="0.001"/>
  <testcase name="generalCase[Material[168]:STONE_SPADE]" classname="org.bukkit.craftbukkit.inventory.FactoryItemMaterialTest" time="0"/>
  <testcase name="asMetaFor[Material[168]:STONE_SPADE]" classname="org.bukkit.craftbukkit.inventory.FactoryItemMaterialTest" time="0"/>
  <testcase name="itemStack[Material[168]:STONE_SPADE]" classname="org.bukkit.craftbukkit.inventory.FactoryItemMaterialTest" time="0"/>
  <testcase name="blankEqualities[Material[169]:STONE_PICKAXE]" classname="org.bukkit.craftbukkit.inventory.FactoryItemMaterialTest" time="0"/>
  <testcase name="generalCase[Material[169]:STONE_PICKAXE]" classname="org.bukkit.craftbukkit.inventory.FactoryItemMaterialTest" time="0"/>
  <testcase name="asMetaFor[Material[169]:STONE_PICKAXE]" classname="org.bukkit.craftbukkit.inventory.FactoryItemMaterialTest" time="0"/>
  <testcase name="itemStack[Material[169]:STONE_PICKAXE]" classname="org.bukkit.craftbukkit.inventory.FactoryItemMaterialTest" time="0"/>
  <testcase name="blankEqualities[Material[170]:STONE_AXE]" classname="org.bukkit.craftbukkit.inventory.FactoryItemMaterialTest" time="0"/>
  <testcase name="generalCase[Material[170]:STONE_AXE]" classname="org.bukkit.craftbukkit.inventory.FactoryItemMaterialTest" time="0"/>
  <testcase name="asMetaFor[Material[170]:STONE_AXE]" classname="org.bukkit.craftbukkit.inventory.FactoryItemMaterialTest" time="0"/>
  <testcase name="itemStack[Material[170]:STONE_AXE]" classname="org.bukkit.craftbukkit.inventory.FactoryItemMaterialTest" time="0"/>
  <testcase name="blankEqualities[Material[171]:DIAMOND_SWORD]" classname="org.bukkit.craftbukkit.inventory.FactoryItemMaterialTest" time="0"/>
  <testcase name="generalCase[Material[171]:DIAMOND_SWORD]" classname="org.bukkit.craftbukkit.inventory.FactoryItemMaterialTest" time="0"/>
  <testcase name="asMetaFor[Material[171]:DIAMOND_SWORD]" classname="org.bukkit.craftbukkit.inventory.FactoryItemMaterialTest" time="0.001"/>
  <testcase name="itemStack[Material[171]:DIAMOND_SWORD]" classname="org.bukkit.craftbukkit.inventory.FactoryItemMaterialTest" time="0"/>
  <testcase name="blankEqualities[Material[172]:DIAMOND_SPADE]" classname="org.bukkit.craftbukkit.inventory.FactoryItemMaterialTest" time="0"/>
  <testcase name="generalCase[Material[172]:DIAMOND_SPADE]" classname="org.bukkit.craftbukkit.inventory.FactoryItemMaterialTest" time="0"/>
  <testcase name="asMetaFor[Material[172]:DIAMOND_SPADE]" classname="org.bukkit.craftbukkit.inventory.FactoryItemMaterialTest" time="0"/>
  <testcase name="itemStack[Material[172]:DIAMOND_SPADE]" classname="org.bukkit.craftbukkit.inventory.FactoryItemMaterialTest" time="0"/>
  <testcase name="blankEqualities[Material[173]:DIAMOND_PICKAXE]" classname="org.bukkit.craftbukkit.inventory.FactoryItemMaterialTest" time="0"/>
  <testcase name="generalCase[Material[173]:DIAMOND_PICKAXE]" classname="org.bukkit.craftbukkit.inventory.FactoryItemMaterialTest" time="0"/>
  <testcase name="asMetaFor[Material[173]:DIAMOND_PICKAXE]" classname="org.bukkit.craftbukkit.inventory.FactoryItemMaterialTest" time="0"/>
  <testcase name="itemStack[Material[173]:DIAMOND_PICKAXE]" classname="org.bukkit.craftbukkit.inventory.FactoryItemMaterialTest" time="0"/>
  <testcase name="blankEqualities[Material[174]:DIAMOND_AXE]" classname="org.bukkit.craftbukkit.inventory.FactoryItemMaterialTest" time="0.001"/>
  <testcase name="generalCase[Material[174]:DIAMOND_AXE]" classname="org.bukkit.craftbukkit.inventory.FactoryItemMaterialTest" time="0"/>
  <testcase name="asMetaFor[Material[174]:DIAMOND_AXE]" classname="org.bukkit.craftbukkit.inventory.FactoryItemMaterialTest" time="0"/>
  <testcase name="itemStack[Material[174]:DIAMOND_AXE]" classname="org.bukkit.craftbukkit.inventory.FactoryItemMaterialTest" time="0"/>
  <testcase name="blankEqualities[Material[175]:STICK]" classname="org.bukkit.craftbukkit.inventory.FactoryItemMaterialTest" time="0.001"/>
  <testcase name="generalCase[Material[175]:STICK]" classname="org.bukkit.craftbukkit.inventory.FactoryItemMaterialTest" time="0"/>
  <testcase name="asMetaFor[Material[175]:STICK]" classname="org.bukkit.craftbukkit.inventory.FactoryItemMaterialTest" time="0"/>
  <testcase name="itemStack[Material[175]:STICK]" classname="org.bukkit.craftbukkit.inventory.FactoryItemMaterialTest" time="0"/>
  <testcase name="blankEqualities[Material[176]:BOWL]" classname="org.bukkit.craftbukkit.inventory.FactoryItemMaterialTest" time="0.001"/>
  <testcase name="generalCase[Material[176]:BOWL]" classname="org.bukkit.craftbukkit.inventory.FactoryItemMaterialTest" time="0"/>
  <testcase name="asMetaFor[Material[176]:BOWL]" classname="org.bukkit.craftbukkit.inventory.FactoryItemMaterialTest" time="0"/>
  <testcase name="itemStack[Material[176]:BOWL]" classname="org.bukkit.craftbukkit.inventory.FactoryItemMaterialTest" time="0"/>
  <testcase name="blankEqualities[Material[177]:MUSHROOM_SOUP]" classname="org.bukkit.craftbukkit.inventory.FactoryItemMaterialTest" time="0"/>
  <testcase name="generalCase[Material[177]:MUSHROOM_SOUP]" classname="org.bukkit.craftbukkit.inventory.FactoryItemMaterialTest" time="0"/>
  <testcase name="asMetaFor[Material[177]:MUSHROOM_SOUP]" classname="org.bukkit.craftbukkit.inventory.FactoryItemMaterialTest" time="0"/>
  <testcase name="itemStack[Material[177]:MUSHROOM_SOUP]" classname="org.bukkit.craftbukkit.inventory.FactoryItemMaterialTest" time="0"/>
  <testcase name="blankEqualities[Material[178]:GOLD_SWORD]" classname="org.bukkit.craftbukkit.inventory.FactoryItemMaterialTest" time="0"/>
  <testcase name="generalCase[Material[178]:GOLD_SWORD]" classname="org.bukkit.craftbukkit.inventory.FactoryItemMaterialTest" time="0"/>
  <testcase name="asMetaFor[Material[178]:GOLD_SWORD]" classname="org.bukkit.craftbukkit.inventory.FactoryItemMaterialTest" time="0"/>
  <testcase name="itemStack[Material[178]:GOLD_SWORD]" classname="org.bukkit.craftbukkit.inventory.FactoryItemMaterialTest" time="0"/>
  <testcase name="blankEqualities[Material[179]:GOLD_SPADE]" classname="org.bukkit.craftbukkit.inventory.FactoryItemMaterialTest" time="0.001"/>
  <testcase name="generalCase[Material[179]:GOLD_SPADE]" classname="org.bukkit.craftbukkit.inventory.FactoryItemMaterialTest" time="0"/>
  <testcase name="asMetaFor[Material[179]:GOLD_SPADE]" classname="org.bukkit.craftbukkit.inventory.FactoryItemMaterialTest" time="0"/>
  <testcase name="itemStack[Material[179]:GOLD_SPADE]" classname="org.bukkit.craftbukkit.inventory.FactoryItemMaterialTest" time="0"/>
  <testcase name="blankEqualities[Material[180]:GOLD_PICKAXE]" classname="org.bukkit.craftbukkit.inventory.FactoryItemMaterialTest" time="0.001"/>
  <testcase name="generalCase[Material[180]:GOLD_PICKAXE]" classname="org.bukkit.craftbukkit.inventory.FactoryItemMaterialTest" time="0"/>
  <testcase name="asMetaFor[Material[180]:GOLD_PICKAXE]" classname="org.bukkit.craftbukkit.inventory.FactoryItemMaterialTest" time="0"/>
  <testcase name="itemStack[Material[180]:GOLD_PICKAXE]" classname="org.bukkit.craftbukkit.inventory.FactoryItemMaterialTest" time="0"/>
  <testcase name="blankEqualities[Material[181]:GOLD_AXE]" classname="org.bukkit.craftbukkit.inventory.FactoryItemMaterialTest" time="0"/>
  <testcase name="generalCase[Material[181]:GOLD_AXE]" classname="org.bukkit.craftbukkit.inventory.FactoryItemMaterialTest" time="0"/>
  <testcase name="asMetaFor[Material[181]:GOLD_AXE]" classname="org.bukkit.craftbukkit.inventory.FactoryItemMaterialTest" time="0"/>
  <testcase name="itemStack[Material[181]:GOLD_AXE]" classname="org.bukkit.craftbukkit.inventory.FactoryItemMaterialTest" time="0"/>
  <testcase name="blankEqualities[Material[182]:STRING]" classname="org.bukkit.craftbukkit.inventory.FactoryItemMaterialTest" time="0"/>
  <testcase name="generalCase[Material[182]:STRING]" classname="org.bukkit.craftbukkit.inventory.FactoryItemMaterialTest" time="0"/>
  <testcase name="asMetaFor[Material[182]:STRING]" classname="org.bukkit.craftbukkit.inventory.FactoryItemMaterialTest" time="0.001"/>
  <testcase name="itemStack[Material[182]:STRING]" classname="org.bukkit.craftbukkit.inventory.FactoryItemMaterialTest" time="0"/>
  <testcase name="blankEqualities[Material[183]:FEATHER]" classname="org.bukkit.craftbukkit.inventory.FactoryItemMaterialTest" time="0"/>
  <testcase name="generalCase[Material[183]:FEATHER]" classname="org.bukkit.craftbukkit.inventory.FactoryItemMaterialTest" time="0"/>
  <testcase name="asMetaFor[Material[183]:FEATHER]" classname="org.bukkit.craftbukkit.inventory.FactoryItemMaterialTest" time="0"/>
  <testcase name="itemStack[Material[183]:FEATHER]" classname="org.bukkit.craftbukkit.inventory.FactoryItemMaterialTest" time="0"/>
  <testcase name="blankEqualities[Material[184]:SULPHUR]" classname="org.bukkit.craftbukkit.inventory.FactoryItemMaterialTest" time="0"/>
  <testcase name="generalCase[Material[184]:SULPHUR]" classname="org.bukkit.craftbukkit.inventory.FactoryItemMaterialTest" time="0"/>
  <testcase name="asMetaFor[Material[184]:SULPHUR]" classname="org.bukkit.craftbukkit.inventory.FactoryItemMaterialTest" time="0"/>
  <testcase name="itemStack[Material[184]:SULPHUR]" classname="org.bukkit.craftbukkit.inventory.FactoryItemMaterialTest" time="0"/>
  <testcase name="blankEqualities[Material[185]:WOOD_HOE]" classname="org.bukkit.craftbukkit.inventory.FactoryItemMaterialTest" time="0"/>
  <testcase name="generalCase[Material[185]:WOOD_HOE]" classname="org.bukkit.craftbukkit.inventory.FactoryItemMaterialTest" time="0"/>
  <testcase name="asMetaFor[Material[185]:WOOD_HOE]" classname="org.bukkit.craftbukkit.inventory.FactoryItemMaterialTest" time="0"/>
  <testcase name="itemStack[Material[185]:WOOD_HOE]" classname="org.bukkit.craftbukkit.inventory.FactoryItemMaterialTest" time="0"/>
  <testcase name="blankEqualities[Material[186]:STONE_HOE]" classname="org.bukkit.craftbukkit.inventory.FactoryItemMaterialTest" time="0"/>
  <testcase name="generalCase[Material[186]:STONE_HOE]" classname="org.bukkit.craftbukkit.inventory.FactoryItemMaterialTest" time="0"/>
  <testcase name="asMetaFor[Material[186]:STONE_HOE]" classname="org.bukkit.craftbukkit.inventory.FactoryItemMaterialTest" time="0"/>
  <testcase name="itemStack[Material[186]:STONE_HOE]" classname="org.bukkit.craftbukkit.inventory.FactoryItemMaterialTest" time="0"/>
  <testcase name="blankEqualities[Material[187]:IRON_HOE]" classname="org.bukkit.craftbukkit.inventory.FactoryItemMaterialTest" time="0.002"/>
  <testcase name="generalCase[Material[187]:IRON_HOE]" classname="org.bukkit.craftbukkit.inventory.FactoryItemMaterialTest" time="0"/>
  <testcase name="asMetaFor[Material[187]:IRON_HOE]" classname="org.bukkit.craftbukkit.inventory.FactoryItemMaterialTest" time="0"/>
  <testcase name="itemStack[Material[187]:IRON_HOE]" classname="org.bukkit.craftbukkit.inventory.FactoryItemMaterialTest" time="0"/>
  <testcase name="blankEqualities[Material[188]:DIAMOND_HOE]" classname="org.bukkit.craftbukkit.inventory.FactoryItemMaterialTest" time="0"/>
  <testcase name="generalCase[Material[188]:DIAMOND_HOE]" classname="org.bukkit.craftbukkit.inventory.FactoryItemMaterialTest" time="0"/>
  <testcase name="asMetaFor[Material[188]:DIAMOND_HOE]" classname="org.bukkit.craftbukkit.inventory.FactoryItemMaterialTest" time="0"/>
  <testcase name="itemStack[Material[188]:DIAMOND_HOE]" classname="org.bukkit.craftbukkit.inventory.FactoryItemMaterialTest" time="0"/>
  <testcase name="blankEqualities[Material[189]:GOLD_HOE]" classname="org.bukkit.craftbukkit.inventory.FactoryItemMaterialTest" time="0"/>
  <testcase name="generalCase[Material[189]:GOLD_HOE]" classname="org.bukkit.craftbukkit.inventory.FactoryItemMaterialTest" time="0"/>
  <testcase name="asMetaFor[Material[189]:GOLD_HOE]" classname="org.bukkit.craftbukkit.inventory.FactoryItemMaterialTest" time="0"/>
  <testcase name="itemStack[Material[189]:GOLD_HOE]" classname="org.bukkit.craftbukkit.inventory.FactoryItemMaterialTest" time="0"/>
  <testcase name="blankEqualities[Material[190]:SEEDS]" classname="org.bukkit.craftbukkit.inventory.FactoryItemMaterialTest" time="0.001"/>
  <testcase name="generalCase[Material[190]:SEEDS]" classname="org.bukkit.craftbukkit.inventory.FactoryItemMaterialTest" time="0"/>
  <testcase name="asMetaFor[Material[190]:SEEDS]" classname="org.bukkit.craftbukkit.inventory.FactoryItemMaterialTest" time="0"/>
  <testcase name="itemStack[Material[190]:SEEDS]" classname="org.bukkit.craftbukkit.inventory.FactoryItemMaterialTest" time="0"/>
  <testcase name="blankEqualities[Material[191]:WHEAT]" classname="org.bukkit.craftbukkit.inventory.FactoryItemMaterialTest" time="0"/>
  <testcase name="generalCase[Material[191]:WHEAT]" classname="org.bukkit.craftbukkit.inventory.FactoryItemMaterialTest" time="0"/>
  <testcase name="asMetaFor[Material[191]:WHEAT]" classname="org.bukkit.craftbukkit.inventory.FactoryItemMaterialTest" time="0"/>
  <testcase name="itemStack[Material[191]:WHEAT]" classname="org.bukkit.craftbukkit.inventory.FactoryItemMaterialTest" time="0"/>
  <testcase name="blankEqualities[Material[192]:BREAD]" classname="org.bukkit.craftbukkit.inventory.FactoryItemMaterialTest" time="0"/>
  <testcase name="generalCase[Material[192]:BREAD]" classname="org.bukkit.craftbukkit.inventory.FactoryItemMaterialTest" time="0"/>
  <testcase name="asMetaFor[Material[192]:BREAD]" classname="org.bukkit.craftbukkit.inventory.FactoryItemMaterialTest" time="0.001"/>
  <testcase name="itemStack[Material[192]:BREAD]" classname="org.bukkit.craftbukkit.inventory.FactoryItemMaterialTest" time="0"/>
  <testcase name="blankEqualities[Material[193]:LEATHER_HELMET]" classname="org.bukkit.craftbukkit.inventory.FactoryItemMaterialTest" time="0"/>
  <testcase name="generalCase[Material[193]:LEATHER_HELMET]" classname="org.bukkit.craftbukkit.inventory.FactoryItemMaterialTest" time="0"/>
  <testcase name="asMetaFor[Material[193]:LEATHER_HELMET]" classname="org.bukkit.craftbukkit.inventory.FactoryItemMaterialTest" time="0.001"/>
  <testcase name="itemStack[Material[193]:LEATHER_HELMET]" classname="org.bukkit.craftbukkit.inventory.FactoryItemMaterialTest" time="0"/>
  <testcase name="blankEqualities[Material[194]:LEATHER_CHESTPLATE]" classname="org.bukkit.craftbukkit.inventory.FactoryItemMaterialTest" time="0"/>
  <testcase name="generalCase[Material[194]:LEATHER_CHESTPLATE]" classname="org.bukkit.craftbukkit.inventory.FactoryItemMaterialTest" time="0"/>
  <testcase name="asMetaFor[Material[194]:LEATHER_CHESTPLATE]" classname="org.bukkit.craftbukkit.inventory.FactoryItemMaterialTest" time="0"/>
  <testcase name="itemStack[Material[194]:LEATHER_CHESTPLATE]" classname="org.bukkit.craftbukkit.inventory.FactoryItemMaterialTest" time="0"/>
  <testcase name="blankEqualities[Material[195]:LEATHER_LEGGINGS]" classname="org.bukkit.craftbukkit.inventory.FactoryItemMaterialTest" time="0.001"/>
  <testcase name="generalCase[Material[195]:LEATHER_LEGGINGS]" classname="org.bukkit.craftbukkit.inventory.FactoryItemMaterialTest" time="0"/>
  <testcase name="asMetaFor[Material[195]:LEATHER_LEGGINGS]" classname="org.bukkit.craftbukkit.inventory.FactoryItemMaterialTest" time="0"/>
  <testcase name="itemStack[Material[195]:LEATHER_LEGGINGS]" classname="org.bukkit.craftbukkit.inventory.FactoryItemMaterialTest" time="0"/>
  <testcase name="blankEqualities[Material[196]:LEATHER_BOOTS]" classname="org.bukkit.craftbukkit.inventory.FactoryItemMaterialTest" time="0"/>
  <testcase name="generalCase[Material[196]:LEATHER_BOOTS]" classname="org.bukkit.craftbukkit.inventory.FactoryItemMaterialTest" time="0"/>
  <testcase name="asMetaFor[Material[196]:LEATHER_BOOTS]" classname="org.bukkit.craftbukkit.inventory.FactoryItemMaterialTest" time="0"/>
  <testcase name="itemStack[Material[196]:LEATHER_BOOTS]" classname="org.bukkit.craftbukkit.inventory.FactoryItemMaterialTest" time="0"/>
  <testcase name="blankEqualities[Material[197]:CHAINMAIL_HELMET]" classname="org.bukkit.craftbukkit.inventory.FactoryItemMaterialTest" time="0"/>
  <testcase name="generalCase[Material[197]:CHAINMAIL_HELMET]" classname="org.bukkit.craftbukkit.inventory.FactoryItemMaterialTest" time="0"/>
  <testcase name="asMetaFor[Material[197]:CHAINMAIL_HELMET]" classname="org.bukkit.craftbukkit.inventory.FactoryItemMaterialTest" time="0"/>
  <testcase name="itemStack[Material[197]:CHAINMAIL_HELMET]" classname="org.bukkit.craftbukkit.inventory.FactoryItemMaterialTest" time="0"/>
  <testcase name="blankEqualities[Material[198]:CHAINMAIL_CHESTPLATE]" classname="org.bukkit.craftbukkit.inventory.FactoryItemMaterialTest" time="0.001"/>
  <testcase name="generalCase[Material[198]:CHAINMAIL_CHESTPLATE]" classname="org.bukkit.craftbukkit.inventory.FactoryItemMaterialTest" time="0"/>
  <testcase name="asMetaFor[Material[198]:CHAINMAIL_CHESTPLATE]" classname="org.bukkit.craftbukkit.inventory.FactoryItemMaterialTest" time="0"/>
  <testcase name="itemStack[Material[198]:CHAINMAIL_CHESTPLATE]" classname="org.bukkit.craftbukkit.inventory.FactoryItemMaterialTest" time="0"/>
  <testcase name="blankEqualities[Material[199]:CHAINMAIL_LEGGINGS]" classname="org.bukkit.craftbukkit.inventory.FactoryItemMaterialTest" time="0"/>
  <testcase name="generalCase[Material[199]:CHAINMAIL_LEGGINGS]" classname="org.bukkit.craftbukkit.inventory.FactoryItemMaterialTest" time="0"/>
  <testcase name="asMetaFor[Material[199]:CHAINMAIL_LEGGINGS]" classname="org.bukkit.craftbukkit.inventory.FactoryItemMaterialTest" time="0"/>
  <testcase name="itemStack[Material[199]:CHAINMAIL_LEGGINGS]" classname="org.bukkit.craftbukkit.inventory.FactoryItemMaterialTest" time="0"/>
  <testcase name="blankEqualities[Material[200]:CHAINMAIL_BOOTS]" classname="org.bukkit.craftbukkit.inventory.FactoryItemMaterialTest" time="0"/>
  <testcase name="generalCase[Material[200]:CHAINMAIL_BOOTS]" classname="org.bukkit.craftbukkit.inventory.FactoryItemMaterialTest" time="0"/>
  <testcase name="asMetaFor[Material[200]:CHAINMAIL_BOOTS]" classname="org.bukkit.craftbukkit.inventory.FactoryItemMaterialTest" time="0.001"/>
  <testcase name="itemStack[Material[200]:CHAINMAIL_BOOTS]" classname="org.bukkit.craftbukkit.inventory.FactoryItemMaterialTest" time="0"/>
  <testcase name="blankEqualities[Material[201]:IRON_HELMET]" classname="org.bukkit.craftbukkit.inventory.FactoryItemMaterialTest" time="0"/>
  <testcase name="generalCase[Material[201]:IRON_HELMET]" classname="org.bukkit.craftbukkit.inventory.FactoryItemMaterialTest" time="0"/>
  <testcase name="asMetaFor[Material[201]:IRON_HELMET]" classname="org.bukkit.craftbukkit.inventory.FactoryItemMaterialTest" time="0"/>
  <testcase name="itemStack[Material[201]:IRON_HELMET]" classname="org.bukkit.craftbukkit.inventory.FactoryItemMaterialTest" time="0"/>
  <testcase name="blankEqualities[Material[202]:IRON_CHESTPLATE]" classname="org.bukkit.craftbukkit.inventory.FactoryItemMaterialTest" time="0"/>
  <testcase name="generalCase[Material[202]:IRON_CHESTPLATE]" classname="org.bukkit.craftbukkit.inventory.FactoryItemMaterialTest" time="0"/>
  <testcase name="asMetaFor[Material[202]:IRON_CHESTPLATE]" classname="org.bukkit.craftbukkit.inventory.FactoryItemMaterialTest" time="0"/>
  <testcase name="itemStack[Material[202]:IRON_CHESTPLATE]" classname="org.bukkit.craftbukkit.inventory.FactoryItemMaterialTest" time="0"/>
  <testcase name="blankEqualities[Material[203]:IRON_LEGGINGS]" classname="org.bukkit.craftbukkit.inventory.FactoryItemMaterialTest" time="0.001"/>
  <testcase name="generalCase[Material[203]:IRON_LEGGINGS]" classname="org.bukkit.craftbukkit.inventory.FactoryItemMaterialTest" time="0"/>
  <testcase name="asMetaFor[Material[203]:IRON_LEGGINGS]" classname="org.bukkit.craftbukkit.inventory.FactoryItemMaterialTest" time="0"/>
  <testcase name="itemStack[Material[203]:IRON_LEGGINGS]" classname="org.bukkit.craftbukkit.inventory.FactoryItemMaterialTest" time="0"/>
  <testcase name="blankEqualities[Material[204]:IRON_BOOTS]" classname="org.bukkit.craftbukkit.inventory.FactoryItemMaterialTest" time="0"/>
  <testcase name="generalCase[Material[204]:IRON_BOOTS]" classname="org.bukkit.craftbukkit.inventory.FactoryItemMaterialTest" time="0"/>
  <testcase name="asMetaFor[Material[204]:IRON_BOOTS]" classname="org.bukkit.craftbukkit.inventory.FactoryItemMaterialTest" time="0.002"/>
  <testcase name="itemStack[Material[204]:IRON_BOOTS]" classname="org.bukkit.craftbukkit.inventory.FactoryItemMaterialTest" time="0"/>
  <testcase name="blankEqualities[Material[205]:DIAMOND_HELMET]" classname="org.bukkit.craftbukkit.inventory.FactoryItemMaterialTest" time="0"/>
  <testcase name="generalCase[Material[205]:DIAMOND_HELMET]" classname="org.bukkit.craftbukkit.inventory.FactoryItemMaterialTest" time="0"/>
  <testcase name="asMetaFor[Material[205]:DIAMOND_HELMET]" classname="org.bukkit.craftbukkit.inventory.FactoryItemMaterialTest" time="0"/>
  <testcase name="itemStack[Material[205]:DIAMOND_HELMET]" classname="org.bukkit.craftbukkit.inventory.FactoryItemMaterialTest" time="0"/>
  <testcase name="blankEqualities[Material[206]:DIAMOND_CHESTPLATE]" classname="org.bukkit.craftbukkit.inventory.FactoryItemMaterialTest" time="0.001"/>
  <testcase name="generalCase[Material[206]:DIAMOND_CHESTPLATE]" classname="org.bukkit.craftbukkit.inventory.FactoryItemMaterialTest" time="0"/>
  <testcase name="asMetaFor[Material[206]:DIAMOND_CHESTPLATE]" classname="org.bukkit.craftbukkit.inventory.FactoryItemMaterialTest" time="0"/>
  <testcase name="itemStack[Material[206]:DIAMOND_CHESTPLATE]" classname="org.bukkit.craftbukkit.inventory.FactoryItemMaterialTest" time="0"/>
  <testcase name="blankEqualities[Material[207]:DIAMOND_LEGGINGS]" classname="org.bukkit.craftbukkit.inventory.FactoryItemMaterialTest" time="0"/>
  <testcase name="generalCase[Material[207]:DIAMOND_LEGGINGS]" classname="org.bukkit.craftbukkit.inventory.FactoryItemMaterialTest" time="0"/>
  <testcase name="asMetaFor[Material[207]:DIAMOND_LEGGINGS]" classname="org.bukkit.craftbukkit.inventory.FactoryItemMaterialTest" time="0.001"/>
  <testcase name="itemStack[Material[207]:DIAMOND_LEGGINGS]" classname="org.bukkit.craftbukkit.inventory.FactoryItemMaterialTest" time="0"/>
  <testcase name="blankEqualities[Material[208]:DIAMOND_BOOTS]" classname="org.bukkit.craftbukkit.inventory.FactoryItemMaterialTest" time="0"/>
  <testcase name="generalCase[Material[208]:DIAMOND_BOOTS]" classname="org.bukkit.craftbukkit.inventory.FactoryItemMaterialTest" time="0"/>
  <testcase name="asMetaFor[Material[208]:DIAMOND_BOOTS]" classname="org.bukkit.craftbukkit.inventory.FactoryItemMaterialTest" time="0"/>
  <testcase name="itemStack[Material[208]:DIAMOND_BOOTS]" classname="org.bukkit.craftbukkit.inventory.FactoryItemMaterialTest" time="0"/>
  <testcase name="blankEqualities[Material[209]:GOLD_HELMET]" classname="org.bukkit.craftbukkit.inventory.FactoryItemMaterialTest" time="0.001"/>
  <testcase name="generalCase[Material[209]:GOLD_HELMET]" classname="org.bukkit.craftbukkit.inventory.FactoryItemMaterialTest" time="0"/>
  <testcase name="asMetaFor[Material[209]:GOLD_HELMET]" classname="org.bukkit.craftbukkit.inventory.FactoryItemMaterialTest" time="0"/>
  <testcase name="itemStack[Material[209]:GOLD_HELMET]" classname="org.bukkit.craftbukkit.inventory.FactoryItemMaterialTest" time="0"/>
  <testcase name="blankEqualities[Material[210]:GOLD_CHESTPLATE]" classname="org.bukkit.craftbukkit.inventory.FactoryItemMaterialTest" time="0"/>
  <testcase name="generalCase[Material[210]:GOLD_CHESTPLATE]" classname="org.bukkit.craftbukkit.inventory.FactoryItemMaterialTest" time="0"/>
  <testcase name="asMetaFor[Material[210]:GOLD_CHESTPLATE]" classname="org.bukkit.craftbukkit.inventory.FactoryItemMaterialTest" time="0.001"/>
  <testcase name="itemStack[Material[210]:GOLD_CHESTPLATE]" classname="org.bukkit.craftbukkit.inventory.FactoryItemMaterialTest" time="0"/>
  <testcase name="blankEqualities[Material[211]:GOLD_LEGGINGS]" classname="org.bukkit.craftbukkit.inventory.FactoryItemMaterialTest" time="0"/>
  <testcase name="generalCase[Material[211]:GOLD_LEGGINGS]" classname="org.bukkit.craftbukkit.inventory.FactoryItemMaterialTest" time="0"/>
  <testcase name="asMetaFor[Material[211]:GOLD_LEGGINGS]" classname="org.bukkit.craftbukkit.inventory.FactoryItemMaterialTest" time="0"/>
  <testcase name="itemStack[Material[211]:GOLD_LEGGINGS]" classname="org.bukkit.craftbukkit.inventory.FactoryItemMaterialTest" time="0"/>
  <testcase name="blankEqualities[Material[212]:GOLD_BOOTS]" classname="org.bukkit.craftbukkit.inventory.FactoryItemMaterialTest" time="0"/>
  <testcase name="generalCase[Material[212]:GOLD_BOOTS]" classname="org.bukkit.craftbukkit.inventory.FactoryItemMaterialTest" time="0"/>
  <testcase name="asMetaFor[Material[212]:GOLD_BOOTS]" classname="org.bukkit.craftbukkit.inventory.FactoryItemMaterialTest" time="0.001"/>
  <testcase name="itemStack[Material[212]:GOLD_BOOTS]" classname="org.bukkit.craftbukkit.inventory.FactoryItemMaterialTest" time="0"/>
  <testcase name="blankEqualities[Material[213]:FLINT]" classname="org.bukkit.craftbukkit.inventory.FactoryItemMaterialTest" time="0"/>
  <testcase name="generalCase[Material[213]:FLINT]" classname="org.bukkit.craftbukkit.inventory.FactoryItemMaterialTest" time="0"/>
  <testcase name="asMetaFor[Material[213]:FLINT]" classname="org.bukkit.craftbukkit.inventory.FactoryItemMaterialTest" time="0"/>
  <testcase name="itemStack[Material[213]:FLINT]" classname="org.bukkit.craftbukkit.inventory.FactoryItemMaterialTest" time="0"/>
  <testcase name="blankEqualities[Material[214]:PORK]" classname="org.bukkit.craftbukkit.inventory.FactoryItemMaterialTest" time="0"/>
  <testcase name="generalCase[Material[214]:PORK]" classname="org.bukkit.craftbukkit.inventory.FactoryItemMaterialTest" time="0"/>
  <testcase name="asMetaFor[Material[214]:PORK]" classname="org.bukkit.craftbukkit.inventory.FactoryItemMaterialTest" time="0.001"/>
  <testcase name="itemStack[Material[214]:PORK]" classname="org.bukkit.craftbukkit.inventory.FactoryItemMaterialTest" time="0"/>
  <testcase name="blankEqualities[Material[215]:GRILLED_PORK]" classname="org.bukkit.craftbukkit.inventory.FactoryItemMaterialTest" time="0"/>
  <testcase name="generalCase[Material[215]:GRILLED_PORK]" classname="org.bukkit.craftbukkit.inventory.FactoryItemMaterialTest" time="0"/>
  <testcase name="asMetaFor[Material[215]:GRILLED_PORK]" classname="org.bukkit.craftbukkit.inventory.FactoryItemMaterialTest" time="0"/>
  <testcase name="itemStack[Material[215]:GRILLED_PORK]" classname="org.bukkit.craftbukkit.inventory.FactoryItemMaterialTest" time="0"/>
  <testcase name="blankEqualities[Material[216]:PAINTING]" classname="org.bukkit.craftbukkit.inventory.FactoryItemMaterialTest" time="0"/>
  <testcase name="generalCase[Material[216]:PAINTING]" classname="org.bukkit.craftbukkit.inventory.FactoryItemMaterialTest" time="0"/>
  <testcase name="asMetaFor[Material[216]:PAINTING]" classname="org.bukkit.craftbukkit.inventory.FactoryItemMaterialTest" time="0.001"/>
  <testcase name="itemStack[Material[216]:PAINTING]" classname="org.bukkit.craftbukkit.inventory.FactoryItemMaterialTest" time="0"/>
  <testcase name="blankEqualities[Material[217]:GOLDEN_APPLE]" classname="org.bukkit.craftbukkit.inventory.FactoryItemMaterialTest" time="0"/>
  <testcase name="generalCase[Material[217]:GOLDEN_APPLE]" classname="org.bukkit.craftbukkit.inventory.FactoryItemMaterialTest" time="0"/>
  <testcase name="asMetaFor[Material[217]:GOLDEN_APPLE]" classname="org.bukkit.craftbukkit.inventory.FactoryItemMaterialTest" time="0"/>
  <testcase name="itemStack[Material[217]:GOLDEN_APPLE]" classname="org.bukkit.craftbukkit.inventory.FactoryItemMaterialTest" time="0"/>
  <testcase name="blankEqualities[Material[218]:SIGN]" classname="org.bukkit.craftbukkit.inventory.FactoryItemMaterialTest" time="0.001"/>
  <testcase name="generalCase[Material[218]:SIGN]" classname="org.bukkit.craftbukkit.inventory.FactoryItemMaterialTest" time="0"/>
  <testcase name="asMetaFor[Material[218]:SIGN]" classname="org.bukkit.craftbukkit.inventory.FactoryItemMaterialTest" time="0"/>
  <testcase name="itemStack[Material[218]:SIGN]" classname="org.bukkit.craftbukkit.inventory.FactoryItemMaterialTest" time="0"/>
  <testcase name="blankEqualities[Material[219]:WOOD_DOOR]" classname="org.bukkit.craftbukkit.inventory.FactoryItemMaterialTest" time="0"/>
  <testcase name="generalCase[Material[219]:WOOD_DOOR]" classname="org.bukkit.craftbukkit.inventory.FactoryItemMaterialTest" time="0"/>
  <testcase name="asMetaFor[Material[219]:WOOD_DOOR]" classname="org.bukkit.craftbukkit.inventory.FactoryItemMaterialTest" time="0"/>
  <testcase name="itemStack[Material[219]:WOOD_DOOR]" classname="org.bukkit.craftbukkit.inventory.FactoryItemMaterialTest" time="0"/>
  <testcase name="blankEqualities[Material[220]:BUCKET]" classname="org.bukkit.craftbukkit.inventory.FactoryItemMaterialTest" time="0"/>
  <testcase name="generalCase[Material[220]:BUCKET]" classname="org.bukkit.craftbukkit.inventory.FactoryItemMaterialTest" time="0"/>
  <testcase name="asMetaFor[Material[220]:BUCKET]" classname="org.bukkit.craftbukkit.inventory.FactoryItemMaterialTest" time="0"/>
  <testcase name="itemStack[Material[220]:BUCKET]" classname="org.bukkit.craftbukkit.inventory.FactoryItemMaterialTest" time="0"/>
  <testcase name="blankEqualities[Material[221]:WATER_BUCKET]" classname="org.bukkit.craftbukkit.inventory.FactoryItemMaterialTest" time="0"/>
  <testcase name="generalCase[Material[221]:WATER_BUCKET]" classname="org.bukkit.craftbukkit.inventory.FactoryItemMaterialTest" time="0"/>
  <testcase name="asMetaFor[Material[221]:WATER_BUCKET]" classname="org.bukkit.craftbukkit.inventory.FactoryItemMaterialTest" time="0"/>
  <testcase name="itemStack[Material[221]:WATER_BUCKET]" classname="org.bukkit.craftbukkit.inventory.FactoryItemMaterialTest" time="0"/>
  <testcase name="blankEqualities[Material[222]:LAVA_BUCKET]" classname="org.bukkit.craftbukkit.inventory.FactoryItemMaterialTest" time="0"/>
  <testcase name="generalCase[Material[222]:LAVA_BUCKET]" classname="org.bukkit.craftbukkit.inventory.FactoryItemMaterialTest" time="0"/>
  <testcase name="asMetaFor[Material[222]:LAVA_BUCKET]" classname="org.bukkit.craftbukkit.inventory.FactoryItemMaterialTest" time="0"/>
  <testcase name="itemStack[Material[222]:LAVA_BUCKET]" classname="org.bukkit.craftbukkit.inventory.FactoryItemMaterialTest" time="0"/>
  <testcase name="blankEqualities[Material[223]:MINECART]" classname="org.bukkit.craftbukkit.inventory.FactoryItemMaterialTest" time="0"/>
  <testcase name="generalCase[Material[223]:MINECART]" classname="org.bukkit.craftbukkit.inventory.FactoryItemMaterialTest" time="0"/>
  <testcase name="asMetaFor[Material[223]:MINECART]" classname="org.bukkit.craftbukkit.inventory.FactoryItemMaterialTest" time="0.001"/>
  <testcase name="itemStack[Material[223]:MINECART]" classname="org.bukkit.craftbukkit.inventory.FactoryItemMaterialTest" time="0"/>
  <testcase name="blankEqualities[Material[224]:SADDLE]" classname="org.bukkit.craftbukkit.inventory.FactoryItemMaterialTest" time="0"/>
  <testcase name="generalCase[Material[224]:SADDLE]" classname="org.bukkit.craftbukkit.inventory.FactoryItemMaterialTest" time="0"/>
  <testcase name="asMetaFor[Material[224]:SADDLE]" classname="org.bukkit.craftbukkit.inventory.FactoryItemMaterialTest" time="0"/>
  <testcase name="itemStack[Material[224]:SADDLE]" classname="org.bukkit.craftbukkit.inventory.FactoryItemMaterialTest" time="0"/>
  <testcase name="blankEqualities[Material[225]:IRON_DOOR]" classname="org.bukkit.craftbukkit.inventory.FactoryItemMaterialTest" time="0.001"/>
  <testcase name="generalCase[Material[225]:IRON_DOOR]" classname="org.bukkit.craftbukkit.inventory.FactoryItemMaterialTest" time="0"/>
  <testcase name="asMetaFor[Material[225]:IRON_DOOR]" classname="org.bukkit.craftbukkit.inventory.FactoryItemMaterialTest" time="0"/>
  <testcase name="itemStack[Material[225]:IRON_DOOR]" classname="org.bukkit.craftbukkit.inventory.FactoryItemMaterialTest" time="0"/>
  <testcase name="blankEqualities[Material[226]:REDSTONE]" classname="org.bukkit.craftbukkit.inventory.FactoryItemMaterialTest" time="0"/>
  <testcase name="generalCase[Material[226]:REDSTONE]" classname="org.bukkit.craftbukkit.inventory.FactoryItemMaterialTest" time="0"/>
  <testcase name="asMetaFor[Material[226]:REDSTONE]" classname="org.bukkit.craftbukkit.inventory.FactoryItemMaterialTest" time="0.001"/>
  <testcase name="itemStack[Material[226]:REDSTONE]" classname="org.bukkit.craftbukkit.inventory.FactoryItemMaterialTest" time="0"/>
  <testcase name="blankEqualities[Material[227]:SNOW_BALL]" classname="org.bukkit.craftbukkit.inventory.FactoryItemMaterialTest" time="0"/>
  <testcase name="generalCase[Material[227]:SNOW_BALL]" classname="org.bukkit.craftbukkit.inventory.FactoryItemMaterialTest" time="0"/>
  <testcase name="asMetaFor[Material[227]:SNOW_BALL]" classname="org.bukkit.craftbukkit.inventory.FactoryItemMaterialTest" time="0"/>
  <testcase name="itemStack[Material[227]:SNOW_BALL]" classname="org.bukkit.craftbukkit.inventory.FactoryItemMaterialTest" time="0"/>
  <testcase name="blankEqualities[Material[228]:BOAT]" classname="org.bukkit.craftbukkit.inventory.FactoryItemMaterialTest" time="0"/>
  <testcase name="generalCase[Material[228]:BOAT]" classname="org.bukkit.craftbukkit.inventory.FactoryItemMaterialTest" time="0"/>
  <testcase name="asMetaFor[Material[228]:BOAT]" classname="org.bukkit.craftbukkit.inventory.FactoryItemMaterialTest" time="0.001"/>
  <testcase name="itemStack[Material[228]:BOAT]" classname="org.bukkit.craftbukkit.inventory.FactoryItemMaterialTest" time="0"/>
  <testcase name="blankEqualities[Material[229]:LEATHER]" classname="org.bukkit.craftbukkit.inventory.FactoryItemMaterialTest" time="0"/>
  <testcase name="generalCase[Material[229]:LEATHER]" classname="org.bukkit.craftbukkit.inventory.FactoryItemMaterialTest" time="0"/>
  <testcase name="asMetaFor[Material[229]:LEATHER]" classname="org.bukkit.craftbukkit.inventory.FactoryItemMaterialTest" time="0"/>
  <testcase name="itemStack[Material[229]:LEATHER]" classname="org.bukkit.craftbukkit.inventory.FactoryItemMaterialTest" time="0"/>
  <testcase name="blankEqualities[Material[230]:MILK_BUCKET]" classname="org.bukkit.craftbukkit.inventory.FactoryItemMaterialTest" time="0"/>
  <testcase name="generalCase[Material[230]:MILK_BUCKET]" classname="org.bukkit.craftbukkit.inventory.FactoryItemMaterialTest" time="0"/>
  <testcase name="asMetaFor[Material[230]:MILK_BUCKET]" classname="org.bukkit.craftbukkit.inventory.FactoryItemMaterialTest" time="0.001"/>
  <testcase name="itemStack[Material[230]:MILK_BUCKET]" classname="org.bukkit.craftbukkit.inventory.FactoryItemMaterialTest" time="0"/>
  <testcase name="blankEqualities[Material[231]:CLAY_BRICK]" classname="org.bukkit.craftbukkit.inventory.FactoryItemMaterialTest" time="0"/>
  <testcase name="generalCase[Material[231]:CLAY_BRICK]" classname="org.bukkit.craftbukkit.inventory.FactoryItemMaterialTest" time="0"/>
  <testcase name="asMetaFor[Material[231]:CLAY_BRICK]" classname="org.bukkit.craftbukkit.inventory.FactoryItemMaterialTest" time="0"/>
  <testcase name="itemStack[Material[231]:CLAY_BRICK]" classname="org.bukkit.craftbukkit.inventory.FactoryItemMaterialTest" time="0"/>
  <testcase name="blankEqualities[Material[232]:CLAY_BALL]" classname="org.bukkit.craftbukkit.inventory.FactoryItemMaterialTest" time="0"/>
  <testcase name="generalCase[Material[232]:CLAY_BALL]" classname="org.bukkit.craftbukkit.inventory.FactoryItemMaterialTest" time="0"/>
  <testcase name="asMetaFor[Material[232]:CLAY_BALL]" classname="org.bukkit.craftbukkit.inventory.FactoryItemMaterialTest" time="0.001"/>
  <testcase name="itemStack[Material[232]:CLAY_BALL]" classname="org.bukkit.craftbukkit.inventory.FactoryItemMaterialTest" time="0"/>
  <testcase name="blankEqualities[Material[233]:SUGAR_CANE]" classname="org.bukkit.craftbukkit.inventory.FactoryItemMaterialTest" time="0"/>
  <testcase name="generalCase[Material[233]:SUGAR_CANE]" classname="org.bukkit.craftbukkit.inventory.FactoryItemMaterialTest" time="0"/>
  <testcase name="asMetaFor[Material[233]:SUGAR_CANE]" classname="org.bukkit.craftbukkit.inventory.FactoryItemMaterialTest" time="0"/>
  <testcase name="itemStack[Material[233]:SUGAR_CANE]" classname="org.bukkit.craftbukkit.inventory.FactoryItemMaterialTest" time="0"/>
  <testcase name="blankEqualities[Material[234]:PAPER]" classname="org.bukkit.craftbukkit.inventory.FactoryItemMaterialTest" time="0"/>
  <testcase name="generalCase[Material[234]:PAPER]" classname="org.bukkit.craftbukkit.inventory.FactoryItemMaterialTest" time="0"/>
  <testcase name="asMetaFor[Material[234]:PAPER]" classname="org.bukkit.craftbukkit.inventory.FactoryItemMaterialTest" time="0"/>
  <testcase name="itemStack[Material[234]:PAPER]" classname="org.bukkit.craftbukkit.inventory.FactoryItemMaterialTest" time="0"/>
  <testcase name="blankEqualities[Material[235]:BOOK]" classname="org.bukkit.craftbukkit.inventory.FactoryItemMaterialTest" time="0.001"/>
  <testcase name="generalCase[Material[235]:BOOK]" classname="org.bukkit.craftbukkit.inventory.FactoryItemMaterialTest" time="0"/>
  <testcase name="asMetaFor[Material[235]:BOOK]" classname="org.bukkit.craftbukkit.inventory.FactoryItemMaterialTest" time="0"/>
  <testcase name="itemStack[Material[235]:BOOK]" classname="org.bukkit.craftbukkit.inventory.FactoryItemMaterialTest" time="0"/>
  <testcase name="blankEqualities[Material[236]:SLIME_BALL]" classname="org.bukkit.craftbukkit.inventory.FactoryItemMaterialTest" time="0"/>
  <testcase name="generalCase[Material[236]:SLIME_BALL]" classname="org.bukkit.craftbukkit.inventory.FactoryItemMaterialTest" time="0"/>
  <testcase name="asMetaFor[Material[236]:SLIME_BALL]" classname="org.bukkit.craftbukkit.inventory.FactoryItemMaterialTest" time="0"/>
  <testcase name="itemStack[Material[236]:SLIME_BALL]" classname="org.bukkit.craftbukkit.inventory.FactoryItemMaterialTest" time="0"/>
  <testcase name="blankEqualities[Material[237]:STORAGE_MINECART]" classname="org.bukkit.craftbukkit.inventory.FactoryItemMaterialTest" time="0"/>
  <testcase name="generalCase[Material[237]:STORAGE_MINECART]" classname="org.bukkit.craftbukkit.inventory.FactoryItemMaterialTest" time="0"/>
  <testcase name="asMetaFor[Material[237]:STORAGE_MINECART]" classname="org.bukkit.craftbukkit.inventory.FactoryItemMaterialTest" time="0.001"/>
  <testcase name="itemStack[Material[237]:STORAGE_MINECART]" classname="org.bukkit.craftbukkit.inventory.FactoryItemMaterialTest" time="0"/>
  <testcase name="blankEqualities[Material[238]:POWERED_MINECART]" classname="org.bukkit.craftbukkit.inventory.FactoryItemMaterialTest" time="0"/>
  <testcase name="generalCase[Material[238]:POWERED_MINECART]" classname="org.bukkit.craftbukkit.inventory.FactoryItemMaterialTest" time="0"/>
  <testcase name="asMetaFor[Material[238]:POWERED_MINECART]" classname="org.bukkit.craftbukkit.inventory.FactoryItemMaterialTest" time="0.001"/>
  <testcase name="itemStack[Material[238]:POWERED_MINECART]" classname="org.bukkit.craftbukkit.inventory.FactoryItemMaterialTest" time="0"/>
  <testcase name="blankEqualities[Material[239]:EGG]" classname="org.bukkit.craftbukkit.inventory.FactoryItemMaterialTest" time="0"/>
  <testcase name="generalCase[Material[239]:EGG]" classname="org.bukkit.craftbukkit.inventory.FactoryItemMaterialTest" time="0"/>
  <testcase name="asMetaFor[Material[239]:EGG]" classname="org.bukkit.craftbukkit.inventory.FactoryItemMaterialTest" time="0"/>
  <testcase name="itemStack[Material[239]:EGG]" classname="org.bukkit.craftbukkit.inventory.FactoryItemMaterialTest" time="0"/>
  <testcase name="blankEqualities[Material[240]:COMPASS]" classname="org.bukkit.craftbukkit.inventory.FactoryItemMaterialTest" time="0"/>
  <testcase name="generalCase[Material[240]:COMPASS]" classname="org.bukkit.craftbukkit.inventory.FactoryItemMaterialTest" time="0"/>
  <testcase name="asMetaFor[Material[240]:COMPASS]" classname="org.bukkit.craftbukkit.inventory.FactoryItemMaterialTest" time="0"/>
  <testcase name="itemStack[Material[240]:COMPASS]" classname="org.bukkit.craftbukkit.inventory.FactoryItemMaterialTest" time="0"/>
  <testcase name="blankEqualities[Material[241]:FISHING_ROD]" classname="org.bukkit.craftbukkit.inventory.FactoryItemMaterialTest" time="0"/>
  <testcase name="generalCase[Material[241]:FISHING_ROD]" classname="org.bukkit.craftbukkit.inventory.FactoryItemMaterialTest" time="0"/>
  <testcase name="asMetaFor[Material[241]:FISHING_ROD]" classname="org.bukkit.craftbukkit.inventory.FactoryItemMaterialTest" time="0.001"/>
  <testcase name="itemStack[Material[241]:FISHING_ROD]" classname="org.bukkit.craftbukkit.inventory.FactoryItemMaterialTest" time="0"/>
  <testcase name="blankEqualities[Material[242]:WATCH]" classname="org.bukkit.craftbukkit.inventory.FactoryItemMaterialTest" time="0"/>
  <testcase name="generalCase[Material[242]:WATCH]" classname="org.bukkit.craftbukkit.inventory.FactoryItemMaterialTest" time="0"/>
  <testcase name="asMetaFor[Material[242]:WATCH]" classname="org.bukkit.craftbukkit.inventory.FactoryItemMaterialTest" time="0"/>
  <testcase name="itemStack[Material[242]:WATCH]" classname="org.bukkit.craftbukkit.inventory.FactoryItemMaterialTest" time="0"/>
  <testcase name="blankEqualities[Material[243]:GLOWSTONE_DUST]" classname="org.bukkit.craftbukkit.inventory.FactoryItemMaterialTest" time="0"/>
  <testcase name="generalCase[Material[243]:GLOWSTONE_DUST]" classname="org.bukkit.craftbukkit.inventory.FactoryItemMaterialTest" time="0"/>
  <testcase name="asMetaFor[Material[243]:GLOWSTONE_DUST]" classname="org.bukkit.craftbukkit.inventory.FactoryItemMaterialTest" time="0"/>
  <testcase name="itemStack[Material[243]:GLOWSTONE_DUST]" classname="org.bukkit.craftbukkit.inventory.FactoryItemMaterialTest" time="0"/>
  <testcase name="blankEqualities[Material[244]:RAW_FISH]" classname="org.bukkit.craftbukkit.inventory.FactoryItemMaterialTest" time="0"/>
  <testcase name="generalCase[Material[244]:RAW_FISH]" classname="org.bukkit.craftbukkit.inventory.FactoryItemMaterialTest" time="0"/>
  <testcase name="asMetaFor[Material[244]:RAW_FISH]" classname="org.bukkit.craftbukkit.inventory.FactoryItemMaterialTest" time="0"/>
  <testcase name="itemStack[Material[244]:RAW_FISH]" classname="org.bukkit.craftbukkit.inventory.FactoryItemMaterialTest" time="0"/>
  <testcase name="blankEqualities[Material[245]:COOKED_FISH]" classname="org.bukkit.craftbukkit.inventory.FactoryItemMaterialTest" time="0"/>
  <testcase name="generalCase[Material[245]:COOKED_FISH]" classname="org.bukkit.craftbukkit.inventory.FactoryItemMaterialTest" time="0"/>
  <testcase name="asMetaFor[Material[245]:COOKED_FISH]" classname="org.bukkit.craftbukkit.inventory.FactoryItemMaterialTest" time="0"/>
  <testcase name="itemStack[Material[245]:COOKED_FISH]" classname="org.bukkit.craftbukkit.inventory.FactoryItemMaterialTest" time="0"/>
  <testcase name="blankEqualities[Material[246]:INK_SACK]" classname="org.bukkit.craftbukkit.inventory.FactoryItemMaterialTest" time="0.001"/>
  <testcase name="generalCase[Material[246]:INK_SACK]" classname="org.bukkit.craftbukkit.inventory.FactoryItemMaterialTest" time="0"/>
  <testcase name="asMetaFor[Material[246]:INK_SACK]" classname="org.bukkit.craftbukkit.inventory.FactoryItemMaterialTest" time="0"/>
  <testcase name="itemStack[Material[246]:INK_SACK]" classname="org.bukkit.craftbukkit.inventory.FactoryItemMaterialTest" time="0"/>
  <testcase name="blankEqualities[Material[247]:BONE]" classname="org.bukkit.craftbukkit.inventory.FactoryItemMaterialTest" time="0"/>
  <testcase name="generalCase[Material[247]:BONE]" classname="org.bukkit.craftbukkit.inventory.FactoryItemMaterialTest" time="0"/>
  <testcase name="asMetaFor[Material[247]:BONE]" classname="org.bukkit.craftbukkit.inventory.FactoryItemMaterialTest" time="0"/>
  <testcase name="itemStack[Material[247]:BONE]" classname="org.bukkit.craftbukkit.inventory.FactoryItemMaterialTest" time="0"/>
  <testcase name="blankEqualities[Material[248]:SUGAR]" classname="org.bukkit.craftbukkit.inventory.FactoryItemMaterialTest" time="0.001"/>
  <testcase name="generalCase[Material[248]:SUGAR]" classname="org.bukkit.craftbukkit.inventory.FactoryItemMaterialTest" time="0"/>
  <testcase name="asMetaFor[Material[248]:SUGAR]" classname="org.bukkit.craftbukkit.inventory.FactoryItemMaterialTest" time="0"/>
  <testcase name="itemStack[Material[248]:SUGAR]" classname="org.bukkit.craftbukkit.inventory.FactoryItemMaterialTest" time="0"/>
  <testcase name="blankEqualities[Material[249]:CAKE]" classname="org.bukkit.craftbukkit.inventory.FactoryItemMaterialTest" time="0"/>
  <testcase name="generalCase[Material[249]:CAKE]" classname="org.bukkit.craftbukkit.inventory.FactoryItemMaterialTest" time="0"/>
  <testcase name="asMetaFor[Material[249]:CAKE]" classname="org.bukkit.craftbukkit.inventory.FactoryItemMaterialTest" time="0"/>
  <testcase name="itemStack[Material[249]:CAKE]" classname="org.bukkit.craftbukkit.inventory.FactoryItemMaterialTest" time="0"/>
  <testcase name="blankEqualities[Material[250]:BED]" classname="org.bukkit.craftbukkit.inventory.FactoryItemMaterialTest" time="0.001"/>
  <testcase name="generalCase[Material[250]:BED]" classname="org.bukkit.craftbukkit.inventory.FactoryItemMaterialTest" time="0"/>
  <testcase name="asMetaFor[Material[250]:BED]" classname="org.bukkit.craftbukkit.inventory.FactoryItemMaterialTest" time="0"/>
  <testcase name="itemStack[Material[250]:BED]" classname="org.bukkit.craftbukkit.inventory.FactoryItemMaterialTest" time="0"/>
  <testcase name="blankEqualities[Material[251]:DIODE]" classname="org.bukkit.craftbukkit.inventory.FactoryItemMaterialTest" time="0"/>
  <testcase name="generalCase[Material[251]:DIODE]" classname="org.bukkit.craftbukkit.inventory.FactoryItemMaterialTest" time="0"/>
  <testcase name="asMetaFor[Material[251]:DIODE]" classname="org.bukkit.craftbukkit.inventory.FactoryItemMaterialTest" time="0"/>
  <testcase name="itemStack[Material[251]:DIODE]" classname="org.bukkit.craftbukkit.inventory.FactoryItemMaterialTest" time="0"/>
  <testcase name="blankEqualities[Material[252]:COOKIE]" classname="org.bukkit.craftbukkit.inventory.FactoryItemMaterialTest" time="0.001"/>
  <testcase name="generalCase[Material[252]:COOKIE]" classname="org.bukkit.craftbukkit.inventory.FactoryItemMaterialTest" time="0"/>
  <testcase name="asMetaFor[Material[252]:COOKIE]" classname="org.bukkit.craftbukkit.inventory.FactoryItemMaterialTest" time="0"/>
  <testcase name="itemStack[Material[252]:COOKIE]" classname="org.bukkit.craftbukkit.inventory.FactoryItemMaterialTest" time="0"/>
  <testcase name="blankEqualities[Material[253]:MAP]" classname="org.bukkit.craftbukkit.inventory.FactoryItemMaterialTest" time="0"/>
  <testcase name="generalCase[Material[253]:MAP]" classname="org.bukkit.craftbukkit.inventory.FactoryItemMaterialTest" time="0"/>
  <testcase name="asMetaFor[Material[253]:MAP]" classname="org.bukkit.craftbukkit.inventory.FactoryItemMaterialTest" time="0.001"/>
  <testcase name="itemStack[Material[253]:MAP]" classname="org.bukkit.craftbukkit.inventory.FactoryItemMaterialTest" time="0"/>
  <testcase name="blankEqualities[Material[254]:SHEARS]" classname="org.bukkit.craftbukkit.inventory.FactoryItemMaterialTest" time="0"/>
  <testcase name="generalCase[Material[254]:SHEARS]" classname="org.bukkit.craftbukkit.inventory.FactoryItemMaterialTest" time="0"/>
  <testcase name="asMetaFor[Material[254]:SHEARS]" classname="org.bukkit.craftbukkit.inventory.FactoryItemMaterialTest" time="0"/>
  <testcase name="itemStack[Material[254]:SHEARS]" classname="org.bukkit.craftbukkit.inventory.FactoryItemMaterialTest" time="0"/>
  <testcase name="blankEqualities[Material[255]:MELON]" classname="org.bukkit.craftbukkit.inventory.FactoryItemMaterialTest" time="0.001"/>
  <testcase name="generalCase[Material[255]:MELON]" classname="org.bukkit.craftbukkit.inventory.FactoryItemMaterialTest" time="0"/>
  <testcase name="asMetaFor[Material[255]:MELON]" classname="org.bukkit.craftbukkit.inventory.FactoryItemMaterialTest" time="0"/>
  <testcase name="itemStack[Material[255]:MELON]" classname="org.bukkit.craftbukkit.inventory.FactoryItemMaterialTest" time="0"/>
  <testcase name="blankEqualities[Material[256]:PUMPKIN_SEEDS]" classname="org.bukkit.craftbukkit.inventory.FactoryItemMaterialTest" time="0"/>
  <testcase name="generalCase[Material[256]:PUMPKIN_SEEDS]" classname="org.bukkit.craftbukkit.inventory.FactoryItemMaterialTest" time="0"/>
  <testcase name="asMetaFor[Material[256]:PUMPKIN_SEEDS]" classname="org.bukkit.craftbukkit.inventory.FactoryItemMaterialTest" time="0"/>
  <testcase name="itemStack[Material[256]:PUMPKIN_SEEDS]" classname="org.bukkit.craftbukkit.inventory.FactoryItemMaterialTest" time="0"/>
  <testcase name="blankEqualities[Material[257]:MELON_SEEDS]" classname="org.bukkit.craftbukkit.inventory.FactoryItemMaterialTest" time="0"/>
  <testcase name="generalCase[Material[257]:MELON_SEEDS]" classname="org.bukkit.craftbukkit.inventory.FactoryItemMaterialTest" time="0"/>
  <testcase name="asMetaFor[Material[257]:MELON_SEEDS]" classname="org.bukkit.craftbukkit.inventory.FactoryItemMaterialTest" time="0"/>
  <testcase name="itemStack[Material[257]:MELON_SEEDS]" classname="org.bukkit.craftbukkit.inventory.FactoryItemMaterialTest" time="0"/>
  <testcase name="blankEqualities[Material[258]:RAW_BEEF]" classname="org.bukkit.craftbukkit.inventory.FactoryItemMaterialTest" time="0"/>
  <testcase name="generalCase[Material[258]:RAW_BEEF]" classname="org.bukkit.craftbukkit.inventory.FactoryItemMaterialTest" time="0"/>
  <testcase name="asMetaFor[Material[258]:RAW_BEEF]" classname="org.bukkit.craftbukkit.inventory.FactoryItemMaterialTest" time="0"/>
  <testcase name="itemStack[Material[258]:RAW_BEEF]" classname="org.bukkit.craftbukkit.inventory.FactoryItemMaterialTest" time="0"/>
  <testcase name="blankEqualities[Material[259]:COOKED_BEEF]" classname="org.bukkit.craftbukkit.inventory.FactoryItemMaterialTest" time="0"/>
  <testcase name="generalCase[Material[259]:COOKED_BEEF]" classname="org.bukkit.craftbukkit.inventory.FactoryItemMaterialTest" time="0"/>
  <testcase name="asMetaFor[Material[259]:COOKED_BEEF]" classname="org.bukkit.craftbukkit.inventory.FactoryItemMaterialTest" time="0"/>
  <testcase name="itemStack[Material[259]:COOKED_BEEF]" classname="org.bukkit.craftbukkit.inventory.FactoryItemMaterialTest" time="0.001"/>
  <testcase name="blankEqualities[Material[260]:RAW_CHICKEN]" classname="org.bukkit.craftbukkit.inventory.FactoryItemMaterialTest" time="0"/>
  <testcase name="generalCase[Material[260]:RAW_CHICKEN]" classname="org.bukkit.craftbukkit.inventory.FactoryItemMaterialTest" time="0"/>
  <testcase name="asMetaFor[Material[260]:RAW_CHICKEN]" classname="org.bukkit.craftbukkit.inventory.FactoryItemMaterialTest" time="0"/>
  <testcase name="itemStack[Material[260]:RAW_CHICKEN]" classname="org.bukkit.craftbukkit.inventory.FactoryItemMaterialTest" time="0"/>
  <testcase name="blankEqualities[Material[261]:COOKED_CHICKEN]" classname="org.bukkit.craftbukkit.inventory.FactoryItemMaterialTest" time="0"/>
  <testcase name="generalCase[Material[261]:COOKED_CHICKEN]" classname="org.bukkit.craftbukkit.inventory.FactoryItemMaterialTest" time="0"/>
  <testcase name="asMetaFor[Material[261]:COOKED_CHICKEN]" classname="org.bukkit.craftbukkit.inventory.FactoryItemMaterialTest" time="0.001"/>
  <testcase name="itemStack[Material[261]:COOKED_CHICKEN]" classname="org.bukkit.craftbukkit.inventory.FactoryItemMaterialTest" time="0"/>
  <testcase name="blankEqualities[Material[262]:ROTTEN_FLESH]" classname="org.bukkit.craftbukkit.inventory.FactoryItemMaterialTest" time="0"/>
  <testcase name="generalCase[Material[262]:ROTTEN_FLESH]" classname="org.bukkit.craftbukkit.inventory.FactoryItemMaterialTest" time="0"/>
  <testcase name="asMetaFor[Material[262]:ROTTEN_FLESH]" classname="org.bukkit.craftbukkit.inventory.FactoryItemMaterialTest" time="0"/>
  <testcase name="itemStack[Material[262]:ROTTEN_FLESH]" classname="org.bukkit.craftbukkit.inventory.FactoryItemMaterialTest" time="0"/>
  <testcase name="blankEqualities[Material[263]:ENDER_PEARL]" classname="org.bukkit.craftbukkit.inventory.FactoryItemMaterialTest" time="0"/>
  <testcase name="generalCase[Material[263]:ENDER_PEARL]" classname="org.bukkit.craftbukkit.inventory.FactoryItemMaterialTest" time="0"/>
  <testcase name="asMetaFor[Material[263]:ENDER_PEARL]" classname="org.bukkit.craftbukkit.inventory.FactoryItemMaterialTest" time="0.001"/>
  <testcase name="itemStack[Material[263]:ENDER_PEARL]" classname="org.bukkit.craftbukkit.inventory.FactoryItemMaterialTest" time="0"/>
  <testcase name="blankEqualities[Material[264]:BLAZE_ROD]" classname="org.bukkit.craftbukkit.inventory.FactoryItemMaterialTest" time="0"/>
  <testcase name="generalCase[Material[264]:BLAZE_ROD]" classname="org.bukkit.craftbukkit.inventory.FactoryItemMaterialTest" time="0"/>
  <testcase name="asMetaFor[Material[264]:BLAZE_ROD]" classname="org.bukkit.craftbukkit.inventory.FactoryItemMaterialTest" time="0"/>
  <testcase name="itemStack[Material[264]:BLAZE_ROD]" classname="org.bukkit.craftbukkit.inventory.FactoryItemMaterialTest" time="0"/>
  <testcase name="blankEqualities[Material[265]:GHAST_TEAR]" classname="org.bukkit.craftbukkit.inventory.FactoryItemMaterialTest" time="0"/>
  <testcase name="generalCase[Material[265]:GHAST_TEAR]" classname="org.bukkit.craftbukkit.inventory.FactoryItemMaterialTest" time="0"/>
  <testcase name="asMetaFor[Material[265]:GHAST_TEAR]" classname="org.bukkit.craftbukkit.inventory.FactoryItemMaterialTest" time="0"/>
  <testcase name="itemStack[Material[265]:GHAST_TEAR]" classname="org.bukkit.craftbukkit.inventory.FactoryItemMaterialTest" time="0"/>
  <testcase name="blankEqualities[Material[266]:GOLD_NUGGET]" classname="org.bukkit.craftbukkit.inventory.FactoryItemMaterialTest" time="0"/>
  <testcase name="generalCase[Material[266]:GOLD_NUGGET]" classname="org.bukkit.craftbukkit.inventory.FactoryItemMaterialTest" time="0"/>
  <testcase name="asMetaFor[Material[266]:GOLD_NUGGET]" classname="org.bukkit.craftbukkit.inventory.FactoryItemMaterialTest" time="0"/>
  <testcase name="itemStack[Material[266]:GOLD_NUGGET]" classname="org.bukkit.craftbukkit.inventory.FactoryItemMaterialTest" time="0"/>
  <testcase name="blankEqualities[Material[267]:NETHER_STALK]" classname="org.bukkit.craftbukkit.inventory.FactoryItemMaterialTest" time="0"/>
  <testcase name="generalCase[Material[267]:NETHER_STALK]" classname="org.bukkit.craftbukkit.inventory.FactoryItemMaterialTest" time="0"/>
  <testcase name="asMetaFor[Material[267]:NETHER_STALK]" classname="org.bukkit.craftbukkit.inventory.FactoryItemMaterialTest" time="0"/>
  <testcase name="itemStack[Material[267]:NETHER_STALK]" classname="org.bukkit.craftbukkit.inventory.FactoryItemMaterialTest" time="0"/>
  <testcase name="blankEqualities[Material[268]:POTION]" classname="org.bukkit.craftbukkit.inventory.FactoryItemMaterialTest" time="0.001"/>
  <testcase name="generalCase[Material[268]:POTION]" classname="org.bukkit.craftbukkit.inventory.FactoryItemMaterialTest" time="0"/>
  <testcase name="asMetaFor[Material[268]:POTION]" classname="org.bukkit.craftbukkit.inventory.FactoryItemMaterialTest" time="0"/>
  <testcase name="itemStack[Material[268]:POTION]" classname="org.bukkit.craftbukkit.inventory.FactoryItemMaterialTest" time="0"/>
  <testcase name="blankEqualities[Material[269]:GLASS_BOTTLE]" classname="org.bukkit.craftbukkit.inventory.FactoryItemMaterialTest" time="0"/>
  <testcase name="generalCase[Material[269]:GLASS_BOTTLE]" classname="org.bukkit.craftbukkit.inventory.FactoryItemMaterialTest" time="0"/>
  <testcase name="asMetaFor[Material[269]:GLASS_BOTTLE]" classname="org.bukkit.craftbukkit.inventory.FactoryItemMaterialTest" time="0"/>
  <testcase name="itemStack[Material[269]:GLASS_BOTTLE]" classname="org.bukkit.craftbukkit.inventory.FactoryItemMaterialTest" time="0"/>
  <testcase name="blankEqualities[Material[270]:SPIDER_EYE]" classname="org.bukkit.craftbukkit.inventory.FactoryItemMaterialTest" time="0.001"/>
  <testcase name="generalCase[Material[270]:SPIDER_EYE]" classname="org.bukkit.craftbukkit.inventory.FactoryItemMaterialTest" time="0"/>
  <testcase name="asMetaFor[Material[270]:SPIDER_EYE]" classname="org.bukkit.craftbukkit.inventory.FactoryItemMaterialTest" time="0"/>
  <testcase name="itemStack[Material[270]:SPIDER_EYE]" classname="org.bukkit.craftbukkit.inventory.FactoryItemMaterialTest" time="0"/>
  <testcase name="blankEqualities[Material[271]:FERMENTED_SPIDER_EYE]" classname="org.bukkit.craftbukkit.inventory.FactoryItemMaterialTest" time="0"/>
  <testcase name="generalCase[Material[271]:FERMENTED_SPIDER_EYE]" classname="org.bukkit.craftbukkit.inventory.FactoryItemMaterialTest" time="0"/>
  <testcase name="asMetaFor[Material[271]:FERMENTED_SPIDER_EYE]" classname="org.bukkit.craftbukkit.inventory.FactoryItemMaterialTest" time="0"/>
  <testcase name="itemStack[Material[271]:FERMENTED_SPIDER_EYE]" classname="org.bukkit.craftbukkit.inventory.FactoryItemMaterialTest" time="0"/>
  <testcase name="blankEqualities[Material[272]:BLAZE_POWDER]" classname="org.bukkit.craftbukkit.inventory.FactoryItemMaterialTest" time="0"/>
  <testcase name="generalCase[Material[272]:BLAZE_POWDER]" classname="org.bukkit.craftbukkit.inventory.FactoryItemMaterialTest" time="0"/>
  <testcase name="asMetaFor[Material[272]:BLAZE_POWDER]" classname="org.bukkit.craftbukkit.inventory.FactoryItemMaterialTest" time="0"/>
  <testcase name="itemStack[Material[272]:BLAZE_POWDER]" classname="org.bukkit.craftbukkit.inventory.FactoryItemMaterialTest" time="0"/>
  <testcase name="blankEqualities[Material[273]:MAGMA_CREAM]" classname="org.bukkit.craftbukkit.inventory.FactoryItemMaterialTest" time="0"/>
  <testcase name="generalCase[Material[273]:MAGMA_CREAM]" classname="org.bukkit.craftbukkit.inventory.FactoryItemMaterialTest" time="0"/>
  <testcase name="asMetaFor[Material[273]:MAGMA_CREAM]" classname="org.bukkit.craftbukkit.inventory.FactoryItemMaterialTest" time="0"/>
  <testcase name="itemStack[Material[273]:MAGMA_CREAM]" classname="org.bukkit.craftbukkit.inventory.FactoryItemMaterialTest" time="0"/>
  <testcase name="blankEqualities[Material[274]:BREWING_STAND_ITEM]" classname="org.bukkit.craftbukkit.inventory.FactoryItemMaterialTest" time="0"/>
  <testcase name="generalCase[Material[274]:BREWING_STAND_ITEM]" classname="org.bukkit.craftbukkit.inventory.FactoryItemMaterialTest" time="0"/>
  <testcase name="asMetaFor[Material[274]:BREWING_STAND_ITEM]" classname="org.bukkit.craftbukkit.inventory.FactoryItemMaterialTest" time="0.001"/>
  <testcase name="itemStack[Material[274]:BREWING_STAND_ITEM]" classname="org.bukkit.craftbukkit.inventory.FactoryItemMaterialTest" time="0"/>
  <testcase name="blankEqualities[Material[275]:CAULDRON_ITEM]" classname="org.bukkit.craftbukkit.inventory.FactoryItemMaterialTest" time="0"/>
  <testcase name="generalCase[Material[275]:CAULDRON_ITEM]" classname="org.bukkit.craftbukkit.inventory.FactoryItemMaterialTest" time="0"/>
  <testcase name="asMetaFor[Material[275]:CAULDRON_ITEM]" classname="org.bukkit.craftbukkit.inventory.FactoryItemMaterialTest" time="0"/>
  <testcase name="itemStack[Material[275]:CAULDRON_ITEM]" classname="org.bukkit.craftbukkit.inventory.FactoryItemMaterialTest" time="0"/>
  <testcase name="blankEqualities[Material[276]:EYE_OF_ENDER]" classname="org.bukkit.craftbukkit.inventory.FactoryItemMaterialTest" time="0"/>
  <testcase name="generalCase[Material[276]:EYE_OF_ENDER]" classname="org.bukkit.craftbukkit.inventory.FactoryItemMaterialTest" time="0"/>
  <testcase name="asMetaFor[Material[276]:EYE_OF_ENDER]" classname="org.bukkit.craftbukkit.inventory.FactoryItemMaterialTest" time="0"/>
  <testcase name="itemStack[Material[276]:EYE_OF_ENDER]" classname="org.bukkit.craftbukkit.inventory.FactoryItemMaterialTest" time="0"/>
  <testcase name="blankEqualities[Material[277]:SPECKLED_MELON]" classname="org.bukkit.craftbukkit.inventory.FactoryItemMaterialTest" time="0.001"/>
  <testcase name="generalCase[Material[277]:SPECKLED_MELON]" classname="org.bukkit.craftbukkit.inventory.FactoryItemMaterialTest" time="0"/>
  <testcase name="asMetaFor[Material[277]:SPECKLED_MELON]" classname="org.bukkit.craftbukkit.inventory.FactoryItemMaterialTest" time="0"/>
  <testcase name="itemStack[Material[277]:SPECKLED_MELON]" classname="org.bukkit.craftbukkit.inventory.FactoryItemMaterialTest" time="0"/>
  <testcase name="blankEqualities[Material[278]:MONSTER_EGG]" classname="org.bukkit.craftbukkit.inventory.FactoryItemMaterialTest" time="0"/>
  <testcase name="generalCase[Material[278]:MONSTER_EGG]" classname="org.bukkit.craftbukkit.inventory.FactoryItemMaterialTest" time="0"/>
  <testcase name="asMetaFor[Material[278]:MONSTER_EGG]" classname="org.bukkit.craftbukkit.inventory.FactoryItemMaterialTest" time="0"/>
  <testcase name="itemStack[Material[278]:MONSTER_EGG]" classname="org.bukkit.craftbukkit.inventory.FactoryItemMaterialTest" time="0"/>
  <testcase name="blankEqualities[Material[279]:EXP_BOTTLE]" classname="org.bukkit.craftbukkit.inventory.FactoryItemMaterialTest" time="0.001"/>
  <testcase name="generalCase[Material[279]:EXP_BOTTLE]" classname="org.bukkit.craftbukkit.inventory.FactoryItemMaterialTest" time="0"/>
  <testcase name="asMetaFor[Material[279]:EXP_BOTTLE]" classname="org.bukkit.craftbukkit.inventory.FactoryItemMaterialTest" time="0"/>
  <testcase name="itemStack[Material[279]:EXP_BOTTLE]" classname="org.bukkit.craftbukkit.inventory.FactoryItemMaterialTest" time="0"/>
  <testcase name="blankEqualities[Material[280]:FIREBALL]" classname="org.bukkit.craftbukkit.inventory.FactoryItemMaterialTest" time="0"/>
  <testcase name="generalCase[Material[280]:FIREBALL]" classname="org.bukkit.craftbukkit.inventory.FactoryItemMaterialTest" time="0"/>
  <testcase name="asMetaFor[Material[280]:FIREBALL]" classname="org.bukkit.craftbukkit.inventory.FactoryItemMaterialTest" time="0.001"/>
  <testcase name="itemStack[Material[280]:FIREBALL]" classname="org.bukkit.craftbukkit.inventory.FactoryItemMaterialTest" time="0"/>
  <testcase name="blankEqualities[Material[281]:BOOK_AND_QUILL]" classname="org.bukkit.craftbukkit.inventory.FactoryItemMaterialTest" time="0"/>
  <testcase name="generalCase[Material[281]:BOOK_AND_QUILL]" classname="org.bukkit.craftbukkit.inventory.FactoryItemMaterialTest" time="0"/>
  <testcase name="asMetaFor[Material[281]:BOOK_AND_QUILL]" classname="org.bukkit.craftbukkit.inventory.FactoryItemMaterialTest" time="0"/>
  <testcase name="itemStack[Material[281]:BOOK_AND_QUILL]" classname="org.bukkit.craftbukkit.inventory.FactoryItemMaterialTest" time="0"/>
  <testcase name="blankEqualities[Material[282]:WRITTEN_BOOK]" classname="org.bukkit.craftbukkit.inventory.FactoryItemMaterialTest" time="0.001"/>
  <testcase name="generalCase[Material[282]:WRITTEN_BOOK]" classname="org.bukkit.craftbukkit.inventory.FactoryItemMaterialTest" time="0"/>
  <testcase name="asMetaFor[Material[282]:WRITTEN_BOOK]" classname="org.bukkit.craftbukkit.inventory.FactoryItemMaterialTest" time="0"/>
  <testcase name="itemStack[Material[282]:WRITTEN_BOOK]" classname="org.bukkit.craftbukkit.inventory.FactoryItemMaterialTest" time="0"/>
  <testcase name="blankEqualities[Material[283]:EMERALD]" classname="org.bukkit.craftbukkit.inventory.FactoryItemMaterialTest" time="0"/>
  <testcase name="generalCase[Material[283]:EMERALD]" classname="org.bukkit.craftbukkit.inventory.FactoryItemMaterialTest" time="0"/>
  <testcase name="asMetaFor[Material[283]:EMERALD]" classname="org.bukkit.craftbukkit.inventory.FactoryItemMaterialTest" time="0"/>
  <testcase name="itemStack[Material[283]:EMERALD]" classname="org.bukkit.craftbukkit.inventory.FactoryItemMaterialTest" time="0"/>
  <testcase name="blankEqualities[Material[284]:ITEM_FRAME]" classname="org.bukkit.craftbukkit.inventory.FactoryItemMaterialTest" time="0.001"/>
  <testcase name="generalCase[Material[284]:ITEM_FRAME]" classname="org.bukkit.craftbukkit.inventory.FactoryItemMaterialTest" time="0"/>
  <testcase name="asMetaFor[Material[284]:ITEM_FRAME]" classname="org.bukkit.craftbukkit.inventory.FactoryItemMaterialTest" time="0"/>
  <testcase name="itemStack[Material[284]:ITEM_FRAME]" classname="org.bukkit.craftbukkit.inventory.FactoryItemMaterialTest" time="0"/>
  <testcase name="blankEqualities[Material[285]:FLOWER_POT_ITEM]" classname="org.bukkit.craftbukkit.inventory.FactoryItemMaterialTest" time="0"/>
  <testcase name="generalCase[Material[285]:FLOWER_POT_ITEM]" classname="org.bukkit.craftbukkit.inventory.FactoryItemMaterialTest" time="0"/>
  <testcase name="asMetaFor[Material[285]:FLOWER_POT_ITEM]" classname="org.bukkit.craftbukkit.inventory.FactoryItemMaterialTest" time="0"/>
  <testcase name="itemStack[Material[285]:FLOWER_POT_ITEM]" classname="org.bukkit.craftbukkit.inventory.FactoryItemMaterialTest" time="0"/>
  <testcase name="blankEqualities[Material[286]:CARROT_ITEM]" classname="org.bukkit.craftbukkit.inventory.FactoryItemMaterialTest" time="0"/>
  <testcase name="generalCase[Material[286]:CARROT_ITEM]" classname="org.bukkit.craftbukkit.inventory.FactoryItemMaterialTest" time="0"/>
  <testcase name="asMetaFor[Material[286]:CARROT_ITEM]" classname="org.bukkit.craftbukkit.inventory.FactoryItemMaterialTest" time="0.001"/>
  <testcase name="itemStack[Material[286]:CARROT_ITEM]" classname="org.bukkit.craftbukkit.inventory.FactoryItemMaterialTest" time="0"/>
  <testcase name="blankEqualities[Material[287]:POTATO_ITEM]" classname="org.bukkit.craftbukkit.inventory.FactoryItemMaterialTest" time="0"/>
  <testcase name="generalCase[Material[287]:POTATO_ITEM]" classname="org.bukkit.craftbukkit.inventory.FactoryItemMaterialTest" time="0"/>
  <testcase name="asMetaFor[Material[287]:POTATO_ITEM]" classname="org.bukkit.craftbukkit.inventory.FactoryItemMaterialTest" time="0"/>
  <testcase name="itemStack[Material[287]:POTATO_ITEM]" classname="org.bukkit.craftbukkit.inventory.FactoryItemMaterialTest" time="0"/>
  <testcase name="blankEqualities[Material[288]:BAKED_POTATO]" classname="org.bukkit.craftbukkit.inventory.FactoryItemMaterialTest" time="0"/>
  <testcase name="generalCase[Material[288]:BAKED_POTATO]" classname="org.bukkit.craftbukkit.inventory.FactoryItemMaterialTest" time="0"/>
  <testcase name="asMetaFor[Material[288]:BAKED_POTATO]" classname="org.bukkit.craftbukkit.inventory.FactoryItemMaterialTest" time="0"/>
  <testcase name="itemStack[Material[288]:BAKED_POTATO]" classname="org.bukkit.craftbukkit.inventory.FactoryItemMaterialTest" time="0"/>
  <testcase name="blankEqualities[Material[289]:POISONOUS_POTATO]" classname="org.bukkit.craftbukkit.inventory.FactoryItemMaterialTest" time="0.001"/>
  <testcase name="generalCase[Material[289]:POISONOUS_POTATO]" classname="org.bukkit.craftbukkit.inventory.FactoryItemMaterialTest" time="0"/>
  <testcase name="asMetaFor[Material[289]:POISONOUS_POTATO]" classname="org.bukkit.craftbukkit.inventory.FactoryItemMaterialTest" time="0"/>
  <testcase name="itemStack[Material[289]:POISONOUS_POTATO]" classname="org.bukkit.craftbukkit.inventory.FactoryItemMaterialTest" time="0"/>
  <testcase name="blankEqualities[Material[290]:EMPTY_MAP]" classname="org.bukkit.craftbukkit.inventory.FactoryItemMaterialTest" time="0"/>
  <testcase name="generalCase[Material[290]:EMPTY_MAP]" classname="org.bukkit.craftbukkit.inventory.FactoryItemMaterialTest" time="0"/>
  <testcase name="asMetaFor[Material[290]:EMPTY_MAP]" classname="org.bukkit.craftbukkit.inventory.FactoryItemMaterialTest" time="0"/>
  <testcase name="itemStack[Material[290]:EMPTY_MAP]" classname="org.bukkit.craftbukkit.inventory.FactoryItemMaterialTest" time="0"/>
  <testcase name="blankEqualities[Material[291]:GOLDEN_CARROT]" classname="org.bukkit.craftbukkit.inventory.FactoryItemMaterialTest" time="0"/>
  <testcase name="generalCase[Material[291]:GOLDEN_CARROT]" classname="org.bukkit.craftbukkit.inventory.FactoryItemMaterialTest" time="0"/>
  <testcase name="asMetaFor[Material[291]:GOLDEN_CARROT]" classname="org.bukkit.craftbukkit.inventory.FactoryItemMaterialTest" time="0.001"/>
  <testcase name="itemStack[Material[291]:GOLDEN_CARROT]" classname="org.bukkit.craftbukkit.inventory.FactoryItemMaterialTest" time="0"/>
  <testcase name="blankEqualities[Material[292]:SKULL_ITEM]" classname="org.bukkit.craftbukkit.inventory.FactoryItemMaterialTest" time="0"/>
  <testcase name="generalCase[Material[292]:SKULL_ITEM]" classname="org.bukkit.craftbukkit.inventory.FactoryItemMaterialTest" time="0"/>
  <testcase name="asMetaFor[Material[292]:SKULL_ITEM]" classname="org.bukkit.craftbukkit.inventory.FactoryItemMaterialTest" time="0"/>
  <testcase name="itemStack[Material[292]:SKULL_ITEM]" classname="org.bukkit.craftbukkit.inventory.FactoryItemMaterialTest" time="0"/>
  <testcase name="blankEqualities[Material[293]:CARROT_STICK]" classname="org.bukkit.craftbukkit.inventory.FactoryItemMaterialTest" time="0"/>
  <testcase name="generalCase[Material[293]:CARROT_STICK]" classname="org.bukkit.craftbukkit.inventory.FactoryItemMaterialTest" time="0"/>
  <testcase name="asMetaFor[Material[293]:CARROT_STICK]" classname="org.bukkit.craftbukkit.inventory.FactoryItemMaterialTest" time="0.001"/>
  <testcase name="itemStack[Material[293]:CARROT_STICK]" classname="org.bukkit.craftbukkit.inventory.FactoryItemMaterialTest" time="0"/>
  <testcase name="blankEqualities[Material[294]:NETHER_STAR]" classname="org.bukkit.craftbukkit.inventory.FactoryItemMaterialTest" time="0"/>
  <testcase name="generalCase[Material[294]:NETHER_STAR]" classname="org.bukkit.craftbukkit.inventory.FactoryItemMaterialTest" time="0"/>
  <testcase name="asMetaFor[Material[294]:NETHER_STAR]" classname="org.bukkit.craftbukkit.inventory.FactoryItemMaterialTest" time="0"/>
  <testcase name="itemStack[Material[294]:NETHER_STAR]" classname="org.bukkit.craftbukkit.inventory.FactoryItemMaterialTest" time="0"/>
  <testcase name="blankEqualities[Material[295]:PUMPKIN_PIE]" classname="org.bukkit.craftbukkit.inventory.FactoryItemMaterialTest" time="0"/>
  <testcase name="generalCase[Material[295]:PUMPKIN_PIE]" classname="org.bukkit.craftbukkit.inventory.FactoryItemMaterialTest" time="0"/>
  <testcase name="asMetaFor[Material[295]:PUMPKIN_PIE]" classname="org.bukkit.craftbukkit.inventory.FactoryItemMaterialTest" time="0.001"/>
  <testcase name="itemStack[Material[295]:PUMPKIN_PIE]" classname="org.bukkit.craftbukkit.inventory.FactoryItemMaterialTest" time="0"/>
  <testcase name="blankEqualities[Material[296]:FIREWORK]" classname="org.bukkit.craftbukkit.inventory.FactoryItemMaterialTest" time="0"/>
  <testcase name="generalCase[Material[296]:FIREWORK]" classname="org.bukkit.craftbukkit.inventory.FactoryItemMaterialTest" time="0"/>
  <testcase name="asMetaFor[Material[296]:FIREWORK]" classname="org.bukkit.craftbukkit.inventory.FactoryItemMaterialTest" time="0"/>
  <testcase name="itemStack[Material[296]:FIREWORK]" classname="org.bukkit.craftbukkit.inventory.FactoryItemMaterialTest" time="0"/>
  <testcase name="blankEqualities[Material[297]:FIREWORK_CHARGE]" classname="org.bukkit.craftbukkit.inventory.FactoryItemMaterialTest" time="0.001"/>
  <testcase name="generalCase[Material[297]:FIREWORK_CHARGE]" classname="org.bukkit.craftbukkit.inventory.FactoryItemMaterialTest" time="0"/>
  <testcase name="asMetaFor[Material[297]:FIREWORK_CHARGE]" classname="org.bukkit.craftbukkit.inventory.FactoryItemMaterialTest" time="0"/>
  <testcase name="itemStack[Material[297]:FIREWORK_CHARGE]" classname="org.bukkit.craftbukkit.inventory.FactoryItemMaterialTest" time="0"/>
  <testcase name="blankEqualities[Material[298]:ENCHANTED_BOOK]" classname="org.bukkit.craftbukkit.inventory.FactoryItemMaterialTest" time="0.001"/>
  <testcase name="generalCase[Material[298]:ENCHANTED_BOOK]" classname="org.bukkit.craftbukkit.inventory.FactoryItemMaterialTest" time="0"/>
  <testcase name="asMetaFor[Material[298]:ENCHANTED_BOOK]" classname="org.bukkit.craftbukkit.inventory.FactoryItemMaterialTest" time="0"/>
  <testcase name="itemStack[Material[298]:ENCHANTED_BOOK]" classname="org.bukkit.craftbukkit.inventory.FactoryItemMaterialTest" time="0"/>
  <testcase name="blankEqualities[Material[299]:REDSTONE_COMPARATOR]" classname="org.bukkit.craftbukkit.inventory.FactoryItemMaterialTest" time="0"/>
  <testcase name="generalCase[Material[299]:REDSTONE_COMPARATOR]" classname="org.bukkit.craftbukkit.inventory.FactoryItemMaterialTest" time="0"/>
  <testcase name="asMetaFor[Material[299]:REDSTONE_COMPARATOR]" classname="org.bukkit.craftbukkit.inventory.FactoryItemMaterialTest" time="0"/>
  <testcase name="itemStack[Material[299]:REDSTONE_COMPARATOR]" classname="org.bukkit.craftbukkit.inventory.FactoryItemMaterialTest" time="0"/>
  <testcase name="blankEqualities[Material[300]:NETHER_BRICK_ITEM]" classname="org.bukkit.craftbukkit.inventory.FactoryItemMaterialTest" time="0"/>
  <testcase name="generalCase[Material[300]:NETHER_BRICK_ITEM]" classname="org.bukkit.craftbukkit.inventory.FactoryItemMaterialTest" time="0"/>
  <testcase name="asMetaFor[Material[300]:NETHER_BRICK_ITEM]" classname="org.bukkit.craftbukkit.inventory.FactoryItemMaterialTest" time="0"/>
  <testcase name="itemStack[Material[300]:NETHER_BRICK_ITEM]" classname="org.bukkit.craftbukkit.inventory.FactoryItemMaterialTest" time="0"/>
  <testcase name="blankEqualities[Material[301]:QUARTZ]" classname="org.bukkit.craftbukkit.inventory.FactoryItemMaterialTest" time="0"/>
  <testcase name="generalCase[Material[301]:QUARTZ]" classname="org.bukkit.craftbukkit.inventory.FactoryItemMaterialTest" time="0"/>
  <testcase name="asMetaFor[Material[301]:QUARTZ]" classname="org.bukkit.craftbukkit.inventory.FactoryItemMaterialTest" time="0"/>
  <testcase name="itemStack[Material[301]:QUARTZ]" classname="org.bukkit.craftbukkit.inventory.FactoryItemMaterialTest" time="0"/>
  <testcase name="blankEqualities[Material[302]:EXPLOSIVE_MINECART]" classname="org.bukkit.craftbukkit.inventory.FactoryItemMaterialTest" time="0"/>
  <testcase name="generalCase[Material[302]:EXPLOSIVE_MINECART]" classname="org.bukkit.craftbukkit.inventory.FactoryItemMaterialTest" time="0"/>
  <testcase name="asMetaFor[Material[302]:EXPLOSIVE_MINECART]" classname="org.bukkit.craftbukkit.inventory.FactoryItemMaterialTest" time="0.001"/>
  <testcase name="itemStack[Material[302]:EXPLOSIVE_MINECART]" classname="org.bukkit.craftbukkit.inventory.FactoryItemMaterialTest" time="0"/>
  <testcase name="blankEqualities[Material[303]:HOPPER_MINECART]" classname="org.bukkit.craftbukkit.inventory.FactoryItemMaterialTest" time="0"/>
  <testcase name="generalCase[Material[303]:HOPPER_MINECART]" classname="org.bukkit.craftbukkit.inventory.FactoryItemMaterialTest" time="0"/>
  <testcase name="asMetaFor[Material[303]:HOPPER_MINECART]" classname="org.bukkit.craftbukkit.inventory.FactoryItemMaterialTest" time="0"/>
  <testcase name="itemStack[Material[303]:HOPPER_MINECART]" classname="org.bukkit.craftbukkit.inventory.FactoryItemMaterialTest" time="0"/>
  <testcase name="blankEqualities[Material[304]:PRISMARINE_SHARD]" classname="org.bukkit.craftbukkit.inventory.FactoryItemMaterialTest" time="0"/>
  <testcase name="generalCase[Material[304]:PRISMARINE_SHARD]" classname="org.bukkit.craftbukkit.inventory.FactoryItemMaterialTest" time="0"/>
  <testcase name="asMetaFor[Material[304]:PRISMARINE_SHARD]" classname="org.bukkit.craftbukkit.inventory.FactoryItemMaterialTest" time="0"/>
  <testcase name="itemStack[Material[304]:PRISMARINE_SHARD]" classname="org.bukkit.craftbukkit.inventory.FactoryItemMaterialTest" time="0"/>
  <testcase name="blankEqualities[Material[305]:PRISMARINE_CRYSTALS]" classname="org.bukkit.craftbukkit.inventory.FactoryItemMaterialTest" time="0"/>
  <testcase name="generalCase[Material[305]:PRISMARINE_CRYSTALS]" classname="org.bukkit.craftbukkit.inventory.FactoryItemMaterialTest" time="0"/>
  <testcase name="asMetaFor[Material[305]:PRISMARINE_CRYSTALS]" classname="org.bukkit.craftbukkit.inventory.FactoryItemMaterialTest" time="0"/>
  <testcase name="itemStack[Material[305]:PRISMARINE_CRYSTALS]" classname="org.bukkit.craftbukkit.inventory.FactoryItemMaterialTest" time="0"/>
  <testcase name="blankEqualities[Material[306]:RABBIT]" classname="org.bukkit.craftbukkit.inventory.FactoryItemMaterialTest" time="0"/>
  <testcase name="generalCase[Material[306]:RABBIT]" classname="org.bukkit.craftbukkit.inventory.FactoryItemMaterialTest" time="0"/>
  <testcase name="asMetaFor[Material[306]:RABBIT]" classname="org.bukkit.craftbukkit.inventory.FactoryItemMaterialTest" time="0.001"/>
  <testcase name="itemStack[Material[306]:RABBIT]" classname="org.bukkit.craftbukkit.inventory.FactoryItemMaterialTest" time="0"/>
  <testcase name="blankEqualities[Material[307]:COOKED_RABBIT]" classname="org.bukkit.craftbukkit.inventory.FactoryItemMaterialTest" time="0"/>
  <testcase name="generalCase[Material[307]:COOKED_RABBIT]" classname="org.bukkit.craftbukkit.inventory.FactoryItemMaterialTest" time="0"/>
  <testcase name="asMetaFor[Material[307]:COOKED_RABBIT]" classname="org.bukkit.craftbukkit.inventory.FactoryItemMaterialTest" time="0"/>
  <testcase name="itemStack[Material[307]:COOKED_RABBIT]" classname="org.bukkit.craftbukkit.inventory.FactoryItemMaterialTest" time="0"/>
  <testcase name="blankEqualities[Material[308]:RABBIT_STEW]" classname="org.bukkit.craftbukkit.inventory.FactoryItemMaterialTest" time="0"/>
  <testcase name="generalCase[Material[308]:RABBIT_STEW]" classname="org.bukkit.craftbukkit.inventory.FactoryItemMaterialTest" time="0"/>
  <testcase name="asMetaFor[Material[308]:RABBIT_STEW]" classname="org.bukkit.craftbukkit.inventory.FactoryItemMaterialTest" time="0"/>
  <testcase name="itemStack[Material[308]:RABBIT_STEW]" classname="org.bukkit.craftbukkit.inventory.FactoryItemMaterialTest" time="0"/>
  <testcase name="blankEqualities[Material[309]:RABBIT_FOOT]" classname="org.bukkit.craftbukkit.inventory.FactoryItemMaterialTest" time="0"/>
  <testcase name="generalCase[Material[309]:RABBIT_FOOT]" classname="org.bukkit.craftbukkit.inventory.FactoryItemMaterialTest" time="0"/>
  <testcase name="asMetaFor[Material[309]:RABBIT_FOOT]" classname="org.bukkit.craftbukkit.inventory.FactoryItemMaterialTest" time="0"/>
  <testcase name="itemStack[Material[309]:RABBIT_FOOT]" classname="org.bukkit.craftbukkit.inventory.FactoryItemMaterialTest" time="0"/>
  <testcase name="blankEqualities[Material[310]:RABBIT_HIDE]" classname="org.bukkit.craftbukkit.inventory.FactoryItemMaterialTest" time="0"/>
  <testcase name="generalCase[Material[310]:RABBIT_HIDE]" classname="org.bukkit.craftbukkit.inventory.FactoryItemMaterialTest" time="0"/>
  <testcase name="asMetaFor[Material[310]:RABBIT_HIDE]" classname="org.bukkit.craftbukkit.inventory.FactoryItemMaterialTest" time="0.001"/>
  <testcase name="itemStack[Material[310]:RABBIT_HIDE]" classname="org.bukkit.craftbukkit.inventory.FactoryItemMaterialTest" time="0"/>
  <testcase name="blankEqualities[Material[311]:ARMOR_STAND]" classname="org.bukkit.craftbukkit.inventory.FactoryItemMaterialTest" time="0"/>
  <testcase name="generalCase[Material[311]:ARMOR_STAND]" classname="org.bukkit.craftbukkit.inventory.FactoryItemMaterialTest" time="0"/>
  <testcase name="asMetaFor[Material[311]:ARMOR_STAND]" classname="org.bukkit.craftbukkit.inventory.FactoryItemMaterialTest" time="0"/>
  <testcase name="itemStack[Material[311]:ARMOR_STAND]" classname="org.bukkit.craftbukkit.inventory.FactoryItemMaterialTest" time="0"/>
  <testcase name="blankEqualities[Material[312]:IRON_BARDING]" classname="org.bukkit.craftbukkit.inventory.FactoryItemMaterialTest" time="0"/>
  <testcase name="generalCase[Material[312]:IRON_BARDING]" classname="org.bukkit.craftbukkit.inventory.FactoryItemMaterialTest" time="0"/>
  <testcase name="asMetaFor[Material[312]:IRON_BARDING]" classname="org.bukkit.craftbukkit.inventory.FactoryItemMaterialTest" time="0.001"/>
  <testcase name="itemStack[Material[312]:IRON_BARDING]" classname="org.bukkit.craftbukkit.inventory.FactoryItemMaterialTest" time="0"/>
  <testcase name="blankEqualities[Material[313]:GOLD_BARDING]" classname="org.bukkit.craftbukkit.inventory.FactoryItemMaterialTest" time="0"/>
  <testcase name="generalCase[Material[313]:GOLD_BARDING]" classname="org.bukkit.craftbukkit.inventory.FactoryItemMaterialTest" time="0"/>
  <testcase name="asMetaFor[Material[313]:GOLD_BARDING]" classname="org.bukkit.craftbukkit.inventory.FactoryItemMaterialTest" time="0"/>
  <testcase name="itemStack[Material[313]:GOLD_BARDING]" classname="org.bukkit.craftbukkit.inventory.FactoryItemMaterialTest" time="0"/>
  <testcase name="blankEqualities[Material[314]:DIAMOND_BARDING]" classname="org.bukkit.craftbukkit.inventory.FactoryItemMaterialTest" time="0"/>
  <testcase name="generalCase[Material[314]:DIAMOND_BARDING]" classname="org.bukkit.craftbukkit.inventory.FactoryItemMaterialTest" time="0"/>
  <testcase name="asMetaFor[Material[314]:DIAMOND_BARDING]" classname="org.bukkit.craftbukkit.inventory.FactoryItemMaterialTest" time="0"/>
  <testcase name="itemStack[Material[314]:DIAMOND_BARDING]" classname="org.bukkit.craftbukkit.inventory.FactoryItemMaterialTest" time="0"/>
  <testcase name="blankEqualities[Material[315]:LEASH]" classname="org.bukkit.craftbukkit.inventory.FactoryItemMaterialTest" time="0"/>
  <testcase name="generalCase[Material[315]:LEASH]" classname="org.bukkit.craftbukkit.inventory.FactoryItemMaterialTest" time="0"/>
  <testcase name="asMetaFor[Material[315]:LEASH]" classname="org.bukkit.craftbukkit.inventory.FactoryItemMaterialTest" time="0"/>
  <testcase name="itemStack[Material[315]:LEASH]" classname="org.bukkit.craftbukkit.inventory.FactoryItemMaterialTest" time="0"/>
  <testcase name="blankEqualities[Material[316]:NAME_TAG]" classname="org.bukkit.craftbukkit.inventory.FactoryItemMaterialTest" time="0.001"/>
  <testcase name="generalCase[Material[316]:NAME_TAG]" classname="org.bukkit.craftbukkit.inventory.FactoryItemMaterialTest" time="0"/>
  <testcase name="asMetaFor[Material[316]:NAME_TAG]" classname="org.bukkit.craftbukkit.inventory.FactoryItemMaterialTest" time="0"/>
  <testcase name="itemStack[Material[316]:NAME_TAG]" classname="org.bukkit.craftbukkit.inventory.FactoryItemMaterialTest" time="0"/>
  <testcase name="blankEqualities[Material[317]:COMMAND_MINECART]" classname="org.bukkit.craftbukkit.inventory.FactoryItemMaterialTest" time="0"/>
  <testcase name="generalCase[Material[317]:COMMAND_MINECART]" classname="org.bukkit.craftbukkit.inventory.FactoryItemMaterialTest" time="0"/>
  <testcase name="asMetaFor[Material[317]:COMMAND_MINECART]" classname="org.bukkit.craftbukkit.inventory.FactoryItemMaterialTest" time="0"/>
  <testcase name="itemStack[Material[317]:COMMAND_MINECART]" classname="org.bukkit.craftbukkit.inventory.FactoryItemMaterialTest" time="0"/>
  <testcase name="blankEqualities[Material[318]:MUTTON]" classname="org.bukkit.craftbukkit.inventory.FactoryItemMaterialTest" time="0"/>
  <testcase name="generalCase[Material[318]:MUTTON]" classname="org.bukkit.craftbukkit.inventory.FactoryItemMaterialTest" time="0"/>
  <testcase name="asMetaFor[Material[318]:MUTTON]" classname="org.bukkit.craftbukkit.inventory.FactoryItemMaterialTest" time="0"/>
  <testcase name="itemStack[Material[318]:MUTTON]" classname="org.bukkit.craftbukkit.inventory.FactoryItemMaterialTest" time="0"/>
  <testcase name="blankEqualities[Material[319]:COOKED_MUTTON]" classname="org.bukkit.craftbukkit.inventory.FactoryItemMaterialTest" time="0"/>
  <testcase name="generalCase[Material[319]:COOKED_MUTTON]" classname="org.bukkit.craftbukkit.inventory.FactoryItemMaterialTest" time="0"/>
  <testcase name="asMetaFor[Material[319]:COOKED_MUTTON]" classname="org.bukkit.craftbukkit.inventory.FactoryItemMaterialTest" time="0"/>
  <testcase name="itemStack[Material[319]:COOKED_MUTTON]" classname="org.bukkit.craftbukkit.inventory.FactoryItemMaterialTest" time="0"/>
  <testcase name="blankEqualities[Material[320]:BANNER]" classname="org.bukkit.craftbukkit.inventory.FactoryItemMaterialTest" time="0.001"/>
  <testcase name="generalCase[Material[320]:BANNER]" classname="org.bukkit.craftbukkit.inventory.FactoryItemMaterialTest" time="0"/>
  <testcase name="asMetaFor[Material[320]:BANNER]" classname="org.bukkit.craftbukkit.inventory.FactoryItemMaterialTest" time="0"/>
  <testcase name="itemStack[Material[320]:BANNER]" classname="org.bukkit.craftbukkit.inventory.FactoryItemMaterialTest" time="0"/>
  <testcase name="blankEqualities[Material[321]:SPRUCE_DOOR_ITEM]" classname="org.bukkit.craftbukkit.inventory.FactoryItemMaterialTest" time="0.001"/>
  <testcase name="generalCase[Material[321]:SPRUCE_DOOR_ITEM]" classname="org.bukkit.craftbukkit.inventory.FactoryItemMaterialTest" time="0"/>
  <testcase name="asMetaFor[Material[321]:SPRUCE_DOOR_ITEM]" classname="org.bukkit.craftbukkit.inventory.FactoryItemMaterialTest" time="0"/>
  <testcase name="itemStack[Material[321]:SPRUCE_DOOR_ITEM]" classname="org.bukkit.craftbukkit.inventory.FactoryItemMaterialTest" time="0"/>
  <testcase name="blankEqualities[Material[322]:BIRCH_DOOR_ITEM]" classname="org.bukkit.craftbukkit.inventory.FactoryItemMaterialTest" time="0"/>
  <testcase name="generalCase[Material[322]:BIRCH_DOOR_ITEM]" classname="org.bukkit.craftbukkit.inventory.FactoryItemMaterialTest" time="0"/>
  <testcase name="asMetaFor[Material[322]:BIRCH_DOOR_ITEM]" classname="org.bukkit.craftbukkit.inventory.FactoryItemMaterialTest" time="0.001"/>
  <testcase name="itemStack[Material[322]:BIRCH_DOOR_ITEM]" classname="org.bukkit.craftbukkit.inventory.FactoryItemMaterialTest" time="0"/>
  <testcase name="blankEqualities[Material[323]:JUNGLE_DOOR_ITEM]" classname="org.bukkit.craftbukkit.inventory.FactoryItemMaterialTest" time="0"/>
  <testcase name="generalCase[Material[323]:JUNGLE_DOOR_ITEM]" classname="org.bukkit.craftbukkit.inventory.FactoryItemMaterialTest" time="0"/>
  <testcase name="asMetaFor[Material[323]:JUNGLE_DOOR_ITEM]" classname="org.bukkit.craftbukkit.inventory.FactoryItemMaterialTest" time="0"/>
  <testcase name="itemStack[Material[323]:JUNGLE_DOOR_ITEM]" classname="org.bukkit.craftbukkit.inventory.FactoryItemMaterialTest" time="0"/>
  <testcase name="blankEqualities[Material[324]:ACACIA_DOOR_ITEM]" classname="org.bukkit.craftbukkit.inventory.FactoryItemMaterialTest" time="0"/>
  <testcase name="generalCase[Material[324]:ACACIA_DOOR_ITEM]" classname="org.bukkit.craftbukkit.inventory.FactoryItemMaterialTest" time="0"/>
  <testcase name="asMetaFor[Material[324]:ACACIA_DOOR_ITEM]" classname="org.bukkit.craftbukkit.inventory.FactoryItemMaterialTest" time="0"/>
  <testcase name="itemStack[Material[324]:ACACIA_DOOR_ITEM]" classname="org.bukkit.craftbukkit.inventory.FactoryItemMaterialTest" time="0"/>
  <testcase name="blankEqualities[Material[325]:DARK_OAK_DOOR_ITEM]" classname="org.bukkit.craftbukkit.inventory.FactoryItemMaterialTest" time="0"/>
  <testcase name="generalCase[Material[325]:DARK_OAK_DOOR_ITEM]" classname="org.bukkit.craftbukkit.inventory.FactoryItemMaterialTest" time="0"/>
  <testcase name="asMetaFor[Material[325]:DARK_OAK_DOOR_ITEM]" classname="org.bukkit.craftbukkit.inventory.FactoryItemMaterialTest" time="0"/>
  <testcase name="itemStack[Material[325]:DARK_OAK_DOOR_ITEM]" classname="org.bukkit.craftbukkit.inventory.FactoryItemMaterialTest" time="0"/>
  <testcase name="blankEqualities[Material[326]:GOLD_RECORD]" classname="org.bukkit.craftbukkit.inventory.FactoryItemMaterialTest" time="0"/>
  <testcase name="generalCase[Material[326]:GOLD_RECORD]" classname="org.bukkit.craftbukkit.inventory.FactoryItemMaterialTest" time="0"/>
  <testcase name="asMetaFor[Material[326]:GOLD_RECORD]" classname="org.bukkit.craftbukkit.inventory.FactoryItemMaterialTest" time="0"/>
  <testcase name="itemStack[Material[326]:GOLD_RECORD]" classname="org.bukkit.craftbukkit.inventory.FactoryItemMaterialTest" time="0"/>
  <testcase name="blankEqualities[Material[327]:GREEN_RECORD]" classname="org.bukkit.craftbukkit.inventory.FactoryItemMaterialTest" time="0"/>
  <testcase name="generalCase[Material[327]:GREEN_RECORD]" classname="org.bukkit.craftbukkit.inventory.FactoryItemMaterialTest" time="0"/>
  <testcase name="asMetaFor[Material[327]:GREEN_RECORD]" classname="org.bukkit.craftbukkit.inventory.FactoryItemMaterialTest" time="0"/>
  <testcase name="itemStack[Material[327]:GREEN_RECORD]" classname="org.bukkit.craftbukkit.inventory.FactoryItemMaterialTest" time="0"/>
  <testcase name="blankEqualities[Material[328]:RECORD_3]" classname="org.bukkit.craftbukkit.inventory.FactoryItemMaterialTest" time="0.001"/>
  <testcase name="generalCase[Material[328]:RECORD_3]" classname="org.bukkit.craftbukkit.inventory.FactoryItemMaterialTest" time="0"/>
  <testcase name="asMetaFor[Material[328]:RECORD_3]" classname="org.bukkit.craftbukkit.inventory.FactoryItemMaterialTest" time="0"/>
  <testcase name="itemStack[Material[328]:RECORD_3]" classname="org.bukkit.craftbukkit.inventory.FactoryItemMaterialTest" time="0"/>
  <testcase name="blankEqualities[Material[329]:RECORD_4]" classname="org.bukkit.craftbukkit.inventory.FactoryItemMaterialTest" time="0"/>
  <testcase name="generalCase[Material[329]:RECORD_4]" classname="org.bukkit.craftbukkit.inventory.FactoryItemMaterialTest" time="0"/>
  <testcase name="asMetaFor[Material[329]:RECORD_4]" classname="org.bukkit.craftbukkit.inventory.FactoryItemMaterialTest" time="0"/>
  <testcase name="itemStack[Material[329]:RECORD_4]" classname="org.bukkit.craftbukkit.inventory.FactoryItemMaterialTest" time="0"/>
  <testcase name="blankEqualities[Material[330]:RECORD_5]" classname="org.bukkit.craftbukkit.inventory.FactoryItemMaterialTest" time="0.001"/>
  <testcase name="generalCase[Material[330]:RECORD_5]" classname="org.bukkit.craftbukkit.inventory.FactoryItemMaterialTest" time="0"/>
  <testcase name="asMetaFor[Material[330]:RECORD_5]" classname="org.bukkit.craftbukkit.inventory.FactoryItemMaterialTest" time="0"/>
  <testcase name="itemStack[Material[330]:RECORD_5]" classname="org.bukkit.craftbukkit.inventory.FactoryItemMaterialTest" time="0"/>
  <testcase name="blankEqualities[Material[331]:RECORD_6]" classname="org.bukkit.craftbukkit.inventory.FactoryItemMaterialTest" time="0"/>
  <testcase name="generalCase[Material[331]:RECORD_6]" classname="org.bukkit.craftbukkit.inventory.FactoryItemMaterialTest" time="0"/>
  <testcase name="asMetaFor[Material[331]:RECORD_6]" classname="org.bukkit.craftbukkit.inventory.FactoryItemMaterialTest" time="0"/>
  <testcase name="itemStack[Material[331]:RECORD_6]" classname="org.bukkit.craftbukkit.inventory.FactoryItemMaterialTest" time="0"/>
  <testcase name="blankEqualities[Material[332]:RECORD_7]" classname="org.bukkit.craftbukkit.inventory.FactoryItemMaterialTest" time="0"/>
  <testcase name="generalCase[Material[332]:RECORD_7]" classname="org.bukkit.craftbukkit.inventory.FactoryItemMaterialTest" time="0"/>
  <testcase name="asMetaFor[Material[332]:RECORD_7]" classname="org.bukkit.craftbukkit.inventory.FactoryItemMaterialTest" time="0"/>
  <testcase name="itemStack[Material[332]:RECORD_7]" classname="org.bukkit.craftbukkit.inventory.FactoryItemMaterialTest" time="0"/>
  <testcase name="blankEqualities[Material[333]:RECORD_8]" classname="org.bukkit.craftbukkit.inventory.FactoryItemMaterialTest" time="0.001"/>
  <testcase name="generalCase[Material[333]:RECORD_8]" classname="org.bukkit.craftbukkit.inventory.FactoryItemMaterialTest" time="0"/>
  <testcase name="asMetaFor[Material[333]:RECORD_8]" classname="org.bukkit.craftbukkit.inventory.FactoryItemMaterialTest" time="0"/>
  <testcase name="itemStack[Material[333]:RECORD_8]" classname="org.bukkit.craftbukkit.inventory.FactoryItemMaterialTest" time="0"/>
  <testcase name="blankEqualities[Material[334]:RECORD_9]" classname="org.bukkit.craftbukkit.inventory.FactoryItemMaterialTest" time="0"/>
  <testcase name="generalCase[Material[334]:RECORD_9]" classname="org.bukkit.craftbukkit.inventory.FactoryItemMaterialTest" time="0"/>
  <testcase name="asMetaFor[Material[334]:RECORD_9]" classname="org.bukkit.craftbukkit.inventory.FactoryItemMaterialTest" time="0.001"/>
  <testcase name="itemStack[Material[334]:RECORD_9]" classname="org.bukkit.craftbukkit.inventory.FactoryItemMaterialTest" time="0"/>
  <testcase name="blankEqualities[Material[335]:RECORD_10]" classname="org.bukkit.craftbukkit.inventory.FactoryItemMaterialTest" time="0"/>
  <testcase name="generalCase[Material[335]:RECORD_10]" classname="org.bukkit.craftbukkit.inventory.FactoryItemMaterialTest" time="0"/>
  <testcase name="asMetaFor[Material[335]:RECORD_10]" classname="org.bukkit.craftbukkit.inventory.FactoryItemMaterialTest" time="0"/>
  <testcase name="itemStack[Material[335]:RECORD_10]" classname="org.bukkit.craftbukkit.inventory.FactoryItemMaterialTest" time="0"/>
  <testcase name="blankEqualities[Material[336]:RECORD_11]" classname="org.bukkit.craftbukkit.inventory.FactoryItemMaterialTest" time="0.001"/>
  <testcase name="generalCase[Material[336]:RECORD_11]" classname="org.bukkit.craftbukkit.inventory.FactoryItemMaterialTest" time="0"/>
  <testcase name="asMetaFor[Material[336]:RECORD_11]" classname="org.bukkit.craftbukkit.inventory.FactoryItemMaterialTest" time="0"/>
  <testcase name="itemStack[Material[336]:RECORD_11]" classname="org.bukkit.craftbukkit.inventory.FactoryItemMaterialTest" time="0"/>
  <testcase name="blankEqualities[Material[337]:RECORD_12]" classname="org.bukkit.craftbukkit.inventory.FactoryItemMaterialTest" time="0"/>
  <testcase name="generalCase[Material[337]:RECORD_12]" classname="org.bukkit.craftbukkit.inventory.FactoryItemMaterialTest" time="0"/>
  <testcase name="asMetaFor[Material[337]:RECORD_12]" classname="org.bukkit.craftbukkit.inventory.FactoryItemMaterialTest" time="0"/>
  <testcase name="itemStack[Material[337]:RECORD_12]" classname="org.bukkit.craftbukkit.inventory.FactoryItemMaterialTest" time="0"/>
</testsuite>