<?xml version="1.0" encoding="UTF-8"?>
<testsuite name="org.bukkit.PerMaterialTest" time="0.105" tests="3850" errors="0" skipped="0" failures="0">
  <properties>
    <property name="java.runtime.name" value="Java(TM) SE Runtime Environment"/>
    <property name="sun.boot.library.path" value="C:\Program Files\Java\jre1.8.0_202\bin"/>
    <property name="java.vm.version" value="25.202-b08"/>
    <property name="java.vm.vendor" value="Oracle Corporation"/>
    <property name="maven.multiModuleProjectDirectory" value="C:/Users/Rafael/Desktop/Spigot-1.8.8-V2-main/Spigot"/>
    <property name="java.vendor.url" value="http://java.oracle.com/"/>
    <property name="path.separator" value=";"/>
    <property name="guice.disable.misplaced.annotation.check" value="true"/>
    <property name="java.vm.name" value="Java HotSpot(TM) 64-Bit Server VM"/>
    <property name="file.encoding.pkg" value="sun.io"/>
    <property name="user.script" value=""/>
    <property name="user.country" value="BR"/>
    <property name="sun.java.launcher" value="SUN_STANDARD"/>
    <property name="sun.os.patch.level" value=""/>
    <property name="java.vm.specification.name" value="Java Virtual Machine Specification"/>
    <property name="user.dir" value="C:\Users\Rafael\Desktop\Spigot-1.8.8-V2-main\Spigot"/>
    <property name="java.runtime.version" value="1.8.0_202-b08"/>
    <property name="java.awt.graphicsenv" value="sun.awt.Win32GraphicsEnvironment"/>
    <property name="java.endorsed.dirs" value="C:\Program Files\Java\jre1.8.0_202\lib\endorsed"/>
    <property name="os.arch" value="amd64"/>
    <property name="java.io.tmpdir" value="C:\Users\Rafael\AppData\Local\Temp\"/>
    <property name="line.separator" value="&#10;"/>
    <property name="java.vm.specification.vendor" value="Oracle Corporation"/>
    <property name="user.variant" value=""/>
    <property name="os.name" value="Windows 10"/>
    <property name="classworlds.conf" value="C:/apache-maven-3.9.9-bin/bin/m2.conf"/>
    <property name="sun.jnu.encoding" value="Cp1252"/>
    <property name="java.library.path" value="C:\Program Files (x86)\Common Files\Oracle\Java\javapath;C:\Windows\Sun\Java\bin;C:\Windows\system32;C:\Windows;C:\Users\Rafael\bin;C:\Program Files\Git\mingw64\bin;C:\Program Files\Git\usr\local\bin;C:\Program Files\Git\usr\bin;C:\Program Files\Git\usr\bin;C:\Program Files\Git\mingw64\bin;C:\Program Files\Git\usr\bin;C:\Users\Rafael\bin;C:\Program Files (x86)\Common Files\Oracle\Java\javapath;C:\Windows\system32;C:\Windows;C:\Windows\System32\Wbem;C:\Windows\System32\WindowsPowerShell\v1.0;C:\Windows\System32\OpenSSH;C:\Program Files (x86)\Bitvise SSH Client;C:\Program Files\Git\cmd;C:\Users\Rafael\AppData\Local\Microsoft\WindowsApps;C:\Users\Rafael\AppData\Local\GitHubDesktop\bin;C:\apache-maven-3.9.9-bin\bin;C:\Program Files\Git\usr\bin\vendor_perl;C:\Program Files\Git\usr\bin\core_perl;."/>
    <property name="maven.conf" value="C:/apache-maven-3.9.9-bin/conf"/>
    <property name="java.specification.name" value="Java Platform API Specification"/>
    <property name="java.class.version" value="52.0"/>
    <property name="sun.management.compiler" value="HotSpot 64-Bit Tiered Compilers"/>
    <property name="os.version" value="10.0"/>
    <property name="library.jansi.path" value="C:/apache-maven-3.9.9-bin/lib/jansi-native"/>
    <property name="user.home" value="C:\Users\Rafael"/>
    <property name="user.timezone" value="America/Sao_Paulo"/>
    <property name="java.awt.printerjob" value="sun.awt.windows.WPrinterJob"/>
    <property name="java.specification.version" value="1.8"/>
    <property name="file.encoding" value="Cp1252"/>
    <property name="user.name" value="Rafael"/>
    <property name="java.class.path" value="C:/apache-maven-3.9.9-bin/boot/plexus-classworlds-2.8.0.jar"/>
    <property name="java.vm.specification.version" value="1.8"/>
    <property name="sun.arch.data.model" value="64"/>
    <property name="java.home" value="C:\Program Files\Java\jre1.8.0_202"/>
    <property name="sun.java.command" value="org.codehaus.plexus.classworlds.launcher.Launcher clean install"/>
    <property name="java.specification.vendor" value="Oracle Corporation"/>
    <property name="user.language" value="pt"/>
    <property name="awt.toolkit" value="sun.awt.windows.WToolkit"/>
    <property name="java.vm.info" value="mixed mode"/>
    <property name="java.version" value="1.8.0_202"/>
    <property name="java.ext.dirs" value="C:\Program Files\Java\jre1.8.0_202\lib\ext;C:\Windows\Sun\Java\lib\ext"/>
    <property name="sun.boot.class.path" value="C:\Program Files\Java\jre1.8.0_202\lib\resources.jar;C:\Program Files\Java\jre1.8.0_202\lib\rt.jar;C:\Program Files\Java\jre1.8.0_202\lib\sunrsasign.jar;C:\Program Files\Java\jre1.8.0_202\lib\jsse.jar;C:\Program Files\Java\jre1.8.0_202\lib\jce.jar;C:\Program Files\Java\jre1.8.0_202\lib\charsets.jar;C:\Program Files\Java\jre1.8.0_202\lib\jfr.jar;C:\Program Files\Java\jre1.8.0_202\classes"/>
    <property name="sun.stderr.encoding" value="cp850"/>
    <property name="java.vendor" value="Oracle Corporation"/>
    <property name="maven.home" value="C:\apache-maven-3.9.9-bin"/>
    <property name="file.separator" value="\"/>
    <property name="java.vendor.url.bug" value="http://bugreport.sun.com/bugreport/"/>
    <property name="sun.cpu.endian" value="little"/>
    <property name="sun.io.unicode.encoding" value="UnicodeLittle"/>
    <property name="sun.stdout.encoding" value="cp850"/>
    <property name="sun.desktop" value="windows"/>
    <property name="sun.cpu.isalist" value="amd64"/>
  </properties>
  <testcase name="hasGravity[0: AIR]" classname="org.bukkit.PerMaterialTest" time="0"/>
  <testcase name="isBurnable[0: AIR]" classname="org.bukkit.PerMaterialTest" time="0.001"/>
  <testcase name="isEdible[0: AIR]" classname="org.bukkit.PerMaterialTest" time="0"/>
  <testcase name="maxDurability[0: AIR]" classname="org.bukkit.PerMaterialTest" time="0"/>
  <testcase name="isOccluding[0: AIR]" classname="org.bukkit.PerMaterialTest" time="0"/>
  <testcase name="isRecord[0: AIR]" classname="org.bukkit.PerMaterialTest" time="0"/>
  <testcase name="isFlammable[0: AIR]" classname="org.bukkit.PerMaterialTest" time="0"/>
  <testcase name="maxStackSize[0: AIR]" classname="org.bukkit.PerMaterialTest" time="0"/>
  <testcase name="isTransparent[0: AIR]" classname="org.bukkit.PerMaterialTest" time="0"/>
  <testcase name="isSolid[0: AIR]" classname="org.bukkit.PerMaterialTest" time="0"/>
  <testcase name="hasGravity[1: STONE]" classname="org.bukkit.PerMaterialTest" time="0"/>
  <testcase name="isBurnable[1: STONE]" classname="org.bukkit.PerMaterialTest" time="0"/>
  <testcase name="isEdible[1: STONE]" classname="org.bukkit.PerMaterialTest" time="0"/>
  <testcase name="maxDurability[1: STONE]" classname="org.bukkit.PerMaterialTest" time="0"/>
  <testcase name="isOccluding[1: STONE]" classname="org.bukkit.PerMaterialTest" time="0"/>
  <testcase name="isRecord[1: STONE]" classname="org.bukkit.PerMaterialTest" time="0"/>
  <testcase name="isFlammable[1: STONE]" classname="org.bukkit.PerMaterialTest" time="0"/>
  <testcase name="maxStackSize[1: STONE]" classname="org.bukkit.PerMaterialTest" time="0"/>
  <testcase name="isTransparent[1: STONE]" classname="org.bukkit.PerMaterialTest" time="0"/>
  <testcase name="isSolid[1: STONE]" classname="org.bukkit.PerMaterialTest" time="0"/>
  <testcase name="hasGravity[2: GRASS]" classname="org.bukkit.PerMaterialTest" time="0"/>
  <testcase name="isBurnable[2: GRASS]" classname="org.bukkit.PerMaterialTest" time="0"/>
  <testcase name="isEdible[2: GRASS]" classname="org.bukkit.PerMaterialTest" time="0"/>
  <testcase name="maxDurability[2: GRASS]" classname="org.bukkit.PerMaterialTest" time="0"/>
  <testcase name="isOccluding[2: GRASS]" classname="org.bukkit.PerMaterialTest" time="0"/>
  <testcase name="isRecord[2: GRASS]" classname="org.bukkit.PerMaterialTest" time="0"/>
  <testcase name="isFlammable[2: GRASS]" classname="org.bukkit.PerMaterialTest" time="0"/>
  <testcase name="maxStackSize[2: GRASS]" classname="org.bukkit.PerMaterialTest" time="0"/>
  <testcase name="isTransparent[2: GRASS]" classname="org.bukkit.PerMaterialTest" time="0"/>
  <testcase name="isSolid[2: GRASS]" classname="org.bukkit.PerMaterialTest" time="0"/>
  <testcase name="hasGravity[3: DIRT]" classname="org.bukkit.PerMaterialTest" time="0"/>
  <testcase name="isBurnable[3: DIRT]" classname="org.bukkit.PerMaterialTest" time="0"/>
  <testcase name="isEdible[3: DIRT]" classname="org.bukkit.PerMaterialTest" time="0"/>
  <testcase name="maxDurability[3: DIRT]" classname="org.bukkit.PerMaterialTest" time="0"/>
  <testcase name="isOccluding[3: DIRT]" classname="org.bukkit.PerMaterialTest" time="0"/>
  <testcase name="isRecord[3: DIRT]" classname="org.bukkit.PerMaterialTest" time="0"/>
  <testcase name="isFlammable[3: DIRT]" classname="org.bukkit.PerMaterialTest" time="0"/>
  <testcase name="maxStackSize[3: DIRT]" classname="org.bukkit.PerMaterialTest" time="0"/>
  <testcase name="isTransparent[3: DIRT]" classname="org.bukkit.PerMaterialTest" time="0"/>
  <testcase name="isSolid[3: DIRT]" classname="org.bukkit.PerMaterialTest" time="0"/>
  <testcase name="hasGravity[4: COBBLESTONE]" classname="org.bukkit.PerMaterialTest" time="0"/>
  <testcase name="isBurnable[4: COBBLESTONE]" classname="org.bukkit.PerMaterialTest" time="0"/>
  <testcase name="isEdible[4: COBBLESTONE]" classname="org.bukkit.PerMaterialTest" time="0"/>
  <testcase name="maxDurability[4: COBBLESTONE]" classname="org.bukkit.PerMaterialTest" time="0"/>
  <testcase name="isOccluding[4: COBBLESTONE]" classname="org.bukkit.PerMaterialTest" time="0"/>
  <testcase name="isRecord[4: COBBLESTONE]" classname="org.bukkit.PerMaterialTest" time="0"/>
  <testcase name="isFlammable[4: COBBLESTONE]" classname="org.bukkit.PerMaterialTest" time="0"/>
  <testcase name="maxStackSize[4: COBBLESTONE]" classname="org.bukkit.PerMaterialTest" time="0"/>
  <testcase name="isTransparent[4: COBBLESTONE]" classname="org.bukkit.PerMaterialTest" time="0"/>
  <testcase name="isSolid[4: COBBLESTONE]" classname="org.bukkit.PerMaterialTest" time="0"/>
  <testcase name="hasGravity[5: WOOD]" classname="org.bukkit.PerMaterialTest" time="0"/>
  <testcase name="isBurnable[5: WOOD]" classname="org.bukkit.PerMaterialTest" time="0"/>
  <testcase name="isEdible[5: WOOD]" classname="org.bukkit.PerMaterialTest" time="0"/>
  <testcase name="maxDurability[5: WOOD]" classname="org.bukkit.PerMaterialTest" time="0"/>
  <testcase name="isOccluding[5: WOOD]" classname="org.bukkit.PerMaterialTest" time="0"/>
  <testcase name="isRecord[5: WOOD]" classname="org.bukkit.PerMaterialTest" time="0"/>
  <testcase name="isFlammable[5: WOOD]" classname="org.bukkit.PerMaterialTest" time="0"/>
  <testcase name="maxStackSize[5: WOOD]" classname="org.bukkit.PerMaterialTest" time="0"/>
  <testcase name="isTransparent[5: WOOD]" classname="org.bukkit.PerMaterialTest" time="0"/>
  <testcase name="isSolid[5: WOOD]" classname="org.bukkit.PerMaterialTest" time="0"/>
  <testcase name="hasGravity[6: SAPLING]" classname="org.bukkit.PerMaterialTest" time="0"/>
  <testcase name="isBurnable[6: SAPLING]" classname="org.bukkit.PerMaterialTest" time="0"/>
  <testcase name="isEdible[6: SAPLING]" classname="org.bukkit.PerMaterialTest" time="0"/>
  <testcase name="maxDurability[6: SAPLING]" classname="org.bukkit.PerMaterialTest" time="0"/>
  <testcase name="isOccluding[6: SAPLING]" classname="org.bukkit.PerMaterialTest" time="0"/>
  <testcase name="isRecord[6: SAPLING]" classname="org.bukkit.PerMaterialTest" time="0"/>
  <testcase name="isFlammable[6: SAPLING]" classname="org.bukkit.PerMaterialTest" time="0"/>
  <testcase name="maxStackSize[6: SAPLING]" classname="org.bukkit.PerMaterialTest" time="0"/>
  <testcase name="isTransparent[6: SAPLING]" classname="org.bukkit.PerMaterialTest" time="0"/>
  <testcase name="isSolid[6: SAPLING]" classname="org.bukkit.PerMaterialTest" time="0"/>
  <testcase name="hasGravity[7: BEDROCK]" classname="org.bukkit.PerMaterialTest" time="0"/>
  <testcase name="isBurnable[7: BEDROCK]" classname="org.bukkit.PerMaterialTest" time="0"/>
  <testcase name="isEdible[7: BEDROCK]" classname="org.bukkit.PerMaterialTest" time="0"/>
  <testcase name="maxDurability[7: BEDROCK]" classname="org.bukkit.PerMaterialTest" time="0"/>
  <testcase name="isOccluding[7: BEDROCK]" classname="org.bukkit.PerMaterialTest" time="0"/>
  <testcase name="isRecord[7: BEDROCK]" classname="org.bukkit.PerMaterialTest" time="0"/>
  <testcase name="isFlammable[7: BEDROCK]" classname="org.bukkit.PerMaterialTest" time="0"/>
  <testcase name="maxStackSize[7: BEDROCK]" classname="org.bukkit.PerMaterialTest" time="0"/>
  <testcase name="isTransparent[7: BEDROCK]" classname="org.bukkit.PerMaterialTest" time="0"/>
  <testcase name="isSolid[7: BEDROCK]" classname="org.bukkit.PerMaterialTest" time="0"/>
  <testcase name="hasGravity[8: WATER]" classname="org.bukkit.PerMaterialTest" time="0"/>
  <testcase name="isBurnable[8: WATER]" classname="org.bukkit.PerMaterialTest" time="0"/>
  <testcase name="isEdible[8: WATER]" classname="org.bukkit.PerMaterialTest" time="0"/>
  <testcase name="maxDurability[8: WATER]" classname="org.bukkit.PerMaterialTest" time="0"/>
  <testcase name="isOccluding[8: WATER]" classname="org.bukkit.PerMaterialTest" time="0"/>
  <testcase name="isRecord[8: WATER]" classname="org.bukkit.PerMaterialTest" time="0"/>
  <testcase name="isFlammable[8: WATER]" classname="org.bukkit.PerMaterialTest" time="0"/>
  <testcase name="maxStackSize[8: WATER]" classname="org.bukkit.PerMaterialTest" time="0"/>
  <testcase name="isTransparent[8: WATER]" classname="org.bukkit.PerMaterialTest" time="0"/>
  <testcase name="isSolid[8: WATER]" classname="org.bukkit.PerMaterialTest" time="0"/>
  <testcase name="hasGravity[9: STATIONARY_WATER]" classname="org.bukkit.PerMaterialTest" time="0"/>
  <testcase name="isBurnable[9: STATIONARY_WATER]" classname="org.bukkit.PerMaterialTest" time="0"/>
  <testcase name="isEdible[9: STATIONARY_WATER]" classname="org.bukkit.PerMaterialTest" time="0"/>
  <testcase name="maxDurability[9: STATIONARY_WATER]" classname="org.bukkit.PerMaterialTest" time="0"/>
  <testcase name="isOccluding[9: STATIONARY_WATER]" classname="org.bukkit.PerMaterialTest" time="0"/>
  <testcase name="isRecord[9: STATIONARY_WATER]" classname="org.bukkit.PerMaterialTest" time="0"/>
  <testcase name="isFlammable[9: STATIONARY_WATER]" classname="org.bukkit.PerMaterialTest" time="0"/>
  <testcase name="maxStackSize[9: STATIONARY_WATER]" classname="org.bukkit.PerMaterialTest" time="0"/>
  <testcase name="isTransparent[9: STATIONARY_WATER]" classname="org.bukkit.PerMaterialTest" time="0"/>
  <testcase name="isSolid[9: STATIONARY_WATER]" classname="org.bukkit.PerMaterialTest" time="0"/>
  <testcase name="hasGravity[10: LAVA]" classname="org.bukkit.PerMaterialTest" time="0"/>
  <testcase name="isBurnable[10: LAVA]" classname="org.bukkit.PerMaterialTest" time="0"/>
  <testcase name="isEdible[10: LAVA]" classname="org.bukkit.PerMaterialTest" time="0"/>
  <testcase name="maxDurability[10: LAVA]" classname="org.bukkit.PerMaterialTest" time="0"/>
  <testcase name="isOccluding[10: LAVA]" classname="org.bukkit.PerMaterialTest" time="0"/>
  <testcase name="isRecord[10: LAVA]" classname="org.bukkit.PerMaterialTest" time="0"/>
  <testcase name="isFlammable[10: LAVA]" classname="org.bukkit.PerMaterialTest" time="0"/>
  <testcase name="maxStackSize[10: LAVA]" classname="org.bukkit.PerMaterialTest" time="0"/>
  <testcase name="isTransparent[10: LAVA]" classname="org.bukkit.PerMaterialTest" time="0"/>
  <testcase name="isSolid[10: LAVA]" classname="org.bukkit.PerMaterialTest" time="0"/>
  <testcase name="hasGravity[11: STATIONARY_LAVA]" classname="org.bukkit.PerMaterialTest" time="0"/>
  <testcase name="isBurnable[11: STATIONARY_LAVA]" classname="org.bukkit.PerMaterialTest" time="0"/>
  <testcase name="isEdible[11: STATIONARY_LAVA]" classname="org.bukkit.PerMaterialTest" time="0"/>
  <testcase name="maxDurability[11: STATIONARY_LAVA]" classname="org.bukkit.PerMaterialTest" time="0"/>
  <testcase name="isOccluding[11: STATIONARY_LAVA]" classname="org.bukkit.PerMaterialTest" time="0"/>
  <testcase name="isRecord[11: STATIONARY_LAVA]" classname="org.bukkit.PerMaterialTest" time="0"/>
  <testcase name="isFlammable[11: STATIONARY_LAVA]" classname="org.bukkit.PerMaterialTest" time="0"/>
  <testcase name="maxStackSize[11: STATIONARY_LAVA]" classname="org.bukkit.PerMaterialTest" time="0"/>
  <testcase name="isTransparent[11: STATIONARY_LAVA]" classname="org.bukkit.PerMaterialTest" time="0"/>
  <testcase name="isSolid[11: STATIONARY_LAVA]" classname="org.bukkit.PerMaterialTest" time="0"/>
  <testcase name="hasGravity[12: SAND]" classname="org.bukkit.PerMaterialTest" time="0"/>
  <testcase name="isBurnable[12: SAND]" classname="org.bukkit.PerMaterialTest" time="0"/>
  <testcase name="isEdible[12: SAND]" classname="org.bukkit.PerMaterialTest" time="0"/>
  <testcase name="maxDurability[12: SAND]" classname="org.bukkit.PerMaterialTest" time="0"/>
  <testcase name="isOccluding[12: SAND]" classname="org.bukkit.PerMaterialTest" time="0"/>
  <testcase name="isRecord[12: SAND]" classname="org.bukkit.PerMaterialTest" time="0"/>
  <testcase name="isFlammable[12: SAND]" classname="org.bukkit.PerMaterialTest" time="0"/>
  <testcase name="maxStackSize[12: SAND]" classname="org.bukkit.PerMaterialTest" time="0"/>
  <testcase name="isTransparent[12: SAND]" classname="org.bukkit.PerMaterialTest" time="0"/>
  <testcase name="isSolid[12: SAND]" classname="org.bukkit.PerMaterialTest" time="0"/>
  <testcase name="hasGravity[13: GRAVEL]" classname="org.bukkit.PerMaterialTest" time="0"/>
  <testcase name="isBurnable[13: GRAVEL]" classname="org.bukkit.PerMaterialTest" time="0"/>
  <testcase name="isEdible[13: GRAVEL]" classname="org.bukkit.PerMaterialTest" time="0"/>
  <testcase name="maxDurability[13: GRAVEL]" classname="org.bukkit.PerMaterialTest" time="0"/>
  <testcase name="isOccluding[13: GRAVEL]" classname="org.bukkit.PerMaterialTest" time="0"/>
  <testcase name="isRecord[13: GRAVEL]" classname="org.bukkit.PerMaterialTest" time="0"/>
  <testcase name="isFlammable[13: GRAVEL]" classname="org.bukkit.PerMaterialTest" time="0"/>
  <testcase name="maxStackSize[13: GRAVEL]" classname="org.bukkit.PerMaterialTest" time="0"/>
  <testcase name="isTransparent[13: GRAVEL]" classname="org.bukkit.PerMaterialTest" time="0"/>
  <testcase name="isSolid[13: GRAVEL]" classname="org.bukkit.PerMaterialTest" time="0"/>
  <testcase name="hasGravity[14: GOLD_ORE]" classname="org.bukkit.PerMaterialTest" time="0"/>
  <testcase name="isBurnable[14: GOLD_ORE]" classname="org.bukkit.PerMaterialTest" time="0.001"/>
  <testcase name="isEdible[14: GOLD_ORE]" classname="org.bukkit.PerMaterialTest" time="0"/>
  <testcase name="maxDurability[14: GOLD_ORE]" classname="org.bukkit.PerMaterialTest" time="0"/>
  <testcase name="isOccluding[14: GOLD_ORE]" classname="org.bukkit.PerMaterialTest" time="0"/>
  <testcase name="isRecord[14: GOLD_ORE]" classname="org.bukkit.PerMaterialTest" time="0"/>
  <testcase name="isFlammable[14: GOLD_ORE]" classname="org.bukkit.PerMaterialTest" time="0"/>
  <testcase name="maxStackSize[14: GOLD_ORE]" classname="org.bukkit.PerMaterialTest" time="0"/>
  <testcase name="isTransparent[14: GOLD_ORE]" classname="org.bukkit.PerMaterialTest" time="0"/>
  <testcase name="isSolid[14: GOLD_ORE]" classname="org.bukkit.PerMaterialTest" time="0"/>
  <testcase name="hasGravity[15: IRON_ORE]" classname="org.bukkit.PerMaterialTest" time="0"/>
  <testcase name="isBurnable[15: IRON_ORE]" classname="org.bukkit.PerMaterialTest" time="0"/>
  <testcase name="isEdible[15: IRON_ORE]" classname="org.bukkit.PerMaterialTest" time="0.001"/>
  <testcase name="maxDurability[15: IRON_ORE]" classname="org.bukkit.PerMaterialTest" time="0"/>
  <testcase name="isOccluding[15: IRON_ORE]" classname="org.bukkit.PerMaterialTest" time="0"/>
  <testcase name="isRecord[15: IRON_ORE]" classname="org.bukkit.PerMaterialTest" time="0.001"/>
  <testcase name="isFlammable[15: IRON_ORE]" classname="org.bukkit.PerMaterialTest" time="0"/>
  <testcase name="maxStackSize[15: IRON_ORE]" classname="org.bukkit.PerMaterialTest" time="0"/>
  <testcase name="isTransparent[15: IRON_ORE]" classname="org.bukkit.PerMaterialTest" time="0"/>
  <testcase name="isSolid[15: IRON_ORE]" classname="org.bukkit.PerMaterialTest" time="0.001"/>
  <testcase name="hasGravity[16: COAL_ORE]" classname="org.bukkit.PerMaterialTest" time="0"/>
  <testcase name="isBurnable[16: COAL_ORE]" classname="org.bukkit.PerMaterialTest" time="0"/>
  <testcase name="isEdible[16: COAL_ORE]" classname="org.bukkit.PerMaterialTest" time="0"/>
  <testcase name="maxDurability[16: COAL_ORE]" classname="org.bukkit.PerMaterialTest" time="0"/>
  <testcase name="isOccluding[16: COAL_ORE]" classname="org.bukkit.PerMaterialTest" time="0"/>
  <testcase name="isRecord[16: COAL_ORE]" classname="org.bukkit.PerMaterialTest" time="0"/>
  <testcase name="isFlammable[16: COAL_ORE]" classname="org.bukkit.PerMaterialTest" time="0"/>
  <testcase name="maxStackSize[16: COAL_ORE]" classname="org.bukkit.PerMaterialTest" time="0"/>
  <testcase name="isTransparent[16: COAL_ORE]" classname="org.bukkit.PerMaterialTest" time="0"/>
  <testcase name="isSolid[16: COAL_ORE]" classname="org.bukkit.PerMaterialTest" time="0"/>
  <testcase name="hasGravity[17: LOG]" classname="org.bukkit.PerMaterialTest" time="0"/>
  <testcase name="isBurnable[17: LOG]" classname="org.bukkit.PerMaterialTest" time="0"/>
  <testcase name="isEdible[17: LOG]" classname="org.bukkit.PerMaterialTest" time="0"/>
  <testcase name="maxDurability[17: LOG]" classname="org.bukkit.PerMaterialTest" time="0"/>
  <testcase name="isOccluding[17: LOG]" classname="org.bukkit.PerMaterialTest" time="0"/>
  <testcase name="isRecord[17: LOG]" classname="org.bukkit.PerMaterialTest" time="0"/>
  <testcase name="isFlammable[17: LOG]" classname="org.bukkit.PerMaterialTest" time="0"/>
  <testcase name="maxStackSize[17: LOG]" classname="org.bukkit.PerMaterialTest" time="0"/>
  <testcase name="isTransparent[17: LOG]" classname="org.bukkit.PerMaterialTest" time="0"/>
  <testcase name="isSolid[17: LOG]" classname="org.bukkit.PerMaterialTest" time="0"/>
  <testcase name="hasGravity[18: LEAVES]" classname="org.bukkit.PerMaterialTest" time="0"/>
  <testcase name="isBurnable[18: LEAVES]" classname="org.bukkit.PerMaterialTest" time="0"/>
  <testcase name="isEdible[18: LEAVES]" classname="org.bukkit.PerMaterialTest" time="0"/>
  <testcase name="maxDurability[18: LEAVES]" classname="org.bukkit.PerMaterialTest" time="0"/>
  <testcase name="isOccluding[18: LEAVES]" classname="org.bukkit.PerMaterialTest" time="0"/>
  <testcase name="isRecord[18: LEAVES]" classname="org.bukkit.PerMaterialTest" time="0"/>
  <testcase name="isFlammable[18: LEAVES]" classname="org.bukkit.PerMaterialTest" time="0"/>
  <testcase name="maxStackSize[18: LEAVES]" classname="org.bukkit.PerMaterialTest" time="0"/>
  <testcase name="isTransparent[18: LEAVES]" classname="org.bukkit.PerMaterialTest" time="0"/>
  <testcase name="isSolid[18: LEAVES]" classname="org.bukkit.PerMaterialTest" time="0"/>
  <testcase name="hasGravity[19: SPONGE]" classname="org.bukkit.PerMaterialTest" time="0"/>
  <testcase name="isBurnable[19: SPONGE]" classname="org.bukkit.PerMaterialTest" time="0"/>
  <testcase name="isEdible[19: SPONGE]" classname="org.bukkit.PerMaterialTest" time="0"/>
  <testcase name="maxDurability[19: SPONGE]" classname="org.bukkit.PerMaterialTest" time="0"/>
  <testcase name="isOccluding[19: SPONGE]" classname="org.bukkit.PerMaterialTest" time="0"/>
  <testcase name="isRecord[19: SPONGE]" classname="org.bukkit.PerMaterialTest" time="0"/>
  <testcase name="isFlammable[19: SPONGE]" classname="org.bukkit.PerMaterialTest" time="0"/>
  <testcase name="maxStackSize[19: SPONGE]" classname="org.bukkit.PerMaterialTest" time="0"/>
  <testcase name="isTransparent[19: SPONGE]" classname="org.bukkit.PerMaterialTest" time="0"/>
  <testcase name="isSolid[19: SPONGE]" classname="org.bukkit.PerMaterialTest" time="0"/>
  <testcase name="hasGravity[20: GLASS]" classname="org.bukkit.PerMaterialTest" time="0"/>
  <testcase name="isBurnable[20: GLASS]" classname="org.bukkit.PerMaterialTest" time="0"/>
  <testcase name="isEdible[20: GLASS]" classname="org.bukkit.PerMaterialTest" time="0"/>
  <testcase name="maxDurability[20: GLASS]" classname="org.bukkit.PerMaterialTest" time="0"/>
  <testcase name="isOccluding[20: GLASS]" classname="org.bukkit.PerMaterialTest" time="0"/>
  <testcase name="isRecord[20: GLASS]" classname="org.bukkit.PerMaterialTest" time="0"/>
  <testcase name="isFlammable[20: GLASS]" classname="org.bukkit.PerMaterialTest" time="0"/>
  <testcase name="maxStackSize[20: GLASS]" classname="org.bukkit.PerMaterialTest" time="0"/>
  <testcase name="isTransparent[20: GLASS]" classname="org.bukkit.PerMaterialTest" time="0"/>
  <testcase name="isSolid[20: GLASS]" classname="org.bukkit.PerMaterialTest" time="0"/>
  <testcase name="hasGravity[21: LAPIS_ORE]" classname="org.bukkit.PerMaterialTest" time="0"/>
  <testcase name="isBurnable[21: LAPIS_ORE]" classname="org.bukkit.PerMaterialTest" time="0"/>
  <testcase name="isEdible[21: LAPIS_ORE]" classname="org.bukkit.PerMaterialTest" time="0"/>
  <testcase name="maxDurability[21: LAPIS_ORE]" classname="org.bukkit.PerMaterialTest" time="0"/>
  <testcase name="isOccluding[21: LAPIS_ORE]" classname="org.bukkit.PerMaterialTest" time="0"/>
  <testcase name="isRecord[21: LAPIS_ORE]" classname="org.bukkit.PerMaterialTest" time="0"/>
  <testcase name="isFlammable[21: LAPIS_ORE]" classname="org.bukkit.PerMaterialTest" time="0"/>
  <testcase name="maxStackSize[21: LAPIS_ORE]" classname="org.bukkit.PerMaterialTest" time="0"/>
  <testcase name="isTransparent[21: LAPIS_ORE]" classname="org.bukkit.PerMaterialTest" time="0"/>
  <testcase name="isSolid[21: LAPIS_ORE]" classname="org.bukkit.PerMaterialTest" time="0"/>
  <testcase name="hasGravity[22: LAPIS_BLOCK]" classname="org.bukkit.PerMaterialTest" time="0"/>
  <testcase name="isBurnable[22: LAPIS_BLOCK]" classname="org.bukkit.PerMaterialTest" time="0"/>
  <testcase name="isEdible[22: LAPIS_BLOCK]" classname="org.bukkit.PerMaterialTest" time="0"/>
  <testcase name="maxDurability[22: LAPIS_BLOCK]" classname="org.bukkit.PerMaterialTest" time="0"/>
  <testcase name="isOccluding[22: LAPIS_BLOCK]" classname="org.bukkit.PerMaterialTest" time="0"/>
  <testcase name="isRecord[22: LAPIS_BLOCK]" classname="org.bukkit.PerMaterialTest" time="0"/>
  <testcase name="isFlammable[22: LAPIS_BLOCK]" classname="org.bukkit.PerMaterialTest" time="0"/>
  <testcase name="maxStackSize[22: LAPIS_BLOCK]" classname="org.bukkit.PerMaterialTest" time="0"/>
  <testcase name="isTransparent[22: LAPIS_BLOCK]" classname="org.bukkit.PerMaterialTest" time="0"/>
  <testcase name="isSolid[22: LAPIS_BLOCK]" classname="org.bukkit.PerMaterialTest" time="0"/>
  <testcase name="hasGravity[23: DISPENSER]" classname="org.bukkit.PerMaterialTest" time="0"/>
  <testcase name="isBurnable[23: DISPENSER]" classname="org.bukkit.PerMaterialTest" time="0"/>
  <testcase name="isEdible[23: DISPENSER]" classname="org.bukkit.PerMaterialTest" time="0"/>
  <testcase name="maxDurability[23: DISPENSER]" classname="org.bukkit.PerMaterialTest" time="0"/>
  <testcase name="isOccluding[23: DISPENSER]" classname="org.bukkit.PerMaterialTest" time="0"/>
  <testcase name="isRecord[23: DISPENSER]" classname="org.bukkit.PerMaterialTest" time="0"/>
  <testcase name="isFlammable[23: DISPENSER]" classname="org.bukkit.PerMaterialTest" time="0"/>
  <testcase name="maxStackSize[23: DISPENSER]" classname="org.bukkit.PerMaterialTest" time="0"/>
  <testcase name="isTransparent[23: DISPENSER]" classname="org.bukkit.PerMaterialTest" time="0"/>
  <testcase name="isSolid[23: DISPENSER]" classname="org.bukkit.PerMaterialTest" time="0"/>
  <testcase name="hasGravity[24: SANDSTONE]" classname="org.bukkit.PerMaterialTest" time="0"/>
  <testcase name="isBurnable[24: SANDSTONE]" classname="org.bukkit.PerMaterialTest" time="0"/>
  <testcase name="isEdible[24: SANDSTONE]" classname="org.bukkit.PerMaterialTest" time="0"/>
  <testcase name="maxDurability[24: SANDSTONE]" classname="org.bukkit.PerMaterialTest" time="0"/>
  <testcase name="isOccluding[24: SANDSTONE]" classname="org.bukkit.PerMaterialTest" time="0"/>
  <testcase name="isRecord[24: SANDSTONE]" classname="org.bukkit.PerMaterialTest" time="0"/>
  <testcase name="isFlammable[24: SANDSTONE]" classname="org.bukkit.PerMaterialTest" time="0"/>
  <testcase name="maxStackSize[24: SANDSTONE]" classname="org.bukkit.PerMaterialTest" time="0"/>
  <testcase name="isTransparent[24: SANDSTONE]" classname="org.bukkit.PerMaterialTest" time="0"/>
  <testcase name="isSolid[24: SANDSTONE]" classname="org.bukkit.PerMaterialTest" time="0"/>
  <testcase name="hasGravity[25: NOTE_BLOCK]" classname="org.bukkit.PerMaterialTest" time="0"/>
  <testcase name="isBurnable[25: NOTE_BLOCK]" classname="org.bukkit.PerMaterialTest" time="0"/>
  <testcase name="isEdible[25: NOTE_BLOCK]" classname="org.bukkit.PerMaterialTest" time="0"/>
  <testcase name="maxDurability[25: NOTE_BLOCK]" classname="org.bukkit.PerMaterialTest" time="0"/>
  <testcase name="isOccluding[25: NOTE_BLOCK]" classname="org.bukkit.PerMaterialTest" time="0"/>
  <testcase name="isRecord[25: NOTE_BLOCK]" classname="org.bukkit.PerMaterialTest" time="0"/>
  <testcase name="isFlammable[25: NOTE_BLOCK]" classname="org.bukkit.PerMaterialTest" time="0"/>
  <testcase name="maxStackSize[25: NOTE_BLOCK]" classname="org.bukkit.PerMaterialTest" time="0"/>
  <testcase name="isTransparent[25: NOTE_BLOCK]" classname="org.bukkit.PerMaterialTest" time="0"/>
  <testcase name="isSolid[25: NOTE_BLOCK]" classname="org.bukkit.PerMaterialTest" time="0"/>
  <testcase name="hasGravity[26: BED_BLOCK]" classname="org.bukkit.PerMaterialTest" time="0"/>
  <testcase name="isBurnable[26: BED_BLOCK]" classname="org.bukkit.PerMaterialTest" time="0"/>
  <testcase name="isEdible[26: BED_BLOCK]" classname="org.bukkit.PerMaterialTest" time="0"/>
  <testcase name="maxDurability[26: BED_BLOCK]" classname="org.bukkit.PerMaterialTest" time="0"/>
  <testcase name="isOccluding[26: BED_BLOCK]" classname="org.bukkit.PerMaterialTest" time="0"/>
  <testcase name="isRecord[26: BED_BLOCK]" classname="org.bukkit.PerMaterialTest" time="0"/>
  <testcase name="isFlammable[26: BED_BLOCK]" classname="org.bukkit.PerMaterialTest" time="0"/>
  <testcase name="maxStackSize[26: BED_BLOCK]" classname="org.bukkit.PerMaterialTest" time="0"/>
  <testcase name="isTransparent[26: BED_BLOCK]" classname="org.bukkit.PerMaterialTest" time="0"/>
  <testcase name="isSolid[26: BED_BLOCK]" classname="org.bukkit.PerMaterialTest" time="0"/>
  <testcase name="hasGravity[27: POWERED_RAIL]" classname="org.bukkit.PerMaterialTest" time="0"/>
  <testcase name="isBurnable[27: POWERED_RAIL]" classname="org.bukkit.PerMaterialTest" time="0"/>
  <testcase name="isEdible[27: POWERED_RAIL]" classname="org.bukkit.PerMaterialTest" time="0"/>
  <testcase name="maxDurability[27: POWERED_RAIL]" classname="org.bukkit.PerMaterialTest" time="0"/>
  <testcase name="isOccluding[27: POWERED_RAIL]" classname="org.bukkit.PerMaterialTest" time="0"/>
  <testcase name="isRecord[27: POWERED_RAIL]" classname="org.bukkit.PerMaterialTest" time="0"/>
  <testcase name="isFlammable[27: POWERED_RAIL]" classname="org.bukkit.PerMaterialTest" time="0"/>
  <testcase name="maxStackSize[27: POWERED_RAIL]" classname="org.bukkit.PerMaterialTest" time="0"/>
  <testcase name="isTransparent[27: POWERED_RAIL]" classname="org.bukkit.PerMaterialTest" time="0"/>
  <testcase name="isSolid[27: POWERED_RAIL]" classname="org.bukkit.PerMaterialTest" time="0"/>
  <testcase name="hasGravity[28: DETECTOR_RAIL]" classname="org.bukkit.PerMaterialTest" time="0"/>
  <testcase name="isBurnable[28: DETECTOR_RAIL]" classname="org.bukkit.PerMaterialTest" time="0"/>
  <testcase name="isEdible[28: DETECTOR_RAIL]" classname="org.bukkit.PerMaterialTest" time="0"/>
  <testcase name="maxDurability[28: DETECTOR_RAIL]" classname="org.bukkit.PerMaterialTest" time="0"/>
  <testcase name="isOccluding[28: DETECTOR_RAIL]" classname="org.bukkit.PerMaterialTest" time="0"/>
  <testcase name="isRecord[28: DETECTOR_RAIL]" classname="org.bukkit.PerMaterialTest" time="0"/>
  <testcase name="isFlammable[28: DETECTOR_RAIL]" classname="org.bukkit.PerMaterialTest" time="0"/>
  <testcase name="maxStackSize[28: DETECTOR_RAIL]" classname="org.bukkit.PerMaterialTest" time="0"/>
  <testcase name="isTransparent[28: DETECTOR_RAIL]" classname="org.bukkit.PerMaterialTest" time="0"/>
  <testcase name="isSolid[28: DETECTOR_RAIL]" classname="org.bukkit.PerMaterialTest" time="0"/>
  <testcase name="hasGravity[29: PISTON_STICKY_BASE]" classname="org.bukkit.PerMaterialTest" time="0"/>
  <testcase name="isBurnable[29: PISTON_STICKY_BASE]" classname="org.bukkit.PerMaterialTest" time="0"/>
  <testcase name="isEdible[29: PISTON_STICKY_BASE]" classname="org.bukkit.PerMaterialTest" time="0"/>
  <testcase name="maxDurability[29: PISTON_STICKY_BASE]" classname="org.bukkit.PerMaterialTest" time="0"/>
  <testcase name="isOccluding[29: PISTON_STICKY_BASE]" classname="org.bukkit.PerMaterialTest" time="0"/>
  <testcase name="isRecord[29: PISTON_STICKY_BASE]" classname="org.bukkit.PerMaterialTest" time="0"/>
  <testcase name="isFlammable[29: PISTON_STICKY_BASE]" classname="org.bukkit.PerMaterialTest" time="0"/>
  <testcase name="maxStackSize[29: PISTON_STICKY_BASE]" classname="org.bukkit.PerMaterialTest" time="0"/>
  <testcase name="isTransparent[29: PISTON_STICKY_BASE]" classname="org.bukkit.PerMaterialTest" time="0"/>
  <testcase name="isSolid[29: PISTON_STICKY_BASE]" classname="org.bukkit.PerMaterialTest" time="0"/>
  <testcase name="hasGravity[30: WEB]" classname="org.bukkit.PerMaterialTest" time="0"/>
  <testcase name="isBurnable[30: WEB]" classname="org.bukkit.PerMaterialTest" time="0"/>
  <testcase name="isEdible[30: WEB]" classname="org.bukkit.PerMaterialTest" time="0"/>
  <testcase name="maxDurability[30: WEB]" classname="org.bukkit.PerMaterialTest" time="0"/>
  <testcase name="isOccluding[30: WEB]" classname="org.bukkit.PerMaterialTest" time="0"/>
  <testcase name="isRecord[30: WEB]" classname="org.bukkit.PerMaterialTest" time="0"/>
  <testcase name="isFlammable[30: WEB]" classname="org.bukkit.PerMaterialTest" time="0"/>
  <testcase name="maxStackSize[30: WEB]" classname="org.bukkit.PerMaterialTest" time="0"/>
  <testcase name="isTransparent[30: WEB]" classname="org.bukkit.PerMaterialTest" time="0"/>
  <testcase name="isSolid[30: WEB]" classname="org.bukkit.PerMaterialTest" time="0"/>
  <testcase name="hasGravity[31: LONG_GRASS]" classname="org.bukkit.PerMaterialTest" time="0"/>
  <testcase name="isBurnable[31: LONG_GRASS]" classname="org.bukkit.PerMaterialTest" time="0"/>
  <testcase name="isEdible[31: LONG_GRASS]" classname="org.bukkit.PerMaterialTest" time="0"/>
  <testcase name="maxDurability[31: LONG_GRASS]" classname="org.bukkit.PerMaterialTest" time="0"/>
  <testcase name="isOccluding[31: LONG_GRASS]" classname="org.bukkit.PerMaterialTest" time="0"/>
  <testcase name="isRecord[31: LONG_GRASS]" classname="org.bukkit.PerMaterialTest" time="0"/>
  <testcase name="isFlammable[31: LONG_GRASS]" classname="org.bukkit.PerMaterialTest" time="0"/>
  <testcase name="maxStackSize[31: LONG_GRASS]" classname="org.bukkit.PerMaterialTest" time="0"/>
  <testcase name="isTransparent[31: LONG_GRASS]" classname="org.bukkit.PerMaterialTest" time="0"/>
  <testcase name="isSolid[31: LONG_GRASS]" classname="org.bukkit.PerMaterialTest" time="0"/>
  <testcase name="hasGravity[32: DEAD_BUSH]" classname="org.bukkit.PerMaterialTest" time="0"/>
  <testcase name="isBurnable[32: DEAD_BUSH]" classname="org.bukkit.PerMaterialTest" time="0"/>
  <testcase name="isEdible[32: DEAD_BUSH]" classname="org.bukkit.PerMaterialTest" time="0"/>
  <testcase name="maxDurability[32: DEAD_BUSH]" classname="org.bukkit.PerMaterialTest" time="0"/>
  <testcase name="isOccluding[32: DEAD_BUSH]" classname="org.bukkit.PerMaterialTest" time="0"/>
  <testcase name="isRecord[32: DEAD_BUSH]" classname="org.bukkit.PerMaterialTest" time="0"/>
  <testcase name="isFlammable[32: DEAD_BUSH]" classname="org.bukkit.PerMaterialTest" time="0"/>
  <testcase name="maxStackSize[32: DEAD_BUSH]" classname="org.bukkit.PerMaterialTest" time="0"/>
  <testcase name="isTransparent[32: DEAD_BUSH]" classname="org.bukkit.PerMaterialTest" time="0"/>
  <testcase name="isSolid[32: DEAD_BUSH]" classname="org.bukkit.PerMaterialTest" time="0"/>
  <testcase name="hasGravity[33: PISTON_BASE]" classname="org.bukkit.PerMaterialTest" time="0"/>
  <testcase name="isBurnable[33: PISTON_BASE]" classname="org.bukkit.PerMaterialTest" time="0"/>
  <testcase name="isEdible[33: PISTON_BASE]" classname="org.bukkit.PerMaterialTest" time="0"/>
  <testcase name="maxDurability[33: PISTON_BASE]" classname="org.bukkit.PerMaterialTest" time="0"/>
  <testcase name="isOccluding[33: PISTON_BASE]" classname="org.bukkit.PerMaterialTest" time="0"/>
  <testcase name="isRecord[33: PISTON_BASE]" classname="org.bukkit.PerMaterialTest" time="0"/>
  <testcase name="isFlammable[33: PISTON_BASE]" classname="org.bukkit.PerMaterialTest" time="0"/>
  <testcase name="maxStackSize[33: PISTON_BASE]" classname="org.bukkit.PerMaterialTest" time="0"/>
  <testcase name="isTransparent[33: PISTON_BASE]" classname="org.bukkit.PerMaterialTest" time="0"/>
  <testcase name="isSolid[33: PISTON_BASE]" classname="org.bukkit.PerMaterialTest" time="0"/>
  <testcase name="hasGravity[34: PISTON_EXTENSION]" classname="org.bukkit.PerMaterialTest" time="0"/>
  <testcase name="isBurnable[34: PISTON_EXTENSION]" classname="org.bukkit.PerMaterialTest" time="0"/>
  <testcase name="isEdible[34: PISTON_EXTENSION]" classname="org.bukkit.PerMaterialTest" time="0"/>
  <testcase name="maxDurability[34: PISTON_EXTENSION]" classname="org.bukkit.PerMaterialTest" time="0"/>
  <testcase name="isOccluding[34: PISTON_EXTENSION]" classname="org.bukkit.PerMaterialTest" time="0"/>
  <testcase name="isRecord[34: PISTON_EXTENSION]" classname="org.bukkit.PerMaterialTest" time="0"/>
  <testcase name="isFlammable[34: PISTON_EXTENSION]" classname="org.bukkit.PerMaterialTest" time="0"/>
  <testcase name="maxStackSize[34: PISTON_EXTENSION]" classname="org.bukkit.PerMaterialTest" time="0"/>
  <testcase name="isTransparent[34: PISTON_EXTENSION]" classname="org.bukkit.PerMaterialTest" time="0"/>
  <testcase name="isSolid[34: PISTON_EXTENSION]" classname="org.bukkit.PerMaterialTest" time="0"/>
  <testcase name="hasGravity[35: WOOL]" classname="org.bukkit.PerMaterialTest" time="0"/>
  <testcase name="isBurnable[35: WOOL]" classname="org.bukkit.PerMaterialTest" time="0"/>
  <testcase name="isEdible[35: WOOL]" classname="org.bukkit.PerMaterialTest" time="0"/>
  <testcase name="maxDurability[35: WOOL]" classname="org.bukkit.PerMaterialTest" time="0"/>
  <testcase name="isOccluding[35: WOOL]" classname="org.bukkit.PerMaterialTest" time="0"/>
  <testcase name="isRecord[35: WOOL]" classname="org.bukkit.PerMaterialTest" time="0"/>
  <testcase name="isFlammable[35: WOOL]" classname="org.bukkit.PerMaterialTest" time="0"/>
  <testcase name="maxStackSize[35: WOOL]" classname="org.bukkit.PerMaterialTest" time="0"/>
  <testcase name="isTransparent[35: WOOL]" classname="org.bukkit.PerMaterialTest" time="0"/>
  <testcase name="isSolid[35: WOOL]" classname="org.bukkit.PerMaterialTest" time="0"/>
  <testcase name="hasGravity[36: PISTON_MOVING_PIECE]" classname="org.bukkit.PerMaterialTest" time="0"/>
  <testcase name="isBurnable[36: PISTON_MOVING_PIECE]" classname="org.bukkit.PerMaterialTest" time="0"/>
  <testcase name="isEdible[36: PISTON_MOVING_PIECE]" classname="org.bukkit.PerMaterialTest" time="0"/>
  <testcase name="maxDurability[36: PISTON_MOVING_PIECE]" classname="org.bukkit.PerMaterialTest" time="0"/>
  <testcase name="isOccluding[36: PISTON_MOVING_PIECE]" classname="org.bukkit.PerMaterialTest" time="0"/>
  <testcase name="isRecord[36: PISTON_MOVING_PIECE]" classname="org.bukkit.PerMaterialTest" time="0"/>
  <testcase name="isFlammable[36: PISTON_MOVING_PIECE]" classname="org.bukkit.PerMaterialTest" time="0"/>
  <testcase name="maxStackSize[36: PISTON_MOVING_PIECE]" classname="org.bukkit.PerMaterialTest" time="0"/>
  <testcase name="isTransparent[36: PISTON_MOVING_PIECE]" classname="org.bukkit.PerMaterialTest" time="0"/>
  <testcase name="isSolid[36: PISTON_MOVING_PIECE]" classname="org.bukkit.PerMaterialTest" time="0"/>
  <testcase name="hasGravity[37: YELLOW_FLOWER]" classname="org.bukkit.PerMaterialTest" time="0"/>
  <testcase name="isBurnable[37: YELLOW_FLOWER]" classname="org.bukkit.PerMaterialTest" time="0"/>
  <testcase name="isEdible[37: YELLOW_FLOWER]" classname="org.bukkit.PerMaterialTest" time="0"/>
  <testcase name="maxDurability[37: YELLOW_FLOWER]" classname="org.bukkit.PerMaterialTest" time="0"/>
  <testcase name="isOccluding[37: YELLOW_FLOWER]" classname="org.bukkit.PerMaterialTest" time="0"/>
  <testcase name="isRecord[37: YELLOW_FLOWER]" classname="org.bukkit.PerMaterialTest" time="0"/>
  <testcase name="isFlammable[37: YELLOW_FLOWER]" classname="org.bukkit.PerMaterialTest" time="0"/>
  <testcase name="maxStackSize[37: YELLOW_FLOWER]" classname="org.bukkit.PerMaterialTest" time="0"/>
  <testcase name="isTransparent[37: YELLOW_FLOWER]" classname="org.bukkit.PerMaterialTest" time="0"/>
  <testcase name="isSolid[37: YELLOW_FLOWER]" classname="org.bukkit.PerMaterialTest" time="0"/>
  <testcase name="hasGravity[38: RED_ROSE]" classname="org.bukkit.PerMaterialTest" time="0"/>
  <testcase name="isBurnable[38: RED_ROSE]" classname="org.bukkit.PerMaterialTest" time="0"/>
  <testcase name="isEdible[38: RED_ROSE]" classname="org.bukkit.PerMaterialTest" time="0"/>
  <testcase name="maxDurability[38: RED_ROSE]" classname="org.bukkit.PerMaterialTest" time="0"/>
  <testcase name="isOccluding[38: RED_ROSE]" classname="org.bukkit.PerMaterialTest" time="0"/>
  <testcase name="isRecord[38: RED_ROSE]" classname="org.bukkit.PerMaterialTest" time="0"/>
  <testcase name="isFlammable[38: RED_ROSE]" classname="org.bukkit.PerMaterialTest" time="0"/>
  <testcase name="maxStackSize[38: RED_ROSE]" classname="org.bukkit.PerMaterialTest" time="0"/>
  <testcase name="isTransparent[38: RED_ROSE]" classname="org.bukkit.PerMaterialTest" time="0"/>
  <testcase name="isSolid[38: RED_ROSE]" classname="org.bukkit.PerMaterialTest" time="0"/>
  <testcase name="hasGravity[39: BROWN_MUSHROOM]" classname="org.bukkit.PerMaterialTest" time="0.001"/>
  <testcase name="isBurnable[39: BROWN_MUSHROOM]" classname="org.bukkit.PerMaterialTest" time="0"/>
  <testcase name="isEdible[39: BROWN_MUSHROOM]" classname="org.bukkit.PerMaterialTest" time="0"/>
  <testcase name="maxDurability[39: BROWN_MUSHROOM]" classname="org.bukkit.PerMaterialTest" time="0"/>
  <testcase name="isOccluding[39: BROWN_MUSHROOM]" classname="org.bukkit.PerMaterialTest" time="0"/>
  <testcase name="isRecord[39: BROWN_MUSHROOM]" classname="org.bukkit.PerMaterialTest" time="0"/>
  <testcase name="isFlammable[39: BROWN_MUSHROOM]" classname="org.bukkit.PerMaterialTest" time="0"/>
  <testcase name="maxStackSize[39: BROWN_MUSHROOM]" classname="org.bukkit.PerMaterialTest" time="0"/>
  <testcase name="isTransparent[39: BROWN_MUSHROOM]" classname="org.bukkit.PerMaterialTest" time="0"/>
  <testcase name="isSolid[39: BROWN_MUSHROOM]" classname="org.bukkit.PerMaterialTest" time="0"/>
  <testcase name="hasGravity[40: RED_MUSHROOM]" classname="org.bukkit.PerMaterialTest" time="0"/>
  <testcase name="isBurnable[40: RED_MUSHROOM]" classname="org.bukkit.PerMaterialTest" time="0"/>
  <testcase name="isEdible[40: RED_MUSHROOM]" classname="org.bukkit.PerMaterialTest" time="0"/>
  <testcase name="maxDurability[40: RED_MUSHROOM]" classname="org.bukkit.PerMaterialTest" time="0"/>
  <testcase name="isOccluding[40: RED_MUSHROOM]" classname="org.bukkit.PerMaterialTest" time="0"/>
  <testcase name="isRecord[40: RED_MUSHROOM]" classname="org.bukkit.PerMaterialTest" time="0"/>
  <testcase name="isFlammable[40: RED_MUSHROOM]" classname="org.bukkit.PerMaterialTest" time="0"/>
  <testcase name="maxStackSize[40: RED_MUSHROOM]" classname="org.bukkit.PerMaterialTest" time="0"/>
  <testcase name="isTransparent[40: RED_MUSHROOM]" classname="org.bukkit.PerMaterialTest" time="0"/>
  <testcase name="isSolid[40: RED_MUSHROOM]" classname="org.bukkit.PerMaterialTest" time="0"/>
  <testcase name="hasGravity[41: GOLD_BLOCK]" classname="org.bukkit.PerMaterialTest" time="0"/>
  <testcase name="isBurnable[41: GOLD_BLOCK]" classname="org.bukkit.PerMaterialTest" time="0"/>
  <testcase name="isEdible[41: GOLD_BLOCK]" classname="org.bukkit.PerMaterialTest" time="0"/>
  <testcase name="maxDurability[41: GOLD_BLOCK]" classname="org.bukkit.PerMaterialTest" time="0"/>
  <testcase name="isOccluding[41: GOLD_BLOCK]" classname="org.bukkit.PerMaterialTest" time="0"/>
  <testcase name="isRecord[41: GOLD_BLOCK]" classname="org.bukkit.PerMaterialTest" time="0"/>
  <testcase name="isFlammable[41: GOLD_BLOCK]" classname="org.bukkit.PerMaterialTest" time="0"/>
  <testcase name="maxStackSize[41: GOLD_BLOCK]" classname="org.bukkit.PerMaterialTest" time="0"/>
  <testcase name="isTransparent[41: GOLD_BLOCK]" classname="org.bukkit.PerMaterialTest" time="0"/>
  <testcase name="isSolid[41: GOLD_BLOCK]" classname="org.bukkit.PerMaterialTest" time="0"/>
  <testcase name="hasGravity[42: IRON_BLOCK]" classname="org.bukkit.PerMaterialTest" time="0"/>
  <testcase name="isBurnable[42: IRON_BLOCK]" classname="org.bukkit.PerMaterialTest" time="0"/>
  <testcase name="isEdible[42: IRON_BLOCK]" classname="org.bukkit.PerMaterialTest" time="0"/>
  <testcase name="maxDurability[42: IRON_BLOCK]" classname="org.bukkit.PerMaterialTest" time="0"/>
  <testcase name="isOccluding[42: IRON_BLOCK]" classname="org.bukkit.PerMaterialTest" time="0"/>
  <testcase name="isRecord[42: IRON_BLOCK]" classname="org.bukkit.PerMaterialTest" time="0"/>
  <testcase name="isFlammable[42: IRON_BLOCK]" classname="org.bukkit.PerMaterialTest" time="0"/>
  <testcase name="maxStackSize[42: IRON_BLOCK]" classname="org.bukkit.PerMaterialTest" time="0"/>
  <testcase name="isTransparent[42: IRON_BLOCK]" classname="org.bukkit.PerMaterialTest" time="0"/>
  <testcase name="isSolid[42: IRON_BLOCK]" classname="org.bukkit.PerMaterialTest" time="0"/>
  <testcase name="hasGravity[43: DOUBLE_STEP]" classname="org.bukkit.PerMaterialTest" time="0"/>
  <testcase name="isBurnable[43: DOUBLE_STEP]" classname="org.bukkit.PerMaterialTest" time="0"/>
  <testcase name="isEdible[43: DOUBLE_STEP]" classname="org.bukkit.PerMaterialTest" time="0"/>
  <testcase name="maxDurability[43: DOUBLE_STEP]" classname="org.bukkit.PerMaterialTest" time="0"/>
  <testcase name="isOccluding[43: DOUBLE_STEP]" classname="org.bukkit.PerMaterialTest" time="0"/>
  <testcase name="isRecord[43: DOUBLE_STEP]" classname="org.bukkit.PerMaterialTest" time="0"/>
  <testcase name="isFlammable[43: DOUBLE_STEP]" classname="org.bukkit.PerMaterialTest" time="0"/>
  <testcase name="maxStackSize[43: DOUBLE_STEP]" classname="org.bukkit.PerMaterialTest" time="0"/>
  <testcase name="isTransparent[43: DOUBLE_STEP]" classname="org.bukkit.PerMaterialTest" time="0"/>
  <testcase name="isSolid[43: DOUBLE_STEP]" classname="org.bukkit.PerMaterialTest" time="0"/>
  <testcase name="hasGravity[44: STEP]" classname="org.bukkit.PerMaterialTest" time="0"/>
  <testcase name="isBurnable[44: STEP]" classname="org.bukkit.PerMaterialTest" time="0"/>
  <testcase name="isEdible[44: STEP]" classname="org.bukkit.PerMaterialTest" time="0"/>
  <testcase name="maxDurability[44: STEP]" classname="org.bukkit.PerMaterialTest" time="0"/>
  <testcase name="isOccluding[44: STEP]" classname="org.bukkit.PerMaterialTest" time="0"/>
  <testcase name="isRecord[44: STEP]" classname="org.bukkit.PerMaterialTest" time="0"/>
  <testcase name="isFlammable[44: STEP]" classname="org.bukkit.PerMaterialTest" time="0"/>
  <testcase name="maxStackSize[44: STEP]" classname="org.bukkit.PerMaterialTest" time="0"/>
  <testcase name="isTransparent[44: STEP]" classname="org.bukkit.PerMaterialTest" time="0"/>
  <testcase name="isSolid[44: STEP]" classname="org.bukkit.PerMaterialTest" time="0"/>
  <testcase name="hasGravity[45: BRICK]" classname="org.bukkit.PerMaterialTest" time="0"/>
  <testcase name="isBurnable[45: BRICK]" classname="org.bukkit.PerMaterialTest" time="0"/>
  <testcase name="isEdible[45: BRICK]" classname="org.bukkit.PerMaterialTest" time="0"/>
  <testcase name="maxDurability[45: BRICK]" classname="org.bukkit.PerMaterialTest" time="0"/>
  <testcase name="isOccluding[45: BRICK]" classname="org.bukkit.PerMaterialTest" time="0"/>
  <testcase name="isRecord[45: BRICK]" classname="org.bukkit.PerMaterialTest" time="0"/>
  <testcase name="isFlammable[45: BRICK]" classname="org.bukkit.PerMaterialTest" time="0"/>
  <testcase name="maxStackSize[45: BRICK]" classname="org.bukkit.PerMaterialTest" time="0"/>
  <testcase name="isTransparent[45: BRICK]" classname="org.bukkit.PerMaterialTest" time="0"/>
  <testcase name="isSolid[45: BRICK]" classname="org.bukkit.PerMaterialTest" time="0"/>
  <testcase name="hasGravity[46: TNT]" classname="org.bukkit.PerMaterialTest" time="0"/>
  <testcase name="isBurnable[46: TNT]" classname="org.bukkit.PerMaterialTest" time="0"/>
  <testcase name="isEdible[46: TNT]" classname="org.bukkit.PerMaterialTest" time="0"/>
  <testcase name="maxDurability[46: TNT]" classname="org.bukkit.PerMaterialTest" time="0"/>
  <testcase name="isOccluding[46: TNT]" classname="org.bukkit.PerMaterialTest" time="0"/>
  <testcase name="isRecord[46: TNT]" classname="org.bukkit.PerMaterialTest" time="0"/>
  <testcase name="isFlammable[46: TNT]" classname="org.bukkit.PerMaterialTest" time="0"/>
  <testcase name="maxStackSize[46: TNT]" classname="org.bukkit.PerMaterialTest" time="0"/>
  <testcase name="isTransparent[46: TNT]" classname="org.bukkit.PerMaterialTest" time="0"/>
  <testcase name="isSolid[46: TNT]" classname="org.bukkit.PerMaterialTest" time="0"/>
  <testcase name="hasGravity[47: BOOKSHELF]" classname="org.bukkit.PerMaterialTest" time="0"/>
  <testcase name="isBurnable[47: BOOKSHELF]" classname="org.bukkit.PerMaterialTest" time="0"/>
  <testcase name="isEdible[47: BOOKSHELF]" classname="org.bukkit.PerMaterialTest" time="0"/>
  <testcase name="maxDurability[47: BOOKSHELF]" classname="org.bukkit.PerMaterialTest" time="0"/>
  <testcase name="isOccluding[47: BOOKSHELF]" classname="org.bukkit.PerMaterialTest" time="0"/>
  <testcase name="isRecord[47: BOOKSHELF]" classname="org.bukkit.PerMaterialTest" time="0"/>
  <testcase name="isFlammable[47: BOOKSHELF]" classname="org.bukkit.PerMaterialTest" time="0"/>
  <testcase name="maxStackSize[47: BOOKSHELF]" classname="org.bukkit.PerMaterialTest" time="0"/>
  <testcase name="isTransparent[47: BOOKSHELF]" classname="org.bukkit.PerMaterialTest" time="0"/>
  <testcase name="isSolid[47: BOOKSHELF]" classname="org.bukkit.PerMaterialTest" time="0"/>
  <testcase name="hasGravity[48: MOSSY_COBBLESTONE]" classname="org.bukkit.PerMaterialTest" time="0"/>
  <testcase name="isBurnable[48: MOSSY_COBBLESTONE]" classname="org.bukkit.PerMaterialTest" time="0"/>
  <testcase name="isEdible[48: MOSSY_COBBLESTONE]" classname="org.bukkit.PerMaterialTest" time="0"/>
  <testcase name="maxDurability[48: MOSSY_COBBLESTONE]" classname="org.bukkit.PerMaterialTest" time="0"/>
  <testcase name="isOccluding[48: MOSSY_COBBLESTONE]" classname="org.bukkit.PerMaterialTest" time="0"/>
  <testcase name="isRecord[48: MOSSY_COBBLESTONE]" classname="org.bukkit.PerMaterialTest" time="0"/>
  <testcase name="isFlammable[48: MOSSY_COBBLESTONE]" classname="org.bukkit.PerMaterialTest" time="0"/>
  <testcase name="maxStackSize[48: MOSSY_COBBLESTONE]" classname="org.bukkit.PerMaterialTest" time="0"/>
  <testcase name="isTransparent[48: MOSSY_COBBLESTONE]" classname="org.bukkit.PerMaterialTest" time="0"/>
  <testcase name="isSolid[48: MOSSY_COBBLESTONE]" classname="org.bukkit.PerMaterialTest" time="0"/>
  <testcase name="hasGravity[49: OBSIDIAN]" classname="org.bukkit.PerMaterialTest" time="0"/>
  <testcase name="isBurnable[49: OBSIDIAN]" classname="org.bukkit.PerMaterialTest" time="0"/>
  <testcase name="isEdible[49: OBSIDIAN]" classname="org.bukkit.PerMaterialTest" time="0"/>
  <testcase name="maxDurability[49: OBSIDIAN]" classname="org.bukkit.PerMaterialTest" time="0"/>
  <testcase name="isOccluding[49: OBSIDIAN]" classname="org.bukkit.PerMaterialTest" time="0"/>
  <testcase name="isRecord[49: OBSIDIAN]" classname="org.bukkit.PerMaterialTest" time="0"/>
  <testcase name="isFlammable[49: OBSIDIAN]" classname="org.bukkit.PerMaterialTest" time="0"/>
  <testcase name="maxStackSize[49: OBSIDIAN]" classname="org.bukkit.PerMaterialTest" time="0"/>
  <testcase name="isTransparent[49: OBSIDIAN]" classname="org.bukkit.PerMaterialTest" time="0"/>
  <testcase name="isSolid[49: OBSIDIAN]" classname="org.bukkit.PerMaterialTest" time="0"/>
  <testcase name="hasGravity[50: TORCH]" classname="org.bukkit.PerMaterialTest" time="0"/>
  <testcase name="isBurnable[50: TORCH]" classname="org.bukkit.PerMaterialTest" time="0"/>
  <testcase name="isEdible[50: TORCH]" classname="org.bukkit.PerMaterialTest" time="0"/>
  <testcase name="maxDurability[50: TORCH]" classname="org.bukkit.PerMaterialTest" time="0"/>
  <testcase name="isOccluding[50: TORCH]" classname="org.bukkit.PerMaterialTest" time="0"/>
  <testcase name="isRecord[50: TORCH]" classname="org.bukkit.PerMaterialTest" time="0"/>
  <testcase name="isFlammable[50: TORCH]" classname="org.bukkit.PerMaterialTest" time="0"/>
  <testcase name="maxStackSize[50: TORCH]" classname="org.bukkit.PerMaterialTest" time="0"/>
  <testcase name="isTransparent[50: TORCH]" classname="org.bukkit.PerMaterialTest" time="0"/>
  <testcase name="isSolid[50: TORCH]" classname="org.bukkit.PerMaterialTest" time="0"/>
  <testcase name="hasGravity[51: FIRE]" classname="org.bukkit.PerMaterialTest" time="0"/>
  <testcase name="isBurnable[51: FIRE]" classname="org.bukkit.PerMaterialTest" time="0"/>
  <testcase name="isEdible[51: FIRE]" classname="org.bukkit.PerMaterialTest" time="0"/>
  <testcase name="maxDurability[51: FIRE]" classname="org.bukkit.PerMaterialTest" time="0"/>
  <testcase name="isOccluding[51: FIRE]" classname="org.bukkit.PerMaterialTest" time="0"/>
  <testcase name="isRecord[51: FIRE]" classname="org.bukkit.PerMaterialTest" time="0"/>
  <testcase name="isFlammable[51: FIRE]" classname="org.bukkit.PerMaterialTest" time="0"/>
  <testcase name="maxStackSize[51: FIRE]" classname="org.bukkit.PerMaterialTest" time="0"/>
  <testcase name="isTransparent[51: FIRE]" classname="org.bukkit.PerMaterialTest" time="0"/>
  <testcase name="isSolid[51: FIRE]" classname="org.bukkit.PerMaterialTest" time="0"/>
  <testcase name="hasGravity[52: MOB_SPAWNER]" classname="org.bukkit.PerMaterialTest" time="0"/>
  <testcase name="isBurnable[52: MOB_SPAWNER]" classname="org.bukkit.PerMaterialTest" time="0"/>
  <testcase name="isEdible[52: MOB_SPAWNER]" classname="org.bukkit.PerMaterialTest" time="0"/>
  <testcase name="maxDurability[52: MOB_SPAWNER]" classname="org.bukkit.PerMaterialTest" time="0"/>
  <testcase name="isOccluding[52: MOB_SPAWNER]" classname="org.bukkit.PerMaterialTest" time="0"/>
  <testcase name="isRecord[52: MOB_SPAWNER]" classname="org.bukkit.PerMaterialTest" time="0"/>
  <testcase name="isFlammable[52: MOB_SPAWNER]" classname="org.bukkit.PerMaterialTest" time="0"/>
  <testcase name="maxStackSize[52: MOB_SPAWNER]" classname="org.bukkit.PerMaterialTest" time="0"/>
  <testcase name="isTransparent[52: MOB_SPAWNER]" classname="org.bukkit.PerMaterialTest" time="0"/>
  <testcase name="isSolid[52: MOB_SPAWNER]" classname="org.bukkit.PerMaterialTest" time="0"/>
  <testcase name="hasGravity[53: WOOD_STAIRS]" classname="org.bukkit.PerMaterialTest" time="0"/>
  <testcase name="isBurnable[53: WOOD_STAIRS]" classname="org.bukkit.PerMaterialTest" time="0"/>
  <testcase name="isEdible[53: WOOD_STAIRS]" classname="org.bukkit.PerMaterialTest" time="0"/>
  <testcase name="maxDurability[53: WOOD_STAIRS]" classname="org.bukkit.PerMaterialTest" time="0"/>
  <testcase name="isOccluding[53: WOOD_STAIRS]" classname="org.bukkit.PerMaterialTest" time="0"/>
  <testcase name="isRecord[53: WOOD_STAIRS]" classname="org.bukkit.PerMaterialTest" time="0"/>
  <testcase name="isFlammable[53: WOOD_STAIRS]" classname="org.bukkit.PerMaterialTest" time="0"/>
  <testcase name="maxStackSize[53: WOOD_STAIRS]" classname="org.bukkit.PerMaterialTest" time="0"/>
  <testcase name="isTransparent[53: WOOD_STAIRS]" classname="org.bukkit.PerMaterialTest" time="0"/>
  <testcase name="isSolid[53: WOOD_STAIRS]" classname="org.bukkit.PerMaterialTest" time="0"/>
  <testcase name="hasGravity[54: CHEST]" classname="org.bukkit.PerMaterialTest" time="0"/>
  <testcase name="isBurnable[54: CHEST]" classname="org.bukkit.PerMaterialTest" time="0"/>
  <testcase name="isEdible[54: CHEST]" classname="org.bukkit.PerMaterialTest" time="0"/>
  <testcase name="maxDurability[54: CHEST]" classname="org.bukkit.PerMaterialTest" time="0"/>
  <testcase name="isOccluding[54: CHEST]" classname="org.bukkit.PerMaterialTest" time="0"/>
  <testcase name="isRecord[54: CHEST]" classname="org.bukkit.PerMaterialTest" time="0"/>
  <testcase name="isFlammable[54: CHEST]" classname="org.bukkit.PerMaterialTest" time="0"/>
  <testcase name="maxStackSize[54: CHEST]" classname="org.bukkit.PerMaterialTest" time="0"/>
  <testcase name="isTransparent[54: CHEST]" classname="org.bukkit.PerMaterialTest" time="0"/>
  <testcase name="isSolid[54: CHEST]" classname="org.bukkit.PerMaterialTest" time="0"/>
  <testcase name="hasGravity[55: REDSTONE_WIRE]" classname="org.bukkit.PerMaterialTest" time="0"/>
  <testcase name="isBurnable[55: REDSTONE_WIRE]" classname="org.bukkit.PerMaterialTest" time="0"/>
  <testcase name="isEdible[55: REDSTONE_WIRE]" classname="org.bukkit.PerMaterialTest" time="0"/>
  <testcase name="maxDurability[55: REDSTONE_WIRE]" classname="org.bukkit.PerMaterialTest" time="0"/>
  <testcase name="isOccluding[55: REDSTONE_WIRE]" classname="org.bukkit.PerMaterialTest" time="0"/>
  <testcase name="isRecord[55: REDSTONE_WIRE]" classname="org.bukkit.PerMaterialTest" time="0"/>
  <testcase name="isFlammable[55: REDSTONE_WIRE]" classname="org.bukkit.PerMaterialTest" time="0"/>
  <testcase name="maxStackSize[55: REDSTONE_WIRE]" classname="org.bukkit.PerMaterialTest" time="0"/>
  <testcase name="isTransparent[55: REDSTONE_WIRE]" classname="org.bukkit.PerMaterialTest" time="0"/>
  <testcase name="isSolid[55: REDSTONE_WIRE]" classname="org.bukkit.PerMaterialTest" time="0"/>
  <testcase name="hasGravity[56: DIAMOND_ORE]" classname="org.bukkit.PerMaterialTest" time="0"/>
  <testcase name="isBurnable[56: DIAMOND_ORE]" classname="org.bukkit.PerMaterialTest" time="0"/>
  <testcase name="isEdible[56: DIAMOND_ORE]" classname="org.bukkit.PerMaterialTest" time="0"/>
  <testcase name="maxDurability[56: DIAMOND_ORE]" classname="org.bukkit.PerMaterialTest" time="0"/>
  <testcase name="isOccluding[56: DIAMOND_ORE]" classname="org.bukkit.PerMaterialTest" time="0"/>
  <testcase name="isRecord[56: DIAMOND_ORE]" classname="org.bukkit.PerMaterialTest" time="0"/>
  <testcase name="isFlammable[56: DIAMOND_ORE]" classname="org.bukkit.PerMaterialTest" time="0"/>
  <testcase name="maxStackSize[56: DIAMOND_ORE]" classname="org.bukkit.PerMaterialTest" time="0"/>
  <testcase name="isTransparent[56: DIAMOND_ORE]" classname="org.bukkit.PerMaterialTest" time="0"/>
  <testcase name="isSolid[56: DIAMOND_ORE]" classname="org.bukkit.PerMaterialTest" time="0"/>
  <testcase name="hasGravity[57: DIAMOND_BLOCK]" classname="org.bukkit.PerMaterialTest" time="0"/>
  <testcase name="isBurnable[57: DIAMOND_BLOCK]" classname="org.bukkit.PerMaterialTest" time="0"/>
  <testcase name="isEdible[57: DIAMOND_BLOCK]" classname="org.bukkit.PerMaterialTest" time="0"/>
  <testcase name="maxDurability[57: DIAMOND_BLOCK]" classname="org.bukkit.PerMaterialTest" time="0"/>
  <testcase name="isOccluding[57: DIAMOND_BLOCK]" classname="org.bukkit.PerMaterialTest" time="0"/>
  <testcase name="isRecord[57: DIAMOND_BLOCK]" classname="org.bukkit.PerMaterialTest" time="0"/>
  <testcase name="isFlammable[57: DIAMOND_BLOCK]" classname="org.bukkit.PerMaterialTest" time="0"/>
  <testcase name="maxStackSize[57: DIAMOND_BLOCK]" classname="org.bukkit.PerMaterialTest" time="0"/>
  <testcase name="isTransparent[57: DIAMOND_BLOCK]" classname="org.bukkit.PerMaterialTest" time="0"/>
  <testcase name="isSolid[57: DIAMOND_BLOCK]" classname="org.bukkit.PerMaterialTest" time="0"/>
  <testcase name="hasGravity[58: WORKBENCH]" classname="org.bukkit.PerMaterialTest" time="0"/>
  <testcase name="isBurnable[58: WORKBENCH]" classname="org.bukkit.PerMaterialTest" time="0"/>
  <testcase name="isEdible[58: WORKBENCH]" classname="org.bukkit.PerMaterialTest" time="0"/>
  <testcase name="maxDurability[58: WORKBENCH]" classname="org.bukkit.PerMaterialTest" time="0"/>
  <testcase name="isOccluding[58: WORKBENCH]" classname="org.bukkit.PerMaterialTest" time="0"/>
  <testcase name="isRecord[58: WORKBENCH]" classname="org.bukkit.PerMaterialTest" time="0"/>
  <testcase name="isFlammable[58: WORKBENCH]" classname="org.bukkit.PerMaterialTest" time="0"/>
  <testcase name="maxStackSize[58: WORKBENCH]" classname="org.bukkit.PerMaterialTest" time="0"/>
  <testcase name="isTransparent[58: WORKBENCH]" classname="org.bukkit.PerMaterialTest" time="0"/>
  <testcase name="isSolid[58: WORKBENCH]" classname="org.bukkit.PerMaterialTest" time="0"/>
  <testcase name="hasGravity[59: CROPS]" classname="org.bukkit.PerMaterialTest" time="0"/>
  <testcase name="isBurnable[59: CROPS]" classname="org.bukkit.PerMaterialTest" time="0"/>
  <testcase name="isEdible[59: CROPS]" classname="org.bukkit.PerMaterialTest" time="0"/>
  <testcase name="maxDurability[59: CROPS]" classname="org.bukkit.PerMaterialTest" time="0"/>
  <testcase name="isOccluding[59: CROPS]" classname="org.bukkit.PerMaterialTest" time="0"/>
  <testcase name="isRecord[59: CROPS]" classname="org.bukkit.PerMaterialTest" time="0"/>
  <testcase name="isFlammable[59: CROPS]" classname="org.bukkit.PerMaterialTest" time="0"/>
  <testcase name="maxStackSize[59: CROPS]" classname="org.bukkit.PerMaterialTest" time="0"/>
  <testcase name="isTransparent[59: CROPS]" classname="org.bukkit.PerMaterialTest" time="0"/>
  <testcase name="isSolid[59: CROPS]" classname="org.bukkit.PerMaterialTest" time="0"/>
  <testcase name="hasGravity[60: SOIL]" classname="org.bukkit.PerMaterialTest" time="0"/>
  <testcase name="isBurnable[60: SOIL]" classname="org.bukkit.PerMaterialTest" time="0"/>
  <testcase name="isEdible[60: SOIL]" classname="org.bukkit.PerMaterialTest" time="0"/>
  <testcase name="maxDurability[60: SOIL]" classname="org.bukkit.PerMaterialTest" time="0"/>
  <testcase name="isOccluding[60: SOIL]" classname="org.bukkit.PerMaterialTest" time="0"/>
  <testcase name="isRecord[60: SOIL]" classname="org.bukkit.PerMaterialTest" time="0"/>
  <testcase name="isFlammable[60: SOIL]" classname="org.bukkit.PerMaterialTest" time="0"/>
  <testcase name="maxStackSize[60: SOIL]" classname="org.bukkit.PerMaterialTest" time="0"/>
  <testcase name="isTransparent[60: SOIL]" classname="org.bukkit.PerMaterialTest" time="0"/>
  <testcase name="isSolid[60: SOIL]" classname="org.bukkit.PerMaterialTest" time="0"/>
  <testcase name="hasGravity[61: FURNACE]" classname="org.bukkit.PerMaterialTest" time="0"/>
  <testcase name="isBurnable[61: FURNACE]" classname="org.bukkit.PerMaterialTest" time="0"/>
  <testcase name="isEdible[61: FURNACE]" classname="org.bukkit.PerMaterialTest" time="0"/>
  <testcase name="maxDurability[61: FURNACE]" classname="org.bukkit.PerMaterialTest" time="0"/>
  <testcase name="isOccluding[61: FURNACE]" classname="org.bukkit.PerMaterialTest" time="0"/>
  <testcase name="isRecord[61: FURNACE]" classname="org.bukkit.PerMaterialTest" time="0"/>
  <testcase name="isFlammable[61: FURNACE]" classname="org.bukkit.PerMaterialTest" time="0"/>
  <testcase name="maxStackSize[61: FURNACE]" classname="org.bukkit.PerMaterialTest" time="0"/>
  <testcase name="isTransparent[61: FURNACE]" classname="org.bukkit.PerMaterialTest" time="0"/>
  <testcase name="isSolid[61: FURNACE]" classname="org.bukkit.PerMaterialTest" time="0"/>
  <testcase name="hasGravity[62: BURNING_FURNACE]" classname="org.bukkit.PerMaterialTest" time="0"/>
  <testcase name="isBurnable[62: BURNING_FURNACE]" classname="org.bukkit.PerMaterialTest" time="0"/>
  <testcase name="isEdible[62: BURNING_FURNACE]" classname="org.bukkit.PerMaterialTest" time="0"/>
  <testcase name="maxDurability[62: BURNING_FURNACE]" classname="org.bukkit.PerMaterialTest" time="0"/>
  <testcase name="isOccluding[62: BURNING_FURNACE]" classname="org.bukkit.PerMaterialTest" time="0"/>
  <testcase name="isRecord[62: BURNING_FURNACE]" classname="org.bukkit.PerMaterialTest" time="0"/>
  <testcase name="isFlammable[62: BURNING_FURNACE]" classname="org.bukkit.PerMaterialTest" time="0"/>
  <testcase name="maxStackSize[62: BURNING_FURNACE]" classname="org.bukkit.PerMaterialTest" time="0"/>
  <testcase name="isTransparent[62: BURNING_FURNACE]" classname="org.bukkit.PerMaterialTest" time="0"/>
  <testcase name="isSolid[62: BURNING_FURNACE]" classname="org.bukkit.PerMaterialTest" time="0"/>
  <testcase name="hasGravity[63: SIGN_POST]" classname="org.bukkit.PerMaterialTest" time="0"/>
  <testcase name="isBurnable[63: SIGN_POST]" classname="org.bukkit.PerMaterialTest" time="0"/>
  <testcase name="isEdible[63: SIGN_POST]" classname="org.bukkit.PerMaterialTest" time="0"/>
  <testcase name="maxDurability[63: SIGN_POST]" classname="org.bukkit.PerMaterialTest" time="0"/>
  <testcase name="isOccluding[63: SIGN_POST]" classname="org.bukkit.PerMaterialTest" time="0"/>
  <testcase name="isRecord[63: SIGN_POST]" classname="org.bukkit.PerMaterialTest" time="0"/>
  <testcase name="isFlammable[63: SIGN_POST]" classname="org.bukkit.PerMaterialTest" time="0"/>
  <testcase name="maxStackSize[63: SIGN_POST]" classname="org.bukkit.PerMaterialTest" time="0"/>
  <testcase name="isTransparent[63: SIGN_POST]" classname="org.bukkit.PerMaterialTest" time="0"/>
  <testcase name="isSolid[63: SIGN_POST]" classname="org.bukkit.PerMaterialTest" time="0"/>
  <testcase name="hasGravity[64: WOODEN_DOOR]" classname="org.bukkit.PerMaterialTest" time="0"/>
  <testcase name="isBurnable[64: WOODEN_DOOR]" classname="org.bukkit.PerMaterialTest" time="0"/>
  <testcase name="isEdible[64: WOODEN_DOOR]" classname="org.bukkit.PerMaterialTest" time="0"/>
  <testcase name="maxDurability[64: WOODEN_DOOR]" classname="org.bukkit.PerMaterialTest" time="0"/>
  <testcase name="isOccluding[64: WOODEN_DOOR]" classname="org.bukkit.PerMaterialTest" time="0"/>
  <testcase name="isRecord[64: WOODEN_DOOR]" classname="org.bukkit.PerMaterialTest" time="0"/>
  <testcase name="isFlammable[64: WOODEN_DOOR]" classname="org.bukkit.PerMaterialTest" time="0"/>
  <testcase name="maxStackSize[64: WOODEN_DOOR]" classname="org.bukkit.PerMaterialTest" time="0"/>
  <testcase name="isTransparent[64: WOODEN_DOOR]" classname="org.bukkit.PerMaterialTest" time="0"/>
  <testcase name="isSolid[64: WOODEN_DOOR]" classname="org.bukkit.PerMaterialTest" time="0"/>
  <testcase name="hasGravity[65: LADDER]" classname="org.bukkit.PerMaterialTest" time="0"/>
  <testcase name="isBurnable[65: LADDER]" classname="org.bukkit.PerMaterialTest" time="0"/>
  <testcase name="isEdible[65: LADDER]" classname="org.bukkit.PerMaterialTest" time="0"/>
  <testcase name="maxDurability[65: LADDER]" classname="org.bukkit.PerMaterialTest" time="0"/>
  <testcase name="isOccluding[65: LADDER]" classname="org.bukkit.PerMaterialTest" time="0"/>
  <testcase name="isRecord[65: LADDER]" classname="org.bukkit.PerMaterialTest" time="0"/>
  <testcase name="isFlammable[65: LADDER]" classname="org.bukkit.PerMaterialTest" time="0"/>
  <testcase name="maxStackSize[65: LADDER]" classname="org.bukkit.PerMaterialTest" time="0"/>
  <testcase name="isTransparent[65: LADDER]" classname="org.bukkit.PerMaterialTest" time="0"/>
  <testcase name="isSolid[65: LADDER]" classname="org.bukkit.PerMaterialTest" time="0"/>
  <testcase name="hasGravity[66: RAILS]" classname="org.bukkit.PerMaterialTest" time="0"/>
  <testcase name="isBurnable[66: RAILS]" classname="org.bukkit.PerMaterialTest" time="0"/>
  <testcase name="isEdible[66: RAILS]" classname="org.bukkit.PerMaterialTest" time="0"/>
  <testcase name="maxDurability[66: RAILS]" classname="org.bukkit.PerMaterialTest" time="0"/>
  <testcase name="isOccluding[66: RAILS]" classname="org.bukkit.PerMaterialTest" time="0"/>
  <testcase name="isRecord[66: RAILS]" classname="org.bukkit.PerMaterialTest" time="0"/>
  <testcase name="isFlammable[66: RAILS]" classname="org.bukkit.PerMaterialTest" time="0"/>
  <testcase name="maxStackSize[66: RAILS]" classname="org.bukkit.PerMaterialTest" time="0"/>
  <testcase name="isTransparent[66: RAILS]" classname="org.bukkit.PerMaterialTest" time="0"/>
  <testcase name="isSolid[66: RAILS]" classname="org.bukkit.PerMaterialTest" time="0"/>
  <testcase name="hasGravity[67: COBBLESTONE_STAIRS]" classname="org.bukkit.PerMaterialTest" time="0"/>
  <testcase name="isBurnable[67: COBBLESTONE_STAIRS]" classname="org.bukkit.PerMaterialTest" time="0"/>
  <testcase name="isEdible[67: COBBLESTONE_STAIRS]" classname="org.bukkit.PerMaterialTest" time="0"/>
  <testcase name="maxDurability[67: COBBLESTONE_STAIRS]" classname="org.bukkit.PerMaterialTest" time="0"/>
  <testcase name="isOccluding[67: COBBLESTONE_STAIRS]" classname="org.bukkit.PerMaterialTest" time="0"/>
  <testcase name="isRecord[67: COBBLESTONE_STAIRS]" classname="org.bukkit.PerMaterialTest" time="0"/>
  <testcase name="isFlammable[67: COBBLESTONE_STAIRS]" classname="org.bukkit.PerMaterialTest" time="0"/>
  <testcase name="maxStackSize[67: COBBLESTONE_STAIRS]" classname="org.bukkit.PerMaterialTest" time="0"/>
  <testcase name="isTransparent[67: COBBLESTONE_STAIRS]" classname="org.bukkit.PerMaterialTest" time="0"/>
  <testcase name="isSolid[67: COBBLESTONE_STAIRS]" classname="org.bukkit.PerMaterialTest" time="0"/>
  <testcase name="hasGravity[68: WALL_SIGN]" classname="org.bukkit.PerMaterialTest" time="0"/>
  <testcase name="isBurnable[68: WALL_SIGN]" classname="org.bukkit.PerMaterialTest" time="0"/>
  <testcase name="isEdible[68: WALL_SIGN]" classname="org.bukkit.PerMaterialTest" time="0"/>
  <testcase name="maxDurability[68: WALL_SIGN]" classname="org.bukkit.PerMaterialTest" time="0"/>
  <testcase name="isOccluding[68: WALL_SIGN]" classname="org.bukkit.PerMaterialTest" time="0"/>
  <testcase name="isRecord[68: WALL_SIGN]" classname="org.bukkit.PerMaterialTest" time="0"/>
  <testcase name="isFlammable[68: WALL_SIGN]" classname="org.bukkit.PerMaterialTest" time="0"/>
  <testcase name="maxStackSize[68: WALL_SIGN]" classname="org.bukkit.PerMaterialTest" time="0"/>
  <testcase name="isTransparent[68: WALL_SIGN]" classname="org.bukkit.PerMaterialTest" time="0"/>
  <testcase name="isSolid[68: WALL_SIGN]" classname="org.bukkit.PerMaterialTest" time="0"/>
  <testcase name="hasGravity[69: LEVER]" classname="org.bukkit.PerMaterialTest" time="0"/>
  <testcase name="isBurnable[69: LEVER]" classname="org.bukkit.PerMaterialTest" time="0"/>
  <testcase name="isEdible[69: LEVER]" classname="org.bukkit.PerMaterialTest" time="0"/>
  <testcase name="maxDurability[69: LEVER]" classname="org.bukkit.PerMaterialTest" time="0"/>
  <testcase name="isOccluding[69: LEVER]" classname="org.bukkit.PerMaterialTest" time="0"/>
  <testcase name="isRecord[69: LEVER]" classname="org.bukkit.PerMaterialTest" time="0"/>
  <testcase name="isFlammable[69: LEVER]" classname="org.bukkit.PerMaterialTest" time="0"/>
  <testcase name="maxStackSize[69: LEVER]" classname="org.bukkit.PerMaterialTest" time="0"/>
  <testcase name="isTransparent[69: LEVER]" classname="org.bukkit.PerMaterialTest" time="0"/>
  <testcase name="isSolid[69: LEVER]" classname="org.bukkit.PerMaterialTest" time="0"/>
  <testcase name="hasGravity[70: STONE_PLATE]" classname="org.bukkit.PerMaterialTest" time="0"/>
  <testcase name="isBurnable[70: STONE_PLATE]" classname="org.bukkit.PerMaterialTest" time="0"/>
  <testcase name="isEdible[70: STONE_PLATE]" classname="org.bukkit.PerMaterialTest" time="0"/>
  <testcase name="maxDurability[70: STONE_PLATE]" classname="org.bukkit.PerMaterialTest" time="0"/>
  <testcase name="isOccluding[70: STONE_PLATE]" classname="org.bukkit.PerMaterialTest" time="0"/>
  <testcase name="isRecord[70: STONE_PLATE]" classname="org.bukkit.PerMaterialTest" time="0"/>
  <testcase name="isFlammable[70: STONE_PLATE]" classname="org.bukkit.PerMaterialTest" time="0"/>
  <testcase name="maxStackSize[70: STONE_PLATE]" classname="org.bukkit.PerMaterialTest" time="0"/>
  <testcase name="isTransparent[70: STONE_PLATE]" classname="org.bukkit.PerMaterialTest" time="0"/>
  <testcase name="isSolid[70: STONE_PLATE]" classname="org.bukkit.PerMaterialTest" time="0"/>
  <testcase name="hasGravity[71: IRON_DOOR_BLOCK]" classname="org.bukkit.PerMaterialTest" time="0"/>
  <testcase name="isBurnable[71: IRON_DOOR_BLOCK]" classname="org.bukkit.PerMaterialTest" time="0"/>
  <testcase name="isEdible[71: IRON_DOOR_BLOCK]" classname="org.bukkit.PerMaterialTest" time="0"/>
  <testcase name="maxDurability[71: IRON_DOOR_BLOCK]" classname="org.bukkit.PerMaterialTest" time="0"/>
  <testcase name="isOccluding[71: IRON_DOOR_BLOCK]" classname="org.bukkit.PerMaterialTest" time="0"/>
  <testcase name="isRecord[71: IRON_DOOR_BLOCK]" classname="org.bukkit.PerMaterialTest" time="0"/>
  <testcase name="isFlammable[71: IRON_DOOR_BLOCK]" classname="org.bukkit.PerMaterialTest" time="0"/>
  <testcase name="maxStackSize[71: IRON_DOOR_BLOCK]" classname="org.bukkit.PerMaterialTest" time="0"/>
  <testcase name="isTransparent[71: IRON_DOOR_BLOCK]" classname="org.bukkit.PerMaterialTest" time="0"/>
  <testcase name="isSolid[71: IRON_DOOR_BLOCK]" classname="org.bukkit.PerMaterialTest" time="0"/>
  <testcase name="hasGravity[72: WOOD_PLATE]" classname="org.bukkit.PerMaterialTest" time="0"/>
  <testcase name="isBurnable[72: WOOD_PLATE]" classname="org.bukkit.PerMaterialTest" time="0"/>
  <testcase name="isEdible[72: WOOD_PLATE]" classname="org.bukkit.PerMaterialTest" time="0"/>
  <testcase name="maxDurability[72: WOOD_PLATE]" classname="org.bukkit.PerMaterialTest" time="0"/>
  <testcase name="isOccluding[72: WOOD_PLATE]" classname="org.bukkit.PerMaterialTest" time="0"/>
  <testcase name="isRecord[72: WOOD_PLATE]" classname="org.bukkit.PerMaterialTest" time="0"/>
  <testcase name="isFlammable[72: WOOD_PLATE]" classname="org.bukkit.PerMaterialTest" time="0"/>
  <testcase name="maxStackSize[72: WOOD_PLATE]" classname="org.bukkit.PerMaterialTest" time="0"/>
  <testcase name="isTransparent[72: WOOD_PLATE]" classname="org.bukkit.PerMaterialTest" time="0"/>
  <testcase name="isSolid[72: WOOD_PLATE]" classname="org.bukkit.PerMaterialTest" time="0"/>
  <testcase name="hasGravity[73: REDSTONE_ORE]" classname="org.bukkit.PerMaterialTest" time="0"/>
  <testcase name="isBurnable[73: REDSTONE_ORE]" classname="org.bukkit.PerMaterialTest" time="0"/>
  <testcase name="isEdible[73: REDSTONE_ORE]" classname="org.bukkit.PerMaterialTest" time="0"/>
  <testcase name="maxDurability[73: REDSTONE_ORE]" classname="org.bukkit.PerMaterialTest" time="0"/>
  <testcase name="isOccluding[73: REDSTONE_ORE]" classname="org.bukkit.PerMaterialTest" time="0"/>
  <testcase name="isRecord[73: REDSTONE_ORE]" classname="org.bukkit.PerMaterialTest" time="0"/>
  <testcase name="isFlammable[73: REDSTONE_ORE]" classname="org.bukkit.PerMaterialTest" time="0"/>
  <testcase name="maxStackSize[73: REDSTONE_ORE]" classname="org.bukkit.PerMaterialTest" time="0"/>
  <testcase name="isTransparent[73: REDSTONE_ORE]" classname="org.bukkit.PerMaterialTest" time="0"/>
  <testcase name="isSolid[73: REDSTONE_ORE]" classname="org.bukkit.PerMaterialTest" time="0"/>
  <testcase name="hasGravity[74: GLOWING_REDSTONE_ORE]" classname="org.bukkit.PerMaterialTest" time="0"/>
  <testcase name="isBurnable[74: GLOWING_REDSTONE_ORE]" classname="org.bukkit.PerMaterialTest" time="0"/>
  <testcase name="isEdible[74: GLOWING_REDSTONE_ORE]" classname="org.bukkit.PerMaterialTest" time="0"/>
  <testcase name="maxDurability[74: GLOWING_REDSTONE_ORE]" classname="org.bukkit.PerMaterialTest" time="0"/>
  <testcase name="isOccluding[74: GLOWING_REDSTONE_ORE]" classname="org.bukkit.PerMaterialTest" time="0"/>
  <testcase name="isRecord[74: GLOWING_REDSTONE_ORE]" classname="org.bukkit.PerMaterialTest" time="0"/>
  <testcase name="isFlammable[74: GLOWING_REDSTONE_ORE]" classname="org.bukkit.PerMaterialTest" time="0"/>
  <testcase name="maxStackSize[74: GLOWING_REDSTONE_ORE]" classname="org.bukkit.PerMaterialTest" time="0"/>
  <testcase name="isTransparent[74: GLOWING_REDSTONE_ORE]" classname="org.bukkit.PerMaterialTest" time="0"/>
  <testcase name="isSolid[74: GLOWING_REDSTONE_ORE]" classname="org.bukkit.PerMaterialTest" time="0"/>
  <testcase name="hasGravity[75: REDSTONE_TORCH_OFF]" classname="org.bukkit.PerMaterialTest" time="0"/>
  <testcase name="isBurnable[75: REDSTONE_TORCH_OFF]" classname="org.bukkit.PerMaterialTest" time="0"/>
  <testcase name="isEdible[75: REDSTONE_TORCH_OFF]" classname="org.bukkit.PerMaterialTest" time="0"/>
  <testcase name="maxDurability[75: REDSTONE_TORCH_OFF]" classname="org.bukkit.PerMaterialTest" time="0"/>
  <testcase name="isOccluding[75: REDSTONE_TORCH_OFF]" classname="org.bukkit.PerMaterialTest" time="0"/>
  <testcase name="isRecord[75: REDSTONE_TORCH_OFF]" classname="org.bukkit.PerMaterialTest" time="0"/>
  <testcase name="isFlammable[75: REDSTONE_TORCH_OFF]" classname="org.bukkit.PerMaterialTest" time="0"/>
  <testcase name="maxStackSize[75: REDSTONE_TORCH_OFF]" classname="org.bukkit.PerMaterialTest" time="0"/>
  <testcase name="isTransparent[75: REDSTONE_TORCH_OFF]" classname="org.bukkit.PerMaterialTest" time="0"/>
  <testcase name="isSolid[75: REDSTONE_TORCH_OFF]" classname="org.bukkit.PerMaterialTest" time="0"/>
  <testcase name="hasGravity[76: REDSTONE_TORCH_ON]" classname="org.bukkit.PerMaterialTest" time="0"/>
  <testcase name="isBurnable[76: REDSTONE_TORCH_ON]" classname="org.bukkit.PerMaterialTest" time="0"/>
  <testcase name="isEdible[76: REDSTONE_TORCH_ON]" classname="org.bukkit.PerMaterialTest" time="0"/>
  <testcase name="maxDurability[76: REDSTONE_TORCH_ON]" classname="org.bukkit.PerMaterialTest" time="0"/>
  <testcase name="isOccluding[76: REDSTONE_TORCH_ON]" classname="org.bukkit.PerMaterialTest" time="0"/>
  <testcase name="isRecord[76: REDSTONE_TORCH_ON]" classname="org.bukkit.PerMaterialTest" time="0"/>
  <testcase name="isFlammable[76: REDSTONE_TORCH_ON]" classname="org.bukkit.PerMaterialTest" time="0"/>
  <testcase name="maxStackSize[76: REDSTONE_TORCH_ON]" classname="org.bukkit.PerMaterialTest" time="0"/>
  <testcase name="isTransparent[76: REDSTONE_TORCH_ON]" classname="org.bukkit.PerMaterialTest" time="0"/>
  <testcase name="isSolid[76: REDSTONE_TORCH_ON]" classname="org.bukkit.PerMaterialTest" time="0"/>
  <testcase name="hasGravity[77: STONE_BUTTON]" classname="org.bukkit.PerMaterialTest" time="0"/>
  <testcase name="isBurnable[77: STONE_BUTTON]" classname="org.bukkit.PerMaterialTest" time="0"/>
  <testcase name="isEdible[77: STONE_BUTTON]" classname="org.bukkit.PerMaterialTest" time="0"/>
  <testcase name="maxDurability[77: STONE_BUTTON]" classname="org.bukkit.PerMaterialTest" time="0"/>
  <testcase name="isOccluding[77: STONE_BUTTON]" classname="org.bukkit.PerMaterialTest" time="0"/>
  <testcase name="isRecord[77: STONE_BUTTON]" classname="org.bukkit.PerMaterialTest" time="0"/>
  <testcase name="isFlammable[77: STONE_BUTTON]" classname="org.bukkit.PerMaterialTest" time="0"/>
  <testcase name="maxStackSize[77: STONE_BUTTON]" classname="org.bukkit.PerMaterialTest" time="0"/>
  <testcase name="isTransparent[77: STONE_BUTTON]" classname="org.bukkit.PerMaterialTest" time="0"/>
  <testcase name="isSolid[77: STONE_BUTTON]" classname="org.bukkit.PerMaterialTest" time="0"/>
  <testcase name="hasGravity[78: SNOW]" classname="org.bukkit.PerMaterialTest" time="0"/>
  <testcase name="isBurnable[78: SNOW]" classname="org.bukkit.PerMaterialTest" time="0"/>
  <testcase name="isEdible[78: SNOW]" classname="org.bukkit.PerMaterialTest" time="0"/>
  <testcase name="maxDurability[78: SNOW]" classname="org.bukkit.PerMaterialTest" time="0"/>
  <testcase name="isOccluding[78: SNOW]" classname="org.bukkit.PerMaterialTest" time="0"/>
  <testcase name="isRecord[78: SNOW]" classname="org.bukkit.PerMaterialTest" time="0"/>
  <testcase name="isFlammable[78: SNOW]" classname="org.bukkit.PerMaterialTest" time="0"/>
  <testcase name="maxStackSize[78: SNOW]" classname="org.bukkit.PerMaterialTest" time="0"/>
  <testcase name="isTransparent[78: SNOW]" classname="org.bukkit.PerMaterialTest" time="0"/>
  <testcase name="isSolid[78: SNOW]" classname="org.bukkit.PerMaterialTest" time="0"/>
  <testcase name="hasGravity[79: ICE]" classname="org.bukkit.PerMaterialTest" time="0"/>
  <testcase name="isBurnable[79: ICE]" classname="org.bukkit.PerMaterialTest" time="0"/>
  <testcase name="isEdible[79: ICE]" classname="org.bukkit.PerMaterialTest" time="0"/>
  <testcase name="maxDurability[79: ICE]" classname="org.bukkit.PerMaterialTest" time="0"/>
  <testcase name="isOccluding[79: ICE]" classname="org.bukkit.PerMaterialTest" time="0"/>
  <testcase name="isRecord[79: ICE]" classname="org.bukkit.PerMaterialTest" time="0"/>
  <testcase name="isFlammable[79: ICE]" classname="org.bukkit.PerMaterialTest" time="0"/>
  <testcase name="maxStackSize[79: ICE]" classname="org.bukkit.PerMaterialTest" time="0"/>
  <testcase name="isTransparent[79: ICE]" classname="org.bukkit.PerMaterialTest" time="0"/>
  <testcase name="isSolid[79: ICE]" classname="org.bukkit.PerMaterialTest" time="0"/>
  <testcase name="hasGravity[80: SNOW_BLOCK]" classname="org.bukkit.PerMaterialTest" time="0"/>
  <testcase name="isBurnable[80: SNOW_BLOCK]" classname="org.bukkit.PerMaterialTest" time="0"/>
  <testcase name="isEdible[80: SNOW_BLOCK]" classname="org.bukkit.PerMaterialTest" time="0"/>
  <testcase name="maxDurability[80: SNOW_BLOCK]" classname="org.bukkit.PerMaterialTest" time="0"/>
  <testcase name="isOccluding[80: SNOW_BLOCK]" classname="org.bukkit.PerMaterialTest" time="0"/>
  <testcase name="isRecord[80: SNOW_BLOCK]" classname="org.bukkit.PerMaterialTest" time="0"/>
  <testcase name="isFlammable[80: SNOW_BLOCK]" classname="org.bukkit.PerMaterialTest" time="0"/>
  <testcase name="maxStackSize[80: SNOW_BLOCK]" classname="org.bukkit.PerMaterialTest" time="0"/>
  <testcase name="isTransparent[80: SNOW_BLOCK]" classname="org.bukkit.PerMaterialTest" time="0"/>
  <testcase name="isSolid[80: SNOW_BLOCK]" classname="org.bukkit.PerMaterialTest" time="0"/>
  <testcase name="hasGravity[81: CACTUS]" classname="org.bukkit.PerMaterialTest" time="0"/>
  <testcase name="isBurnable[81: CACTUS]" classname="org.bukkit.PerMaterialTest" time="0"/>
  <testcase name="isEdible[81: CACTUS]" classname="org.bukkit.PerMaterialTest" time="0"/>
  <testcase name="maxDurability[81: CACTUS]" classname="org.bukkit.PerMaterialTest" time="0"/>
  <testcase name="isOccluding[81: CACTUS]" classname="org.bukkit.PerMaterialTest" time="0"/>
  <testcase name="isRecord[81: CACTUS]" classname="org.bukkit.PerMaterialTest" time="0"/>
  <testcase name="isFlammable[81: CACTUS]" classname="org.bukkit.PerMaterialTest" time="0"/>
  <testcase name="maxStackSize[81: CACTUS]" classname="org.bukkit.PerMaterialTest" time="0"/>
  <testcase name="isTransparent[81: CACTUS]" classname="org.bukkit.PerMaterialTest" time="0"/>
  <testcase name="isSolid[81: CACTUS]" classname="org.bukkit.PerMaterialTest" time="0"/>
  <testcase name="hasGravity[82: CLAY]" classname="org.bukkit.PerMaterialTest" time="0"/>
  <testcase name="isBurnable[82: CLAY]" classname="org.bukkit.PerMaterialTest" time="0"/>
  <testcase name="isEdible[82: CLAY]" classname="org.bukkit.PerMaterialTest" time="0"/>
  <testcase name="maxDurability[82: CLAY]" classname="org.bukkit.PerMaterialTest" time="0"/>
  <testcase name="isOccluding[82: CLAY]" classname="org.bukkit.PerMaterialTest" time="0"/>
  <testcase name="isRecord[82: CLAY]" classname="org.bukkit.PerMaterialTest" time="0"/>
  <testcase name="isFlammable[82: CLAY]" classname="org.bukkit.PerMaterialTest" time="0"/>
  <testcase name="maxStackSize[82: CLAY]" classname="org.bukkit.PerMaterialTest" time="0"/>
  <testcase name="isTransparent[82: CLAY]" classname="org.bukkit.PerMaterialTest" time="0"/>
  <testcase name="isSolid[82: CLAY]" classname="org.bukkit.PerMaterialTest" time="0"/>
  <testcase name="hasGravity[83: SUGAR_CANE_BLOCK]" classname="org.bukkit.PerMaterialTest" time="0"/>
  <testcase name="isBurnable[83: SUGAR_CANE_BLOCK]" classname="org.bukkit.PerMaterialTest" time="0"/>
  <testcase name="isEdible[83: SUGAR_CANE_BLOCK]" classname="org.bukkit.PerMaterialTest" time="0"/>
  <testcase name="maxDurability[83: SUGAR_CANE_BLOCK]" classname="org.bukkit.PerMaterialTest" time="0"/>
  <testcase name="isOccluding[83: SUGAR_CANE_BLOCK]" classname="org.bukkit.PerMaterialTest" time="0"/>
  <testcase name="isRecord[83: SUGAR_CANE_BLOCK]" classname="org.bukkit.PerMaterialTest" time="0"/>
  <testcase name="isFlammable[83: SUGAR_CANE_BLOCK]" classname="org.bukkit.PerMaterialTest" time="0"/>
  <testcase name="maxStackSize[83: SUGAR_CANE_BLOCK]" classname="org.bukkit.PerMaterialTest" time="0"/>
  <testcase name="isTransparent[83: SUGAR_CANE_BLOCK]" classname="org.bukkit.PerMaterialTest" time="0"/>
  <testcase name="isSolid[83: SUGAR_CANE_BLOCK]" classname="org.bukkit.PerMaterialTest" time="0"/>
  <testcase name="hasGravity[84: JUKEBOX]" classname="org.bukkit.PerMaterialTest" time="0"/>
  <testcase name="isBurnable[84: JUKEBOX]" classname="org.bukkit.PerMaterialTest" time="0"/>
  <testcase name="isEdible[84: JUKEBOX]" classname="org.bukkit.PerMaterialTest" time="0"/>
  <testcase name="maxDurability[84: JUKEBOX]" classname="org.bukkit.PerMaterialTest" time="0"/>
  <testcase name="isOccluding[84: JUKEBOX]" classname="org.bukkit.PerMaterialTest" time="0"/>
  <testcase name="isRecord[84: JUKEBOX]" classname="org.bukkit.PerMaterialTest" time="0"/>
  <testcase name="isFlammable[84: JUKEBOX]" classname="org.bukkit.PerMaterialTest" time="0"/>
  <testcase name="maxStackSize[84: JUKEBOX]" classname="org.bukkit.PerMaterialTest" time="0"/>
  <testcase name="isTransparent[84: JUKEBOX]" classname="org.bukkit.PerMaterialTest" time="0"/>
  <testcase name="isSolid[84: JUKEBOX]" classname="org.bukkit.PerMaterialTest" time="0"/>
  <testcase name="hasGravity[85: FENCE]" classname="org.bukkit.PerMaterialTest" time="0"/>
  <testcase name="isBurnable[85: FENCE]" classname="org.bukkit.PerMaterialTest" time="0"/>
  <testcase name="isEdible[85: FENCE]" classname="org.bukkit.PerMaterialTest" time="0"/>
  <testcase name="maxDurability[85: FENCE]" classname="org.bukkit.PerMaterialTest" time="0"/>
  <testcase name="isOccluding[85: FENCE]" classname="org.bukkit.PerMaterialTest" time="0"/>
  <testcase name="isRecord[85: FENCE]" classname="org.bukkit.PerMaterialTest" time="0"/>
  <testcase name="isFlammable[85: FENCE]" classname="org.bukkit.PerMaterialTest" time="0"/>
  <testcase name="maxStackSize[85: FENCE]" classname="org.bukkit.PerMaterialTest" time="0"/>
  <testcase name="isTransparent[85: FENCE]" classname="org.bukkit.PerMaterialTest" time="0"/>
  <testcase name="isSolid[85: FENCE]" classname="org.bukkit.PerMaterialTest" time="0"/>
  <testcase name="hasGravity[86: PUMPKIN]" classname="org.bukkit.PerMaterialTest" time="0"/>
  <testcase name="isBurnable[86: PUMPKIN]" classname="org.bukkit.PerMaterialTest" time="0"/>
  <testcase name="isEdible[86: PUMPKIN]" classname="org.bukkit.PerMaterialTest" time="0"/>
  <testcase name="maxDurability[86: PUMPKIN]" classname="org.bukkit.PerMaterialTest" time="0"/>
  <testcase name="isOccluding[86: PUMPKIN]" classname="org.bukkit.PerMaterialTest" time="0"/>
  <testcase name="isRecord[86: PUMPKIN]" classname="org.bukkit.PerMaterialTest" time="0"/>
  <testcase name="isFlammable[86: PUMPKIN]" classname="org.bukkit.PerMaterialTest" time="0"/>
  <testcase name="maxStackSize[86: PUMPKIN]" classname="org.bukkit.PerMaterialTest" time="0"/>
  <testcase name="isTransparent[86: PUMPKIN]" classname="org.bukkit.PerMaterialTest" time="0"/>
  <testcase name="isSolid[86: PUMPKIN]" classname="org.bukkit.PerMaterialTest" time="0"/>
  <testcase name="hasGravity[87: NETHERRACK]" classname="org.bukkit.PerMaterialTest" time="0"/>
  <testcase name="isBurnable[87: NETHERRACK]" classname="org.bukkit.PerMaterialTest" time="0"/>
  <testcase name="isEdible[87: NETHERRACK]" classname="org.bukkit.PerMaterialTest" time="0"/>
  <testcase name="maxDurability[87: NETHERRACK]" classname="org.bukkit.PerMaterialTest" time="0"/>
  <testcase name="isOccluding[87: NETHERRACK]" classname="org.bukkit.PerMaterialTest" time="0"/>
  <testcase name="isRecord[87: NETHERRACK]" classname="org.bukkit.PerMaterialTest" time="0"/>
  <testcase name="isFlammable[87: NETHERRACK]" classname="org.bukkit.PerMaterialTest" time="0"/>
  <testcase name="maxStackSize[87: NETHERRACK]" classname="org.bukkit.PerMaterialTest" time="0"/>
  <testcase name="isTransparent[87: NETHERRACK]" classname="org.bukkit.PerMaterialTest" time="0"/>
  <testcase name="isSolid[87: NETHERRACK]" classname="org.bukkit.PerMaterialTest" time="0"/>
  <testcase name="hasGravity[88: SOUL_SAND]" classname="org.bukkit.PerMaterialTest" time="0"/>
  <testcase name="isBurnable[88: SOUL_SAND]" classname="org.bukkit.PerMaterialTest" time="0"/>
  <testcase name="isEdible[88: SOUL_SAND]" classname="org.bukkit.PerMaterialTest" time="0"/>
  <testcase name="maxDurability[88: SOUL_SAND]" classname="org.bukkit.PerMaterialTest" time="0"/>
  <testcase name="isOccluding[88: SOUL_SAND]" classname="org.bukkit.PerMaterialTest" time="0"/>
  <testcase name="isRecord[88: SOUL_SAND]" classname="org.bukkit.PerMaterialTest" time="0"/>
  <testcase name="isFlammable[88: SOUL_SAND]" classname="org.bukkit.PerMaterialTest" time="0"/>
  <testcase name="maxStackSize[88: SOUL_SAND]" classname="org.bukkit.PerMaterialTest" time="0"/>
  <testcase name="isTransparent[88: SOUL_SAND]" classname="org.bukkit.PerMaterialTest" time="0"/>
  <testcase name="isSolid[88: SOUL_SAND]" classname="org.bukkit.PerMaterialTest" time="0"/>
  <testcase name="hasGravity[89: GLOWSTONE]" classname="org.bukkit.PerMaterialTest" time="0"/>
  <testcase name="isBurnable[89: GLOWSTONE]" classname="org.bukkit.PerMaterialTest" time="0"/>
  <testcase name="isEdible[89: GLOWSTONE]" classname="org.bukkit.PerMaterialTest" time="0"/>
  <testcase name="maxDurability[89: GLOWSTONE]" classname="org.bukkit.PerMaterialTest" time="0"/>
  <testcase name="isOccluding[89: GLOWSTONE]" classname="org.bukkit.PerMaterialTest" time="0"/>
  <testcase name="isRecord[89: GLOWSTONE]" classname="org.bukkit.PerMaterialTest" time="0"/>
  <testcase name="isFlammable[89: GLOWSTONE]" classname="org.bukkit.PerMaterialTest" time="0"/>
  <testcase name="maxStackSize[89: GLOWSTONE]" classname="org.bukkit.PerMaterialTest" time="0"/>
  <testcase name="isTransparent[89: GLOWSTONE]" classname="org.bukkit.PerMaterialTest" time="0"/>
  <testcase name="isSolid[89: GLOWSTONE]" classname="org.bukkit.PerMaterialTest" time="0"/>
  <testcase name="hasGravity[90: PORTAL]" classname="org.bukkit.PerMaterialTest" time="0"/>
  <testcase name="isBurnable[90: PORTAL]" classname="org.bukkit.PerMaterialTest" time="0"/>
  <testcase name="isEdible[90: PORTAL]" classname="org.bukkit.PerMaterialTest" time="0"/>
  <testcase name="maxDurability[90: PORTAL]" classname="org.bukkit.PerMaterialTest" time="0"/>
  <testcase name="isOccluding[90: PORTAL]" classname="org.bukkit.PerMaterialTest" time="0"/>
  <testcase name="isRecord[90: PORTAL]" classname="org.bukkit.PerMaterialTest" time="0"/>
  <testcase name="isFlammable[90: PORTAL]" classname="org.bukkit.PerMaterialTest" time="0"/>
  <testcase name="maxStackSize[90: PORTAL]" classname="org.bukkit.PerMaterialTest" time="0"/>
  <testcase name="isTransparent[90: PORTAL]" classname="org.bukkit.PerMaterialTest" time="0"/>
  <testcase name="isSolid[90: PORTAL]" classname="org.bukkit.PerMaterialTest" time="0"/>
  <testcase name="hasGravity[91: JACK_O_LANTERN]" classname="org.bukkit.PerMaterialTest" time="0"/>
  <testcase name="isBurnable[91: JACK_O_LANTERN]" classname="org.bukkit.PerMaterialTest" time="0"/>
  <testcase name="isEdible[91: JACK_O_LANTERN]" classname="org.bukkit.PerMaterialTest" time="0"/>
  <testcase name="maxDurability[91: JACK_O_LANTERN]" classname="org.bukkit.PerMaterialTest" time="0"/>
  <testcase name="isOccluding[91: JACK_O_LANTERN]" classname="org.bukkit.PerMaterialTest" time="0"/>
  <testcase name="isRecord[91: JACK_O_LANTERN]" classname="org.bukkit.PerMaterialTest" time="0"/>
  <testcase name="isFlammable[91: JACK_O_LANTERN]" classname="org.bukkit.PerMaterialTest" time="0"/>
  <testcase name="maxStackSize[91: JACK_O_LANTERN]" classname="org.bukkit.PerMaterialTest" time="0"/>
  <testcase name="isTransparent[91: JACK_O_LANTERN]" classname="org.bukkit.PerMaterialTest" time="0"/>
  <testcase name="isSolid[91: JACK_O_LANTERN]" classname="org.bukkit.PerMaterialTest" time="0"/>
  <testcase name="hasGravity[92: CAKE_BLOCK]" classname="org.bukkit.PerMaterialTest" time="0"/>
  <testcase name="isBurnable[92: CAKE_BLOCK]" classname="org.bukkit.PerMaterialTest" time="0"/>
  <testcase name="isEdible[92: CAKE_BLOCK]" classname="org.bukkit.PerMaterialTest" time="0"/>
  <testcase name="maxDurability[92: CAKE_BLOCK]" classname="org.bukkit.PerMaterialTest" time="0"/>
  <testcase name="isOccluding[92: CAKE_BLOCK]" classname="org.bukkit.PerMaterialTest" time="0"/>
  <testcase name="isRecord[92: CAKE_BLOCK]" classname="org.bukkit.PerMaterialTest" time="0"/>
  <testcase name="isFlammable[92: CAKE_BLOCK]" classname="org.bukkit.PerMaterialTest" time="0"/>
  <testcase name="maxStackSize[92: CAKE_BLOCK]" classname="org.bukkit.PerMaterialTest" time="0"/>
  <testcase name="isTransparent[92: CAKE_BLOCK]" classname="org.bukkit.PerMaterialTest" time="0"/>
  <testcase name="isSolid[92: CAKE_BLOCK]" classname="org.bukkit.PerMaterialTest" time="0"/>
  <testcase name="hasGravity[93: DIODE_BLOCK_OFF]" classname="org.bukkit.PerMaterialTest" time="0"/>
  <testcase name="isBurnable[93: DIODE_BLOCK_OFF]" classname="org.bukkit.PerMaterialTest" time="0"/>
  <testcase name="isEdible[93: DIODE_BLOCK_OFF]" classname="org.bukkit.PerMaterialTest" time="0"/>
  <testcase name="maxDurability[93: DIODE_BLOCK_OFF]" classname="org.bukkit.PerMaterialTest" time="0"/>
  <testcase name="isOccluding[93: DIODE_BLOCK_OFF]" classname="org.bukkit.PerMaterialTest" time="0"/>
  <testcase name="isRecord[93: DIODE_BLOCK_OFF]" classname="org.bukkit.PerMaterialTest" time="0"/>
  <testcase name="isFlammable[93: DIODE_BLOCK_OFF]" classname="org.bukkit.PerMaterialTest" time="0"/>
  <testcase name="maxStackSize[93: DIODE_BLOCK_OFF]" classname="org.bukkit.PerMaterialTest" time="0"/>
  <testcase name="isTransparent[93: DIODE_BLOCK_OFF]" classname="org.bukkit.PerMaterialTest" time="0"/>
  <testcase name="isSolid[93: DIODE_BLOCK_OFF]" classname="org.bukkit.PerMaterialTest" time="0"/>
  <testcase name="hasGravity[94: DIODE_BLOCK_ON]" classname="org.bukkit.PerMaterialTest" time="0"/>
  <testcase name="isBurnable[94: DIODE_BLOCK_ON]" classname="org.bukkit.PerMaterialTest" time="0"/>
  <testcase name="isEdible[94: DIODE_BLOCK_ON]" classname="org.bukkit.PerMaterialTest" time="0"/>
  <testcase name="maxDurability[94: DIODE_BLOCK_ON]" classname="org.bukkit.PerMaterialTest" time="0"/>
  <testcase name="isOccluding[94: DIODE_BLOCK_ON]" classname="org.bukkit.PerMaterialTest" time="0"/>
  <testcase name="isRecord[94: DIODE_BLOCK_ON]" classname="org.bukkit.PerMaterialTest" time="0"/>
  <testcase name="isFlammable[94: DIODE_BLOCK_ON]" classname="org.bukkit.PerMaterialTest" time="0"/>
  <testcase name="maxStackSize[94: DIODE_BLOCK_ON]" classname="org.bukkit.PerMaterialTest" time="0"/>
  <testcase name="isTransparent[94: DIODE_BLOCK_ON]" classname="org.bukkit.PerMaterialTest" time="0"/>
  <testcase name="isSolid[94: DIODE_BLOCK_ON]" classname="org.bukkit.PerMaterialTest" time="0"/>
  <testcase name="hasGravity[95: STAINED_GLASS]" classname="org.bukkit.PerMaterialTest" time="0"/>
  <testcase name="isBurnable[95: STAINED_GLASS]" classname="org.bukkit.PerMaterialTest" time="0"/>
  <testcase name="isEdible[95: STAINED_GLASS]" classname="org.bukkit.PerMaterialTest" time="0"/>
  <testcase name="maxDurability[95: STAINED_GLASS]" classname="org.bukkit.PerMaterialTest" time="0"/>
  <testcase name="isOccluding[95: STAINED_GLASS]" classname="org.bukkit.PerMaterialTest" time="0"/>
  <testcase name="isRecord[95: STAINED_GLASS]" classname="org.bukkit.PerMaterialTest" time="0"/>
  <testcase name="isFlammable[95: STAINED_GLASS]" classname="org.bukkit.PerMaterialTest" time="0"/>
  <testcase name="maxStackSize[95: STAINED_GLASS]" classname="org.bukkit.PerMaterialTest" time="0"/>
  <testcase name="isTransparent[95: STAINED_GLASS]" classname="org.bukkit.PerMaterialTest" time="0"/>
  <testcase name="isSolid[95: STAINED_GLASS]" classname="org.bukkit.PerMaterialTest" time="0"/>
  <testcase name="hasGravity[96: TRAP_DOOR]" classname="org.bukkit.PerMaterialTest" time="0"/>
  <testcase name="isBurnable[96: TRAP_DOOR]" classname="org.bukkit.PerMaterialTest" time="0"/>
  <testcase name="isEdible[96: TRAP_DOOR]" classname="org.bukkit.PerMaterialTest" time="0"/>
  <testcase name="maxDurability[96: TRAP_DOOR]" classname="org.bukkit.PerMaterialTest" time="0"/>
  <testcase name="isOccluding[96: TRAP_DOOR]" classname="org.bukkit.PerMaterialTest" time="0"/>
  <testcase name="isRecord[96: TRAP_DOOR]" classname="org.bukkit.PerMaterialTest" time="0"/>
  <testcase name="isFlammable[96: TRAP_DOOR]" classname="org.bukkit.PerMaterialTest" time="0"/>
  <testcase name="maxStackSize[96: TRAP_DOOR]" classname="org.bukkit.PerMaterialTest" time="0"/>
  <testcase name="isTransparent[96: TRAP_DOOR]" classname="org.bukkit.PerMaterialTest" time="0"/>
  <testcase name="isSolid[96: TRAP_DOOR]" classname="org.bukkit.PerMaterialTest" time="0"/>
  <testcase name="hasGravity[97: MONSTER_EGGS]" classname="org.bukkit.PerMaterialTest" time="0"/>
  <testcase name="isBurnable[97: MONSTER_EGGS]" classname="org.bukkit.PerMaterialTest" time="0"/>
  <testcase name="isEdible[97: MONSTER_EGGS]" classname="org.bukkit.PerMaterialTest" time="0"/>
  <testcase name="maxDurability[97: MONSTER_EGGS]" classname="org.bukkit.PerMaterialTest" time="0"/>
  <testcase name="isOccluding[97: MONSTER_EGGS]" classname="org.bukkit.PerMaterialTest" time="0"/>
  <testcase name="isRecord[97: MONSTER_EGGS]" classname="org.bukkit.PerMaterialTest" time="0"/>
  <testcase name="isFlammable[97: MONSTER_EGGS]" classname="org.bukkit.PerMaterialTest" time="0"/>
  <testcase name="maxStackSize[97: MONSTER_EGGS]" classname="org.bukkit.PerMaterialTest" time="0"/>
  <testcase name="isTransparent[97: MONSTER_EGGS]" classname="org.bukkit.PerMaterialTest" time="0"/>
  <testcase name="isSolid[97: MONSTER_EGGS]" classname="org.bukkit.PerMaterialTest" time="0"/>
  <testcase name="hasGravity[98: SMOOTH_BRICK]" classname="org.bukkit.PerMaterialTest" time="0"/>
  <testcase name="isBurnable[98: SMOOTH_BRICK]" classname="org.bukkit.PerMaterialTest" time="0"/>
  <testcase name="isEdible[98: SMOOTH_BRICK]" classname="org.bukkit.PerMaterialTest" time="0"/>
  <testcase name="maxDurability[98: SMOOTH_BRICK]" classname="org.bukkit.PerMaterialTest" time="0"/>
  <testcase name="isOccluding[98: SMOOTH_BRICK]" classname="org.bukkit.PerMaterialTest" time="0"/>
  <testcase name="isRecord[98: SMOOTH_BRICK]" classname="org.bukkit.PerMaterialTest" time="0"/>
  <testcase name="isFlammable[98: SMOOTH_BRICK]" classname="org.bukkit.PerMaterialTest" time="0"/>
  <testcase name="maxStackSize[98: SMOOTH_BRICK]" classname="org.bukkit.PerMaterialTest" time="0"/>
  <testcase name="isTransparent[98: SMOOTH_BRICK]" classname="org.bukkit.PerMaterialTest" time="0"/>
  <testcase name="isSolid[98: SMOOTH_BRICK]" classname="org.bukkit.PerMaterialTest" time="0"/>
  <testcase name="hasGravity[99: HUGE_MUSHROOM_1]" classname="org.bukkit.PerMaterialTest" time="0"/>
  <testcase name="isBurnable[99: HUGE_MUSHROOM_1]" classname="org.bukkit.PerMaterialTest" time="0"/>
  <testcase name="isEdible[99: HUGE_MUSHROOM_1]" classname="org.bukkit.PerMaterialTest" time="0"/>
  <testcase name="maxDurability[99: HUGE_MUSHROOM_1]" classname="org.bukkit.PerMaterialTest" time="0"/>
  <testcase name="isOccluding[99: HUGE_MUSHROOM_1]" classname="org.bukkit.PerMaterialTest" time="0"/>
  <testcase name="isRecord[99: HUGE_MUSHROOM_1]" classname="org.bukkit.PerMaterialTest" time="0"/>
  <testcase name="isFlammable[99: HUGE_MUSHROOM_1]" classname="org.bukkit.PerMaterialTest" time="0"/>
  <testcase name="maxStackSize[99: HUGE_MUSHROOM_1]" classname="org.bukkit.PerMaterialTest" time="0"/>
  <testcase name="isTransparent[99: HUGE_MUSHROOM_1]" classname="org.bukkit.PerMaterialTest" time="0"/>
  <testcase name="isSolid[99: HUGE_MUSHROOM_1]" classname="org.bukkit.PerMaterialTest" time="0"/>
  <testcase name="hasGravity[100: HUGE_MUSHROOM_2]" classname="org.bukkit.PerMaterialTest" time="0"/>
  <testcase name="isBurnable[100: HUGE_MUSHROOM_2]" classname="org.bukkit.PerMaterialTest" time="0"/>
  <testcase name="isEdible[100: HUGE_MUSHROOM_2]" classname="org.bukkit.PerMaterialTest" time="0"/>
  <testcase name="maxDurability[100: HUGE_MUSHROOM_2]" classname="org.bukkit.PerMaterialTest" time="0"/>
  <testcase name="isOccluding[100: HUGE_MUSHROOM_2]" classname="org.bukkit.PerMaterialTest" time="0"/>
  <testcase name="isRecord[100: HUGE_MUSHROOM_2]" classname="org.bukkit.PerMaterialTest" time="0"/>
  <testcase name="isFlammable[100: HUGE_MUSHROOM_2]" classname="org.bukkit.PerMaterialTest" time="0"/>
  <testcase name="maxStackSize[100: HUGE_MUSHROOM_2]" classname="org.bukkit.PerMaterialTest" time="0"/>
  <testcase name="isTransparent[100: HUGE_MUSHROOM_2]" classname="org.bukkit.PerMaterialTest" time="0"/>
  <testcase name="isSolid[100: HUGE_MUSHROOM_2]" classname="org.bukkit.PerMaterialTest" time="0"/>
  <testcase name="hasGravity[101: IRON_FENCE]" classname="org.bukkit.PerMaterialTest" time="0"/>
  <testcase name="isBurnable[101: IRON_FENCE]" classname="org.bukkit.PerMaterialTest" time="0"/>
  <testcase name="isEdible[101: IRON_FENCE]" classname="org.bukkit.PerMaterialTest" time="0"/>
  <testcase name="maxDurability[101: IRON_FENCE]" classname="org.bukkit.PerMaterialTest" time="0"/>
  <testcase name="isOccluding[101: IRON_FENCE]" classname="org.bukkit.PerMaterialTest" time="0"/>
  <testcase name="isRecord[101: IRON_FENCE]" classname="org.bukkit.PerMaterialTest" time="0"/>
  <testcase name="isFlammable[101: IRON_FENCE]" classname="org.bukkit.PerMaterialTest" time="0"/>
  <testcase name="maxStackSize[101: IRON_FENCE]" classname="org.bukkit.PerMaterialTest" time="0"/>
  <testcase name="isTransparent[101: IRON_FENCE]" classname="org.bukkit.PerMaterialTest" time="0"/>
  <testcase name="isSolid[101: IRON_FENCE]" classname="org.bukkit.PerMaterialTest" time="0"/>
  <testcase name="hasGravity[102: THIN_GLASS]" classname="org.bukkit.PerMaterialTest" time="0"/>
  <testcase name="isBurnable[102: THIN_GLASS]" classname="org.bukkit.PerMaterialTest" time="0"/>
  <testcase name="isEdible[102: THIN_GLASS]" classname="org.bukkit.PerMaterialTest" time="0"/>
  <testcase name="maxDurability[102: THIN_GLASS]" classname="org.bukkit.PerMaterialTest" time="0"/>
  <testcase name="isOccluding[102: THIN_GLASS]" classname="org.bukkit.PerMaterialTest" time="0"/>
  <testcase name="isRecord[102: THIN_GLASS]" classname="org.bukkit.PerMaterialTest" time="0"/>
  <testcase name="isFlammable[102: THIN_GLASS]" classname="org.bukkit.PerMaterialTest" time="0"/>
  <testcase name="maxStackSize[102: THIN_GLASS]" classname="org.bukkit.PerMaterialTest" time="0"/>
  <testcase name="isTransparent[102: THIN_GLASS]" classname="org.bukkit.PerMaterialTest" time="0"/>
  <testcase name="isSolid[102: THIN_GLASS]" classname="org.bukkit.PerMaterialTest" time="0"/>
  <testcase name="hasGravity[103: MELON_BLOCK]" classname="org.bukkit.PerMaterialTest" time="0"/>
  <testcase name="isBurnable[103: MELON_BLOCK]" classname="org.bukkit.PerMaterialTest" time="0"/>
  <testcase name="isEdible[103: MELON_BLOCK]" classname="org.bukkit.PerMaterialTest" time="0"/>
  <testcase name="maxDurability[103: MELON_BLOCK]" classname="org.bukkit.PerMaterialTest" time="0"/>
  <testcase name="isOccluding[103: MELON_BLOCK]" classname="org.bukkit.PerMaterialTest" time="0"/>
  <testcase name="isRecord[103: MELON_BLOCK]" classname="org.bukkit.PerMaterialTest" time="0"/>
  <testcase name="isFlammable[103: MELON_BLOCK]" classname="org.bukkit.PerMaterialTest" time="0"/>
  <testcase name="maxStackSize[103: MELON_BLOCK]" classname="org.bukkit.PerMaterialTest" time="0"/>
  <testcase name="isTransparent[103: MELON_BLOCK]" classname="org.bukkit.PerMaterialTest" time="0"/>
  <testcase name="isSolid[103: MELON_BLOCK]" classname="org.bukkit.PerMaterialTest" time="0"/>
  <testcase name="hasGravity[104: PUMPKIN_STEM]" classname="org.bukkit.PerMaterialTest" time="0"/>
  <testcase name="isBurnable[104: PUMPKIN_STEM]" classname="org.bukkit.PerMaterialTest" time="0"/>
  <testcase name="isEdible[104: PUMPKIN_STEM]" classname="org.bukkit.PerMaterialTest" time="0"/>
  <testcase name="maxDurability[104: PUMPKIN_STEM]" classname="org.bukkit.PerMaterialTest" time="0"/>
  <testcase name="isOccluding[104: PUMPKIN_STEM]" classname="org.bukkit.PerMaterialTest" time="0"/>
  <testcase name="isRecord[104: PUMPKIN_STEM]" classname="org.bukkit.PerMaterialTest" time="0"/>
  <testcase name="isFlammable[104: PUMPKIN_STEM]" classname="org.bukkit.PerMaterialTest" time="0"/>
  <testcase name="maxStackSize[104: PUMPKIN_STEM]" classname="org.bukkit.PerMaterialTest" time="0"/>
  <testcase name="isTransparent[104: PUMPKIN_STEM]" classname="org.bukkit.PerMaterialTest" time="0"/>
  <testcase name="isSolid[104: PUMPKIN_STEM]" classname="org.bukkit.PerMaterialTest" time="0"/>
  <testcase name="hasGravity[105: MELON_STEM]" classname="org.bukkit.PerMaterialTest" time="0"/>
  <testcase name="isBurnable[105: MELON_STEM]" classname="org.bukkit.PerMaterialTest" time="0"/>
  <testcase name="isEdible[105: MELON_STEM]" classname="org.bukkit.PerMaterialTest" time="0"/>
  <testcase name="maxDurability[105: MELON_STEM]" classname="org.bukkit.PerMaterialTest" time="0"/>
  <testcase name="isOccluding[105: MELON_STEM]" classname="org.bukkit.PerMaterialTest" time="0"/>
  <testcase name="isRecord[105: MELON_STEM]" classname="org.bukkit.PerMaterialTest" time="0"/>
  <testcase name="isFlammable[105: MELON_STEM]" classname="org.bukkit.PerMaterialTest" time="0"/>
  <testcase name="maxStackSize[105: MELON_STEM]" classname="org.bukkit.PerMaterialTest" time="0"/>
  <testcase name="isTransparent[105: MELON_STEM]" classname="org.bukkit.PerMaterialTest" time="0"/>
  <testcase name="isSolid[105: MELON_STEM]" classname="org.bukkit.PerMaterialTest" time="0"/>
  <testcase name="hasGravity[106: VINE]" classname="org.bukkit.PerMaterialTest" time="0"/>
  <testcase name="isBurnable[106: VINE]" classname="org.bukkit.PerMaterialTest" time="0"/>
  <testcase name="isEdible[106: VINE]" classname="org.bukkit.PerMaterialTest" time="0"/>
  <testcase name="maxDurability[106: VINE]" classname="org.bukkit.PerMaterialTest" time="0"/>
  <testcase name="isOccluding[106: VINE]" classname="org.bukkit.PerMaterialTest" time="0"/>
  <testcase name="isRecord[106: VINE]" classname="org.bukkit.PerMaterialTest" time="0"/>
  <testcase name="isFlammable[106: VINE]" classname="org.bukkit.PerMaterialTest" time="0"/>
  <testcase name="maxStackSize[106: VINE]" classname="org.bukkit.PerMaterialTest" time="0"/>
  <testcase name="isTransparent[106: VINE]" classname="org.bukkit.PerMaterialTest" time="0"/>
  <testcase name="isSolid[106: VINE]" classname="org.bukkit.PerMaterialTest" time="0"/>
  <testcase name="hasGravity[107: FENCE_GATE]" classname="org.bukkit.PerMaterialTest" time="0"/>
  <testcase name="isBurnable[107: FENCE_GATE]" classname="org.bukkit.PerMaterialTest" time="0"/>
  <testcase name="isEdible[107: FENCE_GATE]" classname="org.bukkit.PerMaterialTest" time="0"/>
  <testcase name="maxDurability[107: FENCE_GATE]" classname="org.bukkit.PerMaterialTest" time="0"/>
  <testcase name="isOccluding[107: FENCE_GATE]" classname="org.bukkit.PerMaterialTest" time="0"/>
  <testcase name="isRecord[107: FENCE_GATE]" classname="org.bukkit.PerMaterialTest" time="0"/>
  <testcase name="isFlammable[107: FENCE_GATE]" classname="org.bukkit.PerMaterialTest" time="0"/>
  <testcase name="maxStackSize[107: FENCE_GATE]" classname="org.bukkit.PerMaterialTest" time="0"/>
  <testcase name="isTransparent[107: FENCE_GATE]" classname="org.bukkit.PerMaterialTest" time="0"/>
  <testcase name="isSolid[107: FENCE_GATE]" classname="org.bukkit.PerMaterialTest" time="0"/>
  <testcase name="hasGravity[108: BRICK_STAIRS]" classname="org.bukkit.PerMaterialTest" time="0"/>
  <testcase name="isBurnable[108: BRICK_STAIRS]" classname="org.bukkit.PerMaterialTest" time="0"/>
  <testcase name="isEdible[108: BRICK_STAIRS]" classname="org.bukkit.PerMaterialTest" time="0"/>
  <testcase name="maxDurability[108: BRICK_STAIRS]" classname="org.bukkit.PerMaterialTest" time="0"/>
  <testcase name="isOccluding[108: BRICK_STAIRS]" classname="org.bukkit.PerMaterialTest" time="0"/>
  <testcase name="isRecord[108: BRICK_STAIRS]" classname="org.bukkit.PerMaterialTest" time="0"/>
  <testcase name="isFlammable[108: BRICK_STAIRS]" classname="org.bukkit.PerMaterialTest" time="0"/>
  <testcase name="maxStackSize[108: BRICK_STAIRS]" classname="org.bukkit.PerMaterialTest" time="0"/>
  <testcase name="isTransparent[108: BRICK_STAIRS]" classname="org.bukkit.PerMaterialTest" time="0"/>
  <testcase name="isSolid[108: BRICK_STAIRS]" classname="org.bukkit.PerMaterialTest" time="0"/>
  <testcase name="hasGravity[109: SMOOTH_STAIRS]" classname="org.bukkit.PerMaterialTest" time="0"/>
  <testcase name="isBurnable[109: SMOOTH_STAIRS]" classname="org.bukkit.PerMaterialTest" time="0"/>
  <testcase name="isEdible[109: SMOOTH_STAIRS]" classname="org.bukkit.PerMaterialTest" time="0"/>
  <testcase name="maxDurability[109: SMOOTH_STAIRS]" classname="org.bukkit.PerMaterialTest" time="0"/>
  <testcase name="isOccluding[109: SMOOTH_STAIRS]" classname="org.bukkit.PerMaterialTest" time="0"/>
  <testcase name="isRecord[109: SMOOTH_STAIRS]" classname="org.bukkit.PerMaterialTest" time="0"/>
  <testcase name="isFlammable[109: SMOOTH_STAIRS]" classname="org.bukkit.PerMaterialTest" time="0"/>
  <testcase name="maxStackSize[109: SMOOTH_STAIRS]" classname="org.bukkit.PerMaterialTest" time="0"/>
  <testcase name="isTransparent[109: SMOOTH_STAIRS]" classname="org.bukkit.PerMaterialTest" time="0"/>
  <testcase name="isSolid[109: SMOOTH_STAIRS]" classname="org.bukkit.PerMaterialTest" time="0"/>
  <testcase name="hasGravity[110: MYCEL]" classname="org.bukkit.PerMaterialTest" time="0"/>
  <testcase name="isBurnable[110: MYCEL]" classname="org.bukkit.PerMaterialTest" time="0"/>
  <testcase name="isEdible[110: MYCEL]" classname="org.bukkit.PerMaterialTest" time="0"/>
  <testcase name="maxDurability[110: MYCEL]" classname="org.bukkit.PerMaterialTest" time="0"/>
  <testcase name="isOccluding[110: MYCEL]" classname="org.bukkit.PerMaterialTest" time="0"/>
  <testcase name="isRecord[110: MYCEL]" classname="org.bukkit.PerMaterialTest" time="0"/>
  <testcase name="isFlammable[110: MYCEL]" classname="org.bukkit.PerMaterialTest" time="0"/>
  <testcase name="maxStackSize[110: MYCEL]" classname="org.bukkit.PerMaterialTest" time="0"/>
  <testcase name="isTransparent[110: MYCEL]" classname="org.bukkit.PerMaterialTest" time="0"/>
  <testcase name="isSolid[110: MYCEL]" classname="org.bukkit.PerMaterialTest" time="0"/>
  <testcase name="hasGravity[111: WATER_LILY]" classname="org.bukkit.PerMaterialTest" time="0"/>
  <testcase name="isBurnable[111: WATER_LILY]" classname="org.bukkit.PerMaterialTest" time="0"/>
  <testcase name="isEdible[111: WATER_LILY]" classname="org.bukkit.PerMaterialTest" time="0"/>
  <testcase name="maxDurability[111: WATER_LILY]" classname="org.bukkit.PerMaterialTest" time="0"/>
  <testcase name="isOccluding[111: WATER_LILY]" classname="org.bukkit.PerMaterialTest" time="0"/>
  <testcase name="isRecord[111: WATER_LILY]" classname="org.bukkit.PerMaterialTest" time="0"/>
  <testcase name="isFlammable[111: WATER_LILY]" classname="org.bukkit.PerMaterialTest" time="0"/>
  <testcase name="maxStackSize[111: WATER_LILY]" classname="org.bukkit.PerMaterialTest" time="0"/>
  <testcase name="isTransparent[111: WATER_LILY]" classname="org.bukkit.PerMaterialTest" time="0"/>
  <testcase name="isSolid[111: WATER_LILY]" classname="org.bukkit.PerMaterialTest" time="0"/>
  <testcase name="hasGravity[112: NETHER_BRICK]" classname="org.bukkit.PerMaterialTest" time="0"/>
  <testcase name="isBurnable[112: NETHER_BRICK]" classname="org.bukkit.PerMaterialTest" time="0"/>
  <testcase name="isEdible[112: NETHER_BRICK]" classname="org.bukkit.PerMaterialTest" time="0"/>
  <testcase name="maxDurability[112: NETHER_BRICK]" classname="org.bukkit.PerMaterialTest" time="0"/>
  <testcase name="isOccluding[112: NETHER_BRICK]" classname="org.bukkit.PerMaterialTest" time="0"/>
  <testcase name="isRecord[112: NETHER_BRICK]" classname="org.bukkit.PerMaterialTest" time="0"/>
  <testcase name="isFlammable[112: NETHER_BRICK]" classname="org.bukkit.PerMaterialTest" time="0.01"/>
  <testcase name="maxStackSize[112: NETHER_BRICK]" classname="org.bukkit.PerMaterialTest" time="0"/>
  <testcase name="isTransparent[112: NETHER_BRICK]" classname="org.bukkit.PerMaterialTest" time="0"/>
  <testcase name="isSolid[112: NETHER_BRICK]" classname="org.bukkit.PerMaterialTest" time="0"/>
  <testcase name="hasGravity[113: NETHER_FENCE]" classname="org.bukkit.PerMaterialTest" time="0"/>
  <testcase name="isBurnable[113: NETHER_FENCE]" classname="org.bukkit.PerMaterialTest" time="0"/>
  <testcase name="isEdible[113: NETHER_FENCE]" classname="org.bukkit.PerMaterialTest" time="0"/>
  <testcase name="maxDurability[113: NETHER_FENCE]" classname="org.bukkit.PerMaterialTest" time="0"/>
  <testcase name="isOccluding[113: NETHER_FENCE]" classname="org.bukkit.PerMaterialTest" time="0"/>
  <testcase name="isRecord[113: NETHER_FENCE]" classname="org.bukkit.PerMaterialTest" time="0"/>
  <testcase name="isFlammable[113: NETHER_FENCE]" classname="org.bukkit.PerMaterialTest" time="0"/>
  <testcase name="maxStackSize[113: NETHER_FENCE]" classname="org.bukkit.PerMaterialTest" time="0"/>
  <testcase name="isTransparent[113: NETHER_FENCE]" classname="org.bukkit.PerMaterialTest" time="0"/>
  <testcase name="isSolid[113: NETHER_FENCE]" classname="org.bukkit.PerMaterialTest" time="0"/>
  <testcase name="hasGravity[114: NETHER_BRICK_STAIRS]" classname="org.bukkit.PerMaterialTest" time="0"/>
  <testcase name="isBurnable[114: NETHER_BRICK_STAIRS]" classname="org.bukkit.PerMaterialTest" time="0"/>
  <testcase name="isEdible[114: NETHER_BRICK_STAIRS]" classname="org.bukkit.PerMaterialTest" time="0"/>
  <testcase name="maxDurability[114: NETHER_BRICK_STAIRS]" classname="org.bukkit.PerMaterialTest" time="0"/>
  <testcase name="isOccluding[114: NETHER_BRICK_STAIRS]" classname="org.bukkit.PerMaterialTest" time="0"/>
  <testcase name="isRecord[114: NETHER_BRICK_STAIRS]" classname="org.bukkit.PerMaterialTest" time="0"/>
  <testcase name="isFlammable[114: NETHER_BRICK_STAIRS]" classname="org.bukkit.PerMaterialTest" time="0.015"/>
  <testcase name="maxStackSize[114: NETHER_BRICK_STAIRS]" classname="org.bukkit.PerMaterialTest" time="0"/>
  <testcase name="isTransparent[114: NETHER_BRICK_STAIRS]" classname="org.bukkit.PerMaterialTest" time="0"/>
  <testcase name="isSolid[114: NETHER_BRICK_STAIRS]" classname="org.bukkit.PerMaterialTest" time="0"/>
  <testcase name="hasGravity[115: NETHER_WARTS]" classname="org.bukkit.PerMaterialTest" time="0"/>
  <testcase name="isBurnable[115: NETHER_WARTS]" classname="org.bukkit.PerMaterialTest" time="0"/>
  <testcase name="isEdible[115: NETHER_WARTS]" classname="org.bukkit.PerMaterialTest" time="0"/>
  <testcase name="maxDurability[115: NETHER_WARTS]" classname="org.bukkit.PerMaterialTest" time="0"/>
  <testcase name="isOccluding[115: NETHER_WARTS]" classname="org.bukkit.PerMaterialTest" time="0"/>
  <testcase name="isRecord[115: NETHER_WARTS]" classname="org.bukkit.PerMaterialTest" time="0"/>
  <testcase name="isFlammable[115: NETHER_WARTS]" classname="org.bukkit.PerMaterialTest" time="0"/>
  <testcase name="maxStackSize[115: NETHER_WARTS]" classname="org.bukkit.PerMaterialTest" time="0"/>
  <testcase name="isTransparent[115: NETHER_WARTS]" classname="org.bukkit.PerMaterialTest" time="0"/>
  <testcase name="isSolid[115: NETHER_WARTS]" classname="org.bukkit.PerMaterialTest" time="0"/>
  <testcase name="hasGravity[116: ENCHANTMENT_TABLE]" classname="org.bukkit.PerMaterialTest" time="0"/>
  <testcase name="isBurnable[116: ENCHANTMENT_TABLE]" classname="org.bukkit.PerMaterialTest" time="0"/>
  <testcase name="isEdible[116: ENCHANTMENT_TABLE]" classname="org.bukkit.PerMaterialTest" time="0"/>
  <testcase name="maxDurability[116: ENCHANTMENT_TABLE]" classname="org.bukkit.PerMaterialTest" time="0"/>
  <testcase name="isOccluding[116: ENCHANTMENT_TABLE]" classname="org.bukkit.PerMaterialTest" time="0"/>
  <testcase name="isRecord[116: ENCHANTMENT_TABLE]" classname="org.bukkit.PerMaterialTest" time="0"/>
  <testcase name="isFlammable[116: ENCHANTMENT_TABLE]" classname="org.bukkit.PerMaterialTest" time="0"/>
  <testcase name="maxStackSize[116: ENCHANTMENT_TABLE]" classname="org.bukkit.PerMaterialTest" time="0"/>
  <testcase name="isTransparent[116: ENCHANTMENT_TABLE]" classname="org.bukkit.PerMaterialTest" time="0"/>
  <testcase name="isSolid[116: ENCHANTMENT_TABLE]" classname="org.bukkit.PerMaterialTest" time="0"/>
  <testcase name="hasGravity[117: BREWING_STAND]" classname="org.bukkit.PerMaterialTest" time="0"/>
  <testcase name="isBurnable[117: BREWING_STAND]" classname="org.bukkit.PerMaterialTest" time="0"/>
  <testcase name="isEdible[117: BREWING_STAND]" classname="org.bukkit.PerMaterialTest" time="0"/>
  <testcase name="maxDurability[117: BREWING_STAND]" classname="org.bukkit.PerMaterialTest" time="0"/>
  <testcase name="isOccluding[117: BREWING_STAND]" classname="org.bukkit.PerMaterialTest" time="0"/>
  <testcase name="isRecord[117: BREWING_STAND]" classname="org.bukkit.PerMaterialTest" time="0"/>
  <testcase name="isFlammable[117: BREWING_STAND]" classname="org.bukkit.PerMaterialTest" time="0"/>
  <testcase name="maxStackSize[117: BREWING_STAND]" classname="org.bukkit.PerMaterialTest" time="0"/>
  <testcase name="isTransparent[117: BREWING_STAND]" classname="org.bukkit.PerMaterialTest" time="0"/>
  <testcase name="isSolid[117: BREWING_STAND]" classname="org.bukkit.PerMaterialTest" time="0"/>
  <testcase name="hasGravity[118: CAULDRON]" classname="org.bukkit.PerMaterialTest" time="0"/>
  <testcase name="isBurnable[118: CAULDRON]" classname="org.bukkit.PerMaterialTest" time="0"/>
  <testcase name="isEdible[118: CAULDRON]" classname="org.bukkit.PerMaterialTest" time="0"/>
  <testcase name="maxDurability[118: CAULDRON]" classname="org.bukkit.PerMaterialTest" time="0"/>
  <testcase name="isOccluding[118: CAULDRON]" classname="org.bukkit.PerMaterialTest" time="0"/>
  <testcase name="isRecord[118: CAULDRON]" classname="org.bukkit.PerMaterialTest" time="0"/>
  <testcase name="isFlammable[118: CAULDRON]" classname="org.bukkit.PerMaterialTest" time="0"/>
  <testcase name="maxStackSize[118: CAULDRON]" classname="org.bukkit.PerMaterialTest" time="0"/>
  <testcase name="isTransparent[118: CAULDRON]" classname="org.bukkit.PerMaterialTest" time="0"/>
  <testcase name="isSolid[118: CAULDRON]" classname="org.bukkit.PerMaterialTest" time="0"/>
  <testcase name="hasGravity[119: ENDER_PORTAL]" classname="org.bukkit.PerMaterialTest" time="0"/>
  <testcase name="isBurnable[119: ENDER_PORTAL]" classname="org.bukkit.PerMaterialTest" time="0"/>
  <testcase name="isEdible[119: ENDER_PORTAL]" classname="org.bukkit.PerMaterialTest" time="0"/>
  <testcase name="maxDurability[119: ENDER_PORTAL]" classname="org.bukkit.PerMaterialTest" time="0"/>
  <testcase name="isOccluding[119: ENDER_PORTAL]" classname="org.bukkit.PerMaterialTest" time="0"/>
  <testcase name="isRecord[119: ENDER_PORTAL]" classname="org.bukkit.PerMaterialTest" time="0"/>
  <testcase name="isFlammable[119: ENDER_PORTAL]" classname="org.bukkit.PerMaterialTest" time="0"/>
  <testcase name="maxStackSize[119: ENDER_PORTAL]" classname="org.bukkit.PerMaterialTest" time="0"/>
  <testcase name="isTransparent[119: ENDER_PORTAL]" classname="org.bukkit.PerMaterialTest" time="0"/>
  <testcase name="isSolid[119: ENDER_PORTAL]" classname="org.bukkit.PerMaterialTest" time="0"/>
  <testcase name="hasGravity[120: ENDER_PORTAL_FRAME]" classname="org.bukkit.PerMaterialTest" time="0"/>
  <testcase name="isBurnable[120: ENDER_PORTAL_FRAME]" classname="org.bukkit.PerMaterialTest" time="0"/>
  <testcase name="isEdible[120: ENDER_PORTAL_FRAME]" classname="org.bukkit.PerMaterialTest" time="0"/>
  <testcase name="maxDurability[120: ENDER_PORTAL_FRAME]" classname="org.bukkit.PerMaterialTest" time="0"/>
  <testcase name="isOccluding[120: ENDER_PORTAL_FRAME]" classname="org.bukkit.PerMaterialTest" time="0"/>
  <testcase name="isRecord[120: ENDER_PORTAL_FRAME]" classname="org.bukkit.PerMaterialTest" time="0"/>
  <testcase name="isFlammable[120: ENDER_PORTAL_FRAME]" classname="org.bukkit.PerMaterialTest" time="0"/>
  <testcase name="maxStackSize[120: ENDER_PORTAL_FRAME]" classname="org.bukkit.PerMaterialTest" time="0"/>
  <testcase name="isTransparent[120: ENDER_PORTAL_FRAME]" classname="org.bukkit.PerMaterialTest" time="0"/>
  <testcase name="isSolid[120: ENDER_PORTAL_FRAME]" classname="org.bukkit.PerMaterialTest" time="0"/>
  <testcase name="hasGravity[121: ENDER_STONE]" classname="org.bukkit.PerMaterialTest" time="0"/>
  <testcase name="isBurnable[121: ENDER_STONE]" classname="org.bukkit.PerMaterialTest" time="0"/>
  <testcase name="isEdible[121: ENDER_STONE]" classname="org.bukkit.PerMaterialTest" time="0"/>
  <testcase name="maxDurability[121: ENDER_STONE]" classname="org.bukkit.PerMaterialTest" time="0"/>
  <testcase name="isOccluding[121: ENDER_STONE]" classname="org.bukkit.PerMaterialTest" time="0"/>
  <testcase name="isRecord[121: ENDER_STONE]" classname="org.bukkit.PerMaterialTest" time="0"/>
  <testcase name="isFlammable[121: ENDER_STONE]" classname="org.bukkit.PerMaterialTest" time="0"/>
  <testcase name="maxStackSize[121: ENDER_STONE]" classname="org.bukkit.PerMaterialTest" time="0"/>
  <testcase name="isTransparent[121: ENDER_STONE]" classname="org.bukkit.PerMaterialTest" time="0"/>
  <testcase name="isSolid[121: ENDER_STONE]" classname="org.bukkit.PerMaterialTest" time="0"/>
  <testcase name="hasGravity[122: DRAGON_EGG]" classname="org.bukkit.PerMaterialTest" time="0"/>
  <testcase name="isBurnable[122: DRAGON_EGG]" classname="org.bukkit.PerMaterialTest" time="0"/>
  <testcase name="isEdible[122: DRAGON_EGG]" classname="org.bukkit.PerMaterialTest" time="0"/>
  <testcase name="maxDurability[122: DRAGON_EGG]" classname="org.bukkit.PerMaterialTest" time="0"/>
  <testcase name="isOccluding[122: DRAGON_EGG]" classname="org.bukkit.PerMaterialTest" time="0"/>
  <testcase name="isRecord[122: DRAGON_EGG]" classname="org.bukkit.PerMaterialTest" time="0"/>
  <testcase name="isFlammable[122: DRAGON_EGG]" classname="org.bukkit.PerMaterialTest" time="0"/>
  <testcase name="maxStackSize[122: DRAGON_EGG]" classname="org.bukkit.PerMaterialTest" time="0"/>
  <testcase name="isTransparent[122: DRAGON_EGG]" classname="org.bukkit.PerMaterialTest" time="0"/>
  <testcase name="isSolid[122: DRAGON_EGG]" classname="org.bukkit.PerMaterialTest" time="0"/>
  <testcase name="hasGravity[123: REDSTONE_LAMP_OFF]" classname="org.bukkit.PerMaterialTest" time="0"/>
  <testcase name="isBurnable[123: REDSTONE_LAMP_OFF]" classname="org.bukkit.PerMaterialTest" time="0"/>
  <testcase name="isEdible[123: REDSTONE_LAMP_OFF]" classname="org.bukkit.PerMaterialTest" time="0"/>
  <testcase name="maxDurability[123: REDSTONE_LAMP_OFF]" classname="org.bukkit.PerMaterialTest" time="0"/>
  <testcase name="isOccluding[123: REDSTONE_LAMP_OFF]" classname="org.bukkit.PerMaterialTest" time="0"/>
  <testcase name="isRecord[123: REDSTONE_LAMP_OFF]" classname="org.bukkit.PerMaterialTest" time="0"/>
  <testcase name="isFlammable[123: REDSTONE_LAMP_OFF]" classname="org.bukkit.PerMaterialTest" time="0"/>
  <testcase name="maxStackSize[123: REDSTONE_LAMP_OFF]" classname="org.bukkit.PerMaterialTest" time="0"/>
  <testcase name="isTransparent[123: REDSTONE_LAMP_OFF]" classname="org.bukkit.PerMaterialTest" time="0"/>
  <testcase name="isSolid[123: REDSTONE_LAMP_OFF]" classname="org.bukkit.PerMaterialTest" time="0"/>
  <testcase name="hasGravity[124: REDSTONE_LAMP_ON]" classname="org.bukkit.PerMaterialTest" time="0"/>
  <testcase name="isBurnable[124: REDSTONE_LAMP_ON]" classname="org.bukkit.PerMaterialTest" time="0"/>
  <testcase name="isEdible[124: REDSTONE_LAMP_ON]" classname="org.bukkit.PerMaterialTest" time="0"/>
  <testcase name="maxDurability[124: REDSTONE_LAMP_ON]" classname="org.bukkit.PerMaterialTest" time="0"/>
  <testcase name="isOccluding[124: REDSTONE_LAMP_ON]" classname="org.bukkit.PerMaterialTest" time="0"/>
  <testcase name="isRecord[124: REDSTONE_LAMP_ON]" classname="org.bukkit.PerMaterialTest" time="0"/>
  <testcase name="isFlammable[124: REDSTONE_LAMP_ON]" classname="org.bukkit.PerMaterialTest" time="0"/>
  <testcase name="maxStackSize[124: REDSTONE_LAMP_ON]" classname="org.bukkit.PerMaterialTest" time="0"/>
  <testcase name="isTransparent[124: REDSTONE_LAMP_ON]" classname="org.bukkit.PerMaterialTest" time="0"/>
  <testcase name="isSolid[124: REDSTONE_LAMP_ON]" classname="org.bukkit.PerMaterialTest" time="0"/>
  <testcase name="hasGravity[125: WOOD_DOUBLE_STEP]" classname="org.bukkit.PerMaterialTest" time="0"/>
  <testcase name="isBurnable[125: WOOD_DOUBLE_STEP]" classname="org.bukkit.PerMaterialTest" time="0"/>
  <testcase name="isEdible[125: WOOD_DOUBLE_STEP]" classname="org.bukkit.PerMaterialTest" time="0"/>
  <testcase name="maxDurability[125: WOOD_DOUBLE_STEP]" classname="org.bukkit.PerMaterialTest" time="0"/>
  <testcase name="isOccluding[125: WOOD_DOUBLE_STEP]" classname="org.bukkit.PerMaterialTest" time="0"/>
  <testcase name="isRecord[125: WOOD_DOUBLE_STEP]" classname="org.bukkit.PerMaterialTest" time="0"/>
  <testcase name="isFlammable[125: WOOD_DOUBLE_STEP]" classname="org.bukkit.PerMaterialTest" time="0"/>
  <testcase name="maxStackSize[125: WOOD_DOUBLE_STEP]" classname="org.bukkit.PerMaterialTest" time="0"/>
  <testcase name="isTransparent[125: WOOD_DOUBLE_STEP]" classname="org.bukkit.PerMaterialTest" time="0"/>
  <testcase name="isSolid[125: WOOD_DOUBLE_STEP]" classname="org.bukkit.PerMaterialTest" time="0"/>
  <testcase name="hasGravity[126: WOOD_STEP]" classname="org.bukkit.PerMaterialTest" time="0"/>
  <testcase name="isBurnable[126: WOOD_STEP]" classname="org.bukkit.PerMaterialTest" time="0"/>
  <testcase name="isEdible[126: WOOD_STEP]" classname="org.bukkit.PerMaterialTest" time="0"/>
  <testcase name="maxDurability[126: WOOD_STEP]" classname="org.bukkit.PerMaterialTest" time="0"/>
  <testcase name="isOccluding[126: WOOD_STEP]" classname="org.bukkit.PerMaterialTest" time="0"/>
  <testcase name="isRecord[126: WOOD_STEP]" classname="org.bukkit.PerMaterialTest" time="0"/>
  <testcase name="isFlammable[126: WOOD_STEP]" classname="org.bukkit.PerMaterialTest" time="0"/>
  <testcase name="maxStackSize[126: WOOD_STEP]" classname="org.bukkit.PerMaterialTest" time="0"/>
  <testcase name="isTransparent[126: WOOD_STEP]" classname="org.bukkit.PerMaterialTest" time="0"/>
  <testcase name="isSolid[126: WOOD_STEP]" classname="org.bukkit.PerMaterialTest" time="0"/>
  <testcase name="hasGravity[127: COCOA]" classname="org.bukkit.PerMaterialTest" time="0"/>
  <testcase name="isBurnable[127: COCOA]" classname="org.bukkit.PerMaterialTest" time="0"/>
  <testcase name="isEdible[127: COCOA]" classname="org.bukkit.PerMaterialTest" time="0"/>
  <testcase name="maxDurability[127: COCOA]" classname="org.bukkit.PerMaterialTest" time="0"/>
  <testcase name="isOccluding[127: COCOA]" classname="org.bukkit.PerMaterialTest" time="0"/>
  <testcase name="isRecord[127: COCOA]" classname="org.bukkit.PerMaterialTest" time="0"/>
  <testcase name="isFlammable[127: COCOA]" classname="org.bukkit.PerMaterialTest" time="0"/>
  <testcase name="maxStackSize[127: COCOA]" classname="org.bukkit.PerMaterialTest" time="0"/>
  <testcase name="isTransparent[127: COCOA]" classname="org.bukkit.PerMaterialTest" time="0"/>
  <testcase name="isSolid[127: COCOA]" classname="org.bukkit.PerMaterialTest" time="0"/>
  <testcase name="hasGravity[128: SANDSTONE_STAIRS]" classname="org.bukkit.PerMaterialTest" time="0"/>
  <testcase name="isBurnable[128: SANDSTONE_STAIRS]" classname="org.bukkit.PerMaterialTest" time="0"/>
  <testcase name="isEdible[128: SANDSTONE_STAIRS]" classname="org.bukkit.PerMaterialTest" time="0"/>
  <testcase name="maxDurability[128: SANDSTONE_STAIRS]" classname="org.bukkit.PerMaterialTest" time="0"/>
  <testcase name="isOccluding[128: SANDSTONE_STAIRS]" classname="org.bukkit.PerMaterialTest" time="0"/>
  <testcase name="isRecord[128: SANDSTONE_STAIRS]" classname="org.bukkit.PerMaterialTest" time="0"/>
  <testcase name="isFlammable[128: SANDSTONE_STAIRS]" classname="org.bukkit.PerMaterialTest" time="0"/>
  <testcase name="maxStackSize[128: SANDSTONE_STAIRS]" classname="org.bukkit.PerMaterialTest" time="0"/>
  <testcase name="isTransparent[128: SANDSTONE_STAIRS]" classname="org.bukkit.PerMaterialTest" time="0"/>
  <testcase name="isSolid[128: SANDSTONE_STAIRS]" classname="org.bukkit.PerMaterialTest" time="0"/>
  <testcase name="hasGravity[129: EMERALD_ORE]" classname="org.bukkit.PerMaterialTest" time="0"/>
  <testcase name="isBurnable[129: EMERALD_ORE]" classname="org.bukkit.PerMaterialTest" time="0"/>
  <testcase name="isEdible[129: EMERALD_ORE]" classname="org.bukkit.PerMaterialTest" time="0"/>
  <testcase name="maxDurability[129: EMERALD_ORE]" classname="org.bukkit.PerMaterialTest" time="0"/>
  <testcase name="isOccluding[129: EMERALD_ORE]" classname="org.bukkit.PerMaterialTest" time="0"/>
  <testcase name="isRecord[129: EMERALD_ORE]" classname="org.bukkit.PerMaterialTest" time="0"/>
  <testcase name="isFlammable[129: EMERALD_ORE]" classname="org.bukkit.PerMaterialTest" time="0"/>
  <testcase name="maxStackSize[129: EMERALD_ORE]" classname="org.bukkit.PerMaterialTest" time="0"/>
  <testcase name="isTransparent[129: EMERALD_ORE]" classname="org.bukkit.PerMaterialTest" time="0"/>
  <testcase name="isSolid[129: EMERALD_ORE]" classname="org.bukkit.PerMaterialTest" time="0"/>
  <testcase name="hasGravity[130: ENDER_CHEST]" classname="org.bukkit.PerMaterialTest" time="0"/>
  <testcase name="isBurnable[130: ENDER_CHEST]" classname="org.bukkit.PerMaterialTest" time="0"/>
  <testcase name="isEdible[130: ENDER_CHEST]" classname="org.bukkit.PerMaterialTest" time="0"/>
  <testcase name="maxDurability[130: ENDER_CHEST]" classname="org.bukkit.PerMaterialTest" time="0"/>
  <testcase name="isOccluding[130: ENDER_CHEST]" classname="org.bukkit.PerMaterialTest" time="0"/>
  <testcase name="isRecord[130: ENDER_CHEST]" classname="org.bukkit.PerMaterialTest" time="0"/>
  <testcase name="isFlammable[130: ENDER_CHEST]" classname="org.bukkit.PerMaterialTest" time="0"/>
  <testcase name="maxStackSize[130: ENDER_CHEST]" classname="org.bukkit.PerMaterialTest" time="0"/>
  <testcase name="isTransparent[130: ENDER_CHEST]" classname="org.bukkit.PerMaterialTest" time="0"/>
  <testcase name="isSolid[130: ENDER_CHEST]" classname="org.bukkit.PerMaterialTest" time="0"/>
  <testcase name="hasGravity[131: TRIPWIRE_HOOK]" classname="org.bukkit.PerMaterialTest" time="0"/>
  <testcase name="isBurnable[131: TRIPWIRE_HOOK]" classname="org.bukkit.PerMaterialTest" time="0"/>
  <testcase name="isEdible[131: TRIPWIRE_HOOK]" classname="org.bukkit.PerMaterialTest" time="0"/>
  <testcase name="maxDurability[131: TRIPWIRE_HOOK]" classname="org.bukkit.PerMaterialTest" time="0"/>
  <testcase name="isOccluding[131: TRIPWIRE_HOOK]" classname="org.bukkit.PerMaterialTest" time="0"/>
  <testcase name="isRecord[131: TRIPWIRE_HOOK]" classname="org.bukkit.PerMaterialTest" time="0"/>
  <testcase name="isFlammable[131: TRIPWIRE_HOOK]" classname="org.bukkit.PerMaterialTest" time="0"/>
  <testcase name="maxStackSize[131: TRIPWIRE_HOOK]" classname="org.bukkit.PerMaterialTest" time="0"/>
  <testcase name="isTransparent[131: TRIPWIRE_HOOK]" classname="org.bukkit.PerMaterialTest" time="0"/>
  <testcase name="isSolid[131: TRIPWIRE_HOOK]" classname="org.bukkit.PerMaterialTest" time="0"/>
  <testcase name="hasGravity[132: TRIPWIRE]" classname="org.bukkit.PerMaterialTest" time="0"/>
  <testcase name="isBurnable[132: TRIPWIRE]" classname="org.bukkit.PerMaterialTest" time="0"/>
  <testcase name="isEdible[132: TRIPWIRE]" classname="org.bukkit.PerMaterialTest" time="0"/>
  <testcase name="maxDurability[132: TRIPWIRE]" classname="org.bukkit.PerMaterialTest" time="0"/>
  <testcase name="isOccluding[132: TRIPWIRE]" classname="org.bukkit.PerMaterialTest" time="0"/>
  <testcase name="isRecord[132: TRIPWIRE]" classname="org.bukkit.PerMaterialTest" time="0"/>
  <testcase name="isFlammable[132: TRIPWIRE]" classname="org.bukkit.PerMaterialTest" time="0"/>
  <testcase name="maxStackSize[132: TRIPWIRE]" classname="org.bukkit.PerMaterialTest" time="0"/>
  <testcase name="isTransparent[132: TRIPWIRE]" classname="org.bukkit.PerMaterialTest" time="0"/>
  <testcase name="isSolid[132: TRIPWIRE]" classname="org.bukkit.PerMaterialTest" time="0"/>
  <testcase name="hasGravity[133: EMERALD_BLOCK]" classname="org.bukkit.PerMaterialTest" time="0"/>
  <testcase name="isBurnable[133: EMERALD_BLOCK]" classname="org.bukkit.PerMaterialTest" time="0"/>
  <testcase name="isEdible[133: EMERALD_BLOCK]" classname="org.bukkit.PerMaterialTest" time="0"/>
  <testcase name="maxDurability[133: EMERALD_BLOCK]" classname="org.bukkit.PerMaterialTest" time="0"/>
  <testcase name="isOccluding[133: EMERALD_BLOCK]" classname="org.bukkit.PerMaterialTest" time="0"/>
  <testcase name="isRecord[133: EMERALD_BLOCK]" classname="org.bukkit.PerMaterialTest" time="0"/>
  <testcase name="isFlammable[133: EMERALD_BLOCK]" classname="org.bukkit.PerMaterialTest" time="0"/>
  <testcase name="maxStackSize[133: EMERALD_BLOCK]" classname="org.bukkit.PerMaterialTest" time="0"/>
  <testcase name="isTransparent[133: EMERALD_BLOCK]" classname="org.bukkit.PerMaterialTest" time="0"/>
  <testcase name="isSolid[133: EMERALD_BLOCK]" classname="org.bukkit.PerMaterialTest" time="0"/>
  <testcase name="hasGravity[134: SPRUCE_WOOD_STAIRS]" classname="org.bukkit.PerMaterialTest" time="0"/>
  <testcase name="isBurnable[134: SPRUCE_WOOD_STAIRS]" classname="org.bukkit.PerMaterialTest" time="0"/>
  <testcase name="isEdible[134: SPRUCE_WOOD_STAIRS]" classname="org.bukkit.PerMaterialTest" time="0"/>
  <testcase name="maxDurability[134: SPRUCE_WOOD_STAIRS]" classname="org.bukkit.PerMaterialTest" time="0"/>
  <testcase name="isOccluding[134: SPRUCE_WOOD_STAIRS]" classname="org.bukkit.PerMaterialTest" time="0"/>
  <testcase name="isRecord[134: SPRUCE_WOOD_STAIRS]" classname="org.bukkit.PerMaterialTest" time="0"/>
  <testcase name="isFlammable[134: SPRUCE_WOOD_STAIRS]" classname="org.bukkit.PerMaterialTest" time="0"/>
  <testcase name="maxStackSize[134: SPRUCE_WOOD_STAIRS]" classname="org.bukkit.PerMaterialTest" time="0"/>
  <testcase name="isTransparent[134: SPRUCE_WOOD_STAIRS]" classname="org.bukkit.PerMaterialTest" time="0"/>
  <testcase name="isSolid[134: SPRUCE_WOOD_STAIRS]" classname="org.bukkit.PerMaterialTest" time="0"/>
  <testcase name="hasGravity[135: BIRCH_WOOD_STAIRS]" classname="org.bukkit.PerMaterialTest" time="0"/>
  <testcase name="isBurnable[135: BIRCH_WOOD_STAIRS]" classname="org.bukkit.PerMaterialTest" time="0"/>
  <testcase name="isEdible[135: BIRCH_WOOD_STAIRS]" classname="org.bukkit.PerMaterialTest" time="0"/>
  <testcase name="maxDurability[135: BIRCH_WOOD_STAIRS]" classname="org.bukkit.PerMaterialTest" time="0"/>
  <testcase name="isOccluding[135: BIRCH_WOOD_STAIRS]" classname="org.bukkit.PerMaterialTest" time="0"/>
  <testcase name="isRecord[135: BIRCH_WOOD_STAIRS]" classname="org.bukkit.PerMaterialTest" time="0"/>
  <testcase name="isFlammable[135: BIRCH_WOOD_STAIRS]" classname="org.bukkit.PerMaterialTest" time="0"/>
  <testcase name="maxStackSize[135: BIRCH_WOOD_STAIRS]" classname="org.bukkit.PerMaterialTest" time="0"/>
  <testcase name="isTransparent[135: BIRCH_WOOD_STAIRS]" classname="org.bukkit.PerMaterialTest" time="0"/>
  <testcase name="isSolid[135: BIRCH_WOOD_STAIRS]" classname="org.bukkit.PerMaterialTest" time="0"/>
  <testcase name="hasGravity[136: JUNGLE_WOOD_STAIRS]" classname="org.bukkit.PerMaterialTest" time="0"/>
  <testcase name="isBurnable[136: JUNGLE_WOOD_STAIRS]" classname="org.bukkit.PerMaterialTest" time="0"/>
  <testcase name="isEdible[136: JUNGLE_WOOD_STAIRS]" classname="org.bukkit.PerMaterialTest" time="0"/>
  <testcase name="maxDurability[136: JUNGLE_WOOD_STAIRS]" classname="org.bukkit.PerMaterialTest" time="0"/>
  <testcase name="isOccluding[136: JUNGLE_WOOD_STAIRS]" classname="org.bukkit.PerMaterialTest" time="0"/>
  <testcase name="isRecord[136: JUNGLE_WOOD_STAIRS]" classname="org.bukkit.PerMaterialTest" time="0"/>
  <testcase name="isFlammable[136: JUNGLE_WOOD_STAIRS]" classname="org.bukkit.PerMaterialTest" time="0"/>
  <testcase name="maxStackSize[136: JUNGLE_WOOD_STAIRS]" classname="org.bukkit.PerMaterialTest" time="0"/>
  <testcase name="isTransparent[136: JUNGLE_WOOD_STAIRS]" classname="org.bukkit.PerMaterialTest" time="0"/>
  <testcase name="isSolid[136: JUNGLE_WOOD_STAIRS]" classname="org.bukkit.PerMaterialTest" time="0"/>
  <testcase name="hasGravity[137: COMMAND]" classname="org.bukkit.PerMaterialTest" time="0"/>
  <testcase name="isBurnable[137: COMMAND]" classname="org.bukkit.PerMaterialTest" time="0"/>
  <testcase name="isEdible[137: COMMAND]" classname="org.bukkit.PerMaterialTest" time="0"/>
  <testcase name="maxDurability[137: COMMAND]" classname="org.bukkit.PerMaterialTest" time="0"/>
  <testcase name="isOccluding[137: COMMAND]" classname="org.bukkit.PerMaterialTest" time="0"/>
  <testcase name="isRecord[137: COMMAND]" classname="org.bukkit.PerMaterialTest" time="0"/>
  <testcase name="isFlammable[137: COMMAND]" classname="org.bukkit.PerMaterialTest" time="0"/>
  <testcase name="maxStackSize[137: COMMAND]" classname="org.bukkit.PerMaterialTest" time="0"/>
  <testcase name="isTransparent[137: COMMAND]" classname="org.bukkit.PerMaterialTest" time="0"/>
  <testcase name="isSolid[137: COMMAND]" classname="org.bukkit.PerMaterialTest" time="0"/>
  <testcase name="hasGravity[138: BEACON]" classname="org.bukkit.PerMaterialTest" time="0"/>
  <testcase name="isBurnable[138: BEACON]" classname="org.bukkit.PerMaterialTest" time="0"/>
  <testcase name="isEdible[138: BEACON]" classname="org.bukkit.PerMaterialTest" time="0"/>
  <testcase name="maxDurability[138: BEACON]" classname="org.bukkit.PerMaterialTest" time="0"/>
  <testcase name="isOccluding[138: BEACON]" classname="org.bukkit.PerMaterialTest" time="0"/>
  <testcase name="isRecord[138: BEACON]" classname="org.bukkit.PerMaterialTest" time="0"/>
  <testcase name="isFlammable[138: BEACON]" classname="org.bukkit.PerMaterialTest" time="0"/>
  <testcase name="maxStackSize[138: BEACON]" classname="org.bukkit.PerMaterialTest" time="0"/>
  <testcase name="isTransparent[138: BEACON]" classname="org.bukkit.PerMaterialTest" time="0"/>
  <testcase name="isSolid[138: BEACON]" classname="org.bukkit.PerMaterialTest" time="0"/>
  <testcase name="hasGravity[139: COBBLE_WALL]" classname="org.bukkit.PerMaterialTest" time="0"/>
  <testcase name="isBurnable[139: COBBLE_WALL]" classname="org.bukkit.PerMaterialTest" time="0"/>
  <testcase name="isEdible[139: COBBLE_WALL]" classname="org.bukkit.PerMaterialTest" time="0"/>
  <testcase name="maxDurability[139: COBBLE_WALL]" classname="org.bukkit.PerMaterialTest" time="0"/>
  <testcase name="isOccluding[139: COBBLE_WALL]" classname="org.bukkit.PerMaterialTest" time="0"/>
  <testcase name="isRecord[139: COBBLE_WALL]" classname="org.bukkit.PerMaterialTest" time="0"/>
  <testcase name="isFlammable[139: COBBLE_WALL]" classname="org.bukkit.PerMaterialTest" time="0"/>
  <testcase name="maxStackSize[139: COBBLE_WALL]" classname="org.bukkit.PerMaterialTest" time="0"/>
  <testcase name="isTransparent[139: COBBLE_WALL]" classname="org.bukkit.PerMaterialTest" time="0"/>
  <testcase name="isSolid[139: COBBLE_WALL]" classname="org.bukkit.PerMaterialTest" time="0"/>
  <testcase name="hasGravity[140: FLOWER_POT]" classname="org.bukkit.PerMaterialTest" time="0"/>
  <testcase name="isBurnable[140: FLOWER_POT]" classname="org.bukkit.PerMaterialTest" time="0"/>
  <testcase name="isEdible[140: FLOWER_POT]" classname="org.bukkit.PerMaterialTest" time="0"/>
  <testcase name="maxDurability[140: FLOWER_POT]" classname="org.bukkit.PerMaterialTest" time="0"/>
  <testcase name="isOccluding[140: FLOWER_POT]" classname="org.bukkit.PerMaterialTest" time="0"/>
  <testcase name="isRecord[140: FLOWER_POT]" classname="org.bukkit.PerMaterialTest" time="0.013"/>
  <testcase name="isFlammable[140: FLOWER_POT]" classname="org.bukkit.PerMaterialTest" time="0"/>
  <testcase name="maxStackSize[140: FLOWER_POT]" classname="org.bukkit.PerMaterialTest" time="0"/>
  <testcase name="isTransparent[140: FLOWER_POT]" classname="org.bukkit.PerMaterialTest" time="0"/>
  <testcase name="isSolid[140: FLOWER_POT]" classname="org.bukkit.PerMaterialTest" time="0"/>
  <testcase name="hasGravity[141: CARROT]" classname="org.bukkit.PerMaterialTest" time="0"/>
  <testcase name="isBurnable[141: CARROT]" classname="org.bukkit.PerMaterialTest" time="0"/>
  <testcase name="isEdible[141: CARROT]" classname="org.bukkit.PerMaterialTest" time="0"/>
  <testcase name="maxDurability[141: CARROT]" classname="org.bukkit.PerMaterialTest" time="0"/>
  <testcase name="isOccluding[141: CARROT]" classname="org.bukkit.PerMaterialTest" time="0"/>
  <testcase name="isRecord[141: CARROT]" classname="org.bukkit.PerMaterialTest" time="0"/>
  <testcase name="isFlammable[141: CARROT]" classname="org.bukkit.PerMaterialTest" time="0"/>
  <testcase name="maxStackSize[141: CARROT]" classname="org.bukkit.PerMaterialTest" time="0"/>
  <testcase name="isTransparent[141: CARROT]" classname="org.bukkit.PerMaterialTest" time="0"/>
  <testcase name="isSolid[141: CARROT]" classname="org.bukkit.PerMaterialTest" time="0"/>
  <testcase name="hasGravity[142: POTATO]" classname="org.bukkit.PerMaterialTest" time="0"/>
  <testcase name="isBurnable[142: POTATO]" classname="org.bukkit.PerMaterialTest" time="0"/>
  <testcase name="isEdible[142: POTATO]" classname="org.bukkit.PerMaterialTest" time="0"/>
  <testcase name="maxDurability[142: POTATO]" classname="org.bukkit.PerMaterialTest" time="0"/>
  <testcase name="isOccluding[142: POTATO]" classname="org.bukkit.PerMaterialTest" time="0"/>
  <testcase name="isRecord[142: POTATO]" classname="org.bukkit.PerMaterialTest" time="0"/>
  <testcase name="isFlammable[142: POTATO]" classname="org.bukkit.PerMaterialTest" time="0"/>
  <testcase name="maxStackSize[142: POTATO]" classname="org.bukkit.PerMaterialTest" time="0"/>
  <testcase name="isTransparent[142: POTATO]" classname="org.bukkit.PerMaterialTest" time="0"/>
  <testcase name="isSolid[142: POTATO]" classname="org.bukkit.PerMaterialTest" time="0"/>
  <testcase name="hasGravity[143: WOOD_BUTTON]" classname="org.bukkit.PerMaterialTest" time="0"/>
  <testcase name="isBurnable[143: WOOD_BUTTON]" classname="org.bukkit.PerMaterialTest" time="0"/>
  <testcase name="isEdible[143: WOOD_BUTTON]" classname="org.bukkit.PerMaterialTest" time="0"/>
  <testcase name="maxDurability[143: WOOD_BUTTON]" classname="org.bukkit.PerMaterialTest" time="0"/>
  <testcase name="isOccluding[143: WOOD_BUTTON]" classname="org.bukkit.PerMaterialTest" time="0"/>
  <testcase name="isRecord[143: WOOD_BUTTON]" classname="org.bukkit.PerMaterialTest" time="0"/>
  <testcase name="isFlammable[143: WOOD_BUTTON]" classname="org.bukkit.PerMaterialTest" time="0"/>
  <testcase name="maxStackSize[143: WOOD_BUTTON]" classname="org.bukkit.PerMaterialTest" time="0"/>
  <testcase name="isTransparent[143: WOOD_BUTTON]" classname="org.bukkit.PerMaterialTest" time="0"/>
  <testcase name="isSolid[143: WOOD_BUTTON]" classname="org.bukkit.PerMaterialTest" time="0"/>
  <testcase name="hasGravity[144: SKULL]" classname="org.bukkit.PerMaterialTest" time="0"/>
  <testcase name="isBurnable[144: SKULL]" classname="org.bukkit.PerMaterialTest" time="0"/>
  <testcase name="isEdible[144: SKULL]" classname="org.bukkit.PerMaterialTest" time="0"/>
  <testcase name="maxDurability[144: SKULL]" classname="org.bukkit.PerMaterialTest" time="0"/>
  <testcase name="isOccluding[144: SKULL]" classname="org.bukkit.PerMaterialTest" time="0"/>
  <testcase name="isRecord[144: SKULL]" classname="org.bukkit.PerMaterialTest" time="0"/>
  <testcase name="isFlammable[144: SKULL]" classname="org.bukkit.PerMaterialTest" time="0"/>
  <testcase name="maxStackSize[144: SKULL]" classname="org.bukkit.PerMaterialTest" time="0"/>
  <testcase name="isTransparent[144: SKULL]" classname="org.bukkit.PerMaterialTest" time="0"/>
  <testcase name="isSolid[144: SKULL]" classname="org.bukkit.PerMaterialTest" time="0"/>
  <testcase name="hasGravity[145: ANVIL]" classname="org.bukkit.PerMaterialTest" time="0"/>
  <testcase name="isBurnable[145: ANVIL]" classname="org.bukkit.PerMaterialTest" time="0"/>
  <testcase name="isEdible[145: ANVIL]" classname="org.bukkit.PerMaterialTest" time="0"/>
  <testcase name="maxDurability[145: ANVIL]" classname="org.bukkit.PerMaterialTest" time="0"/>
  <testcase name="isOccluding[145: ANVIL]" classname="org.bukkit.PerMaterialTest" time="0"/>
  <testcase name="isRecord[145: ANVIL]" classname="org.bukkit.PerMaterialTest" time="0"/>
  <testcase name="isFlammable[145: ANVIL]" classname="org.bukkit.PerMaterialTest" time="0"/>
  <testcase name="maxStackSize[145: ANVIL]" classname="org.bukkit.PerMaterialTest" time="0"/>
  <testcase name="isTransparent[145: ANVIL]" classname="org.bukkit.PerMaterialTest" time="0"/>
  <testcase name="isSolid[145: ANVIL]" classname="org.bukkit.PerMaterialTest" time="0"/>
  <testcase name="hasGravity[146: TRAPPED_CHEST]" classname="org.bukkit.PerMaterialTest" time="0"/>
  <testcase name="isBurnable[146: TRAPPED_CHEST]" classname="org.bukkit.PerMaterialTest" time="0"/>
  <testcase name="isEdible[146: TRAPPED_CHEST]" classname="org.bukkit.PerMaterialTest" time="0"/>
  <testcase name="maxDurability[146: TRAPPED_CHEST]" classname="org.bukkit.PerMaterialTest" time="0"/>
  <testcase name="isOccluding[146: TRAPPED_CHEST]" classname="org.bukkit.PerMaterialTest" time="0"/>
  <testcase name="isRecord[146: TRAPPED_CHEST]" classname="org.bukkit.PerMaterialTest" time="0"/>
  <testcase name="isFlammable[146: TRAPPED_CHEST]" classname="org.bukkit.PerMaterialTest" time="0"/>
  <testcase name="maxStackSize[146: TRAPPED_CHEST]" classname="org.bukkit.PerMaterialTest" time="0"/>
  <testcase name="isTransparent[146: TRAPPED_CHEST]" classname="org.bukkit.PerMaterialTest" time="0"/>
  <testcase name="isSolid[146: TRAPPED_CHEST]" classname="org.bukkit.PerMaterialTest" time="0"/>
  <testcase name="hasGravity[147: GOLD_PLATE]" classname="org.bukkit.PerMaterialTest" time="0"/>
  <testcase name="isBurnable[147: GOLD_PLATE]" classname="org.bukkit.PerMaterialTest" time="0"/>
  <testcase name="isEdible[147: GOLD_PLATE]" classname="org.bukkit.PerMaterialTest" time="0"/>
  <testcase name="maxDurability[147: GOLD_PLATE]" classname="org.bukkit.PerMaterialTest" time="0"/>
  <testcase name="isOccluding[147: GOLD_PLATE]" classname="org.bukkit.PerMaterialTest" time="0"/>
  <testcase name="isRecord[147: GOLD_PLATE]" classname="org.bukkit.PerMaterialTest" time="0"/>
  <testcase name="isFlammable[147: GOLD_PLATE]" classname="org.bukkit.PerMaterialTest" time="0"/>
  <testcase name="maxStackSize[147: GOLD_PLATE]" classname="org.bukkit.PerMaterialTest" time="0"/>
  <testcase name="isTransparent[147: GOLD_PLATE]" classname="org.bukkit.PerMaterialTest" time="0"/>
  <testcase name="isSolid[147: GOLD_PLATE]" classname="org.bukkit.PerMaterialTest" time="0"/>
  <testcase name="hasGravity[148: IRON_PLATE]" classname="org.bukkit.PerMaterialTest" time="0"/>
  <testcase name="isBurnable[148: IRON_PLATE]" classname="org.bukkit.PerMaterialTest" time="0"/>
  <testcase name="isEdible[148: IRON_PLATE]" classname="org.bukkit.PerMaterialTest" time="0"/>
  <testcase name="maxDurability[148: IRON_PLATE]" classname="org.bukkit.PerMaterialTest" time="0"/>
  <testcase name="isOccluding[148: IRON_PLATE]" classname="org.bukkit.PerMaterialTest" time="0"/>
  <testcase name="isRecord[148: IRON_PLATE]" classname="org.bukkit.PerMaterialTest" time="0"/>
  <testcase name="isFlammable[148: IRON_PLATE]" classname="org.bukkit.PerMaterialTest" time="0"/>
  <testcase name="maxStackSize[148: IRON_PLATE]" classname="org.bukkit.PerMaterialTest" time="0"/>
  <testcase name="isTransparent[148: IRON_PLATE]" classname="org.bukkit.PerMaterialTest" time="0"/>
  <testcase name="isSolid[148: IRON_PLATE]" classname="org.bukkit.PerMaterialTest" time="0"/>
  <testcase name="hasGravity[149: REDSTONE_COMPARATOR_OFF]" classname="org.bukkit.PerMaterialTest" time="0"/>
  <testcase name="isBurnable[149: REDSTONE_COMPARATOR_OFF]" classname="org.bukkit.PerMaterialTest" time="0"/>
  <testcase name="isEdible[149: REDSTONE_COMPARATOR_OFF]" classname="org.bukkit.PerMaterialTest" time="0"/>
  <testcase name="maxDurability[149: REDSTONE_COMPARATOR_OFF]" classname="org.bukkit.PerMaterialTest" time="0"/>
  <testcase name="isOccluding[149: REDSTONE_COMPARATOR_OFF]" classname="org.bukkit.PerMaterialTest" time="0"/>
  <testcase name="isRecord[149: REDSTONE_COMPARATOR_OFF]" classname="org.bukkit.PerMaterialTest" time="0"/>
  <testcase name="isFlammable[149: REDSTONE_COMPARATOR_OFF]" classname="org.bukkit.PerMaterialTest" time="0"/>
  <testcase name="maxStackSize[149: REDSTONE_COMPARATOR_OFF]" classname="org.bukkit.PerMaterialTest" time="0"/>
  <testcase name="isTransparent[149: REDSTONE_COMPARATOR_OFF]" classname="org.bukkit.PerMaterialTest" time="0"/>
  <testcase name="isSolid[149: REDSTONE_COMPARATOR_OFF]" classname="org.bukkit.PerMaterialTest" time="0"/>
  <testcase name="hasGravity[150: REDSTONE_COMPARATOR_ON]" classname="org.bukkit.PerMaterialTest" time="0"/>
  <testcase name="isBurnable[150: REDSTONE_COMPARATOR_ON]" classname="org.bukkit.PerMaterialTest" time="0"/>
  <testcase name="isEdible[150: REDSTONE_COMPARATOR_ON]" classname="org.bukkit.PerMaterialTest" time="0"/>
  <testcase name="maxDurability[150: REDSTONE_COMPARATOR_ON]" classname="org.bukkit.PerMaterialTest" time="0"/>
  <testcase name="isOccluding[150: REDSTONE_COMPARATOR_ON]" classname="org.bukkit.PerMaterialTest" time="0"/>
  <testcase name="isRecord[150: REDSTONE_COMPARATOR_ON]" classname="org.bukkit.PerMaterialTest" time="0"/>
  <testcase name="isFlammable[150: REDSTONE_COMPARATOR_ON]" classname="org.bukkit.PerMaterialTest" time="0"/>
  <testcase name="maxStackSize[150: REDSTONE_COMPARATOR_ON]" classname="org.bukkit.PerMaterialTest" time="0"/>
  <testcase name="isTransparent[150: REDSTONE_COMPARATOR_ON]" classname="org.bukkit.PerMaterialTest" time="0"/>
  <testcase name="isSolid[150: REDSTONE_COMPARATOR_ON]" classname="org.bukkit.PerMaterialTest" time="0"/>
  <testcase name="hasGravity[151: DAYLIGHT_DETECTOR]" classname="org.bukkit.PerMaterialTest" time="0"/>
  <testcase name="isBurnable[151: DAYLIGHT_DETECTOR]" classname="org.bukkit.PerMaterialTest" time="0"/>
  <testcase name="isEdible[151: DAYLIGHT_DETECTOR]" classname="org.bukkit.PerMaterialTest" time="0"/>
  <testcase name="maxDurability[151: DAYLIGHT_DETECTOR]" classname="org.bukkit.PerMaterialTest" time="0"/>
  <testcase name="isOccluding[151: DAYLIGHT_DETECTOR]" classname="org.bukkit.PerMaterialTest" time="0"/>
  <testcase name="isRecord[151: DAYLIGHT_DETECTOR]" classname="org.bukkit.PerMaterialTest" time="0"/>
  <testcase name="isFlammable[151: DAYLIGHT_DETECTOR]" classname="org.bukkit.PerMaterialTest" time="0"/>
  <testcase name="maxStackSize[151: DAYLIGHT_DETECTOR]" classname="org.bukkit.PerMaterialTest" time="0"/>
  <testcase name="isTransparent[151: DAYLIGHT_DETECTOR]" classname="org.bukkit.PerMaterialTest" time="0"/>
  <testcase name="isSolid[151: DAYLIGHT_DETECTOR]" classname="org.bukkit.PerMaterialTest" time="0"/>
  <testcase name="hasGravity[152: REDSTONE_BLOCK]" classname="org.bukkit.PerMaterialTest" time="0"/>
  <testcase name="isBurnable[152: REDSTONE_BLOCK]" classname="org.bukkit.PerMaterialTest" time="0"/>
  <testcase name="isEdible[152: REDSTONE_BLOCK]" classname="org.bukkit.PerMaterialTest" time="0"/>
  <testcase name="maxDurability[152: REDSTONE_BLOCK]" classname="org.bukkit.PerMaterialTest" time="0"/>
  <testcase name="isOccluding[152: REDSTONE_BLOCK]" classname="org.bukkit.PerMaterialTest" time="0"/>
  <testcase name="isRecord[152: REDSTONE_BLOCK]" classname="org.bukkit.PerMaterialTest" time="0"/>
  <testcase name="isFlammable[152: REDSTONE_BLOCK]" classname="org.bukkit.PerMaterialTest" time="0"/>
  <testcase name="maxStackSize[152: REDSTONE_BLOCK]" classname="org.bukkit.PerMaterialTest" time="0"/>
  <testcase name="isTransparent[152: REDSTONE_BLOCK]" classname="org.bukkit.PerMaterialTest" time="0"/>
  <testcase name="isSolid[152: REDSTONE_BLOCK]" classname="org.bukkit.PerMaterialTest" time="0"/>
  <testcase name="hasGravity[153: QUARTZ_ORE]" classname="org.bukkit.PerMaterialTest" time="0"/>
  <testcase name="isBurnable[153: QUARTZ_ORE]" classname="org.bukkit.PerMaterialTest" time="0"/>
  <testcase name="isEdible[153: QUARTZ_ORE]" classname="org.bukkit.PerMaterialTest" time="0"/>
  <testcase name="maxDurability[153: QUARTZ_ORE]" classname="org.bukkit.PerMaterialTest" time="0"/>
  <testcase name="isOccluding[153: QUARTZ_ORE]" classname="org.bukkit.PerMaterialTest" time="0"/>
  <testcase name="isRecord[153: QUARTZ_ORE]" classname="org.bukkit.PerMaterialTest" time="0"/>
  <testcase name="isFlammable[153: QUARTZ_ORE]" classname="org.bukkit.PerMaterialTest" time="0"/>
  <testcase name="maxStackSize[153: QUARTZ_ORE]" classname="org.bukkit.PerMaterialTest" time="0"/>
  <testcase name="isTransparent[153: QUARTZ_ORE]" classname="org.bukkit.PerMaterialTest" time="0"/>
  <testcase name="isSolid[153: QUARTZ_ORE]" classname="org.bukkit.PerMaterialTest" time="0"/>
  <testcase name="hasGravity[154: HOPPER]" classname="org.bukkit.PerMaterialTest" time="0"/>
  <testcase name="isBurnable[154: HOPPER]" classname="org.bukkit.PerMaterialTest" time="0.003"/>
  <testcase name="isEdible[154: HOPPER]" classname="org.bukkit.PerMaterialTest" time="0"/>
  <testcase name="maxDurability[154: HOPPER]" classname="org.bukkit.PerMaterialTest" time="0"/>
  <testcase name="isOccluding[154: HOPPER]" classname="org.bukkit.PerMaterialTest" time="0"/>
  <testcase name="isRecord[154: HOPPER]" classname="org.bukkit.PerMaterialTest" time="0"/>
  <testcase name="isFlammable[154: HOPPER]" classname="org.bukkit.PerMaterialTest" time="0"/>
  <testcase name="maxStackSize[154: HOPPER]" classname="org.bukkit.PerMaterialTest" time="0"/>
  <testcase name="isTransparent[154: HOPPER]" classname="org.bukkit.PerMaterialTest" time="0"/>
  <testcase name="isSolid[154: HOPPER]" classname="org.bukkit.PerMaterialTest" time="0"/>
  <testcase name="hasGravity[155: QUARTZ_BLOCK]" classname="org.bukkit.PerMaterialTest" time="0"/>
  <testcase name="isBurnable[155: QUARTZ_BLOCK]" classname="org.bukkit.PerMaterialTest" time="0"/>
  <testcase name="isEdible[155: QUARTZ_BLOCK]" classname="org.bukkit.PerMaterialTest" time="0"/>
  <testcase name="maxDurability[155: QUARTZ_BLOCK]" classname="org.bukkit.PerMaterialTest" time="0"/>
  <testcase name="isOccluding[155: QUARTZ_BLOCK]" classname="org.bukkit.PerMaterialTest" time="0"/>
  <testcase name="isRecord[155: QUARTZ_BLOCK]" classname="org.bukkit.PerMaterialTest" time="0"/>
  <testcase name="isFlammable[155: QUARTZ_BLOCK]" classname="org.bukkit.PerMaterialTest" time="0"/>
  <testcase name="maxStackSize[155: QUARTZ_BLOCK]" classname="org.bukkit.PerMaterialTest" time="0"/>
  <testcase name="isTransparent[155: QUARTZ_BLOCK]" classname="org.bukkit.PerMaterialTest" time="0"/>
  <testcase name="isSolid[155: QUARTZ_BLOCK]" classname="org.bukkit.PerMaterialTest" time="0"/>
  <testcase name="hasGravity[156: QUARTZ_STAIRS]" classname="org.bukkit.PerMaterialTest" time="0"/>
  <testcase name="isBurnable[156: QUARTZ_STAIRS]" classname="org.bukkit.PerMaterialTest" time="0"/>
  <testcase name="isEdible[156: QUARTZ_STAIRS]" classname="org.bukkit.PerMaterialTest" time="0.001"/>
  <testcase name="maxDurability[156: QUARTZ_STAIRS]" classname="org.bukkit.PerMaterialTest" time="0"/>
  <testcase name="isOccluding[156: QUARTZ_STAIRS]" classname="org.bukkit.PerMaterialTest" time="0"/>
  <testcase name="isRecord[156: QUARTZ_STAIRS]" classname="org.bukkit.PerMaterialTest" time="0"/>
  <testcase name="isFlammable[156: QUARTZ_STAIRS]" classname="org.bukkit.PerMaterialTest" time="0"/>
  <testcase name="maxStackSize[156: QUARTZ_STAIRS]" classname="org.bukkit.PerMaterialTest" time="0"/>
  <testcase name="isTransparent[156: QUARTZ_STAIRS]" classname="org.bukkit.PerMaterialTest" time="0"/>
  <testcase name="isSolid[156: QUARTZ_STAIRS]" classname="org.bukkit.PerMaterialTest" time="0"/>
  <testcase name="hasGravity[157: ACTIVATOR_RAIL]" classname="org.bukkit.PerMaterialTest" time="0"/>
  <testcase name="isBurnable[157: ACTIVATOR_RAIL]" classname="org.bukkit.PerMaterialTest" time="0"/>
  <testcase name="isEdible[157: ACTIVATOR_RAIL]" classname="org.bukkit.PerMaterialTest" time="0"/>
  <testcase name="maxDurability[157: ACTIVATOR_RAIL]" classname="org.bukkit.PerMaterialTest" time="0"/>
  <testcase name="isOccluding[157: ACTIVATOR_RAIL]" classname="org.bukkit.PerMaterialTest" time="0"/>
  <testcase name="isRecord[157: ACTIVATOR_RAIL]" classname="org.bukkit.PerMaterialTest" time="0"/>
  <testcase name="isFlammable[157: ACTIVATOR_RAIL]" classname="org.bukkit.PerMaterialTest" time="0"/>
  <testcase name="maxStackSize[157: ACTIVATOR_RAIL]" classname="org.bukkit.PerMaterialTest" time="0"/>
  <testcase name="isTransparent[157: ACTIVATOR_RAIL]" classname="org.bukkit.PerMaterialTest" time="0"/>
  <testcase name="isSolid[157: ACTIVATOR_RAIL]" classname="org.bukkit.PerMaterialTest" time="0"/>
  <testcase name="hasGravity[158: DROPPER]" classname="org.bukkit.PerMaterialTest" time="0"/>
  <testcase name="isBurnable[158: DROPPER]" classname="org.bukkit.PerMaterialTest" time="0"/>
  <testcase name="isEdible[158: DROPPER]" classname="org.bukkit.PerMaterialTest" time="0"/>
  <testcase name="maxDurability[158: DROPPER]" classname="org.bukkit.PerMaterialTest" time="0"/>
  <testcase name="isOccluding[158: DROPPER]" classname="org.bukkit.PerMaterialTest" time="0"/>
  <testcase name="isRecord[158: DROPPER]" classname="org.bukkit.PerMaterialTest" time="0"/>
  <testcase name="isFlammable[158: DROPPER]" classname="org.bukkit.PerMaterialTest" time="0"/>
  <testcase name="maxStackSize[158: DROPPER]" classname="org.bukkit.PerMaterialTest" time="0"/>
  <testcase name="isTransparent[158: DROPPER]" classname="org.bukkit.PerMaterialTest" time="0"/>
  <testcase name="isSolid[158: DROPPER]" classname="org.bukkit.PerMaterialTest" time="0"/>
  <testcase name="hasGravity[159: STAINED_CLAY]" classname="org.bukkit.PerMaterialTest" time="0"/>
  <testcase name="isBurnable[159: STAINED_CLAY]" classname="org.bukkit.PerMaterialTest" time="0"/>
  <testcase name="isEdible[159: STAINED_CLAY]" classname="org.bukkit.PerMaterialTest" time="0"/>
  <testcase name="maxDurability[159: STAINED_CLAY]" classname="org.bukkit.PerMaterialTest" time="0"/>
  <testcase name="isOccluding[159: STAINED_CLAY]" classname="org.bukkit.PerMaterialTest" time="0"/>
  <testcase name="isRecord[159: STAINED_CLAY]" classname="org.bukkit.PerMaterialTest" time="0"/>
  <testcase name="isFlammable[159: STAINED_CLAY]" classname="org.bukkit.PerMaterialTest" time="0"/>
  <testcase name="maxStackSize[159: STAINED_CLAY]" classname="org.bukkit.PerMaterialTest" time="0"/>
  <testcase name="isTransparent[159: STAINED_CLAY]" classname="org.bukkit.PerMaterialTest" time="0"/>
  <testcase name="isSolid[159: STAINED_CLAY]" classname="org.bukkit.PerMaterialTest" time="0"/>
  <testcase name="hasGravity[160: STAINED_GLASS_PANE]" classname="org.bukkit.PerMaterialTest" time="0"/>
  <testcase name="isBurnable[160: STAINED_GLASS_PANE]" classname="org.bukkit.PerMaterialTest" time="0"/>
  <testcase name="isEdible[160: STAINED_GLASS_PANE]" classname="org.bukkit.PerMaterialTest" time="0"/>
  <testcase name="maxDurability[160: STAINED_GLASS_PANE]" classname="org.bukkit.PerMaterialTest" time="0"/>
  <testcase name="isOccluding[160: STAINED_GLASS_PANE]" classname="org.bukkit.PerMaterialTest" time="0"/>
  <testcase name="isRecord[160: STAINED_GLASS_PANE]" classname="org.bukkit.PerMaterialTest" time="0"/>
  <testcase name="isFlammable[160: STAINED_GLASS_PANE]" classname="org.bukkit.PerMaterialTest" time="0"/>
  <testcase name="maxStackSize[160: STAINED_GLASS_PANE]" classname="org.bukkit.PerMaterialTest" time="0"/>
  <testcase name="isTransparent[160: STAINED_GLASS_PANE]" classname="org.bukkit.PerMaterialTest" time="0"/>
  <testcase name="isSolid[160: STAINED_GLASS_PANE]" classname="org.bukkit.PerMaterialTest" time="0"/>
  <testcase name="hasGravity[161: LEAVES_2]" classname="org.bukkit.PerMaterialTest" time="0"/>
  <testcase name="isBurnable[161: LEAVES_2]" classname="org.bukkit.PerMaterialTest" time="0"/>
  <testcase name="isEdible[161: LEAVES_2]" classname="org.bukkit.PerMaterialTest" time="0"/>
  <testcase name="maxDurability[161: LEAVES_2]" classname="org.bukkit.PerMaterialTest" time="0"/>
  <testcase name="isOccluding[161: LEAVES_2]" classname="org.bukkit.PerMaterialTest" time="0"/>
  <testcase name="isRecord[161: LEAVES_2]" classname="org.bukkit.PerMaterialTest" time="0"/>
  <testcase name="isFlammable[161: LEAVES_2]" classname="org.bukkit.PerMaterialTest" time="0"/>
  <testcase name="maxStackSize[161: LEAVES_2]" classname="org.bukkit.PerMaterialTest" time="0"/>
  <testcase name="isTransparent[161: LEAVES_2]" classname="org.bukkit.PerMaterialTest" time="0"/>
  <testcase name="isSolid[161: LEAVES_2]" classname="org.bukkit.PerMaterialTest" time="0"/>
  <testcase name="hasGravity[162: LOG_2]" classname="org.bukkit.PerMaterialTest" time="0"/>
  <testcase name="isBurnable[162: LOG_2]" classname="org.bukkit.PerMaterialTest" time="0"/>
  <testcase name="isEdible[162: LOG_2]" classname="org.bukkit.PerMaterialTest" time="0"/>
  <testcase name="maxDurability[162: LOG_2]" classname="org.bukkit.PerMaterialTest" time="0"/>
  <testcase name="isOccluding[162: LOG_2]" classname="org.bukkit.PerMaterialTest" time="0"/>
  <testcase name="isRecord[162: LOG_2]" classname="org.bukkit.PerMaterialTest" time="0"/>
  <testcase name="isFlammable[162: LOG_2]" classname="org.bukkit.PerMaterialTest" time="0"/>
  <testcase name="maxStackSize[162: LOG_2]" classname="org.bukkit.PerMaterialTest" time="0"/>
  <testcase name="isTransparent[162: LOG_2]" classname="org.bukkit.PerMaterialTest" time="0"/>
  <testcase name="isSolid[162: LOG_2]" classname="org.bukkit.PerMaterialTest" time="0"/>
  <testcase name="hasGravity[163: ACACIA_STAIRS]" classname="org.bukkit.PerMaterialTest" time="0"/>
  <testcase name="isBurnable[163: ACACIA_STAIRS]" classname="org.bukkit.PerMaterialTest" time="0"/>
  <testcase name="isEdible[163: ACACIA_STAIRS]" classname="org.bukkit.PerMaterialTest" time="0"/>
  <testcase name="maxDurability[163: ACACIA_STAIRS]" classname="org.bukkit.PerMaterialTest" time="0"/>
  <testcase name="isOccluding[163: ACACIA_STAIRS]" classname="org.bukkit.PerMaterialTest" time="0"/>
  <testcase name="isRecord[163: ACACIA_STAIRS]" classname="org.bukkit.PerMaterialTest" time="0"/>
  <testcase name="isFlammable[163: ACACIA_STAIRS]" classname="org.bukkit.PerMaterialTest" time="0"/>
  <testcase name="maxStackSize[163: ACACIA_STAIRS]" classname="org.bukkit.PerMaterialTest" time="0"/>
  <testcase name="isTransparent[163: ACACIA_STAIRS]" classname="org.bukkit.PerMaterialTest" time="0"/>
  <testcase name="isSolid[163: ACACIA_STAIRS]" classname="org.bukkit.PerMaterialTest" time="0"/>
  <testcase name="hasGravity[164: DARK_OAK_STAIRS]" classname="org.bukkit.PerMaterialTest" time="0"/>
  <testcase name="isBurnable[164: DARK_OAK_STAIRS]" classname="org.bukkit.PerMaterialTest" time="0"/>
  <testcase name="isEdible[164: DARK_OAK_STAIRS]" classname="org.bukkit.PerMaterialTest" time="0"/>
  <testcase name="maxDurability[164: DARK_OAK_STAIRS]" classname="org.bukkit.PerMaterialTest" time="0"/>
  <testcase name="isOccluding[164: DARK_OAK_STAIRS]" classname="org.bukkit.PerMaterialTest" time="0"/>
  <testcase name="isRecord[164: DARK_OAK_STAIRS]" classname="org.bukkit.PerMaterialTest" time="0"/>
  <testcase name="isFlammable[164: DARK_OAK_STAIRS]" classname="org.bukkit.PerMaterialTest" time="0"/>
  <testcase name="maxStackSize[164: DARK_OAK_STAIRS]" classname="org.bukkit.PerMaterialTest" time="0"/>
  <testcase name="isTransparent[164: DARK_OAK_STAIRS]" classname="org.bukkit.PerMaterialTest" time="0"/>
  <testcase name="isSolid[164: DARK_OAK_STAIRS]" classname="org.bukkit.PerMaterialTest" time="0"/>
  <testcase name="hasGravity[165: SLIME_BLOCK]" classname="org.bukkit.PerMaterialTest" time="0"/>
  <testcase name="isBurnable[165: SLIME_BLOCK]" classname="org.bukkit.PerMaterialTest" time="0"/>
  <testcase name="isEdible[165: SLIME_BLOCK]" classname="org.bukkit.PerMaterialTest" time="0"/>
  <testcase name="maxDurability[165: SLIME_BLOCK]" classname="org.bukkit.PerMaterialTest" time="0"/>
  <testcase name="isOccluding[165: SLIME_BLOCK]" classname="org.bukkit.PerMaterialTest" time="0"/>
  <testcase name="isRecord[165: SLIME_BLOCK]" classname="org.bukkit.PerMaterialTest" time="0"/>
  <testcase name="isFlammable[165: SLIME_BLOCK]" classname="org.bukkit.PerMaterialTest" time="0"/>
  <testcase name="maxStackSize[165: SLIME_BLOCK]" classname="org.bukkit.PerMaterialTest" time="0"/>
  <testcase name="isTransparent[165: SLIME_BLOCK]" classname="org.bukkit.PerMaterialTest" time="0"/>
  <testcase name="isSolid[165: SLIME_BLOCK]" classname="org.bukkit.PerMaterialTest" time="0"/>
  <testcase name="hasGravity[166: BARRIER]" classname="org.bukkit.PerMaterialTest" time="0"/>
  <testcase name="isBurnable[166: BARRIER]" classname="org.bukkit.PerMaterialTest" time="0"/>
  <testcase name="isEdible[166: BARRIER]" classname="org.bukkit.PerMaterialTest" time="0"/>
  <testcase name="maxDurability[166: BARRIER]" classname="org.bukkit.PerMaterialTest" time="0"/>
  <testcase name="isOccluding[166: BARRIER]" classname="org.bukkit.PerMaterialTest" time="0"/>
  <testcase name="isRecord[166: BARRIER]" classname="org.bukkit.PerMaterialTest" time="0"/>
  <testcase name="isFlammable[166: BARRIER]" classname="org.bukkit.PerMaterialTest" time="0"/>
  <testcase name="maxStackSize[166: BARRIER]" classname="org.bukkit.PerMaterialTest" time="0"/>
  <testcase name="isTransparent[166: BARRIER]" classname="org.bukkit.PerMaterialTest" time="0"/>
  <testcase name="isSolid[166: BARRIER]" classname="org.bukkit.PerMaterialTest" time="0"/>
  <testcase name="hasGravity[167: IRON_TRAPDOOR]" classname="org.bukkit.PerMaterialTest" time="0"/>
  <testcase name="isBurnable[167: IRON_TRAPDOOR]" classname="org.bukkit.PerMaterialTest" time="0"/>
  <testcase name="isEdible[167: IRON_TRAPDOOR]" classname="org.bukkit.PerMaterialTest" time="0"/>
  <testcase name="maxDurability[167: IRON_TRAPDOOR]" classname="org.bukkit.PerMaterialTest" time="0"/>
  <testcase name="isOccluding[167: IRON_TRAPDOOR]" classname="org.bukkit.PerMaterialTest" time="0"/>
  <testcase name="isRecord[167: IRON_TRAPDOOR]" classname="org.bukkit.PerMaterialTest" time="0"/>
  <testcase name="isFlammable[167: IRON_TRAPDOOR]" classname="org.bukkit.PerMaterialTest" time="0"/>
  <testcase name="maxStackSize[167: IRON_TRAPDOOR]" classname="org.bukkit.PerMaterialTest" time="0"/>
  <testcase name="isTransparent[167: IRON_TRAPDOOR]" classname="org.bukkit.PerMaterialTest" time="0"/>
  <testcase name="isSolid[167: IRON_TRAPDOOR]" classname="org.bukkit.PerMaterialTest" time="0"/>
  <testcase name="hasGravity[168: PRISMARINE]" classname="org.bukkit.PerMaterialTest" time="0"/>
  <testcase name="isBurnable[168: PRISMARINE]" classname="org.bukkit.PerMaterialTest" time="0"/>
  <testcase name="isEdible[168: PRISMARINE]" classname="org.bukkit.PerMaterialTest" time="0"/>
  <testcase name="maxDurability[168: PRISMARINE]" classname="org.bukkit.PerMaterialTest" time="0"/>
  <testcase name="isOccluding[168: PRISMARINE]" classname="org.bukkit.PerMaterialTest" time="0"/>
  <testcase name="isRecord[168: PRISMARINE]" classname="org.bukkit.PerMaterialTest" time="0"/>
  <testcase name="isFlammable[168: PRISMARINE]" classname="org.bukkit.PerMaterialTest" time="0"/>
  <testcase name="maxStackSize[168: PRISMARINE]" classname="org.bukkit.PerMaterialTest" time="0"/>
  <testcase name="isTransparent[168: PRISMARINE]" classname="org.bukkit.PerMaterialTest" time="0"/>
  <testcase name="isSolid[168: PRISMARINE]" classname="org.bukkit.PerMaterialTest" time="0"/>
  <testcase name="hasGravity[169: SEA_LANTERN]" classname="org.bukkit.PerMaterialTest" time="0"/>
  <testcase name="isBurnable[169: SEA_LANTERN]" classname="org.bukkit.PerMaterialTest" time="0"/>
  <testcase name="isEdible[169: SEA_LANTERN]" classname="org.bukkit.PerMaterialTest" time="0"/>
  <testcase name="maxDurability[169: SEA_LANTERN]" classname="org.bukkit.PerMaterialTest" time="0"/>
  <testcase name="isOccluding[169: SEA_LANTERN]" classname="org.bukkit.PerMaterialTest" time="0"/>
  <testcase name="isRecord[169: SEA_LANTERN]" classname="org.bukkit.PerMaterialTest" time="0"/>
  <testcase name="isFlammable[169: SEA_LANTERN]" classname="org.bukkit.PerMaterialTest" time="0"/>
  <testcase name="maxStackSize[169: SEA_LANTERN]" classname="org.bukkit.PerMaterialTest" time="0"/>
  <testcase name="isTransparent[169: SEA_LANTERN]" classname="org.bukkit.PerMaterialTest" time="0"/>
  <testcase name="isSolid[169: SEA_LANTERN]" classname="org.bukkit.PerMaterialTest" time="0"/>
  <testcase name="hasGravity[170: HAY_BLOCK]" classname="org.bukkit.PerMaterialTest" time="0"/>
  <testcase name="isBurnable[170: HAY_BLOCK]" classname="org.bukkit.PerMaterialTest" time="0"/>
  <testcase name="isEdible[170: HAY_BLOCK]" classname="org.bukkit.PerMaterialTest" time="0"/>
  <testcase name="maxDurability[170: HAY_BLOCK]" classname="org.bukkit.PerMaterialTest" time="0"/>
  <testcase name="isOccluding[170: HAY_BLOCK]" classname="org.bukkit.PerMaterialTest" time="0"/>
  <testcase name="isRecord[170: HAY_BLOCK]" classname="org.bukkit.PerMaterialTest" time="0"/>
  <testcase name="isFlammable[170: HAY_BLOCK]" classname="org.bukkit.PerMaterialTest" time="0"/>
  <testcase name="maxStackSize[170: HAY_BLOCK]" classname="org.bukkit.PerMaterialTest" time="0"/>
  <testcase name="isTransparent[170: HAY_BLOCK]" classname="org.bukkit.PerMaterialTest" time="0"/>
  <testcase name="isSolid[170: HAY_BLOCK]" classname="org.bukkit.PerMaterialTest" time="0"/>
  <testcase name="hasGravity[171: CARPET]" classname="org.bukkit.PerMaterialTest" time="0"/>
  <testcase name="isBurnable[171: CARPET]" classname="org.bukkit.PerMaterialTest" time="0"/>
  <testcase name="isEdible[171: CARPET]" classname="org.bukkit.PerMaterialTest" time="0"/>
  <testcase name="maxDurability[171: CARPET]" classname="org.bukkit.PerMaterialTest" time="0"/>
  <testcase name="isOccluding[171: CARPET]" classname="org.bukkit.PerMaterialTest" time="0"/>
  <testcase name="isRecord[171: CARPET]" classname="org.bukkit.PerMaterialTest" time="0"/>
  <testcase name="isFlammable[171: CARPET]" classname="org.bukkit.PerMaterialTest" time="0"/>
  <testcase name="maxStackSize[171: CARPET]" classname="org.bukkit.PerMaterialTest" time="0"/>
  <testcase name="isTransparent[171: CARPET]" classname="org.bukkit.PerMaterialTest" time="0"/>
  <testcase name="isSolid[171: CARPET]" classname="org.bukkit.PerMaterialTest" time="0"/>
  <testcase name="hasGravity[172: HARD_CLAY]" classname="org.bukkit.PerMaterialTest" time="0"/>
  <testcase name="isBurnable[172: HARD_CLAY]" classname="org.bukkit.PerMaterialTest" time="0"/>
  <testcase name="isEdible[172: HARD_CLAY]" classname="org.bukkit.PerMaterialTest" time="0"/>
  <testcase name="maxDurability[172: HARD_CLAY]" classname="org.bukkit.PerMaterialTest" time="0"/>
  <testcase name="isOccluding[172: HARD_CLAY]" classname="org.bukkit.PerMaterialTest" time="0"/>
  <testcase name="isRecord[172: HARD_CLAY]" classname="org.bukkit.PerMaterialTest" time="0"/>
  <testcase name="isFlammable[172: HARD_CLAY]" classname="org.bukkit.PerMaterialTest" time="0"/>
  <testcase name="maxStackSize[172: HARD_CLAY]" classname="org.bukkit.PerMaterialTest" time="0"/>
  <testcase name="isTransparent[172: HARD_CLAY]" classname="org.bukkit.PerMaterialTest" time="0"/>
  <testcase name="isSolid[172: HARD_CLAY]" classname="org.bukkit.PerMaterialTest" time="0"/>
  <testcase name="hasGravity[173: COAL_BLOCK]" classname="org.bukkit.PerMaterialTest" time="0"/>
  <testcase name="isBurnable[173: COAL_BLOCK]" classname="org.bukkit.PerMaterialTest" time="0"/>
  <testcase name="isEdible[173: COAL_BLOCK]" classname="org.bukkit.PerMaterialTest" time="0"/>
  <testcase name="maxDurability[173: COAL_BLOCK]" classname="org.bukkit.PerMaterialTest" time="0"/>
  <testcase name="isOccluding[173: COAL_BLOCK]" classname="org.bukkit.PerMaterialTest" time="0"/>
  <testcase name="isRecord[173: COAL_BLOCK]" classname="org.bukkit.PerMaterialTest" time="0"/>
  <testcase name="isFlammable[173: COAL_BLOCK]" classname="org.bukkit.PerMaterialTest" time="0"/>
  <testcase name="maxStackSize[173: COAL_BLOCK]" classname="org.bukkit.PerMaterialTest" time="0"/>
  <testcase name="isTransparent[173: COAL_BLOCK]" classname="org.bukkit.PerMaterialTest" time="0"/>
  <testcase name="isSolid[173: COAL_BLOCK]" classname="org.bukkit.PerMaterialTest" time="0"/>
  <testcase name="hasGravity[174: PACKED_ICE]" classname="org.bukkit.PerMaterialTest" time="0"/>
  <testcase name="isBurnable[174: PACKED_ICE]" classname="org.bukkit.PerMaterialTest" time="0"/>
  <testcase name="isEdible[174: PACKED_ICE]" classname="org.bukkit.PerMaterialTest" time="0"/>
  <testcase name="maxDurability[174: PACKED_ICE]" classname="org.bukkit.PerMaterialTest" time="0"/>
  <testcase name="isOccluding[174: PACKED_ICE]" classname="org.bukkit.PerMaterialTest" time="0"/>
  <testcase name="isRecord[174: PACKED_ICE]" classname="org.bukkit.PerMaterialTest" time="0"/>
  <testcase name="isFlammable[174: PACKED_ICE]" classname="org.bukkit.PerMaterialTest" time="0"/>
  <testcase name="maxStackSize[174: PACKED_ICE]" classname="org.bukkit.PerMaterialTest" time="0"/>
  <testcase name="isTransparent[174: PACKED_ICE]" classname="org.bukkit.PerMaterialTest" time="0"/>
  <testcase name="isSolid[174: PACKED_ICE]" classname="org.bukkit.PerMaterialTest" time="0"/>
  <testcase name="hasGravity[175: DOUBLE_PLANT]" classname="org.bukkit.PerMaterialTest" time="0"/>
  <testcase name="isBurnable[175: DOUBLE_PLANT]" classname="org.bukkit.PerMaterialTest" time="0"/>
  <testcase name="isEdible[175: DOUBLE_PLANT]" classname="org.bukkit.PerMaterialTest" time="0"/>
  <testcase name="maxDurability[175: DOUBLE_PLANT]" classname="org.bukkit.PerMaterialTest" time="0"/>
  <testcase name="isOccluding[175: DOUBLE_PLANT]" classname="org.bukkit.PerMaterialTest" time="0"/>
  <testcase name="isRecord[175: DOUBLE_PLANT]" classname="org.bukkit.PerMaterialTest" time="0"/>
  <testcase name="isFlammable[175: DOUBLE_PLANT]" classname="org.bukkit.PerMaterialTest" time="0"/>
  <testcase name="maxStackSize[175: DOUBLE_PLANT]" classname="org.bukkit.PerMaterialTest" time="0"/>
  <testcase name="isTransparent[175: DOUBLE_PLANT]" classname="org.bukkit.PerMaterialTest" time="0"/>
  <testcase name="isSolid[175: DOUBLE_PLANT]" classname="org.bukkit.PerMaterialTest" time="0"/>
  <testcase name="hasGravity[176: STANDING_BANNER]" classname="org.bukkit.PerMaterialTest" time="0"/>
  <testcase name="isBurnable[176: STANDING_BANNER]" classname="org.bukkit.PerMaterialTest" time="0"/>
  <testcase name="isEdible[176: STANDING_BANNER]" classname="org.bukkit.PerMaterialTest" time="0"/>
  <testcase name="maxDurability[176: STANDING_BANNER]" classname="org.bukkit.PerMaterialTest" time="0"/>
  <testcase name="isOccluding[176: STANDING_BANNER]" classname="org.bukkit.PerMaterialTest" time="0"/>
  <testcase name="isRecord[176: STANDING_BANNER]" classname="org.bukkit.PerMaterialTest" time="0"/>
  <testcase name="isFlammable[176: STANDING_BANNER]" classname="org.bukkit.PerMaterialTest" time="0"/>
  <testcase name="maxStackSize[176: STANDING_BANNER]" classname="org.bukkit.PerMaterialTest" time="0"/>
  <testcase name="isTransparent[176: STANDING_BANNER]" classname="org.bukkit.PerMaterialTest" time="0"/>
  <testcase name="isSolid[176: STANDING_BANNER]" classname="org.bukkit.PerMaterialTest" time="0"/>
  <testcase name="hasGravity[177: WALL_BANNER]" classname="org.bukkit.PerMaterialTest" time="0"/>
  <testcase name="isBurnable[177: WALL_BANNER]" classname="org.bukkit.PerMaterialTest" time="0"/>
  <testcase name="isEdible[177: WALL_BANNER]" classname="org.bukkit.PerMaterialTest" time="0"/>
  <testcase name="maxDurability[177: WALL_BANNER]" classname="org.bukkit.PerMaterialTest" time="0"/>
  <testcase name="isOccluding[177: WALL_BANNER]" classname="org.bukkit.PerMaterialTest" time="0"/>
  <testcase name="isRecord[177: WALL_BANNER]" classname="org.bukkit.PerMaterialTest" time="0"/>
  <testcase name="isFlammable[177: WALL_BANNER]" classname="org.bukkit.PerMaterialTest" time="0"/>
  <testcase name="maxStackSize[177: WALL_BANNER]" classname="org.bukkit.PerMaterialTest" time="0"/>
  <testcase name="isTransparent[177: WALL_BANNER]" classname="org.bukkit.PerMaterialTest" time="0"/>
  <testcase name="isSolid[177: WALL_BANNER]" classname="org.bukkit.PerMaterialTest" time="0"/>
  <testcase name="hasGravity[178: DAYLIGHT_DETECTOR_INVERTED]" classname="org.bukkit.PerMaterialTest" time="0"/>
  <testcase name="isBurnable[178: DAYLIGHT_DETECTOR_INVERTED]" classname="org.bukkit.PerMaterialTest" time="0"/>
  <testcase name="isEdible[178: DAYLIGHT_DETECTOR_INVERTED]" classname="org.bukkit.PerMaterialTest" time="0"/>
  <testcase name="maxDurability[178: DAYLIGHT_DETECTOR_INVERTED]" classname="org.bukkit.PerMaterialTest" time="0"/>
  <testcase name="isOccluding[178: DAYLIGHT_DETECTOR_INVERTED]" classname="org.bukkit.PerMaterialTest" time="0"/>
  <testcase name="isRecord[178: DAYLIGHT_DETECTOR_INVERTED]" classname="org.bukkit.PerMaterialTest" time="0"/>
  <testcase name="isFlammable[178: DAYLIGHT_DETECTOR_INVERTED]" classname="org.bukkit.PerMaterialTest" time="0"/>
  <testcase name="maxStackSize[178: DAYLIGHT_DETECTOR_INVERTED]" classname="org.bukkit.PerMaterialTest" time="0"/>
  <testcase name="isTransparent[178: DAYLIGHT_DETECTOR_INVERTED]" classname="org.bukkit.PerMaterialTest" time="0"/>
  <testcase name="isSolid[178: DAYLIGHT_DETECTOR_INVERTED]" classname="org.bukkit.PerMaterialTest" time="0"/>
  <testcase name="hasGravity[179: RED_SANDSTONE]" classname="org.bukkit.PerMaterialTest" time="0"/>
  <testcase name="isBurnable[179: RED_SANDSTONE]" classname="org.bukkit.PerMaterialTest" time="0"/>
  <testcase name="isEdible[179: RED_SANDSTONE]" classname="org.bukkit.PerMaterialTest" time="0"/>
  <testcase name="maxDurability[179: RED_SANDSTONE]" classname="org.bukkit.PerMaterialTest" time="0"/>
  <testcase name="isOccluding[179: RED_SANDSTONE]" classname="org.bukkit.PerMaterialTest" time="0"/>
  <testcase name="isRecord[179: RED_SANDSTONE]" classname="org.bukkit.PerMaterialTest" time="0"/>
  <testcase name="isFlammable[179: RED_SANDSTONE]" classname="org.bukkit.PerMaterialTest" time="0"/>
  <testcase name="maxStackSize[179: RED_SANDSTONE]" classname="org.bukkit.PerMaterialTest" time="0"/>
  <testcase name="isTransparent[179: RED_SANDSTONE]" classname="org.bukkit.PerMaterialTest" time="0"/>
  <testcase name="isSolid[179: RED_SANDSTONE]" classname="org.bukkit.PerMaterialTest" time="0"/>
  <testcase name="hasGravity[180: RED_SANDSTONE_STAIRS]" classname="org.bukkit.PerMaterialTest" time="0"/>
  <testcase name="isBurnable[180: RED_SANDSTONE_STAIRS]" classname="org.bukkit.PerMaterialTest" time="0"/>
  <testcase name="isEdible[180: RED_SANDSTONE_STAIRS]" classname="org.bukkit.PerMaterialTest" time="0"/>
  <testcase name="maxDurability[180: RED_SANDSTONE_STAIRS]" classname="org.bukkit.PerMaterialTest" time="0"/>
  <testcase name="isOccluding[180: RED_SANDSTONE_STAIRS]" classname="org.bukkit.PerMaterialTest" time="0"/>
  <testcase name="isRecord[180: RED_SANDSTONE_STAIRS]" classname="org.bukkit.PerMaterialTest" time="0"/>
  <testcase name="isFlammable[180: RED_SANDSTONE_STAIRS]" classname="org.bukkit.PerMaterialTest" time="0"/>
  <testcase name="maxStackSize[180: RED_SANDSTONE_STAIRS]" classname="org.bukkit.PerMaterialTest" time="0"/>
  <testcase name="isTransparent[180: RED_SANDSTONE_STAIRS]" classname="org.bukkit.PerMaterialTest" time="0"/>
  <testcase name="isSolid[180: RED_SANDSTONE_STAIRS]" classname="org.bukkit.PerMaterialTest" time="0"/>
  <testcase name="hasGravity[181: DOUBLE_STONE_SLAB2]" classname="org.bukkit.PerMaterialTest" time="0"/>
  <testcase name="isBurnable[181: DOUBLE_STONE_SLAB2]" classname="org.bukkit.PerMaterialTest" time="0"/>
  <testcase name="isEdible[181: DOUBLE_STONE_SLAB2]" classname="org.bukkit.PerMaterialTest" time="0"/>
  <testcase name="maxDurability[181: DOUBLE_STONE_SLAB2]" classname="org.bukkit.PerMaterialTest" time="0"/>
  <testcase name="isOccluding[181: DOUBLE_STONE_SLAB2]" classname="org.bukkit.PerMaterialTest" time="0"/>
  <testcase name="isRecord[181: DOUBLE_STONE_SLAB2]" classname="org.bukkit.PerMaterialTest" time="0"/>
  <testcase name="isFlammable[181: DOUBLE_STONE_SLAB2]" classname="org.bukkit.PerMaterialTest" time="0"/>
  <testcase name="maxStackSize[181: DOUBLE_STONE_SLAB2]" classname="org.bukkit.PerMaterialTest" time="0"/>
  <testcase name="isTransparent[181: DOUBLE_STONE_SLAB2]" classname="org.bukkit.PerMaterialTest" time="0"/>
  <testcase name="isSolid[181: DOUBLE_STONE_SLAB2]" classname="org.bukkit.PerMaterialTest" time="0"/>
  <testcase name="hasGravity[182: STONE_SLAB2]" classname="org.bukkit.PerMaterialTest" time="0"/>
  <testcase name="isBurnable[182: STONE_SLAB2]" classname="org.bukkit.PerMaterialTest" time="0"/>
  <testcase name="isEdible[182: STONE_SLAB2]" classname="org.bukkit.PerMaterialTest" time="0"/>
  <testcase name="maxDurability[182: STONE_SLAB2]" classname="org.bukkit.PerMaterialTest" time="0"/>
  <testcase name="isOccluding[182: STONE_SLAB2]" classname="org.bukkit.PerMaterialTest" time="0"/>
  <testcase name="isRecord[182: STONE_SLAB2]" classname="org.bukkit.PerMaterialTest" time="0"/>
  <testcase name="isFlammable[182: STONE_SLAB2]" classname="org.bukkit.PerMaterialTest" time="0"/>
  <testcase name="maxStackSize[182: STONE_SLAB2]" classname="org.bukkit.PerMaterialTest" time="0"/>
  <testcase name="isTransparent[182: STONE_SLAB2]" classname="org.bukkit.PerMaterialTest" time="0"/>
  <testcase name="isSolid[182: STONE_SLAB2]" classname="org.bukkit.PerMaterialTest" time="0"/>
  <testcase name="hasGravity[183: SPRUCE_FENCE_GATE]" classname="org.bukkit.PerMaterialTest" time="0"/>
  <testcase name="isBurnable[183: SPRUCE_FENCE_GATE]" classname="org.bukkit.PerMaterialTest" time="0"/>
  <testcase name="isEdible[183: SPRUCE_FENCE_GATE]" classname="org.bukkit.PerMaterialTest" time="0"/>
  <testcase name="maxDurability[183: SPRUCE_FENCE_GATE]" classname="org.bukkit.PerMaterialTest" time="0"/>
  <testcase name="isOccluding[183: SPRUCE_FENCE_GATE]" classname="org.bukkit.PerMaterialTest" time="0"/>
  <testcase name="isRecord[183: SPRUCE_FENCE_GATE]" classname="org.bukkit.PerMaterialTest" time="0"/>
  <testcase name="isFlammable[183: SPRUCE_FENCE_GATE]" classname="org.bukkit.PerMaterialTest" time="0"/>
  <testcase name="maxStackSize[183: SPRUCE_FENCE_GATE]" classname="org.bukkit.PerMaterialTest" time="0"/>
  <testcase name="isTransparent[183: SPRUCE_FENCE_GATE]" classname="org.bukkit.PerMaterialTest" time="0"/>
  <testcase name="isSolid[183: SPRUCE_FENCE_GATE]" classname="org.bukkit.PerMaterialTest" time="0"/>
  <testcase name="hasGravity[184: BIRCH_FENCE_GATE]" classname="org.bukkit.PerMaterialTest" time="0"/>
  <testcase name="isBurnable[184: BIRCH_FENCE_GATE]" classname="org.bukkit.PerMaterialTest" time="0"/>
  <testcase name="isEdible[184: BIRCH_FENCE_GATE]" classname="org.bukkit.PerMaterialTest" time="0"/>
  <testcase name="maxDurability[184: BIRCH_FENCE_GATE]" classname="org.bukkit.PerMaterialTest" time="0"/>
  <testcase name="isOccluding[184: BIRCH_FENCE_GATE]" classname="org.bukkit.PerMaterialTest" time="0"/>
  <testcase name="isRecord[184: BIRCH_FENCE_GATE]" classname="org.bukkit.PerMaterialTest" time="0"/>
  <testcase name="isFlammable[184: BIRCH_FENCE_GATE]" classname="org.bukkit.PerMaterialTest" time="0"/>
  <testcase name="maxStackSize[184: BIRCH_FENCE_GATE]" classname="org.bukkit.PerMaterialTest" time="0"/>
  <testcase name="isTransparent[184: BIRCH_FENCE_GATE]" classname="org.bukkit.PerMaterialTest" time="0"/>
  <testcase name="isSolid[184: BIRCH_FENCE_GATE]" classname="org.bukkit.PerMaterialTest" time="0"/>
  <testcase name="hasGravity[185: JUNGLE_FENCE_GATE]" classname="org.bukkit.PerMaterialTest" time="0"/>
  <testcase name="isBurnable[185: JUNGLE_FENCE_GATE]" classname="org.bukkit.PerMaterialTest" time="0"/>
  <testcase name="isEdible[185: JUNGLE_FENCE_GATE]" classname="org.bukkit.PerMaterialTest" time="0"/>
  <testcase name="maxDurability[185: JUNGLE_FENCE_GATE]" classname="org.bukkit.PerMaterialTest" time="0"/>
  <testcase name="isOccluding[185: JUNGLE_FENCE_GATE]" classname="org.bukkit.PerMaterialTest" time="0"/>
  <testcase name="isRecord[185: JUNGLE_FENCE_GATE]" classname="org.bukkit.PerMaterialTest" time="0"/>
  <testcase name="isFlammable[185: JUNGLE_FENCE_GATE]" classname="org.bukkit.PerMaterialTest" time="0"/>
  <testcase name="maxStackSize[185: JUNGLE_FENCE_GATE]" classname="org.bukkit.PerMaterialTest" time="0"/>
  <testcase name="isTransparent[185: JUNGLE_FENCE_GATE]" classname="org.bukkit.PerMaterialTest" time="0"/>
  <testcase name="isSolid[185: JUNGLE_FENCE_GATE]" classname="org.bukkit.PerMaterialTest" time="0"/>
  <testcase name="hasGravity[186: DARK_OAK_FENCE_GATE]" classname="org.bukkit.PerMaterialTest" time="0"/>
  <testcase name="isBurnable[186: DARK_OAK_FENCE_GATE]" classname="org.bukkit.PerMaterialTest" time="0.009"/>
  <testcase name="isEdible[186: DARK_OAK_FENCE_GATE]" classname="org.bukkit.PerMaterialTest" time="0"/>
  <testcase name="maxDurability[186: DARK_OAK_FENCE_GATE]" classname="org.bukkit.PerMaterialTest" time="0"/>
  <testcase name="isOccluding[186: DARK_OAK_FENCE_GATE]" classname="org.bukkit.PerMaterialTest" time="0"/>
  <testcase name="isRecord[186: DARK_OAK_FENCE_GATE]" classname="org.bukkit.PerMaterialTest" time="0"/>
  <testcase name="isFlammable[186: DARK_OAK_FENCE_GATE]" classname="org.bukkit.PerMaterialTest" time="0"/>
  <testcase name="maxStackSize[186: DARK_OAK_FENCE_GATE]" classname="org.bukkit.PerMaterialTest" time="0"/>
  <testcase name="isTransparent[186: DARK_OAK_FENCE_GATE]" classname="org.bukkit.PerMaterialTest" time="0"/>
  <testcase name="isSolid[186: DARK_OAK_FENCE_GATE]" classname="org.bukkit.PerMaterialTest" time="0"/>
  <testcase name="hasGravity[187: ACACIA_FENCE_GATE]" classname="org.bukkit.PerMaterialTest" time="0"/>
  <testcase name="isBurnable[187: ACACIA_FENCE_GATE]" classname="org.bukkit.PerMaterialTest" time="0"/>
  <testcase name="isEdible[187: ACACIA_FENCE_GATE]" classname="org.bukkit.PerMaterialTest" time="0"/>
  <testcase name="maxDurability[187: ACACIA_FENCE_GATE]" classname="org.bukkit.PerMaterialTest" time="0"/>
  <testcase name="isOccluding[187: ACACIA_FENCE_GATE]" classname="org.bukkit.PerMaterialTest" time="0"/>
  <testcase name="isRecord[187: ACACIA_FENCE_GATE]" classname="org.bukkit.PerMaterialTest" time="0"/>
  <testcase name="isFlammable[187: ACACIA_FENCE_GATE]" classname="org.bukkit.PerMaterialTest" time="0"/>
  <testcase name="maxStackSize[187: ACACIA_FENCE_GATE]" classname="org.bukkit.PerMaterialTest" time="0"/>
  <testcase name="isTransparent[187: ACACIA_FENCE_GATE]" classname="org.bukkit.PerMaterialTest" time="0"/>
  <testcase name="isSolid[187: ACACIA_FENCE_GATE]" classname="org.bukkit.PerMaterialTest" time="0"/>
  <testcase name="hasGravity[188: SPRUCE_FENCE]" classname="org.bukkit.PerMaterialTest" time="0"/>
  <testcase name="isBurnable[188: SPRUCE_FENCE]" classname="org.bukkit.PerMaterialTest" time="0"/>
  <testcase name="isEdible[188: SPRUCE_FENCE]" classname="org.bukkit.PerMaterialTest" time="0"/>
  <testcase name="maxDurability[188: SPRUCE_FENCE]" classname="org.bukkit.PerMaterialTest" time="0"/>
  <testcase name="isOccluding[188: SPRUCE_FENCE]" classname="org.bukkit.PerMaterialTest" time="0"/>
  <testcase name="isRecord[188: SPRUCE_FENCE]" classname="org.bukkit.PerMaterialTest" time="0"/>
  <testcase name="isFlammable[188: SPRUCE_FENCE]" classname="org.bukkit.PerMaterialTest" time="0"/>
  <testcase name="maxStackSize[188: SPRUCE_FENCE]" classname="org.bukkit.PerMaterialTest" time="0"/>
  <testcase name="isTransparent[188: SPRUCE_FENCE]" classname="org.bukkit.PerMaterialTest" time="0"/>
  <testcase name="isSolid[188: SPRUCE_FENCE]" classname="org.bukkit.PerMaterialTest" time="0"/>
  <testcase name="hasGravity[189: BIRCH_FENCE]" classname="org.bukkit.PerMaterialTest" time="0"/>
  <testcase name="isBurnable[189: BIRCH_FENCE]" classname="org.bukkit.PerMaterialTest" time="0"/>
  <testcase name="isEdible[189: BIRCH_FENCE]" classname="org.bukkit.PerMaterialTest" time="0"/>
  <testcase name="maxDurability[189: BIRCH_FENCE]" classname="org.bukkit.PerMaterialTest" time="0"/>
  <testcase name="isOccluding[189: BIRCH_FENCE]" classname="org.bukkit.PerMaterialTest" time="0"/>
  <testcase name="isRecord[189: BIRCH_FENCE]" classname="org.bukkit.PerMaterialTest" time="0"/>
  <testcase name="isFlammable[189: BIRCH_FENCE]" classname="org.bukkit.PerMaterialTest" time="0"/>
  <testcase name="maxStackSize[189: BIRCH_FENCE]" classname="org.bukkit.PerMaterialTest" time="0"/>
  <testcase name="isTransparent[189: BIRCH_FENCE]" classname="org.bukkit.PerMaterialTest" time="0"/>
  <testcase name="isSolid[189: BIRCH_FENCE]" classname="org.bukkit.PerMaterialTest" time="0"/>
  <testcase name="hasGravity[190: JUNGLE_FENCE]" classname="org.bukkit.PerMaterialTest" time="0"/>
  <testcase name="isBurnable[190: JUNGLE_FENCE]" classname="org.bukkit.PerMaterialTest" time="0"/>
  <testcase name="isEdible[190: JUNGLE_FENCE]" classname="org.bukkit.PerMaterialTest" time="0"/>
  <testcase name="maxDurability[190: JUNGLE_FENCE]" classname="org.bukkit.PerMaterialTest" time="0"/>
  <testcase name="isOccluding[190: JUNGLE_FENCE]" classname="org.bukkit.PerMaterialTest" time="0"/>
  <testcase name="isRecord[190: JUNGLE_FENCE]" classname="org.bukkit.PerMaterialTest" time="0"/>
  <testcase name="isFlammable[190: JUNGLE_FENCE]" classname="org.bukkit.PerMaterialTest" time="0"/>
  <testcase name="maxStackSize[190: JUNGLE_FENCE]" classname="org.bukkit.PerMaterialTest" time="0"/>
  <testcase name="isTransparent[190: JUNGLE_FENCE]" classname="org.bukkit.PerMaterialTest" time="0"/>
  <testcase name="isSolid[190: JUNGLE_FENCE]" classname="org.bukkit.PerMaterialTest" time="0"/>
  <testcase name="hasGravity[191: DARK_OAK_FENCE]" classname="org.bukkit.PerMaterialTest" time="0"/>
  <testcase name="isBurnable[191: DARK_OAK_FENCE]" classname="org.bukkit.PerMaterialTest" time="0"/>
  <testcase name="isEdible[191: DARK_OAK_FENCE]" classname="org.bukkit.PerMaterialTest" time="0"/>
  <testcase name="maxDurability[191: DARK_OAK_FENCE]" classname="org.bukkit.PerMaterialTest" time="0"/>
  <testcase name="isOccluding[191: DARK_OAK_FENCE]" classname="org.bukkit.PerMaterialTest" time="0"/>
  <testcase name="isRecord[191: DARK_OAK_FENCE]" classname="org.bukkit.PerMaterialTest" time="0"/>
  <testcase name="isFlammable[191: DARK_OAK_FENCE]" classname="org.bukkit.PerMaterialTest" time="0"/>
  <testcase name="maxStackSize[191: DARK_OAK_FENCE]" classname="org.bukkit.PerMaterialTest" time="0"/>
  <testcase name="isTransparent[191: DARK_OAK_FENCE]" classname="org.bukkit.PerMaterialTest" time="0"/>
  <testcase name="isSolid[191: DARK_OAK_FENCE]" classname="org.bukkit.PerMaterialTest" time="0"/>
  <testcase name="hasGravity[192: ACACIA_FENCE]" classname="org.bukkit.PerMaterialTest" time="0"/>
  <testcase name="isBurnable[192: ACACIA_FENCE]" classname="org.bukkit.PerMaterialTest" time="0"/>
  <testcase name="isEdible[192: ACACIA_FENCE]" classname="org.bukkit.PerMaterialTest" time="0"/>
  <testcase name="maxDurability[192: ACACIA_FENCE]" classname="org.bukkit.PerMaterialTest" time="0"/>
  <testcase name="isOccluding[192: ACACIA_FENCE]" classname="org.bukkit.PerMaterialTest" time="0"/>
  <testcase name="isRecord[192: ACACIA_FENCE]" classname="org.bukkit.PerMaterialTest" time="0"/>
  <testcase name="isFlammable[192: ACACIA_FENCE]" classname="org.bukkit.PerMaterialTest" time="0"/>
  <testcase name="maxStackSize[192: ACACIA_FENCE]" classname="org.bukkit.PerMaterialTest" time="0"/>
  <testcase name="isTransparent[192: ACACIA_FENCE]" classname="org.bukkit.PerMaterialTest" time="0"/>
  <testcase name="isSolid[192: ACACIA_FENCE]" classname="org.bukkit.PerMaterialTest" time="0"/>
  <testcase name="hasGravity[193: SPRUCE_DOOR]" classname="org.bukkit.PerMaterialTest" time="0"/>
  <testcase name="isBurnable[193: SPRUCE_DOOR]" classname="org.bukkit.PerMaterialTest" time="0"/>
  <testcase name="isEdible[193: SPRUCE_DOOR]" classname="org.bukkit.PerMaterialTest" time="0"/>
  <testcase name="maxDurability[193: SPRUCE_DOOR]" classname="org.bukkit.PerMaterialTest" time="0"/>
  <testcase name="isOccluding[193: SPRUCE_DOOR]" classname="org.bukkit.PerMaterialTest" time="0"/>
  <testcase name="isRecord[193: SPRUCE_DOOR]" classname="org.bukkit.PerMaterialTest" time="0"/>
  <testcase name="isFlammable[193: SPRUCE_DOOR]" classname="org.bukkit.PerMaterialTest" time="0"/>
  <testcase name="maxStackSize[193: SPRUCE_DOOR]" classname="org.bukkit.PerMaterialTest" time="0"/>
  <testcase name="isTransparent[193: SPRUCE_DOOR]" classname="org.bukkit.PerMaterialTest" time="0"/>
  <testcase name="isSolid[193: SPRUCE_DOOR]" classname="org.bukkit.PerMaterialTest" time="0"/>
  <testcase name="hasGravity[194: BIRCH_DOOR]" classname="org.bukkit.PerMaterialTest" time="0"/>
  <testcase name="isBurnable[194: BIRCH_DOOR]" classname="org.bukkit.PerMaterialTest" time="0"/>
  <testcase name="isEdible[194: BIRCH_DOOR]" classname="org.bukkit.PerMaterialTest" time="0"/>
  <testcase name="maxDurability[194: BIRCH_DOOR]" classname="org.bukkit.PerMaterialTest" time="0"/>
  <testcase name="isOccluding[194: BIRCH_DOOR]" classname="org.bukkit.PerMaterialTest" time="0"/>
  <testcase name="isRecord[194: BIRCH_DOOR]" classname="org.bukkit.PerMaterialTest" time="0"/>
  <testcase name="isFlammable[194: BIRCH_DOOR]" classname="org.bukkit.PerMaterialTest" time="0"/>
  <testcase name="maxStackSize[194: BIRCH_DOOR]" classname="org.bukkit.PerMaterialTest" time="0"/>
  <testcase name="isTransparent[194: BIRCH_DOOR]" classname="org.bukkit.PerMaterialTest" time="0"/>
  <testcase name="isSolid[194: BIRCH_DOOR]" classname="org.bukkit.PerMaterialTest" time="0.001"/>
  <testcase name="hasGravity[195: JUNGLE_DOOR]" classname="org.bukkit.PerMaterialTest" time="0"/>
  <testcase name="isBurnable[195: JUNGLE_DOOR]" classname="org.bukkit.PerMaterialTest" time="0"/>
  <testcase name="isEdible[195: JUNGLE_DOOR]" classname="org.bukkit.PerMaterialTest" time="0"/>
  <testcase name="maxDurability[195: JUNGLE_DOOR]" classname="org.bukkit.PerMaterialTest" time="0"/>
  <testcase name="isOccluding[195: JUNGLE_DOOR]" classname="org.bukkit.PerMaterialTest" time="0"/>
  <testcase name="isRecord[195: JUNGLE_DOOR]" classname="org.bukkit.PerMaterialTest" time="0"/>
  <testcase name="isFlammable[195: JUNGLE_DOOR]" classname="org.bukkit.PerMaterialTest" time="0"/>
  <testcase name="maxStackSize[195: JUNGLE_DOOR]" classname="org.bukkit.PerMaterialTest" time="0"/>
  <testcase name="isTransparent[195: JUNGLE_DOOR]" classname="org.bukkit.PerMaterialTest" time="0"/>
  <testcase name="isSolid[195: JUNGLE_DOOR]" classname="org.bukkit.PerMaterialTest" time="0"/>
  <testcase name="hasGravity[196: ACACIA_DOOR]" classname="org.bukkit.PerMaterialTest" time="0"/>
  <testcase name="isBurnable[196: ACACIA_DOOR]" classname="org.bukkit.PerMaterialTest" time="0"/>
  <testcase name="isEdible[196: ACACIA_DOOR]" classname="org.bukkit.PerMaterialTest" time="0"/>
  <testcase name="maxDurability[196: ACACIA_DOOR]" classname="org.bukkit.PerMaterialTest" time="0"/>
  <testcase name="isOccluding[196: ACACIA_DOOR]" classname="org.bukkit.PerMaterialTest" time="0"/>
  <testcase name="isRecord[196: ACACIA_DOOR]" classname="org.bukkit.PerMaterialTest" time="0"/>
  <testcase name="isFlammable[196: ACACIA_DOOR]" classname="org.bukkit.PerMaterialTest" time="0"/>
  <testcase name="maxStackSize[196: ACACIA_DOOR]" classname="org.bukkit.PerMaterialTest" time="0"/>
  <testcase name="isTransparent[196: ACACIA_DOOR]" classname="org.bukkit.PerMaterialTest" time="0"/>
  <testcase name="isSolid[196: ACACIA_DOOR]" classname="org.bukkit.PerMaterialTest" time="0"/>
  <testcase name="hasGravity[197: DARK_OAK_DOOR]" classname="org.bukkit.PerMaterialTest" time="0"/>
  <testcase name="isBurnable[197: DARK_OAK_DOOR]" classname="org.bukkit.PerMaterialTest" time="0"/>
  <testcase name="isEdible[197: DARK_OAK_DOOR]" classname="org.bukkit.PerMaterialTest" time="0"/>
  <testcase name="maxDurability[197: DARK_OAK_DOOR]" classname="org.bukkit.PerMaterialTest" time="0"/>
  <testcase name="isOccluding[197: DARK_OAK_DOOR]" classname="org.bukkit.PerMaterialTest" time="0"/>
  <testcase name="isRecord[197: DARK_OAK_DOOR]" classname="org.bukkit.PerMaterialTest" time="0"/>
  <testcase name="isFlammable[197: DARK_OAK_DOOR]" classname="org.bukkit.PerMaterialTest" time="0"/>
  <testcase name="maxStackSize[197: DARK_OAK_DOOR]" classname="org.bukkit.PerMaterialTest" time="0"/>
  <testcase name="isTransparent[197: DARK_OAK_DOOR]" classname="org.bukkit.PerMaterialTest" time="0"/>
  <testcase name="isSolid[197: DARK_OAK_DOOR]" classname="org.bukkit.PerMaterialTest" time="0"/>
  <testcase name="hasGravity[198: IRON_SPADE]" classname="org.bukkit.PerMaterialTest" time="0"/>
  <testcase name="isBurnable[198: IRON_SPADE]" classname="org.bukkit.PerMaterialTest" time="0"/>
  <testcase name="isEdible[198: IRON_SPADE]" classname="org.bukkit.PerMaterialTest" time="0"/>
  <testcase name="maxDurability[198: IRON_SPADE]" classname="org.bukkit.PerMaterialTest" time="0"/>
  <testcase name="isOccluding[198: IRON_SPADE]" classname="org.bukkit.PerMaterialTest" time="0"/>
  <testcase name="isRecord[198: IRON_SPADE]" classname="org.bukkit.PerMaterialTest" time="0"/>
  <testcase name="isFlammable[198: IRON_SPADE]" classname="org.bukkit.PerMaterialTest" time="0"/>
  <testcase name="maxStackSize[198: IRON_SPADE]" classname="org.bukkit.PerMaterialTest" time="0"/>
  <testcase name="isTransparent[198: IRON_SPADE]" classname="org.bukkit.PerMaterialTest" time="0"/>
  <testcase name="isSolid[198: IRON_SPADE]" classname="org.bukkit.PerMaterialTest" time="0"/>
  <testcase name="hasGravity[199: IRON_PICKAXE]" classname="org.bukkit.PerMaterialTest" time="0"/>
  <testcase name="isBurnable[199: IRON_PICKAXE]" classname="org.bukkit.PerMaterialTest" time="0"/>
  <testcase name="isEdible[199: IRON_PICKAXE]" classname="org.bukkit.PerMaterialTest" time="0"/>
  <testcase name="maxDurability[199: IRON_PICKAXE]" classname="org.bukkit.PerMaterialTest" time="0"/>
  <testcase name="isOccluding[199: IRON_PICKAXE]" classname="org.bukkit.PerMaterialTest" time="0"/>
  <testcase name="isRecord[199: IRON_PICKAXE]" classname="org.bukkit.PerMaterialTest" time="0"/>
  <testcase name="isFlammable[199: IRON_PICKAXE]" classname="org.bukkit.PerMaterialTest" time="0"/>
  <testcase name="maxStackSize[199: IRON_PICKAXE]" classname="org.bukkit.PerMaterialTest" time="0"/>
  <testcase name="isTransparent[199: IRON_PICKAXE]" classname="org.bukkit.PerMaterialTest" time="0"/>
  <testcase name="isSolid[199: IRON_PICKAXE]" classname="org.bukkit.PerMaterialTest" time="0"/>
  <testcase name="hasGravity[200: IRON_AXE]" classname="org.bukkit.PerMaterialTest" time="0"/>
  <testcase name="isBurnable[200: IRON_AXE]" classname="org.bukkit.PerMaterialTest" time="0"/>
  <testcase name="isEdible[200: IRON_AXE]" classname="org.bukkit.PerMaterialTest" time="0"/>
  <testcase name="maxDurability[200: IRON_AXE]" classname="org.bukkit.PerMaterialTest" time="0"/>
  <testcase name="isOccluding[200: IRON_AXE]" classname="org.bukkit.PerMaterialTest" time="0"/>
  <testcase name="isRecord[200: IRON_AXE]" classname="org.bukkit.PerMaterialTest" time="0"/>
  <testcase name="isFlammable[200: IRON_AXE]" classname="org.bukkit.PerMaterialTest" time="0"/>
  <testcase name="maxStackSize[200: IRON_AXE]" classname="org.bukkit.PerMaterialTest" time="0"/>
  <testcase name="isTransparent[200: IRON_AXE]" classname="org.bukkit.PerMaterialTest" time="0"/>
  <testcase name="isSolid[200: IRON_AXE]" classname="org.bukkit.PerMaterialTest" time="0"/>
  <testcase name="hasGravity[201: FLINT_AND_STEEL]" classname="org.bukkit.PerMaterialTest" time="0"/>
  <testcase name="isBurnable[201: FLINT_AND_STEEL]" classname="org.bukkit.PerMaterialTest" time="0"/>
  <testcase name="isEdible[201: FLINT_AND_STEEL]" classname="org.bukkit.PerMaterialTest" time="0"/>
  <testcase name="maxDurability[201: FLINT_AND_STEEL]" classname="org.bukkit.PerMaterialTest" time="0"/>
  <testcase name="isOccluding[201: FLINT_AND_STEEL]" classname="org.bukkit.PerMaterialTest" time="0"/>
  <testcase name="isRecord[201: FLINT_AND_STEEL]" classname="org.bukkit.PerMaterialTest" time="0"/>
  <testcase name="isFlammable[201: FLINT_AND_STEEL]" classname="org.bukkit.PerMaterialTest" time="0"/>
  <testcase name="maxStackSize[201: FLINT_AND_STEEL]" classname="org.bukkit.PerMaterialTest" time="0"/>
  <testcase name="isTransparent[201: FLINT_AND_STEEL]" classname="org.bukkit.PerMaterialTest" time="0"/>
  <testcase name="isSolid[201: FLINT_AND_STEEL]" classname="org.bukkit.PerMaterialTest" time="0"/>
  <testcase name="hasGravity[202: APPLE]" classname="org.bukkit.PerMaterialTest" time="0"/>
  <testcase name="isBurnable[202: APPLE]" classname="org.bukkit.PerMaterialTest" time="0"/>
  <testcase name="isEdible[202: APPLE]" classname="org.bukkit.PerMaterialTest" time="0"/>
  <testcase name="maxDurability[202: APPLE]" classname="org.bukkit.PerMaterialTest" time="0"/>
  <testcase name="isOccluding[202: APPLE]" classname="org.bukkit.PerMaterialTest" time="0"/>
  <testcase name="isRecord[202: APPLE]" classname="org.bukkit.PerMaterialTest" time="0"/>
  <testcase name="isFlammable[202: APPLE]" classname="org.bukkit.PerMaterialTest" time="0"/>
  <testcase name="maxStackSize[202: APPLE]" classname="org.bukkit.PerMaterialTest" time="0"/>
  <testcase name="isTransparent[202: APPLE]" classname="org.bukkit.PerMaterialTest" time="0"/>
  <testcase name="isSolid[202: APPLE]" classname="org.bukkit.PerMaterialTest" time="0"/>
  <testcase name="hasGravity[203: BOW]" classname="org.bukkit.PerMaterialTest" time="0"/>
  <testcase name="isBurnable[203: BOW]" classname="org.bukkit.PerMaterialTest" time="0"/>
  <testcase name="isEdible[203: BOW]" classname="org.bukkit.PerMaterialTest" time="0"/>
  <testcase name="maxDurability[203: BOW]" classname="org.bukkit.PerMaterialTest" time="0"/>
  <testcase name="isOccluding[203: BOW]" classname="org.bukkit.PerMaterialTest" time="0"/>
  <testcase name="isRecord[203: BOW]" classname="org.bukkit.PerMaterialTest" time="0"/>
  <testcase name="isFlammable[203: BOW]" classname="org.bukkit.PerMaterialTest" time="0"/>
  <testcase name="maxStackSize[203: BOW]" classname="org.bukkit.PerMaterialTest" time="0"/>
  <testcase name="isTransparent[203: BOW]" classname="org.bukkit.PerMaterialTest" time="0"/>
  <testcase name="isSolid[203: BOW]" classname="org.bukkit.PerMaterialTest" time="0"/>
  <testcase name="hasGravity[204: ARROW]" classname="org.bukkit.PerMaterialTest" time="0"/>
  <testcase name="isBurnable[204: ARROW]" classname="org.bukkit.PerMaterialTest" time="0"/>
  <testcase name="isEdible[204: ARROW]" classname="org.bukkit.PerMaterialTest" time="0"/>
  <testcase name="maxDurability[204: ARROW]" classname="org.bukkit.PerMaterialTest" time="0"/>
  <testcase name="isOccluding[204: ARROW]" classname="org.bukkit.PerMaterialTest" time="0"/>
  <testcase name="isRecord[204: ARROW]" classname="org.bukkit.PerMaterialTest" time="0"/>
  <testcase name="isFlammable[204: ARROW]" classname="org.bukkit.PerMaterialTest" time="0"/>
  <testcase name="maxStackSize[204: ARROW]" classname="org.bukkit.PerMaterialTest" time="0"/>
  <testcase name="isTransparent[204: ARROW]" classname="org.bukkit.PerMaterialTest" time="0"/>
  <testcase name="isSolid[204: ARROW]" classname="org.bukkit.PerMaterialTest" time="0"/>
  <testcase name="hasGravity[205: COAL]" classname="org.bukkit.PerMaterialTest" time="0"/>
  <testcase name="isBurnable[205: COAL]" classname="org.bukkit.PerMaterialTest" time="0"/>
  <testcase name="isEdible[205: COAL]" classname="org.bukkit.PerMaterialTest" time="0"/>
  <testcase name="maxDurability[205: COAL]" classname="org.bukkit.PerMaterialTest" time="0"/>
  <testcase name="isOccluding[205: COAL]" classname="org.bukkit.PerMaterialTest" time="0"/>
  <testcase name="isRecord[205: COAL]" classname="org.bukkit.PerMaterialTest" time="0"/>
  <testcase name="isFlammable[205: COAL]" classname="org.bukkit.PerMaterialTest" time="0"/>
  <testcase name="maxStackSize[205: COAL]" classname="org.bukkit.PerMaterialTest" time="0"/>
  <testcase name="isTransparent[205: COAL]" classname="org.bukkit.PerMaterialTest" time="0"/>
  <testcase name="isSolid[205: COAL]" classname="org.bukkit.PerMaterialTest" time="0"/>
  <testcase name="hasGravity[206: DIAMOND]" classname="org.bukkit.PerMaterialTest" time="0"/>
  <testcase name="isBurnable[206: DIAMOND]" classname="org.bukkit.PerMaterialTest" time="0"/>
  <testcase name="isEdible[206: DIAMOND]" classname="org.bukkit.PerMaterialTest" time="0"/>
  <testcase name="maxDurability[206: DIAMOND]" classname="org.bukkit.PerMaterialTest" time="0"/>
  <testcase name="isOccluding[206: DIAMOND]" classname="org.bukkit.PerMaterialTest" time="0"/>
  <testcase name="isRecord[206: DIAMOND]" classname="org.bukkit.PerMaterialTest" time="0"/>
  <testcase name="isFlammable[206: DIAMOND]" classname="org.bukkit.PerMaterialTest" time="0"/>
  <testcase name="maxStackSize[206: DIAMOND]" classname="org.bukkit.PerMaterialTest" time="0"/>
  <testcase name="isTransparent[206: DIAMOND]" classname="org.bukkit.PerMaterialTest" time="0"/>
  <testcase name="isSolid[206: DIAMOND]" classname="org.bukkit.PerMaterialTest" time="0"/>
  <testcase name="hasGravity[207: IRON_INGOT]" classname="org.bukkit.PerMaterialTest" time="0"/>
  <testcase name="isBurnable[207: IRON_INGOT]" classname="org.bukkit.PerMaterialTest" time="0"/>
  <testcase name="isEdible[207: IRON_INGOT]" classname="org.bukkit.PerMaterialTest" time="0"/>
  <testcase name="maxDurability[207: IRON_INGOT]" classname="org.bukkit.PerMaterialTest" time="0"/>
  <testcase name="isOccluding[207: IRON_INGOT]" classname="org.bukkit.PerMaterialTest" time="0"/>
  <testcase name="isRecord[207: IRON_INGOT]" classname="org.bukkit.PerMaterialTest" time="0"/>
  <testcase name="isFlammable[207: IRON_INGOT]" classname="org.bukkit.PerMaterialTest" time="0"/>
  <testcase name="maxStackSize[207: IRON_INGOT]" classname="org.bukkit.PerMaterialTest" time="0"/>
  <testcase name="isTransparent[207: IRON_INGOT]" classname="org.bukkit.PerMaterialTest" time="0"/>
  <testcase name="isSolid[207: IRON_INGOT]" classname="org.bukkit.PerMaterialTest" time="0"/>
  <testcase name="hasGravity[208: GOLD_INGOT]" classname="org.bukkit.PerMaterialTest" time="0"/>
  <testcase name="isBurnable[208: GOLD_INGOT]" classname="org.bukkit.PerMaterialTest" time="0"/>
  <testcase name="isEdible[208: GOLD_INGOT]" classname="org.bukkit.PerMaterialTest" time="0"/>
  <testcase name="maxDurability[208: GOLD_INGOT]" classname="org.bukkit.PerMaterialTest" time="0"/>
  <testcase name="isOccluding[208: GOLD_INGOT]" classname="org.bukkit.PerMaterialTest" time="0"/>
  <testcase name="isRecord[208: GOLD_INGOT]" classname="org.bukkit.PerMaterialTest" time="0"/>
  <testcase name="isFlammable[208: GOLD_INGOT]" classname="org.bukkit.PerMaterialTest" time="0"/>
  <testcase name="maxStackSize[208: GOLD_INGOT]" classname="org.bukkit.PerMaterialTest" time="0"/>
  <testcase name="isTransparent[208: GOLD_INGOT]" classname="org.bukkit.PerMaterialTest" time="0"/>
  <testcase name="isSolid[208: GOLD_INGOT]" classname="org.bukkit.PerMaterialTest" time="0"/>
  <testcase name="hasGravity[209: IRON_SWORD]" classname="org.bukkit.PerMaterialTest" time="0"/>
  <testcase name="isBurnable[209: IRON_SWORD]" classname="org.bukkit.PerMaterialTest" time="0"/>
  <testcase name="isEdible[209: IRON_SWORD]" classname="org.bukkit.PerMaterialTest" time="0"/>
  <testcase name="maxDurability[209: IRON_SWORD]" classname="org.bukkit.PerMaterialTest" time="0"/>
  <testcase name="isOccluding[209: IRON_SWORD]" classname="org.bukkit.PerMaterialTest" time="0"/>
  <testcase name="isRecord[209: IRON_SWORD]" classname="org.bukkit.PerMaterialTest" time="0"/>
  <testcase name="isFlammable[209: IRON_SWORD]" classname="org.bukkit.PerMaterialTest" time="0"/>
  <testcase name="maxStackSize[209: IRON_SWORD]" classname="org.bukkit.PerMaterialTest" time="0"/>
  <testcase name="isTransparent[209: IRON_SWORD]" classname="org.bukkit.PerMaterialTest" time="0"/>
  <testcase name="isSolid[209: IRON_SWORD]" classname="org.bukkit.PerMaterialTest" time="0"/>
  <testcase name="hasGravity[210: WOOD_SWORD]" classname="org.bukkit.PerMaterialTest" time="0"/>
  <testcase name="isBurnable[210: WOOD_SWORD]" classname="org.bukkit.PerMaterialTest" time="0"/>
  <testcase name="isEdible[210: WOOD_SWORD]" classname="org.bukkit.PerMaterialTest" time="0"/>
  <testcase name="maxDurability[210: WOOD_SWORD]" classname="org.bukkit.PerMaterialTest" time="0"/>
  <testcase name="isOccluding[210: WOOD_SWORD]" classname="org.bukkit.PerMaterialTest" time="0"/>
  <testcase name="isRecord[210: WOOD_SWORD]" classname="org.bukkit.PerMaterialTest" time="0"/>
  <testcase name="isFlammable[210: WOOD_SWORD]" classname="org.bukkit.PerMaterialTest" time="0"/>
  <testcase name="maxStackSize[210: WOOD_SWORD]" classname="org.bukkit.PerMaterialTest" time="0"/>
  <testcase name="isTransparent[210: WOOD_SWORD]" classname="org.bukkit.PerMaterialTest" time="0"/>
  <testcase name="isSolid[210: WOOD_SWORD]" classname="org.bukkit.PerMaterialTest" time="0"/>
  <testcase name="hasGravity[211: WOOD_SPADE]" classname="org.bukkit.PerMaterialTest" time="0"/>
  <testcase name="isBurnable[211: WOOD_SPADE]" classname="org.bukkit.PerMaterialTest" time="0"/>
  <testcase name="isEdible[211: WOOD_SPADE]" classname="org.bukkit.PerMaterialTest" time="0"/>
  <testcase name="maxDurability[211: WOOD_SPADE]" classname="org.bukkit.PerMaterialTest" time="0"/>
  <testcase name="isOccluding[211: WOOD_SPADE]" classname="org.bukkit.PerMaterialTest" time="0"/>
  <testcase name="isRecord[211: WOOD_SPADE]" classname="org.bukkit.PerMaterialTest" time="0"/>
  <testcase name="isFlammable[211: WOOD_SPADE]" classname="org.bukkit.PerMaterialTest" time="0"/>
  <testcase name="maxStackSize[211: WOOD_SPADE]" classname="org.bukkit.PerMaterialTest" time="0"/>
  <testcase name="isTransparent[211: WOOD_SPADE]" classname="org.bukkit.PerMaterialTest" time="0"/>
  <testcase name="isSolid[211: WOOD_SPADE]" classname="org.bukkit.PerMaterialTest" time="0"/>
  <testcase name="hasGravity[212: WOOD_PICKAXE]" classname="org.bukkit.PerMaterialTest" time="0"/>
  <testcase name="isBurnable[212: WOOD_PICKAXE]" classname="org.bukkit.PerMaterialTest" time="0"/>
  <testcase name="isEdible[212: WOOD_PICKAXE]" classname="org.bukkit.PerMaterialTest" time="0"/>
  <testcase name="maxDurability[212: WOOD_PICKAXE]" classname="org.bukkit.PerMaterialTest" time="0"/>
  <testcase name="isOccluding[212: WOOD_PICKAXE]" classname="org.bukkit.PerMaterialTest" time="0"/>
  <testcase name="isRecord[212: WOOD_PICKAXE]" classname="org.bukkit.PerMaterialTest" time="0"/>
  <testcase name="isFlammable[212: WOOD_PICKAXE]" classname="org.bukkit.PerMaterialTest" time="0"/>
  <testcase name="maxStackSize[212: WOOD_PICKAXE]" classname="org.bukkit.PerMaterialTest" time="0"/>
  <testcase name="isTransparent[212: WOOD_PICKAXE]" classname="org.bukkit.PerMaterialTest" time="0"/>
  <testcase name="isSolid[212: WOOD_PICKAXE]" classname="org.bukkit.PerMaterialTest" time="0"/>
  <testcase name="hasGravity[213: WOOD_AXE]" classname="org.bukkit.PerMaterialTest" time="0"/>
  <testcase name="isBurnable[213: WOOD_AXE]" classname="org.bukkit.PerMaterialTest" time="0"/>
  <testcase name="isEdible[213: WOOD_AXE]" classname="org.bukkit.PerMaterialTest" time="0"/>
  <testcase name="maxDurability[213: WOOD_AXE]" classname="org.bukkit.PerMaterialTest" time="0"/>
  <testcase name="isOccluding[213: WOOD_AXE]" classname="org.bukkit.PerMaterialTest" time="0"/>
  <testcase name="isRecord[213: WOOD_AXE]" classname="org.bukkit.PerMaterialTest" time="0"/>
  <testcase name="isFlammable[213: WOOD_AXE]" classname="org.bukkit.PerMaterialTest" time="0"/>
  <testcase name="maxStackSize[213: WOOD_AXE]" classname="org.bukkit.PerMaterialTest" time="0"/>
  <testcase name="isTransparent[213: WOOD_AXE]" classname="org.bukkit.PerMaterialTest" time="0"/>
  <testcase name="isSolid[213: WOOD_AXE]" classname="org.bukkit.PerMaterialTest" time="0"/>
  <testcase name="hasGravity[214: STONE_SWORD]" classname="org.bukkit.PerMaterialTest" time="0"/>
  <testcase name="isBurnable[214: STONE_SWORD]" classname="org.bukkit.PerMaterialTest" time="0"/>
  <testcase name="isEdible[214: STONE_SWORD]" classname="org.bukkit.PerMaterialTest" time="0"/>
  <testcase name="maxDurability[214: STONE_SWORD]" classname="org.bukkit.PerMaterialTest" time="0"/>
  <testcase name="isOccluding[214: STONE_SWORD]" classname="org.bukkit.PerMaterialTest" time="0"/>
  <testcase name="isRecord[214: STONE_SWORD]" classname="org.bukkit.PerMaterialTest" time="0"/>
  <testcase name="isFlammable[214: STONE_SWORD]" classname="org.bukkit.PerMaterialTest" time="0"/>
  <testcase name="maxStackSize[214: STONE_SWORD]" classname="org.bukkit.PerMaterialTest" time="0"/>
  <testcase name="isTransparent[214: STONE_SWORD]" classname="org.bukkit.PerMaterialTest" time="0"/>
  <testcase name="isSolid[214: STONE_SWORD]" classname="org.bukkit.PerMaterialTest" time="0"/>
  <testcase name="hasGravity[215: STONE_SPADE]" classname="org.bukkit.PerMaterialTest" time="0"/>
  <testcase name="isBurnable[215: STONE_SPADE]" classname="org.bukkit.PerMaterialTest" time="0"/>
  <testcase name="isEdible[215: STONE_SPADE]" classname="org.bukkit.PerMaterialTest" time="0"/>
  <testcase name="maxDurability[215: STONE_SPADE]" classname="org.bukkit.PerMaterialTest" time="0"/>
  <testcase name="isOccluding[215: STONE_SPADE]" classname="org.bukkit.PerMaterialTest" time="0"/>
  <testcase name="isRecord[215: STONE_SPADE]" classname="org.bukkit.PerMaterialTest" time="0"/>
  <testcase name="isFlammable[215: STONE_SPADE]" classname="org.bukkit.PerMaterialTest" time="0"/>
  <testcase name="maxStackSize[215: STONE_SPADE]" classname="org.bukkit.PerMaterialTest" time="0"/>
  <testcase name="isTransparent[215: STONE_SPADE]" classname="org.bukkit.PerMaterialTest" time="0"/>
  <testcase name="isSolid[215: STONE_SPADE]" classname="org.bukkit.PerMaterialTest" time="0"/>
  <testcase name="hasGravity[216: STONE_PICKAXE]" classname="org.bukkit.PerMaterialTest" time="0"/>
  <testcase name="isBurnable[216: STONE_PICKAXE]" classname="org.bukkit.PerMaterialTest" time="0"/>
  <testcase name="isEdible[216: STONE_PICKAXE]" classname="org.bukkit.PerMaterialTest" time="0"/>
  <testcase name="maxDurability[216: STONE_PICKAXE]" classname="org.bukkit.PerMaterialTest" time="0"/>
  <testcase name="isOccluding[216: STONE_PICKAXE]" classname="org.bukkit.PerMaterialTest" time="0"/>
  <testcase name="isRecord[216: STONE_PICKAXE]" classname="org.bukkit.PerMaterialTest" time="0"/>
  <testcase name="isFlammable[216: STONE_PICKAXE]" classname="org.bukkit.PerMaterialTest" time="0"/>
  <testcase name="maxStackSize[216: STONE_PICKAXE]" classname="org.bukkit.PerMaterialTest" time="0"/>
  <testcase name="isTransparent[216: STONE_PICKAXE]" classname="org.bukkit.PerMaterialTest" time="0"/>
  <testcase name="isSolid[216: STONE_PICKAXE]" classname="org.bukkit.PerMaterialTest" time="0"/>
  <testcase name="hasGravity[217: STONE_AXE]" classname="org.bukkit.PerMaterialTest" time="0"/>
  <testcase name="isBurnable[217: STONE_AXE]" classname="org.bukkit.PerMaterialTest" time="0"/>
  <testcase name="isEdible[217: STONE_AXE]" classname="org.bukkit.PerMaterialTest" time="0"/>
  <testcase name="maxDurability[217: STONE_AXE]" classname="org.bukkit.PerMaterialTest" time="0"/>
  <testcase name="isOccluding[217: STONE_AXE]" classname="org.bukkit.PerMaterialTest" time="0"/>
  <testcase name="isRecord[217: STONE_AXE]" classname="org.bukkit.PerMaterialTest" time="0"/>
  <testcase name="isFlammable[217: STONE_AXE]" classname="org.bukkit.PerMaterialTest" time="0"/>
  <testcase name="maxStackSize[217: STONE_AXE]" classname="org.bukkit.PerMaterialTest" time="0"/>
  <testcase name="isTransparent[217: STONE_AXE]" classname="org.bukkit.PerMaterialTest" time="0"/>
  <testcase name="isSolid[217: STONE_AXE]" classname="org.bukkit.PerMaterialTest" time="0"/>
  <testcase name="hasGravity[218: DIAMOND_SWORD]" classname="org.bukkit.PerMaterialTest" time="0"/>
  <testcase name="isBurnable[218: DIAMOND_SWORD]" classname="org.bukkit.PerMaterialTest" time="0"/>
  <testcase name="isEdible[218: DIAMOND_SWORD]" classname="org.bukkit.PerMaterialTest" time="0"/>
  <testcase name="maxDurability[218: DIAMOND_SWORD]" classname="org.bukkit.PerMaterialTest" time="0"/>
  <testcase name="isOccluding[218: DIAMOND_SWORD]" classname="org.bukkit.PerMaterialTest" time="0"/>
  <testcase name="isRecord[218: DIAMOND_SWORD]" classname="org.bukkit.PerMaterialTest" time="0"/>
  <testcase name="isFlammable[218: DIAMOND_SWORD]" classname="org.bukkit.PerMaterialTest" time="0"/>
  <testcase name="maxStackSize[218: DIAMOND_SWORD]" classname="org.bukkit.PerMaterialTest" time="0"/>
  <testcase name="isTransparent[218: DIAMOND_SWORD]" classname="org.bukkit.PerMaterialTest" time="0"/>
  <testcase name="isSolid[218: DIAMOND_SWORD]" classname="org.bukkit.PerMaterialTest" time="0"/>
  <testcase name="hasGravity[219: DIAMOND_SPADE]" classname="org.bukkit.PerMaterialTest" time="0"/>
  <testcase name="isBurnable[219: DIAMOND_SPADE]" classname="org.bukkit.PerMaterialTest" time="0"/>
  <testcase name="isEdible[219: DIAMOND_SPADE]" classname="org.bukkit.PerMaterialTest" time="0"/>
  <testcase name="maxDurability[219: DIAMOND_SPADE]" classname="org.bukkit.PerMaterialTest" time="0"/>
  <testcase name="isOccluding[219: DIAMOND_SPADE]" classname="org.bukkit.PerMaterialTest" time="0"/>
  <testcase name="isRecord[219: DIAMOND_SPADE]" classname="org.bukkit.PerMaterialTest" time="0"/>
  <testcase name="isFlammable[219: DIAMOND_SPADE]" classname="org.bukkit.PerMaterialTest" time="0"/>
  <testcase name="maxStackSize[219: DIAMOND_SPADE]" classname="org.bukkit.PerMaterialTest" time="0"/>
  <testcase name="isTransparent[219: DIAMOND_SPADE]" classname="org.bukkit.PerMaterialTest" time="0"/>
  <testcase name="isSolid[219: DIAMOND_SPADE]" classname="org.bukkit.PerMaterialTest" time="0"/>
  <testcase name="hasGravity[220: DIAMOND_PICKAXE]" classname="org.bukkit.PerMaterialTest" time="0"/>
  <testcase name="isBurnable[220: DIAMOND_PICKAXE]" classname="org.bukkit.PerMaterialTest" time="0"/>
  <testcase name="isEdible[220: DIAMOND_PICKAXE]" classname="org.bukkit.PerMaterialTest" time="0"/>
  <testcase name="maxDurability[220: DIAMOND_PICKAXE]" classname="org.bukkit.PerMaterialTest" time="0"/>
  <testcase name="isOccluding[220: DIAMOND_PICKAXE]" classname="org.bukkit.PerMaterialTest" time="0"/>
  <testcase name="isRecord[220: DIAMOND_PICKAXE]" classname="org.bukkit.PerMaterialTest" time="0"/>
  <testcase name="isFlammable[220: DIAMOND_PICKAXE]" classname="org.bukkit.PerMaterialTest" time="0"/>
  <testcase name="maxStackSize[220: DIAMOND_PICKAXE]" classname="org.bukkit.PerMaterialTest" time="0"/>
  <testcase name="isTransparent[220: DIAMOND_PICKAXE]" classname="org.bukkit.PerMaterialTest" time="0"/>
  <testcase name="isSolid[220: DIAMOND_PICKAXE]" classname="org.bukkit.PerMaterialTest" time="0"/>
  <testcase name="hasGravity[221: DIAMOND_AXE]" classname="org.bukkit.PerMaterialTest" time="0"/>
  <testcase name="isBurnable[221: DIAMOND_AXE]" classname="org.bukkit.PerMaterialTest" time="0"/>
  <testcase name="isEdible[221: DIAMOND_AXE]" classname="org.bukkit.PerMaterialTest" time="0"/>
  <testcase name="maxDurability[221: DIAMOND_AXE]" classname="org.bukkit.PerMaterialTest" time="0"/>
  <testcase name="isOccluding[221: DIAMOND_AXE]" classname="org.bukkit.PerMaterialTest" time="0"/>
  <testcase name="isRecord[221: DIAMOND_AXE]" classname="org.bukkit.PerMaterialTest" time="0"/>
  <testcase name="isFlammable[221: DIAMOND_AXE]" classname="org.bukkit.PerMaterialTest" time="0"/>
  <testcase name="maxStackSize[221: DIAMOND_AXE]" classname="org.bukkit.PerMaterialTest" time="0"/>
  <testcase name="isTransparent[221: DIAMOND_AXE]" classname="org.bukkit.PerMaterialTest" time="0"/>
  <testcase name="isSolid[221: DIAMOND_AXE]" classname="org.bukkit.PerMaterialTest" time="0"/>
  <testcase name="hasGravity[222: STICK]" classname="org.bukkit.PerMaterialTest" time="0"/>
  <testcase name="isBurnable[222: STICK]" classname="org.bukkit.PerMaterialTest" time="0"/>
  <testcase name="isEdible[222: STICK]" classname="org.bukkit.PerMaterialTest" time="0"/>
  <testcase name="maxDurability[222: STICK]" classname="org.bukkit.PerMaterialTest" time="0"/>
  <testcase name="isOccluding[222: STICK]" classname="org.bukkit.PerMaterialTest" time="0"/>
  <testcase name="isRecord[222: STICK]" classname="org.bukkit.PerMaterialTest" time="0"/>
  <testcase name="isFlammable[222: STICK]" classname="org.bukkit.PerMaterialTest" time="0"/>
  <testcase name="maxStackSize[222: STICK]" classname="org.bukkit.PerMaterialTest" time="0"/>
  <testcase name="isTransparent[222: STICK]" classname="org.bukkit.PerMaterialTest" time="0"/>
  <testcase name="isSolid[222: STICK]" classname="org.bukkit.PerMaterialTest" time="0"/>
  <testcase name="hasGravity[223: BOWL]" classname="org.bukkit.PerMaterialTest" time="0"/>
  <testcase name="isBurnable[223: BOWL]" classname="org.bukkit.PerMaterialTest" time="0"/>
  <testcase name="isEdible[223: BOWL]" classname="org.bukkit.PerMaterialTest" time="0"/>
  <testcase name="maxDurability[223: BOWL]" classname="org.bukkit.PerMaterialTest" time="0"/>
  <testcase name="isOccluding[223: BOWL]" classname="org.bukkit.PerMaterialTest" time="0"/>
  <testcase name="isRecord[223: BOWL]" classname="org.bukkit.PerMaterialTest" time="0"/>
  <testcase name="isFlammable[223: BOWL]" classname="org.bukkit.PerMaterialTest" time="0.001"/>
  <testcase name="maxStackSize[223: BOWL]" classname="org.bukkit.PerMaterialTest" time="0"/>
  <testcase name="isTransparent[223: BOWL]" classname="org.bukkit.PerMaterialTest" time="0"/>
  <testcase name="isSolid[223: BOWL]" classname="org.bukkit.PerMaterialTest" time="0"/>
  <testcase name="hasGravity[224: MUSHROOM_SOUP]" classname="org.bukkit.PerMaterialTest" time="0"/>
  <testcase name="isBurnable[224: MUSHROOM_SOUP]" classname="org.bukkit.PerMaterialTest" time="0"/>
  <testcase name="isEdible[224: MUSHROOM_SOUP]" classname="org.bukkit.PerMaterialTest" time="0"/>
  <testcase name="maxDurability[224: MUSHROOM_SOUP]" classname="org.bukkit.PerMaterialTest" time="0"/>
  <testcase name="isOccluding[224: MUSHROOM_SOUP]" classname="org.bukkit.PerMaterialTest" time="0"/>
  <testcase name="isRecord[224: MUSHROOM_SOUP]" classname="org.bukkit.PerMaterialTest" time="0"/>
  <testcase name="isFlammable[224: MUSHROOM_SOUP]" classname="org.bukkit.PerMaterialTest" time="0"/>
  <testcase name="maxStackSize[224: MUSHROOM_SOUP]" classname="org.bukkit.PerMaterialTest" time="0"/>
  <testcase name="isTransparent[224: MUSHROOM_SOUP]" classname="org.bukkit.PerMaterialTest" time="0"/>
  <testcase name="isSolid[224: MUSHROOM_SOUP]" classname="org.bukkit.PerMaterialTest" time="0"/>
  <testcase name="hasGravity[225: GOLD_SWORD]" classname="org.bukkit.PerMaterialTest" time="0"/>
  <testcase name="isBurnable[225: GOLD_SWORD]" classname="org.bukkit.PerMaterialTest" time="0"/>
  <testcase name="isEdible[225: GOLD_SWORD]" classname="org.bukkit.PerMaterialTest" time="0"/>
  <testcase name="maxDurability[225: GOLD_SWORD]" classname="org.bukkit.PerMaterialTest" time="0"/>
  <testcase name="isOccluding[225: GOLD_SWORD]" classname="org.bukkit.PerMaterialTest" time="0"/>
  <testcase name="isRecord[225: GOLD_SWORD]" classname="org.bukkit.PerMaterialTest" time="0"/>
  <testcase name="isFlammable[225: GOLD_SWORD]" classname="org.bukkit.PerMaterialTest" time="0"/>
  <testcase name="maxStackSize[225: GOLD_SWORD]" classname="org.bukkit.PerMaterialTest" time="0"/>
  <testcase name="isTransparent[225: GOLD_SWORD]" classname="org.bukkit.PerMaterialTest" time="0"/>
  <testcase name="isSolid[225: GOLD_SWORD]" classname="org.bukkit.PerMaterialTest" time="0"/>
  <testcase name="hasGravity[226: GOLD_SPADE]" classname="org.bukkit.PerMaterialTest" time="0"/>
  <testcase name="isBurnable[226: GOLD_SPADE]" classname="org.bukkit.PerMaterialTest" time="0"/>
  <testcase name="isEdible[226: GOLD_SPADE]" classname="org.bukkit.PerMaterialTest" time="0"/>
  <testcase name="maxDurability[226: GOLD_SPADE]" classname="org.bukkit.PerMaterialTest" time="0"/>
  <testcase name="isOccluding[226: GOLD_SPADE]" classname="org.bukkit.PerMaterialTest" time="0"/>
  <testcase name="isRecord[226: GOLD_SPADE]" classname="org.bukkit.PerMaterialTest" time="0"/>
  <testcase name="isFlammable[226: GOLD_SPADE]" classname="org.bukkit.PerMaterialTest" time="0"/>
  <testcase name="maxStackSize[226: GOLD_SPADE]" classname="org.bukkit.PerMaterialTest" time="0"/>
  <testcase name="isTransparent[226: GOLD_SPADE]" classname="org.bukkit.PerMaterialTest" time="0"/>
  <testcase name="isSolid[226: GOLD_SPADE]" classname="org.bukkit.PerMaterialTest" time="0"/>
  <testcase name="hasGravity[227: GOLD_PICKAXE]" classname="org.bukkit.PerMaterialTest" time="0"/>
  <testcase name="isBurnable[227: GOLD_PICKAXE]" classname="org.bukkit.PerMaterialTest" time="0"/>
  <testcase name="isEdible[227: GOLD_PICKAXE]" classname="org.bukkit.PerMaterialTest" time="0"/>
  <testcase name="maxDurability[227: GOLD_PICKAXE]" classname="org.bukkit.PerMaterialTest" time="0"/>
  <testcase name="isOccluding[227: GOLD_PICKAXE]" classname="org.bukkit.PerMaterialTest" time="0"/>
  <testcase name="isRecord[227: GOLD_PICKAXE]" classname="org.bukkit.PerMaterialTest" time="0"/>
  <testcase name="isFlammable[227: GOLD_PICKAXE]" classname="org.bukkit.PerMaterialTest" time="0"/>
  <testcase name="maxStackSize[227: GOLD_PICKAXE]" classname="org.bukkit.PerMaterialTest" time="0"/>
  <testcase name="isTransparent[227: GOLD_PICKAXE]" classname="org.bukkit.PerMaterialTest" time="0"/>
  <testcase name="isSolid[227: GOLD_PICKAXE]" classname="org.bukkit.PerMaterialTest" time="0"/>
  <testcase name="hasGravity[228: GOLD_AXE]" classname="org.bukkit.PerMaterialTest" time="0"/>
  <testcase name="isBurnable[228: GOLD_AXE]" classname="org.bukkit.PerMaterialTest" time="0"/>
  <testcase name="isEdible[228: GOLD_AXE]" classname="org.bukkit.PerMaterialTest" time="0"/>
  <testcase name="maxDurability[228: GOLD_AXE]" classname="org.bukkit.PerMaterialTest" time="0"/>
  <testcase name="isOccluding[228: GOLD_AXE]" classname="org.bukkit.PerMaterialTest" time="0"/>
  <testcase name="isRecord[228: GOLD_AXE]" classname="org.bukkit.PerMaterialTest" time="0"/>
  <testcase name="isFlammable[228: GOLD_AXE]" classname="org.bukkit.PerMaterialTest" time="0"/>
  <testcase name="maxStackSize[228: GOLD_AXE]" classname="org.bukkit.PerMaterialTest" time="0"/>
  <testcase name="isTransparent[228: GOLD_AXE]" classname="org.bukkit.PerMaterialTest" time="0"/>
  <testcase name="isSolid[228: GOLD_AXE]" classname="org.bukkit.PerMaterialTest" time="0"/>
  <testcase name="hasGravity[229: STRING]" classname="org.bukkit.PerMaterialTest" time="0"/>
  <testcase name="isBurnable[229: STRING]" classname="org.bukkit.PerMaterialTest" time="0"/>
  <testcase name="isEdible[229: STRING]" classname="org.bukkit.PerMaterialTest" time="0"/>
  <testcase name="maxDurability[229: STRING]" classname="org.bukkit.PerMaterialTest" time="0"/>
  <testcase name="isOccluding[229: STRING]" classname="org.bukkit.PerMaterialTest" time="0"/>
  <testcase name="isRecord[229: STRING]" classname="org.bukkit.PerMaterialTest" time="0"/>
  <testcase name="isFlammable[229: STRING]" classname="org.bukkit.PerMaterialTest" time="0"/>
  <testcase name="maxStackSize[229: STRING]" classname="org.bukkit.PerMaterialTest" time="0"/>
  <testcase name="isTransparent[229: STRING]" classname="org.bukkit.PerMaterialTest" time="0"/>
  <testcase name="isSolid[229: STRING]" classname="org.bukkit.PerMaterialTest" time="0"/>
  <testcase name="hasGravity[230: FEATHER]" classname="org.bukkit.PerMaterialTest" time="0"/>
  <testcase name="isBurnable[230: FEATHER]" classname="org.bukkit.PerMaterialTest" time="0"/>
  <testcase name="isEdible[230: FEATHER]" classname="org.bukkit.PerMaterialTest" time="0"/>
  <testcase name="maxDurability[230: FEATHER]" classname="org.bukkit.PerMaterialTest" time="0"/>
  <testcase name="isOccluding[230: FEATHER]" classname="org.bukkit.PerMaterialTest" time="0"/>
  <testcase name="isRecord[230: FEATHER]" classname="org.bukkit.PerMaterialTest" time="0"/>
  <testcase name="isFlammable[230: FEATHER]" classname="org.bukkit.PerMaterialTest" time="0"/>
  <testcase name="maxStackSize[230: FEATHER]" classname="org.bukkit.PerMaterialTest" time="0"/>
  <testcase name="isTransparent[230: FEATHER]" classname="org.bukkit.PerMaterialTest" time="0"/>
  <testcase name="isSolid[230: FEATHER]" classname="org.bukkit.PerMaterialTest" time="0"/>
  <testcase name="hasGravity[231: SULPHUR]" classname="org.bukkit.PerMaterialTest" time="0"/>
  <testcase name="isBurnable[231: SULPHUR]" classname="org.bukkit.PerMaterialTest" time="0"/>
  <testcase name="isEdible[231: SULPHUR]" classname="org.bukkit.PerMaterialTest" time="0"/>
  <testcase name="maxDurability[231: SULPHUR]" classname="org.bukkit.PerMaterialTest" time="0"/>
  <testcase name="isOccluding[231: SULPHUR]" classname="org.bukkit.PerMaterialTest" time="0"/>
  <testcase name="isRecord[231: SULPHUR]" classname="org.bukkit.PerMaterialTest" time="0"/>
  <testcase name="isFlammable[231: SULPHUR]" classname="org.bukkit.PerMaterialTest" time="0"/>
  <testcase name="maxStackSize[231: SULPHUR]" classname="org.bukkit.PerMaterialTest" time="0"/>
  <testcase name="isTransparent[231: SULPHUR]" classname="org.bukkit.PerMaterialTest" time="0"/>
  <testcase name="isSolid[231: SULPHUR]" classname="org.bukkit.PerMaterialTest" time="0"/>
  <testcase name="hasGravity[232: WOOD_HOE]" classname="org.bukkit.PerMaterialTest" time="0"/>
  <testcase name="isBurnable[232: WOOD_HOE]" classname="org.bukkit.PerMaterialTest" time="0"/>
  <testcase name="isEdible[232: WOOD_HOE]" classname="org.bukkit.PerMaterialTest" time="0"/>
  <testcase name="maxDurability[232: WOOD_HOE]" classname="org.bukkit.PerMaterialTest" time="0"/>
  <testcase name="isOccluding[232: WOOD_HOE]" classname="org.bukkit.PerMaterialTest" time="0"/>
  <testcase name="isRecord[232: WOOD_HOE]" classname="org.bukkit.PerMaterialTest" time="0"/>
  <testcase name="isFlammable[232: WOOD_HOE]" classname="org.bukkit.PerMaterialTest" time="0"/>
  <testcase name="maxStackSize[232: WOOD_HOE]" classname="org.bukkit.PerMaterialTest" time="0"/>
  <testcase name="isTransparent[232: WOOD_HOE]" classname="org.bukkit.PerMaterialTest" time="0"/>
  <testcase name="isSolid[232: WOOD_HOE]" classname="org.bukkit.PerMaterialTest" time="0"/>
  <testcase name="hasGravity[233: STONE_HOE]" classname="org.bukkit.PerMaterialTest" time="0"/>
  <testcase name="isBurnable[233: STONE_HOE]" classname="org.bukkit.PerMaterialTest" time="0"/>
  <testcase name="isEdible[233: STONE_HOE]" classname="org.bukkit.PerMaterialTest" time="0"/>
  <testcase name="maxDurability[233: STONE_HOE]" classname="org.bukkit.PerMaterialTest" time="0"/>
  <testcase name="isOccluding[233: STONE_HOE]" classname="org.bukkit.PerMaterialTest" time="0"/>
  <testcase name="isRecord[233: STONE_HOE]" classname="org.bukkit.PerMaterialTest" time="0"/>
  <testcase name="isFlammable[233: STONE_HOE]" classname="org.bukkit.PerMaterialTest" time="0"/>
  <testcase name="maxStackSize[233: STONE_HOE]" classname="org.bukkit.PerMaterialTest" time="0"/>
  <testcase name="isTransparent[233: STONE_HOE]" classname="org.bukkit.PerMaterialTest" time="0"/>
  <testcase name="isSolid[233: STONE_HOE]" classname="org.bukkit.PerMaterialTest" time="0"/>
  <testcase name="hasGravity[234: IRON_HOE]" classname="org.bukkit.PerMaterialTest" time="0"/>
  <testcase name="isBurnable[234: IRON_HOE]" classname="org.bukkit.PerMaterialTest" time="0"/>
  <testcase name="isEdible[234: IRON_HOE]" classname="org.bukkit.PerMaterialTest" time="0"/>
  <testcase name="maxDurability[234: IRON_HOE]" classname="org.bukkit.PerMaterialTest" time="0"/>
  <testcase name="isOccluding[234: IRON_HOE]" classname="org.bukkit.PerMaterialTest" time="0"/>
  <testcase name="isRecord[234: IRON_HOE]" classname="org.bukkit.PerMaterialTest" time="0"/>
  <testcase name="isFlammable[234: IRON_HOE]" classname="org.bukkit.PerMaterialTest" time="0"/>
  <testcase name="maxStackSize[234: IRON_HOE]" classname="org.bukkit.PerMaterialTest" time="0"/>
  <testcase name="isTransparent[234: IRON_HOE]" classname="org.bukkit.PerMaterialTest" time="0"/>
  <testcase name="isSolid[234: IRON_HOE]" classname="org.bukkit.PerMaterialTest" time="0"/>
  <testcase name="hasGravity[235: DIAMOND_HOE]" classname="org.bukkit.PerMaterialTest" time="0"/>
  <testcase name="isBurnable[235: DIAMOND_HOE]" classname="org.bukkit.PerMaterialTest" time="0"/>
  <testcase name="isEdible[235: DIAMOND_HOE]" classname="org.bukkit.PerMaterialTest" time="0"/>
  <testcase name="maxDurability[235: DIAMOND_HOE]" classname="org.bukkit.PerMaterialTest" time="0"/>
  <testcase name="isOccluding[235: DIAMOND_HOE]" classname="org.bukkit.PerMaterialTest" time="0"/>
  <testcase name="isRecord[235: DIAMOND_HOE]" classname="org.bukkit.PerMaterialTest" time="0"/>
  <testcase name="isFlammable[235: DIAMOND_HOE]" classname="org.bukkit.PerMaterialTest" time="0"/>
  <testcase name="maxStackSize[235: DIAMOND_HOE]" classname="org.bukkit.PerMaterialTest" time="0"/>
  <testcase name="isTransparent[235: DIAMOND_HOE]" classname="org.bukkit.PerMaterialTest" time="0"/>
  <testcase name="isSolid[235: DIAMOND_HOE]" classname="org.bukkit.PerMaterialTest" time="0"/>
  <testcase name="hasGravity[236: GOLD_HOE]" classname="org.bukkit.PerMaterialTest" time="0"/>
  <testcase name="isBurnable[236: GOLD_HOE]" classname="org.bukkit.PerMaterialTest" time="0"/>
  <testcase name="isEdible[236: GOLD_HOE]" classname="org.bukkit.PerMaterialTest" time="0"/>
  <testcase name="maxDurability[236: GOLD_HOE]" classname="org.bukkit.PerMaterialTest" time="0"/>
  <testcase name="isOccluding[236: GOLD_HOE]" classname="org.bukkit.PerMaterialTest" time="0"/>
  <testcase name="isRecord[236: GOLD_HOE]" classname="org.bukkit.PerMaterialTest" time="0"/>
  <testcase name="isFlammable[236: GOLD_HOE]" classname="org.bukkit.PerMaterialTest" time="0"/>
  <testcase name="maxStackSize[236: GOLD_HOE]" classname="org.bukkit.PerMaterialTest" time="0"/>
  <testcase name="isTransparent[236: GOLD_HOE]" classname="org.bukkit.PerMaterialTest" time="0"/>
  <testcase name="isSolid[236: GOLD_HOE]" classname="org.bukkit.PerMaterialTest" time="0"/>
  <testcase name="hasGravity[237: SEEDS]" classname="org.bukkit.PerMaterialTest" time="0"/>
  <testcase name="isBurnable[237: SEEDS]" classname="org.bukkit.PerMaterialTest" time="0"/>
  <testcase name="isEdible[237: SEEDS]" classname="org.bukkit.PerMaterialTest" time="0"/>
  <testcase name="maxDurability[237: SEEDS]" classname="org.bukkit.PerMaterialTest" time="0"/>
  <testcase name="isOccluding[237: SEEDS]" classname="org.bukkit.PerMaterialTest" time="0"/>
  <testcase name="isRecord[237: SEEDS]" classname="org.bukkit.PerMaterialTest" time="0"/>
  <testcase name="isFlammable[237: SEEDS]" classname="org.bukkit.PerMaterialTest" time="0"/>
  <testcase name="maxStackSize[237: SEEDS]" classname="org.bukkit.PerMaterialTest" time="0"/>
  <testcase name="isTransparent[237: SEEDS]" classname="org.bukkit.PerMaterialTest" time="0"/>
  <testcase name="isSolid[237: SEEDS]" classname="org.bukkit.PerMaterialTest" time="0"/>
  <testcase name="hasGravity[238: WHEAT]" classname="org.bukkit.PerMaterialTest" time="0"/>
  <testcase name="isBurnable[238: WHEAT]" classname="org.bukkit.PerMaterialTest" time="0"/>
  <testcase name="isEdible[238: WHEAT]" classname="org.bukkit.PerMaterialTest" time="0"/>
  <testcase name="maxDurability[238: WHEAT]" classname="org.bukkit.PerMaterialTest" time="0"/>
  <testcase name="isOccluding[238: WHEAT]" classname="org.bukkit.PerMaterialTest" time="0"/>
  <testcase name="isRecord[238: WHEAT]" classname="org.bukkit.PerMaterialTest" time="0"/>
  <testcase name="isFlammable[238: WHEAT]" classname="org.bukkit.PerMaterialTest" time="0"/>
  <testcase name="maxStackSize[238: WHEAT]" classname="org.bukkit.PerMaterialTest" time="0"/>
  <testcase name="isTransparent[238: WHEAT]" classname="org.bukkit.PerMaterialTest" time="0"/>
  <testcase name="isSolid[238: WHEAT]" classname="org.bukkit.PerMaterialTest" time="0"/>
  <testcase name="hasGravity[239: BREAD]" classname="org.bukkit.PerMaterialTest" time="0"/>
  <testcase name="isBurnable[239: BREAD]" classname="org.bukkit.PerMaterialTest" time="0"/>
  <testcase name="isEdible[239: BREAD]" classname="org.bukkit.PerMaterialTest" time="0"/>
  <testcase name="maxDurability[239: BREAD]" classname="org.bukkit.PerMaterialTest" time="0"/>
  <testcase name="isOccluding[239: BREAD]" classname="org.bukkit.PerMaterialTest" time="0"/>
  <testcase name="isRecord[239: BREAD]" classname="org.bukkit.PerMaterialTest" time="0"/>
  <testcase name="isFlammable[239: BREAD]" classname="org.bukkit.PerMaterialTest" time="0"/>
  <testcase name="maxStackSize[239: BREAD]" classname="org.bukkit.PerMaterialTest" time="0"/>
  <testcase name="isTransparent[239: BREAD]" classname="org.bukkit.PerMaterialTest" time="0"/>
  <testcase name="isSolid[239: BREAD]" classname="org.bukkit.PerMaterialTest" time="0"/>
  <testcase name="hasGravity[240: LEATHER_HELMET]" classname="org.bukkit.PerMaterialTest" time="0"/>
  <testcase name="isBurnable[240: LEATHER_HELMET]" classname="org.bukkit.PerMaterialTest" time="0"/>
  <testcase name="isEdible[240: LEATHER_HELMET]" classname="org.bukkit.PerMaterialTest" time="0"/>
  <testcase name="maxDurability[240: LEATHER_HELMET]" classname="org.bukkit.PerMaterialTest" time="0"/>
  <testcase name="isOccluding[240: LEATHER_HELMET]" classname="org.bukkit.PerMaterialTest" time="0"/>
  <testcase name="isRecord[240: LEATHER_HELMET]" classname="org.bukkit.PerMaterialTest" time="0"/>
  <testcase name="isFlammable[240: LEATHER_HELMET]" classname="org.bukkit.PerMaterialTest" time="0"/>
  <testcase name="maxStackSize[240: LEATHER_HELMET]" classname="org.bukkit.PerMaterialTest" time="0"/>
  <testcase name="isTransparent[240: LEATHER_HELMET]" classname="org.bukkit.PerMaterialTest" time="0"/>
  <testcase name="isSolid[240: LEATHER_HELMET]" classname="org.bukkit.PerMaterialTest" time="0"/>
  <testcase name="hasGravity[241: LEATHER_CHESTPLATE]" classname="org.bukkit.PerMaterialTest" time="0"/>
  <testcase name="isBurnable[241: LEATHER_CHESTPLATE]" classname="org.bukkit.PerMaterialTest" time="0"/>
  <testcase name="isEdible[241: LEATHER_CHESTPLATE]" classname="org.bukkit.PerMaterialTest" time="0"/>
  <testcase name="maxDurability[241: LEATHER_CHESTPLATE]" classname="org.bukkit.PerMaterialTest" time="0"/>
  <testcase name="isOccluding[241: LEATHER_CHESTPLATE]" classname="org.bukkit.PerMaterialTest" time="0"/>
  <testcase name="isRecord[241: LEATHER_CHESTPLATE]" classname="org.bukkit.PerMaterialTest" time="0"/>
  <testcase name="isFlammable[241: LEATHER_CHESTPLATE]" classname="org.bukkit.PerMaterialTest" time="0"/>
  <testcase name="maxStackSize[241: LEATHER_CHESTPLATE]" classname="org.bukkit.PerMaterialTest" time="0"/>
  <testcase name="isTransparent[241: LEATHER_CHESTPLATE]" classname="org.bukkit.PerMaterialTest" time="0"/>
  <testcase name="isSolid[241: LEATHER_CHESTPLATE]" classname="org.bukkit.PerMaterialTest" time="0"/>
  <testcase name="hasGravity[242: LEATHER_LEGGINGS]" classname="org.bukkit.PerMaterialTest" time="0"/>
  <testcase name="isBurnable[242: LEATHER_LEGGINGS]" classname="org.bukkit.PerMaterialTest" time="0"/>
  <testcase name="isEdible[242: LEATHER_LEGGINGS]" classname="org.bukkit.PerMaterialTest" time="0"/>
  <testcase name="maxDurability[242: LEATHER_LEGGINGS]" classname="org.bukkit.PerMaterialTest" time="0"/>
  <testcase name="isOccluding[242: LEATHER_LEGGINGS]" classname="org.bukkit.PerMaterialTest" time="0"/>
  <testcase name="isRecord[242: LEATHER_LEGGINGS]" classname="org.bukkit.PerMaterialTest" time="0"/>
  <testcase name="isFlammable[242: LEATHER_LEGGINGS]" classname="org.bukkit.PerMaterialTest" time="0"/>
  <testcase name="maxStackSize[242: LEATHER_LEGGINGS]" classname="org.bukkit.PerMaterialTest" time="0"/>
  <testcase name="isTransparent[242: LEATHER_LEGGINGS]" classname="org.bukkit.PerMaterialTest" time="0"/>
  <testcase name="isSolid[242: LEATHER_LEGGINGS]" classname="org.bukkit.PerMaterialTest" time="0"/>
  <testcase name="hasGravity[243: LEATHER_BOOTS]" classname="org.bukkit.PerMaterialTest" time="0"/>
  <testcase name="isBurnable[243: LEATHER_BOOTS]" classname="org.bukkit.PerMaterialTest" time="0"/>
  <testcase name="isEdible[243: LEATHER_BOOTS]" classname="org.bukkit.PerMaterialTest" time="0"/>
  <testcase name="maxDurability[243: LEATHER_BOOTS]" classname="org.bukkit.PerMaterialTest" time="0"/>
  <testcase name="isOccluding[243: LEATHER_BOOTS]" classname="org.bukkit.PerMaterialTest" time="0"/>
  <testcase name="isRecord[243: LEATHER_BOOTS]" classname="org.bukkit.PerMaterialTest" time="0"/>
  <testcase name="isFlammable[243: LEATHER_BOOTS]" classname="org.bukkit.PerMaterialTest" time="0"/>
  <testcase name="maxStackSize[243: LEATHER_BOOTS]" classname="org.bukkit.PerMaterialTest" time="0"/>
  <testcase name="isTransparent[243: LEATHER_BOOTS]" classname="org.bukkit.PerMaterialTest" time="0"/>
  <testcase name="isSolid[243: LEATHER_BOOTS]" classname="org.bukkit.PerMaterialTest" time="0"/>
  <testcase name="hasGravity[244: CHAINMAIL_HELMET]" classname="org.bukkit.PerMaterialTest" time="0"/>
  <testcase name="isBurnable[244: CHAINMAIL_HELMET]" classname="org.bukkit.PerMaterialTest" time="0"/>
  <testcase name="isEdible[244: CHAINMAIL_HELMET]" classname="org.bukkit.PerMaterialTest" time="0"/>
  <testcase name="maxDurability[244: CHAINMAIL_HELMET]" classname="org.bukkit.PerMaterialTest" time="0"/>
  <testcase name="isOccluding[244: CHAINMAIL_HELMET]" classname="org.bukkit.PerMaterialTest" time="0"/>
  <testcase name="isRecord[244: CHAINMAIL_HELMET]" classname="org.bukkit.PerMaterialTest" time="0"/>
  <testcase name="isFlammable[244: CHAINMAIL_HELMET]" classname="org.bukkit.PerMaterialTest" time="0"/>
  <testcase name="maxStackSize[244: CHAINMAIL_HELMET]" classname="org.bukkit.PerMaterialTest" time="0"/>
  <testcase name="isTransparent[244: CHAINMAIL_HELMET]" classname="org.bukkit.PerMaterialTest" time="0"/>
  <testcase name="isSolid[244: CHAINMAIL_HELMET]" classname="org.bukkit.PerMaterialTest" time="0"/>
  <testcase name="hasGravity[245: CHAINMAIL_CHESTPLATE]" classname="org.bukkit.PerMaterialTest" time="0"/>
  <testcase name="isBurnable[245: CHAINMAIL_CHESTPLATE]" classname="org.bukkit.PerMaterialTest" time="0"/>
  <testcase name="isEdible[245: CHAINMAIL_CHESTPLATE]" classname="org.bukkit.PerMaterialTest" time="0"/>
  <testcase name="maxDurability[245: CHAINMAIL_CHESTPLATE]" classname="org.bukkit.PerMaterialTest" time="0"/>
  <testcase name="isOccluding[245: CHAINMAIL_CHESTPLATE]" classname="org.bukkit.PerMaterialTest" time="0"/>
  <testcase name="isRecord[245: CHAINMAIL_CHESTPLATE]" classname="org.bukkit.PerMaterialTest" time="0"/>
  <testcase name="isFlammable[245: CHAINMAIL_CHESTPLATE]" classname="org.bukkit.PerMaterialTest" time="0"/>
  <testcase name="maxStackSize[245: CHAINMAIL_CHESTPLATE]" classname="org.bukkit.PerMaterialTest" time="0"/>
  <testcase name="isTransparent[245: CHAINMAIL_CHESTPLATE]" classname="org.bukkit.PerMaterialTest" time="0"/>
  <testcase name="isSolid[245: CHAINMAIL_CHESTPLATE]" classname="org.bukkit.PerMaterialTest" time="0"/>
  <testcase name="hasGravity[246: CHAINMAIL_LEGGINGS]" classname="org.bukkit.PerMaterialTest" time="0"/>
  <testcase name="isBurnable[246: CHAINMAIL_LEGGINGS]" classname="org.bukkit.PerMaterialTest" time="0"/>
  <testcase name="isEdible[246: CHAINMAIL_LEGGINGS]" classname="org.bukkit.PerMaterialTest" time="0"/>
  <testcase name="maxDurability[246: CHAINMAIL_LEGGINGS]" classname="org.bukkit.PerMaterialTest" time="0"/>
  <testcase name="isOccluding[246: CHAINMAIL_LEGGINGS]" classname="org.bukkit.PerMaterialTest" time="0"/>
  <testcase name="isRecord[246: CHAINMAIL_LEGGINGS]" classname="org.bukkit.PerMaterialTest" time="0"/>
  <testcase name="isFlammable[246: CHAINMAIL_LEGGINGS]" classname="org.bukkit.PerMaterialTest" time="0"/>
  <testcase name="maxStackSize[246: CHAINMAIL_LEGGINGS]" classname="org.bukkit.PerMaterialTest" time="0"/>
  <testcase name="isTransparent[246: CHAINMAIL_LEGGINGS]" classname="org.bukkit.PerMaterialTest" time="0"/>
  <testcase name="isSolid[246: CHAINMAIL_LEGGINGS]" classname="org.bukkit.PerMaterialTest" time="0"/>
  <testcase name="hasGravity[247: CHAINMAIL_BOOTS]" classname="org.bukkit.PerMaterialTest" time="0"/>
  <testcase name="isBurnable[247: CHAINMAIL_BOOTS]" classname="org.bukkit.PerMaterialTest" time="0"/>
  <testcase name="isEdible[247: CHAINMAIL_BOOTS]" classname="org.bukkit.PerMaterialTest" time="0"/>
  <testcase name="maxDurability[247: CHAINMAIL_BOOTS]" classname="org.bukkit.PerMaterialTest" time="0"/>
  <testcase name="isOccluding[247: CHAINMAIL_BOOTS]" classname="org.bukkit.PerMaterialTest" time="0"/>
  <testcase name="isRecord[247: CHAINMAIL_BOOTS]" classname="org.bukkit.PerMaterialTest" time="0"/>
  <testcase name="isFlammable[247: CHAINMAIL_BOOTS]" classname="org.bukkit.PerMaterialTest" time="0"/>
  <testcase name="maxStackSize[247: CHAINMAIL_BOOTS]" classname="org.bukkit.PerMaterialTest" time="0"/>
  <testcase name="isTransparent[247: CHAINMAIL_BOOTS]" classname="org.bukkit.PerMaterialTest" time="0"/>
  <testcase name="isSolid[247: CHAINMAIL_BOOTS]" classname="org.bukkit.PerMaterialTest" time="0"/>
  <testcase name="hasGravity[248: IRON_HELMET]" classname="org.bukkit.PerMaterialTest" time="0"/>
  <testcase name="isBurnable[248: IRON_HELMET]" classname="org.bukkit.PerMaterialTest" time="0"/>
  <testcase name="isEdible[248: IRON_HELMET]" classname="org.bukkit.PerMaterialTest" time="0"/>
  <testcase name="maxDurability[248: IRON_HELMET]" classname="org.bukkit.PerMaterialTest" time="0"/>
  <testcase name="isOccluding[248: IRON_HELMET]" classname="org.bukkit.PerMaterialTest" time="0"/>
  <testcase name="isRecord[248: IRON_HELMET]" classname="org.bukkit.PerMaterialTest" time="0"/>
  <testcase name="isFlammable[248: IRON_HELMET]" classname="org.bukkit.PerMaterialTest" time="0"/>
  <testcase name="maxStackSize[248: IRON_HELMET]" classname="org.bukkit.PerMaterialTest" time="0"/>
  <testcase name="isTransparent[248: IRON_HELMET]" classname="org.bukkit.PerMaterialTest" time="0"/>
  <testcase name="isSolid[248: IRON_HELMET]" classname="org.bukkit.PerMaterialTest" time="0"/>
  <testcase name="hasGravity[249: IRON_CHESTPLATE]" classname="org.bukkit.PerMaterialTest" time="0"/>
  <testcase name="isBurnable[249: IRON_CHESTPLATE]" classname="org.bukkit.PerMaterialTest" time="0"/>
  <testcase name="isEdible[249: IRON_CHESTPLATE]" classname="org.bukkit.PerMaterialTest" time="0"/>
  <testcase name="maxDurability[249: IRON_CHESTPLATE]" classname="org.bukkit.PerMaterialTest" time="0.001"/>
  <testcase name="isOccluding[249: IRON_CHESTPLATE]" classname="org.bukkit.PerMaterialTest" time="0"/>
  <testcase name="isRecord[249: IRON_CHESTPLATE]" classname="org.bukkit.PerMaterialTest" time="0"/>
  <testcase name="isFlammable[249: IRON_CHESTPLATE]" classname="org.bukkit.PerMaterialTest" time="0"/>
  <testcase name="maxStackSize[249: IRON_CHESTPLATE]" classname="org.bukkit.PerMaterialTest" time="0"/>
  <testcase name="isTransparent[249: IRON_CHESTPLATE]" classname="org.bukkit.PerMaterialTest" time="0"/>
  <testcase name="isSolid[249: IRON_CHESTPLATE]" classname="org.bukkit.PerMaterialTest" time="0"/>
  <testcase name="hasGravity[250: IRON_LEGGINGS]" classname="org.bukkit.PerMaterialTest" time="0"/>
  <testcase name="isBurnable[250: IRON_LEGGINGS]" classname="org.bukkit.PerMaterialTest" time="0"/>
  <testcase name="isEdible[250: IRON_LEGGINGS]" classname="org.bukkit.PerMaterialTest" time="0"/>
  <testcase name="maxDurability[250: IRON_LEGGINGS]" classname="org.bukkit.PerMaterialTest" time="0"/>
  <testcase name="isOccluding[250: IRON_LEGGINGS]" classname="org.bukkit.PerMaterialTest" time="0"/>
  <testcase name="isRecord[250: IRON_LEGGINGS]" classname="org.bukkit.PerMaterialTest" time="0"/>
  <testcase name="isFlammable[250: IRON_LEGGINGS]" classname="org.bukkit.PerMaterialTest" time="0"/>
  <testcase name="maxStackSize[250: IRON_LEGGINGS]" classname="org.bukkit.PerMaterialTest" time="0"/>
  <testcase name="isTransparent[250: IRON_LEGGINGS]" classname="org.bukkit.PerMaterialTest" time="0"/>
  <testcase name="isSolid[250: IRON_LEGGINGS]" classname="org.bukkit.PerMaterialTest" time="0"/>
  <testcase name="hasGravity[251: IRON_BOOTS]" classname="org.bukkit.PerMaterialTest" time="0"/>
  <testcase name="isBurnable[251: IRON_BOOTS]" classname="org.bukkit.PerMaterialTest" time="0"/>
  <testcase name="isEdible[251: IRON_BOOTS]" classname="org.bukkit.PerMaterialTest" time="0"/>
  <testcase name="maxDurability[251: IRON_BOOTS]" classname="org.bukkit.PerMaterialTest" time="0"/>
  <testcase name="isOccluding[251: IRON_BOOTS]" classname="org.bukkit.PerMaterialTest" time="0"/>
  <testcase name="isRecord[251: IRON_BOOTS]" classname="org.bukkit.PerMaterialTest" time="0"/>
  <testcase name="isFlammable[251: IRON_BOOTS]" classname="org.bukkit.PerMaterialTest" time="0"/>
  <testcase name="maxStackSize[251: IRON_BOOTS]" classname="org.bukkit.PerMaterialTest" time="0"/>
  <testcase name="isTransparent[251: IRON_BOOTS]" classname="org.bukkit.PerMaterialTest" time="0"/>
  <testcase name="isSolid[251: IRON_BOOTS]" classname="org.bukkit.PerMaterialTest" time="0"/>
  <testcase name="hasGravity[252: DIAMOND_HELMET]" classname="org.bukkit.PerMaterialTest" time="0"/>
  <testcase name="isBurnable[252: DIAMOND_HELMET]" classname="org.bukkit.PerMaterialTest" time="0"/>
  <testcase name="isEdible[252: DIAMOND_HELMET]" classname="org.bukkit.PerMaterialTest" time="0"/>
  <testcase name="maxDurability[252: DIAMOND_HELMET]" classname="org.bukkit.PerMaterialTest" time="0"/>
  <testcase name="isOccluding[252: DIAMOND_HELMET]" classname="org.bukkit.PerMaterialTest" time="0"/>
  <testcase name="isRecord[252: DIAMOND_HELMET]" classname="org.bukkit.PerMaterialTest" time="0"/>
  <testcase name="isFlammable[252: DIAMOND_HELMET]" classname="org.bukkit.PerMaterialTest" time="0"/>
  <testcase name="maxStackSize[252: DIAMOND_HELMET]" classname="org.bukkit.PerMaterialTest" time="0"/>
  <testcase name="isTransparent[252: DIAMOND_HELMET]" classname="org.bukkit.PerMaterialTest" time="0"/>
  <testcase name="isSolid[252: DIAMOND_HELMET]" classname="org.bukkit.PerMaterialTest" time="0"/>
  <testcase name="hasGravity[253: DIAMOND_CHESTPLATE]" classname="org.bukkit.PerMaterialTest" time="0"/>
  <testcase name="isBurnable[253: DIAMOND_CHESTPLATE]" classname="org.bukkit.PerMaterialTest" time="0"/>
  <testcase name="isEdible[253: DIAMOND_CHESTPLATE]" classname="org.bukkit.PerMaterialTest" time="0"/>
  <testcase name="maxDurability[253: DIAMOND_CHESTPLATE]" classname="org.bukkit.PerMaterialTest" time="0"/>
  <testcase name="isOccluding[253: DIAMOND_CHESTPLATE]" classname="org.bukkit.PerMaterialTest" time="0"/>
  <testcase name="isRecord[253: DIAMOND_CHESTPLATE]" classname="org.bukkit.PerMaterialTest" time="0"/>
  <testcase name="isFlammable[253: DIAMOND_CHESTPLATE]" classname="org.bukkit.PerMaterialTest" time="0"/>
  <testcase name="maxStackSize[253: DIAMOND_CHESTPLATE]" classname="org.bukkit.PerMaterialTest" time="0"/>
  <testcase name="isTransparent[253: DIAMOND_CHESTPLATE]" classname="org.bukkit.PerMaterialTest" time="0"/>
  <testcase name="isSolid[253: DIAMOND_CHESTPLATE]" classname="org.bukkit.PerMaterialTest" time="0"/>
  <testcase name="hasGravity[254: DIAMOND_LEGGINGS]" classname="org.bukkit.PerMaterialTest" time="0"/>
  <testcase name="isBurnable[254: DIAMOND_LEGGINGS]" classname="org.bukkit.PerMaterialTest" time="0"/>
  <testcase name="isEdible[254: DIAMOND_LEGGINGS]" classname="org.bukkit.PerMaterialTest" time="0"/>
  <testcase name="maxDurability[254: DIAMOND_LEGGINGS]" classname="org.bukkit.PerMaterialTest" time="0"/>
  <testcase name="isOccluding[254: DIAMOND_LEGGINGS]" classname="org.bukkit.PerMaterialTest" time="0"/>
  <testcase name="isRecord[254: DIAMOND_LEGGINGS]" classname="org.bukkit.PerMaterialTest" time="0"/>
  <testcase name="isFlammable[254: DIAMOND_LEGGINGS]" classname="org.bukkit.PerMaterialTest" time="0"/>
  <testcase name="maxStackSize[254: DIAMOND_LEGGINGS]" classname="org.bukkit.PerMaterialTest" time="0"/>
  <testcase name="isTransparent[254: DIAMOND_LEGGINGS]" classname="org.bukkit.PerMaterialTest" time="0"/>
  <testcase name="isSolid[254: DIAMOND_LEGGINGS]" classname="org.bukkit.PerMaterialTest" time="0"/>
  <testcase name="hasGravity[255: DIAMOND_BOOTS]" classname="org.bukkit.PerMaterialTest" time="0"/>
  <testcase name="isBurnable[255: DIAMOND_BOOTS]" classname="org.bukkit.PerMaterialTest" time="0"/>
  <testcase name="isEdible[255: DIAMOND_BOOTS]" classname="org.bukkit.PerMaterialTest" time="0"/>
  <testcase name="maxDurability[255: DIAMOND_BOOTS]" classname="org.bukkit.PerMaterialTest" time="0"/>
  <testcase name="isOccluding[255: DIAMOND_BOOTS]" classname="org.bukkit.PerMaterialTest" time="0"/>
  <testcase name="isRecord[255: DIAMOND_BOOTS]" classname="org.bukkit.PerMaterialTest" time="0"/>
  <testcase name="isFlammable[255: DIAMOND_BOOTS]" classname="org.bukkit.PerMaterialTest" time="0"/>
  <testcase name="maxStackSize[255: DIAMOND_BOOTS]" classname="org.bukkit.PerMaterialTest" time="0"/>
  <testcase name="isTransparent[255: DIAMOND_BOOTS]" classname="org.bukkit.PerMaterialTest" time="0"/>
  <testcase name="isSolid[255: DIAMOND_BOOTS]" classname="org.bukkit.PerMaterialTest" time="0"/>
  <testcase name="hasGravity[256: GOLD_HELMET]" classname="org.bukkit.PerMaterialTest" time="0"/>
  <testcase name="isBurnable[256: GOLD_HELMET]" classname="org.bukkit.PerMaterialTest" time="0"/>
  <testcase name="isEdible[256: GOLD_HELMET]" classname="org.bukkit.PerMaterialTest" time="0"/>
  <testcase name="maxDurability[256: GOLD_HELMET]" classname="org.bukkit.PerMaterialTest" time="0"/>
  <testcase name="isOccluding[256: GOLD_HELMET]" classname="org.bukkit.PerMaterialTest" time="0"/>
  <testcase name="isRecord[256: GOLD_HELMET]" classname="org.bukkit.PerMaterialTest" time="0"/>
  <testcase name="isFlammable[256: GOLD_HELMET]" classname="org.bukkit.PerMaterialTest" time="0"/>
  <testcase name="maxStackSize[256: GOLD_HELMET]" classname="org.bukkit.PerMaterialTest" time="0"/>
  <testcase name="isTransparent[256: GOLD_HELMET]" classname="org.bukkit.PerMaterialTest" time="0"/>
  <testcase name="isSolid[256: GOLD_HELMET]" classname="org.bukkit.PerMaterialTest" time="0"/>
  <testcase name="hasGravity[257: GOLD_CHESTPLATE]" classname="org.bukkit.PerMaterialTest" time="0"/>
  <testcase name="isBurnable[257: GOLD_CHESTPLATE]" classname="org.bukkit.PerMaterialTest" time="0"/>
  <testcase name="isEdible[257: GOLD_CHESTPLATE]" classname="org.bukkit.PerMaterialTest" time="0"/>
  <testcase name="maxDurability[257: GOLD_CHESTPLATE]" classname="org.bukkit.PerMaterialTest" time="0"/>
  <testcase name="isOccluding[257: GOLD_CHESTPLATE]" classname="org.bukkit.PerMaterialTest" time="0"/>
  <testcase name="isRecord[257: GOLD_CHESTPLATE]" classname="org.bukkit.PerMaterialTest" time="0"/>
  <testcase name="isFlammable[257: GOLD_CHESTPLATE]" classname="org.bukkit.PerMaterialTest" time="0"/>
  <testcase name="maxStackSize[257: GOLD_CHESTPLATE]" classname="org.bukkit.PerMaterialTest" time="0"/>
  <testcase name="isTransparent[257: GOLD_CHESTPLATE]" classname="org.bukkit.PerMaterialTest" time="0"/>
  <testcase name="isSolid[257: GOLD_CHESTPLATE]" classname="org.bukkit.PerMaterialTest" time="0"/>
  <testcase name="hasGravity[258: GOLD_LEGGINGS]" classname="org.bukkit.PerMaterialTest" time="0"/>
  <testcase name="isBurnable[258: GOLD_LEGGINGS]" classname="org.bukkit.PerMaterialTest" time="0"/>
  <testcase name="isEdible[258: GOLD_LEGGINGS]" classname="org.bukkit.PerMaterialTest" time="0"/>
  <testcase name="maxDurability[258: GOLD_LEGGINGS]" classname="org.bukkit.PerMaterialTest" time="0"/>
  <testcase name="isOccluding[258: GOLD_LEGGINGS]" classname="org.bukkit.PerMaterialTest" time="0"/>
  <testcase name="isRecord[258: GOLD_LEGGINGS]" classname="org.bukkit.PerMaterialTest" time="0"/>
  <testcase name="isFlammable[258: GOLD_LEGGINGS]" classname="org.bukkit.PerMaterialTest" time="0"/>
  <testcase name="maxStackSize[258: GOLD_LEGGINGS]" classname="org.bukkit.PerMaterialTest" time="0"/>
  <testcase name="isTransparent[258: GOLD_LEGGINGS]" classname="org.bukkit.PerMaterialTest" time="0"/>
  <testcase name="isSolid[258: GOLD_LEGGINGS]" classname="org.bukkit.PerMaterialTest" time="0"/>
  <testcase name="hasGravity[259: GOLD_BOOTS]" classname="org.bukkit.PerMaterialTest" time="0"/>
  <testcase name="isBurnable[259: GOLD_BOOTS]" classname="org.bukkit.PerMaterialTest" time="0"/>
  <testcase name="isEdible[259: GOLD_BOOTS]" classname="org.bukkit.PerMaterialTest" time="0"/>
  <testcase name="maxDurability[259: GOLD_BOOTS]" classname="org.bukkit.PerMaterialTest" time="0"/>
  <testcase name="isOccluding[259: GOLD_BOOTS]" classname="org.bukkit.PerMaterialTest" time="0"/>
  <testcase name="isRecord[259: GOLD_BOOTS]" classname="org.bukkit.PerMaterialTest" time="0"/>
  <testcase name="isFlammable[259: GOLD_BOOTS]" classname="org.bukkit.PerMaterialTest" time="0"/>
  <testcase name="maxStackSize[259: GOLD_BOOTS]" classname="org.bukkit.PerMaterialTest" time="0"/>
  <testcase name="isTransparent[259: GOLD_BOOTS]" classname="org.bukkit.PerMaterialTest" time="0"/>
  <testcase name="isSolid[259: GOLD_BOOTS]" classname="org.bukkit.PerMaterialTest" time="0"/>
  <testcase name="hasGravity[260: FLINT]" classname="org.bukkit.PerMaterialTest" time="0"/>
  <testcase name="isBurnable[260: FLINT]" classname="org.bukkit.PerMaterialTest" time="0"/>
  <testcase name="isEdible[260: FLINT]" classname="org.bukkit.PerMaterialTest" time="0"/>
  <testcase name="maxDurability[260: FLINT]" classname="org.bukkit.PerMaterialTest" time="0"/>
  <testcase name="isOccluding[260: FLINT]" classname="org.bukkit.PerMaterialTest" time="0"/>
  <testcase name="isRecord[260: FLINT]" classname="org.bukkit.PerMaterialTest" time="0"/>
  <testcase name="isFlammable[260: FLINT]" classname="org.bukkit.PerMaterialTest" time="0"/>
  <testcase name="maxStackSize[260: FLINT]" classname="org.bukkit.PerMaterialTest" time="0"/>
  <testcase name="isTransparent[260: FLINT]" classname="org.bukkit.PerMaterialTest" time="0"/>
  <testcase name="isSolid[260: FLINT]" classname="org.bukkit.PerMaterialTest" time="0"/>
  <testcase name="hasGravity[261: PORK]" classname="org.bukkit.PerMaterialTest" time="0"/>
  <testcase name="isBurnable[261: PORK]" classname="org.bukkit.PerMaterialTest" time="0.017"/>
  <testcase name="isEdible[261: PORK]" classname="org.bukkit.PerMaterialTest" time="0"/>
  <testcase name="maxDurability[261: PORK]" classname="org.bukkit.PerMaterialTest" time="0"/>
  <testcase name="isOccluding[261: PORK]" classname="org.bukkit.PerMaterialTest" time="0"/>
  <testcase name="isRecord[261: PORK]" classname="org.bukkit.PerMaterialTest" time="0"/>
  <testcase name="isFlammable[261: PORK]" classname="org.bukkit.PerMaterialTest" time="0"/>
  <testcase name="maxStackSize[261: PORK]" classname="org.bukkit.PerMaterialTest" time="0"/>
  <testcase name="isTransparent[261: PORK]" classname="org.bukkit.PerMaterialTest" time="0"/>
  <testcase name="isSolid[261: PORK]" classname="org.bukkit.PerMaterialTest" time="0"/>
  <testcase name="hasGravity[262: GRILLED_PORK]" classname="org.bukkit.PerMaterialTest" time="0"/>
  <testcase name="isBurnable[262: GRILLED_PORK]" classname="org.bukkit.PerMaterialTest" time="0"/>
  <testcase name="isEdible[262: GRILLED_PORK]" classname="org.bukkit.PerMaterialTest" time="0"/>
  <testcase name="maxDurability[262: GRILLED_PORK]" classname="org.bukkit.PerMaterialTest" time="0"/>
  <testcase name="isOccluding[262: GRILLED_PORK]" classname="org.bukkit.PerMaterialTest" time="0"/>
  <testcase name="isRecord[262: GRILLED_PORK]" classname="org.bukkit.PerMaterialTest" time="0"/>
  <testcase name="isFlammable[262: GRILLED_PORK]" classname="org.bukkit.PerMaterialTest" time="0"/>
  <testcase name="maxStackSize[262: GRILLED_PORK]" classname="org.bukkit.PerMaterialTest" time="0"/>
  <testcase name="isTransparent[262: GRILLED_PORK]" classname="org.bukkit.PerMaterialTest" time="0"/>
  <testcase name="isSolid[262: GRILLED_PORK]" classname="org.bukkit.PerMaterialTest" time="0"/>
  <testcase name="hasGravity[263: PAINTING]" classname="org.bukkit.PerMaterialTest" time="0"/>
  <testcase name="isBurnable[263: PAINTING]" classname="org.bukkit.PerMaterialTest" time="0"/>
  <testcase name="isEdible[263: PAINTING]" classname="org.bukkit.PerMaterialTest" time="0.003"/>
  <testcase name="maxDurability[263: PAINTING]" classname="org.bukkit.PerMaterialTest" time="0"/>
  <testcase name="isOccluding[263: PAINTING]" classname="org.bukkit.PerMaterialTest" time="0"/>
  <testcase name="isRecord[263: PAINTING]" classname="org.bukkit.PerMaterialTest" time="0"/>
  <testcase name="isFlammable[263: PAINTING]" classname="org.bukkit.PerMaterialTest" time="0"/>
  <testcase name="maxStackSize[263: PAINTING]" classname="org.bukkit.PerMaterialTest" time="0"/>
  <testcase name="isTransparent[263: PAINTING]" classname="org.bukkit.PerMaterialTest" time="0"/>
  <testcase name="isSolid[263: PAINTING]" classname="org.bukkit.PerMaterialTest" time="0"/>
  <testcase name="hasGravity[264: GOLDEN_APPLE]" classname="org.bukkit.PerMaterialTest" time="0"/>
  <testcase name="isBurnable[264: GOLDEN_APPLE]" classname="org.bukkit.PerMaterialTest" time="0"/>
  <testcase name="isEdible[264: GOLDEN_APPLE]" classname="org.bukkit.PerMaterialTest" time="0"/>
  <testcase name="maxDurability[264: GOLDEN_APPLE]" classname="org.bukkit.PerMaterialTest" time="0"/>
  <testcase name="isOccluding[264: GOLDEN_APPLE]" classname="org.bukkit.PerMaterialTest" time="0"/>
  <testcase name="isRecord[264: GOLDEN_APPLE]" classname="org.bukkit.PerMaterialTest" time="0"/>
  <testcase name="isFlammable[264: GOLDEN_APPLE]" classname="org.bukkit.PerMaterialTest" time="0"/>
  <testcase name="maxStackSize[264: GOLDEN_APPLE]" classname="org.bukkit.PerMaterialTest" time="0"/>
  <testcase name="isTransparent[264: GOLDEN_APPLE]" classname="org.bukkit.PerMaterialTest" time="0"/>
  <testcase name="isSolid[264: GOLDEN_APPLE]" classname="org.bukkit.PerMaterialTest" time="0"/>
  <testcase name="hasGravity[265: SIGN]" classname="org.bukkit.PerMaterialTest" time="0"/>
  <testcase name="isBurnable[265: SIGN]" classname="org.bukkit.PerMaterialTest" time="0"/>
  <testcase name="isEdible[265: SIGN]" classname="org.bukkit.PerMaterialTest" time="0"/>
  <testcase name="maxDurability[265: SIGN]" classname="org.bukkit.PerMaterialTest" time="0.007"/>
  <testcase name="isOccluding[265: SIGN]" classname="org.bukkit.PerMaterialTest" time="0"/>
  <testcase name="isRecord[265: SIGN]" classname="org.bukkit.PerMaterialTest" time="0"/>
  <testcase name="isFlammable[265: SIGN]" classname="org.bukkit.PerMaterialTest" time="0"/>
  <testcase name="maxStackSize[265: SIGN]" classname="org.bukkit.PerMaterialTest" time="0"/>
  <testcase name="isTransparent[265: SIGN]" classname="org.bukkit.PerMaterialTest" time="0"/>
  <testcase name="isSolid[265: SIGN]" classname="org.bukkit.PerMaterialTest" time="0"/>
  <testcase name="hasGravity[266: WOOD_DOOR]" classname="org.bukkit.PerMaterialTest" time="0"/>
  <testcase name="isBurnable[266: WOOD_DOOR]" classname="org.bukkit.PerMaterialTest" time="0"/>
  <testcase name="isEdible[266: WOOD_DOOR]" classname="org.bukkit.PerMaterialTest" time="0"/>
  <testcase name="maxDurability[266: WOOD_DOOR]" classname="org.bukkit.PerMaterialTest" time="0"/>
  <testcase name="isOccluding[266: WOOD_DOOR]" classname="org.bukkit.PerMaterialTest" time="0"/>
  <testcase name="isRecord[266: WOOD_DOOR]" classname="org.bukkit.PerMaterialTest" time="0"/>
  <testcase name="isFlammable[266: WOOD_DOOR]" classname="org.bukkit.PerMaterialTest" time="0"/>
  <testcase name="maxStackSize[266: WOOD_DOOR]" classname="org.bukkit.PerMaterialTest" time="0"/>
  <testcase name="isTransparent[266: WOOD_DOOR]" classname="org.bukkit.PerMaterialTest" time="0"/>
  <testcase name="isSolid[266: WOOD_DOOR]" classname="org.bukkit.PerMaterialTest" time="0"/>
  <testcase name="hasGravity[267: BUCKET]" classname="org.bukkit.PerMaterialTest" time="0"/>
  <testcase name="isBurnable[267: BUCKET]" classname="org.bukkit.PerMaterialTest" time="0"/>
  <testcase name="isEdible[267: BUCKET]" classname="org.bukkit.PerMaterialTest" time="0"/>
  <testcase name="maxDurability[267: BUCKET]" classname="org.bukkit.PerMaterialTest" time="0"/>
  <testcase name="isOccluding[267: BUCKET]" classname="org.bukkit.PerMaterialTest" time="0"/>
  <testcase name="isRecord[267: BUCKET]" classname="org.bukkit.PerMaterialTest" time="0"/>
  <testcase name="isFlammable[267: BUCKET]" classname="org.bukkit.PerMaterialTest" time="0"/>
  <testcase name="maxStackSize[267: BUCKET]" classname="org.bukkit.PerMaterialTest" time="0"/>
  <testcase name="isTransparent[267: BUCKET]" classname="org.bukkit.PerMaterialTest" time="0"/>
  <testcase name="isSolid[267: BUCKET]" classname="org.bukkit.PerMaterialTest" time="0"/>
  <testcase name="hasGravity[268: WATER_BUCKET]" classname="org.bukkit.PerMaterialTest" time="0"/>
  <testcase name="isBurnable[268: WATER_BUCKET]" classname="org.bukkit.PerMaterialTest" time="0"/>
  <testcase name="isEdible[268: WATER_BUCKET]" classname="org.bukkit.PerMaterialTest" time="0"/>
  <testcase name="maxDurability[268: WATER_BUCKET]" classname="org.bukkit.PerMaterialTest" time="0"/>
  <testcase name="isOccluding[268: WATER_BUCKET]" classname="org.bukkit.PerMaterialTest" time="0"/>
  <testcase name="isRecord[268: WATER_BUCKET]" classname="org.bukkit.PerMaterialTest" time="0"/>
  <testcase name="isFlammable[268: WATER_BUCKET]" classname="org.bukkit.PerMaterialTest" time="0"/>
  <testcase name="maxStackSize[268: WATER_BUCKET]" classname="org.bukkit.PerMaterialTest" time="0"/>
  <testcase name="isTransparent[268: WATER_BUCKET]" classname="org.bukkit.PerMaterialTest" time="0"/>
  <testcase name="isSolid[268: WATER_BUCKET]" classname="org.bukkit.PerMaterialTest" time="0"/>
  <testcase name="hasGravity[269: LAVA_BUCKET]" classname="org.bukkit.PerMaterialTest" time="0"/>
  <testcase name="isBurnable[269: LAVA_BUCKET]" classname="org.bukkit.PerMaterialTest" time="0"/>
  <testcase name="isEdible[269: LAVA_BUCKET]" classname="org.bukkit.PerMaterialTest" time="0"/>
  <testcase name="maxDurability[269: LAVA_BUCKET]" classname="org.bukkit.PerMaterialTest" time="0"/>
  <testcase name="isOccluding[269: LAVA_BUCKET]" classname="org.bukkit.PerMaterialTest" time="0"/>
  <testcase name="isRecord[269: LAVA_BUCKET]" classname="org.bukkit.PerMaterialTest" time="0"/>
  <testcase name="isFlammable[269: LAVA_BUCKET]" classname="org.bukkit.PerMaterialTest" time="0"/>
  <testcase name="maxStackSize[269: LAVA_BUCKET]" classname="org.bukkit.PerMaterialTest" time="0"/>
  <testcase name="isTransparent[269: LAVA_BUCKET]" classname="org.bukkit.PerMaterialTest" time="0"/>
  <testcase name="isSolid[269: LAVA_BUCKET]" classname="org.bukkit.PerMaterialTest" time="0"/>
  <testcase name="hasGravity[270: MINECART]" classname="org.bukkit.PerMaterialTest" time="0"/>
  <testcase name="isBurnable[270: MINECART]" classname="org.bukkit.PerMaterialTest" time="0"/>
  <testcase name="isEdible[270: MINECART]" classname="org.bukkit.PerMaterialTest" time="0"/>
  <testcase name="maxDurability[270: MINECART]" classname="org.bukkit.PerMaterialTest" time="0"/>
  <testcase name="isOccluding[270: MINECART]" classname="org.bukkit.PerMaterialTest" time="0"/>
  <testcase name="isRecord[270: MINECART]" classname="org.bukkit.PerMaterialTest" time="0"/>
  <testcase name="isFlammable[270: MINECART]" classname="org.bukkit.PerMaterialTest" time="0"/>
  <testcase name="maxStackSize[270: MINECART]" classname="org.bukkit.PerMaterialTest" time="0"/>
  <testcase name="isTransparent[270: MINECART]" classname="org.bukkit.PerMaterialTest" time="0"/>
  <testcase name="isSolid[270: MINECART]" classname="org.bukkit.PerMaterialTest" time="0"/>
  <testcase name="hasGravity[271: SADDLE]" classname="org.bukkit.PerMaterialTest" time="0"/>
  <testcase name="isBurnable[271: SADDLE]" classname="org.bukkit.PerMaterialTest" time="0"/>
  <testcase name="isEdible[271: SADDLE]" classname="org.bukkit.PerMaterialTest" time="0"/>
  <testcase name="maxDurability[271: SADDLE]" classname="org.bukkit.PerMaterialTest" time="0"/>
  <testcase name="isOccluding[271: SADDLE]" classname="org.bukkit.PerMaterialTest" time="0"/>
  <testcase name="isRecord[271: SADDLE]" classname="org.bukkit.PerMaterialTest" time="0"/>
  <testcase name="isFlammable[271: SADDLE]" classname="org.bukkit.PerMaterialTest" time="0"/>
  <testcase name="maxStackSize[271: SADDLE]" classname="org.bukkit.PerMaterialTest" time="0"/>
  <testcase name="isTransparent[271: SADDLE]" classname="org.bukkit.PerMaterialTest" time="0"/>
  <testcase name="isSolid[271: SADDLE]" classname="org.bukkit.PerMaterialTest" time="0"/>
  <testcase name="hasGravity[272: IRON_DOOR]" classname="org.bukkit.PerMaterialTest" time="0"/>
  <testcase name="isBurnable[272: IRON_DOOR]" classname="org.bukkit.PerMaterialTest" time="0"/>
  <testcase name="isEdible[272: IRON_DOOR]" classname="org.bukkit.PerMaterialTest" time="0"/>
  <testcase name="maxDurability[272: IRON_DOOR]" classname="org.bukkit.PerMaterialTest" time="0"/>
  <testcase name="isOccluding[272: IRON_DOOR]" classname="org.bukkit.PerMaterialTest" time="0"/>
  <testcase name="isRecord[272: IRON_DOOR]" classname="org.bukkit.PerMaterialTest" time="0"/>
  <testcase name="isFlammable[272: IRON_DOOR]" classname="org.bukkit.PerMaterialTest" time="0"/>
  <testcase name="maxStackSize[272: IRON_DOOR]" classname="org.bukkit.PerMaterialTest" time="0"/>
  <testcase name="isTransparent[272: IRON_DOOR]" classname="org.bukkit.PerMaterialTest" time="0"/>
  <testcase name="isSolid[272: IRON_DOOR]" classname="org.bukkit.PerMaterialTest" time="0"/>
  <testcase name="hasGravity[273: REDSTONE]" classname="org.bukkit.PerMaterialTest" time="0"/>
  <testcase name="isBurnable[273: REDSTONE]" classname="org.bukkit.PerMaterialTest" time="0"/>
  <testcase name="isEdible[273: REDSTONE]" classname="org.bukkit.PerMaterialTest" time="0"/>
  <testcase name="maxDurability[273: REDSTONE]" classname="org.bukkit.PerMaterialTest" time="0"/>
  <testcase name="isOccluding[273: REDSTONE]" classname="org.bukkit.PerMaterialTest" time="0"/>
  <testcase name="isRecord[273: REDSTONE]" classname="org.bukkit.PerMaterialTest" time="0"/>
  <testcase name="isFlammable[273: REDSTONE]" classname="org.bukkit.PerMaterialTest" time="0"/>
  <testcase name="maxStackSize[273: REDSTONE]" classname="org.bukkit.PerMaterialTest" time="0"/>
  <testcase name="isTransparent[273: REDSTONE]" classname="org.bukkit.PerMaterialTest" time="0"/>
  <testcase name="isSolid[273: REDSTONE]" classname="org.bukkit.PerMaterialTest" time="0"/>
  <testcase name="hasGravity[274: SNOW_BALL]" classname="org.bukkit.PerMaterialTest" time="0"/>
  <testcase name="isBurnable[274: SNOW_BALL]" classname="org.bukkit.PerMaterialTest" time="0"/>
  <testcase name="isEdible[274: SNOW_BALL]" classname="org.bukkit.PerMaterialTest" time="0"/>
  <testcase name="maxDurability[274: SNOW_BALL]" classname="org.bukkit.PerMaterialTest" time="0"/>
  <testcase name="isOccluding[274: SNOW_BALL]" classname="org.bukkit.PerMaterialTest" time="0"/>
  <testcase name="isRecord[274: SNOW_BALL]" classname="org.bukkit.PerMaterialTest" time="0"/>
  <testcase name="isFlammable[274: SNOW_BALL]" classname="org.bukkit.PerMaterialTest" time="0"/>
  <testcase name="maxStackSize[274: SNOW_BALL]" classname="org.bukkit.PerMaterialTest" time="0"/>
  <testcase name="isTransparent[274: SNOW_BALL]" classname="org.bukkit.PerMaterialTest" time="0"/>
  <testcase name="isSolid[274: SNOW_BALL]" classname="org.bukkit.PerMaterialTest" time="0"/>
  <testcase name="hasGravity[275: BOAT]" classname="org.bukkit.PerMaterialTest" time="0"/>
  <testcase name="isBurnable[275: BOAT]" classname="org.bukkit.PerMaterialTest" time="0"/>
  <testcase name="isEdible[275: BOAT]" classname="org.bukkit.PerMaterialTest" time="0"/>
  <testcase name="maxDurability[275: BOAT]" classname="org.bukkit.PerMaterialTest" time="0"/>
  <testcase name="isOccluding[275: BOAT]" classname="org.bukkit.PerMaterialTest" time="0"/>
  <testcase name="isRecord[275: BOAT]" classname="org.bukkit.PerMaterialTest" time="0"/>
  <testcase name="isFlammable[275: BOAT]" classname="org.bukkit.PerMaterialTest" time="0"/>
  <testcase name="maxStackSize[275: BOAT]" classname="org.bukkit.PerMaterialTest" time="0"/>
  <testcase name="isTransparent[275: BOAT]" classname="org.bukkit.PerMaterialTest" time="0"/>
  <testcase name="isSolid[275: BOAT]" classname="org.bukkit.PerMaterialTest" time="0"/>
  <testcase name="hasGravity[276: LEATHER]" classname="org.bukkit.PerMaterialTest" time="0"/>
  <testcase name="isBurnable[276: LEATHER]" classname="org.bukkit.PerMaterialTest" time="0"/>
  <testcase name="isEdible[276: LEATHER]" classname="org.bukkit.PerMaterialTest" time="0"/>
  <testcase name="maxDurability[276: LEATHER]" classname="org.bukkit.PerMaterialTest" time="0"/>
  <testcase name="isOccluding[276: LEATHER]" classname="org.bukkit.PerMaterialTest" time="0"/>
  <testcase name="isRecord[276: LEATHER]" classname="org.bukkit.PerMaterialTest" time="0"/>
  <testcase name="isFlammable[276: LEATHER]" classname="org.bukkit.PerMaterialTest" time="0"/>
  <testcase name="maxStackSize[276: LEATHER]" classname="org.bukkit.PerMaterialTest" time="0"/>
  <testcase name="isTransparent[276: LEATHER]" classname="org.bukkit.PerMaterialTest" time="0"/>
  <testcase name="isSolid[276: LEATHER]" classname="org.bukkit.PerMaterialTest" time="0"/>
  <testcase name="hasGravity[277: MILK_BUCKET]" classname="org.bukkit.PerMaterialTest" time="0"/>
  <testcase name="isBurnable[277: MILK_BUCKET]" classname="org.bukkit.PerMaterialTest" time="0"/>
  <testcase name="isEdible[277: MILK_BUCKET]" classname="org.bukkit.PerMaterialTest" time="0"/>
  <testcase name="maxDurability[277: MILK_BUCKET]" classname="org.bukkit.PerMaterialTest" time="0"/>
  <testcase name="isOccluding[277: MILK_BUCKET]" classname="org.bukkit.PerMaterialTest" time="0"/>
  <testcase name="isRecord[277: MILK_BUCKET]" classname="org.bukkit.PerMaterialTest" time="0"/>
  <testcase name="isFlammable[277: MILK_BUCKET]" classname="org.bukkit.PerMaterialTest" time="0"/>
  <testcase name="maxStackSize[277: MILK_BUCKET]" classname="org.bukkit.PerMaterialTest" time="0"/>
  <testcase name="isTransparent[277: MILK_BUCKET]" classname="org.bukkit.PerMaterialTest" time="0"/>
  <testcase name="isSolid[277: MILK_BUCKET]" classname="org.bukkit.PerMaterialTest" time="0"/>
  <testcase name="hasGravity[278: CLAY_BRICK]" classname="org.bukkit.PerMaterialTest" time="0"/>
  <testcase name="isBurnable[278: CLAY_BRICK]" classname="org.bukkit.PerMaterialTest" time="0"/>
  <testcase name="isEdible[278: CLAY_BRICK]" classname="org.bukkit.PerMaterialTest" time="0"/>
  <testcase name="maxDurability[278: CLAY_BRICK]" classname="org.bukkit.PerMaterialTest" time="0"/>
  <testcase name="isOccluding[278: CLAY_BRICK]" classname="org.bukkit.PerMaterialTest" time="0"/>
  <testcase name="isRecord[278: CLAY_BRICK]" classname="org.bukkit.PerMaterialTest" time="0"/>
  <testcase name="isFlammable[278: CLAY_BRICK]" classname="org.bukkit.PerMaterialTest" time="0"/>
  <testcase name="maxStackSize[278: CLAY_BRICK]" classname="org.bukkit.PerMaterialTest" time="0"/>
  <testcase name="isTransparent[278: CLAY_BRICK]" classname="org.bukkit.PerMaterialTest" time="0"/>
  <testcase name="isSolid[278: CLAY_BRICK]" classname="org.bukkit.PerMaterialTest" time="0"/>
  <testcase name="hasGravity[279: CLAY_BALL]" classname="org.bukkit.PerMaterialTest" time="0"/>
  <testcase name="isBurnable[279: CLAY_BALL]" classname="org.bukkit.PerMaterialTest" time="0"/>
  <testcase name="isEdible[279: CLAY_BALL]" classname="org.bukkit.PerMaterialTest" time="0"/>
  <testcase name="maxDurability[279: CLAY_BALL]" classname="org.bukkit.PerMaterialTest" time="0"/>
  <testcase name="isOccluding[279: CLAY_BALL]" classname="org.bukkit.PerMaterialTest" time="0"/>
  <testcase name="isRecord[279: CLAY_BALL]" classname="org.bukkit.PerMaterialTest" time="0"/>
  <testcase name="isFlammable[279: CLAY_BALL]" classname="org.bukkit.PerMaterialTest" time="0"/>
  <testcase name="maxStackSize[279: CLAY_BALL]" classname="org.bukkit.PerMaterialTest" time="0"/>
  <testcase name="isTransparent[279: CLAY_BALL]" classname="org.bukkit.PerMaterialTest" time="0"/>
  <testcase name="isSolid[279: CLAY_BALL]" classname="org.bukkit.PerMaterialTest" time="0"/>
  <testcase name="hasGravity[280: SUGAR_CANE]" classname="org.bukkit.PerMaterialTest" time="0"/>
  <testcase name="isBurnable[280: SUGAR_CANE]" classname="org.bukkit.PerMaterialTest" time="0"/>
  <testcase name="isEdible[280: SUGAR_CANE]" classname="org.bukkit.PerMaterialTest" time="0"/>
  <testcase name="maxDurability[280: SUGAR_CANE]" classname="org.bukkit.PerMaterialTest" time="0"/>
  <testcase name="isOccluding[280: SUGAR_CANE]" classname="org.bukkit.PerMaterialTest" time="0"/>
  <testcase name="isRecord[280: SUGAR_CANE]" classname="org.bukkit.PerMaterialTest" time="0"/>
  <testcase name="isFlammable[280: SUGAR_CANE]" classname="org.bukkit.PerMaterialTest" time="0"/>
  <testcase name="maxStackSize[280: SUGAR_CANE]" classname="org.bukkit.PerMaterialTest" time="0"/>
  <testcase name="isTransparent[280: SUGAR_CANE]" classname="org.bukkit.PerMaterialTest" time="0"/>
  <testcase name="isSolid[280: SUGAR_CANE]" classname="org.bukkit.PerMaterialTest" time="0"/>
  <testcase name="hasGravity[281: PAPER]" classname="org.bukkit.PerMaterialTest" time="0"/>
  <testcase name="isBurnable[281: PAPER]" classname="org.bukkit.PerMaterialTest" time="0"/>
  <testcase name="isEdible[281: PAPER]" classname="org.bukkit.PerMaterialTest" time="0"/>
  <testcase name="maxDurability[281: PAPER]" classname="org.bukkit.PerMaterialTest" time="0"/>
  <testcase name="isOccluding[281: PAPER]" classname="org.bukkit.PerMaterialTest" time="0"/>
  <testcase name="isRecord[281: PAPER]" classname="org.bukkit.PerMaterialTest" time="0"/>
  <testcase name="isFlammable[281: PAPER]" classname="org.bukkit.PerMaterialTest" time="0"/>
  <testcase name="maxStackSize[281: PAPER]" classname="org.bukkit.PerMaterialTest" time="0"/>
  <testcase name="isTransparent[281: PAPER]" classname="org.bukkit.PerMaterialTest" time="0"/>
  <testcase name="isSolid[281: PAPER]" classname="org.bukkit.PerMaterialTest" time="0"/>
  <testcase name="hasGravity[282: BOOK]" classname="org.bukkit.PerMaterialTest" time="0"/>
  <testcase name="isBurnable[282: BOOK]" classname="org.bukkit.PerMaterialTest" time="0"/>
  <testcase name="isEdible[282: BOOK]" classname="org.bukkit.PerMaterialTest" time="0"/>
  <testcase name="maxDurability[282: BOOK]" classname="org.bukkit.PerMaterialTest" time="0"/>
  <testcase name="isOccluding[282: BOOK]" classname="org.bukkit.PerMaterialTest" time="0"/>
  <testcase name="isRecord[282: BOOK]" classname="org.bukkit.PerMaterialTest" time="0"/>
  <testcase name="isFlammable[282: BOOK]" classname="org.bukkit.PerMaterialTest" time="0"/>
  <testcase name="maxStackSize[282: BOOK]" classname="org.bukkit.PerMaterialTest" time="0"/>
  <testcase name="isTransparent[282: BOOK]" classname="org.bukkit.PerMaterialTest" time="0"/>
  <testcase name="isSolid[282: BOOK]" classname="org.bukkit.PerMaterialTest" time="0"/>
  <testcase name="hasGravity[283: SLIME_BALL]" classname="org.bukkit.PerMaterialTest" time="0"/>
  <testcase name="isBurnable[283: SLIME_BALL]" classname="org.bukkit.PerMaterialTest" time="0"/>
  <testcase name="isEdible[283: SLIME_BALL]" classname="org.bukkit.PerMaterialTest" time="0"/>
  <testcase name="maxDurability[283: SLIME_BALL]" classname="org.bukkit.PerMaterialTest" time="0"/>
  <testcase name="isOccluding[283: SLIME_BALL]" classname="org.bukkit.PerMaterialTest" time="0"/>
  <testcase name="isRecord[283: SLIME_BALL]" classname="org.bukkit.PerMaterialTest" time="0"/>
  <testcase name="isFlammable[283: SLIME_BALL]" classname="org.bukkit.PerMaterialTest" time="0"/>
  <testcase name="maxStackSize[283: SLIME_BALL]" classname="org.bukkit.PerMaterialTest" time="0"/>
  <testcase name="isTransparent[283: SLIME_BALL]" classname="org.bukkit.PerMaterialTest" time="0"/>
  <testcase name="isSolid[283: SLIME_BALL]" classname="org.bukkit.PerMaterialTest" time="0"/>
  <testcase name="hasGravity[284: STORAGE_MINECART]" classname="org.bukkit.PerMaterialTest" time="0"/>
  <testcase name="isBurnable[284: STORAGE_MINECART]" classname="org.bukkit.PerMaterialTest" time="0"/>
  <testcase name="isEdible[284: STORAGE_MINECART]" classname="org.bukkit.PerMaterialTest" time="0"/>
  <testcase name="maxDurability[284: STORAGE_MINECART]" classname="org.bukkit.PerMaterialTest" time="0"/>
  <testcase name="isOccluding[284: STORAGE_MINECART]" classname="org.bukkit.PerMaterialTest" time="0"/>
  <testcase name="isRecord[284: STORAGE_MINECART]" classname="org.bukkit.PerMaterialTest" time="0"/>
  <testcase name="isFlammable[284: STORAGE_MINECART]" classname="org.bukkit.PerMaterialTest" time="0"/>
  <testcase name="maxStackSize[284: STORAGE_MINECART]" classname="org.bukkit.PerMaterialTest" time="0"/>
  <testcase name="isTransparent[284: STORAGE_MINECART]" classname="org.bukkit.PerMaterialTest" time="0"/>
  <testcase name="isSolid[284: STORAGE_MINECART]" classname="org.bukkit.PerMaterialTest" time="0"/>
  <testcase name="hasGravity[285: POWERED_MINECART]" classname="org.bukkit.PerMaterialTest" time="0"/>
  <testcase name="isBurnable[285: POWERED_MINECART]" classname="org.bukkit.PerMaterialTest" time="0"/>
  <testcase name="isEdible[285: POWERED_MINECART]" classname="org.bukkit.PerMaterialTest" time="0"/>
  <testcase name="maxDurability[285: POWERED_MINECART]" classname="org.bukkit.PerMaterialTest" time="0"/>
  <testcase name="isOccluding[285: POWERED_MINECART]" classname="org.bukkit.PerMaterialTest" time="0"/>
  <testcase name="isRecord[285: POWERED_MINECART]" classname="org.bukkit.PerMaterialTest" time="0"/>
  <testcase name="isFlammable[285: POWERED_MINECART]" classname="org.bukkit.PerMaterialTest" time="0"/>
  <testcase name="maxStackSize[285: POWERED_MINECART]" classname="org.bukkit.PerMaterialTest" time="0"/>
  <testcase name="isTransparent[285: POWERED_MINECART]" classname="org.bukkit.PerMaterialTest" time="0"/>
  <testcase name="isSolid[285: POWERED_MINECART]" classname="org.bukkit.PerMaterialTest" time="0"/>
  <testcase name="hasGravity[286: EGG]" classname="org.bukkit.PerMaterialTest" time="0"/>
  <testcase name="isBurnable[286: EGG]" classname="org.bukkit.PerMaterialTest" time="0"/>
  <testcase name="isEdible[286: EGG]" classname="org.bukkit.PerMaterialTest" time="0"/>
  <testcase name="maxDurability[286: EGG]" classname="org.bukkit.PerMaterialTest" time="0"/>
  <testcase name="isOccluding[286: EGG]" classname="org.bukkit.PerMaterialTest" time="0"/>
  <testcase name="isRecord[286: EGG]" classname="org.bukkit.PerMaterialTest" time="0"/>
  <testcase name="isFlammable[286: EGG]" classname="org.bukkit.PerMaterialTest" time="0"/>
  <testcase name="maxStackSize[286: EGG]" classname="org.bukkit.PerMaterialTest" time="0"/>
  <testcase name="isTransparent[286: EGG]" classname="org.bukkit.PerMaterialTest" time="0"/>
  <testcase name="isSolid[286: EGG]" classname="org.bukkit.PerMaterialTest" time="0"/>
  <testcase name="hasGravity[287: COMPASS]" classname="org.bukkit.PerMaterialTest" time="0"/>
  <testcase name="isBurnable[287: COMPASS]" classname="org.bukkit.PerMaterialTest" time="0"/>
  <testcase name="isEdible[287: COMPASS]" classname="org.bukkit.PerMaterialTest" time="0"/>
  <testcase name="maxDurability[287: COMPASS]" classname="org.bukkit.PerMaterialTest" time="0"/>
  <testcase name="isOccluding[287: COMPASS]" classname="org.bukkit.PerMaterialTest" time="0"/>
  <testcase name="isRecord[287: COMPASS]" classname="org.bukkit.PerMaterialTest" time="0"/>
  <testcase name="isFlammable[287: COMPASS]" classname="org.bukkit.PerMaterialTest" time="0"/>
  <testcase name="maxStackSize[287: COMPASS]" classname="org.bukkit.PerMaterialTest" time="0"/>
  <testcase name="isTransparent[287: COMPASS]" classname="org.bukkit.PerMaterialTest" time="0"/>
  <testcase name="isSolid[287: COMPASS]" classname="org.bukkit.PerMaterialTest" time="0"/>
  <testcase name="hasGravity[288: FISHING_ROD]" classname="org.bukkit.PerMaterialTest" time="0"/>
  <testcase name="isBurnable[288: FISHING_ROD]" classname="org.bukkit.PerMaterialTest" time="0"/>
  <testcase name="isEdible[288: FISHING_ROD]" classname="org.bukkit.PerMaterialTest" time="0"/>
  <testcase name="maxDurability[288: FISHING_ROD]" classname="org.bukkit.PerMaterialTest" time="0"/>
  <testcase name="isOccluding[288: FISHING_ROD]" classname="org.bukkit.PerMaterialTest" time="0"/>
  <testcase name="isRecord[288: FISHING_ROD]" classname="org.bukkit.PerMaterialTest" time="0"/>
  <testcase name="isFlammable[288: FISHING_ROD]" classname="org.bukkit.PerMaterialTest" time="0"/>
  <testcase name="maxStackSize[288: FISHING_ROD]" classname="org.bukkit.PerMaterialTest" time="0"/>
  <testcase name="isTransparent[288: FISHING_ROD]" classname="org.bukkit.PerMaterialTest" time="0"/>
  <testcase name="isSolid[288: FISHING_ROD]" classname="org.bukkit.PerMaterialTest" time="0"/>
  <testcase name="hasGravity[289: WATCH]" classname="org.bukkit.PerMaterialTest" time="0"/>
  <testcase name="isBurnable[289: WATCH]" classname="org.bukkit.PerMaterialTest" time="0"/>
  <testcase name="isEdible[289: WATCH]" classname="org.bukkit.PerMaterialTest" time="0"/>
  <testcase name="maxDurability[289: WATCH]" classname="org.bukkit.PerMaterialTest" time="0"/>
  <testcase name="isOccluding[289: WATCH]" classname="org.bukkit.PerMaterialTest" time="0"/>
  <testcase name="isRecord[289: WATCH]" classname="org.bukkit.PerMaterialTest" time="0"/>
  <testcase name="isFlammable[289: WATCH]" classname="org.bukkit.PerMaterialTest" time="0"/>
  <testcase name="maxStackSize[289: WATCH]" classname="org.bukkit.PerMaterialTest" time="0"/>
  <testcase name="isTransparent[289: WATCH]" classname="org.bukkit.PerMaterialTest" time="0"/>
  <testcase name="isSolid[289: WATCH]" classname="org.bukkit.PerMaterialTest" time="0"/>
  <testcase name="hasGravity[290: GLOWSTONE_DUST]" classname="org.bukkit.PerMaterialTest" time="0"/>
  <testcase name="isBurnable[290: GLOWSTONE_DUST]" classname="org.bukkit.PerMaterialTest" time="0"/>
  <testcase name="isEdible[290: GLOWSTONE_DUST]" classname="org.bukkit.PerMaterialTest" time="0"/>
  <testcase name="maxDurability[290: GLOWSTONE_DUST]" classname="org.bukkit.PerMaterialTest" time="0"/>
  <testcase name="isOccluding[290: GLOWSTONE_DUST]" classname="org.bukkit.PerMaterialTest" time="0"/>
  <testcase name="isRecord[290: GLOWSTONE_DUST]" classname="org.bukkit.PerMaterialTest" time="0"/>
  <testcase name="isFlammable[290: GLOWSTONE_DUST]" classname="org.bukkit.PerMaterialTest" time="0"/>
  <testcase name="maxStackSize[290: GLOWSTONE_DUST]" classname="org.bukkit.PerMaterialTest" time="0"/>
  <testcase name="isTransparent[290: GLOWSTONE_DUST]" classname="org.bukkit.PerMaterialTest" time="0"/>
  <testcase name="isSolid[290: GLOWSTONE_DUST]" classname="org.bukkit.PerMaterialTest" time="0"/>
  <testcase name="hasGravity[291: RAW_FISH]" classname="org.bukkit.PerMaterialTest" time="0"/>
  <testcase name="isBurnable[291: RAW_FISH]" classname="org.bukkit.PerMaterialTest" time="0"/>
  <testcase name="isEdible[291: RAW_FISH]" classname="org.bukkit.PerMaterialTest" time="0"/>
  <testcase name="maxDurability[291: RAW_FISH]" classname="org.bukkit.PerMaterialTest" time="0"/>
  <testcase name="isOccluding[291: RAW_FISH]" classname="org.bukkit.PerMaterialTest" time="0"/>
  <testcase name="isRecord[291: RAW_FISH]" classname="org.bukkit.PerMaterialTest" time="0"/>
  <testcase name="isFlammable[291: RAW_FISH]" classname="org.bukkit.PerMaterialTest" time="0"/>
  <testcase name="maxStackSize[291: RAW_FISH]" classname="org.bukkit.PerMaterialTest" time="0"/>
  <testcase name="isTransparent[291: RAW_FISH]" classname="org.bukkit.PerMaterialTest" time="0"/>
  <testcase name="isSolid[291: RAW_FISH]" classname="org.bukkit.PerMaterialTest" time="0"/>
  <testcase name="hasGravity[292: COOKED_FISH]" classname="org.bukkit.PerMaterialTest" time="0"/>
  <testcase name="isBurnable[292: COOKED_FISH]" classname="org.bukkit.PerMaterialTest" time="0"/>
  <testcase name="isEdible[292: COOKED_FISH]" classname="org.bukkit.PerMaterialTest" time="0"/>
  <testcase name="maxDurability[292: COOKED_FISH]" classname="org.bukkit.PerMaterialTest" time="0"/>
  <testcase name="isOccluding[292: COOKED_FISH]" classname="org.bukkit.PerMaterialTest" time="0"/>
  <testcase name="isRecord[292: COOKED_FISH]" classname="org.bukkit.PerMaterialTest" time="0"/>
  <testcase name="isFlammable[292: COOKED_FISH]" classname="org.bukkit.PerMaterialTest" time="0"/>
  <testcase name="maxStackSize[292: COOKED_FISH]" classname="org.bukkit.PerMaterialTest" time="0"/>
  <testcase name="isTransparent[292: COOKED_FISH]" classname="org.bukkit.PerMaterialTest" time="0"/>
  <testcase name="isSolid[292: COOKED_FISH]" classname="org.bukkit.PerMaterialTest" time="0"/>
  <testcase name="hasGravity[293: INK_SACK]" classname="org.bukkit.PerMaterialTest" time="0"/>
  <testcase name="isBurnable[293: INK_SACK]" classname="org.bukkit.PerMaterialTest" time="0"/>
  <testcase name="isEdible[293: INK_SACK]" classname="org.bukkit.PerMaterialTest" time="0"/>
  <testcase name="maxDurability[293: INK_SACK]" classname="org.bukkit.PerMaterialTest" time="0"/>
  <testcase name="isOccluding[293: INK_SACK]" classname="org.bukkit.PerMaterialTest" time="0"/>
  <testcase name="isRecord[293: INK_SACK]" classname="org.bukkit.PerMaterialTest" time="0"/>
  <testcase name="isFlammable[293: INK_SACK]" classname="org.bukkit.PerMaterialTest" time="0"/>
  <testcase name="maxStackSize[293: INK_SACK]" classname="org.bukkit.PerMaterialTest" time="0"/>
  <testcase name="isTransparent[293: INK_SACK]" classname="org.bukkit.PerMaterialTest" time="0"/>
  <testcase name="isSolid[293: INK_SACK]" classname="org.bukkit.PerMaterialTest" time="0"/>
  <testcase name="hasGravity[294: BONE]" classname="org.bukkit.PerMaterialTest" time="0"/>
  <testcase name="isBurnable[294: BONE]" classname="org.bukkit.PerMaterialTest" time="0"/>
  <testcase name="isEdible[294: BONE]" classname="org.bukkit.PerMaterialTest" time="0"/>
  <testcase name="maxDurability[294: BONE]" classname="org.bukkit.PerMaterialTest" time="0"/>
  <testcase name="isOccluding[294: BONE]" classname="org.bukkit.PerMaterialTest" time="0"/>
  <testcase name="isRecord[294: BONE]" classname="org.bukkit.PerMaterialTest" time="0"/>
  <testcase name="isFlammable[294: BONE]" classname="org.bukkit.PerMaterialTest" time="0"/>
  <testcase name="maxStackSize[294: BONE]" classname="org.bukkit.PerMaterialTest" time="0"/>
  <testcase name="isTransparent[294: BONE]" classname="org.bukkit.PerMaterialTest" time="0"/>
  <testcase name="isSolid[294: BONE]" classname="org.bukkit.PerMaterialTest" time="0"/>
  <testcase name="hasGravity[295: SUGAR]" classname="org.bukkit.PerMaterialTest" time="0"/>
  <testcase name="isBurnable[295: SUGAR]" classname="org.bukkit.PerMaterialTest" time="0"/>
  <testcase name="isEdible[295: SUGAR]" classname="org.bukkit.PerMaterialTest" time="0"/>
  <testcase name="maxDurability[295: SUGAR]" classname="org.bukkit.PerMaterialTest" time="0"/>
  <testcase name="isOccluding[295: SUGAR]" classname="org.bukkit.PerMaterialTest" time="0"/>
  <testcase name="isRecord[295: SUGAR]" classname="org.bukkit.PerMaterialTest" time="0"/>
  <testcase name="isFlammable[295: SUGAR]" classname="org.bukkit.PerMaterialTest" time="0"/>
  <testcase name="maxStackSize[295: SUGAR]" classname="org.bukkit.PerMaterialTest" time="0"/>
  <testcase name="isTransparent[295: SUGAR]" classname="org.bukkit.PerMaterialTest" time="0"/>
  <testcase name="isSolid[295: SUGAR]" classname="org.bukkit.PerMaterialTest" time="0"/>
  <testcase name="hasGravity[296: CAKE]" classname="org.bukkit.PerMaterialTest" time="0"/>
  <testcase name="isBurnable[296: CAKE]" classname="org.bukkit.PerMaterialTest" time="0"/>
  <testcase name="isEdible[296: CAKE]" classname="org.bukkit.PerMaterialTest" time="0"/>
  <testcase name="maxDurability[296: CAKE]" classname="org.bukkit.PerMaterialTest" time="0"/>
  <testcase name="isOccluding[296: CAKE]" classname="org.bukkit.PerMaterialTest" time="0"/>
  <testcase name="isRecord[296: CAKE]" classname="org.bukkit.PerMaterialTest" time="0"/>
  <testcase name="isFlammable[296: CAKE]" classname="org.bukkit.PerMaterialTest" time="0"/>
  <testcase name="maxStackSize[296: CAKE]" classname="org.bukkit.PerMaterialTest" time="0"/>
  <testcase name="isTransparent[296: CAKE]" classname="org.bukkit.PerMaterialTest" time="0"/>
  <testcase name="isSolid[296: CAKE]" classname="org.bukkit.PerMaterialTest" time="0"/>
  <testcase name="hasGravity[297: BED]" classname="org.bukkit.PerMaterialTest" time="0"/>
  <testcase name="isBurnable[297: BED]" classname="org.bukkit.PerMaterialTest" time="0"/>
  <testcase name="isEdible[297: BED]" classname="org.bukkit.PerMaterialTest" time="0"/>
  <testcase name="maxDurability[297: BED]" classname="org.bukkit.PerMaterialTest" time="0"/>
  <testcase name="isOccluding[297: BED]" classname="org.bukkit.PerMaterialTest" time="0"/>
  <testcase name="isRecord[297: BED]" classname="org.bukkit.PerMaterialTest" time="0"/>
  <testcase name="isFlammable[297: BED]" classname="org.bukkit.PerMaterialTest" time="0"/>
  <testcase name="maxStackSize[297: BED]" classname="org.bukkit.PerMaterialTest" time="0"/>
  <testcase name="isTransparent[297: BED]" classname="org.bukkit.PerMaterialTest" time="0"/>
  <testcase name="isSolid[297: BED]" classname="org.bukkit.PerMaterialTest" time="0"/>
  <testcase name="hasGravity[298: DIODE]" classname="org.bukkit.PerMaterialTest" time="0"/>
  <testcase name="isBurnable[298: DIODE]" classname="org.bukkit.PerMaterialTest" time="0"/>
  <testcase name="isEdible[298: DIODE]" classname="org.bukkit.PerMaterialTest" time="0"/>
  <testcase name="maxDurability[298: DIODE]" classname="org.bukkit.PerMaterialTest" time="0"/>
  <testcase name="isOccluding[298: DIODE]" classname="org.bukkit.PerMaterialTest" time="0"/>
  <testcase name="isRecord[298: DIODE]" classname="org.bukkit.PerMaterialTest" time="0"/>
  <testcase name="isFlammable[298: DIODE]" classname="org.bukkit.PerMaterialTest" time="0"/>
  <testcase name="maxStackSize[298: DIODE]" classname="org.bukkit.PerMaterialTest" time="0"/>
  <testcase name="isTransparent[298: DIODE]" classname="org.bukkit.PerMaterialTest" time="0"/>
  <testcase name="isSolid[298: DIODE]" classname="org.bukkit.PerMaterialTest" time="0"/>
  <testcase name="hasGravity[299: COOKIE]" classname="org.bukkit.PerMaterialTest" time="0"/>
  <testcase name="isBurnable[299: COOKIE]" classname="org.bukkit.PerMaterialTest" time="0"/>
  <testcase name="isEdible[299: COOKIE]" classname="org.bukkit.PerMaterialTest" time="0"/>
  <testcase name="maxDurability[299: COOKIE]" classname="org.bukkit.PerMaterialTest" time="0"/>
  <testcase name="isOccluding[299: COOKIE]" classname="org.bukkit.PerMaterialTest" time="0"/>
  <testcase name="isRecord[299: COOKIE]" classname="org.bukkit.PerMaterialTest" time="0"/>
  <testcase name="isFlammable[299: COOKIE]" classname="org.bukkit.PerMaterialTest" time="0"/>
  <testcase name="maxStackSize[299: COOKIE]" classname="org.bukkit.PerMaterialTest" time="0"/>
  <testcase name="isTransparent[299: COOKIE]" classname="org.bukkit.PerMaterialTest" time="0"/>
  <testcase name="isSolid[299: COOKIE]" classname="org.bukkit.PerMaterialTest" time="0"/>
  <testcase name="hasGravity[300: MAP]" classname="org.bukkit.PerMaterialTest" time="0"/>
  <testcase name="isBurnable[300: MAP]" classname="org.bukkit.PerMaterialTest" time="0"/>
  <testcase name="isEdible[300: MAP]" classname="org.bukkit.PerMaterialTest" time="0"/>
  <testcase name="maxDurability[300: MAP]" classname="org.bukkit.PerMaterialTest" time="0"/>
  <testcase name="isOccluding[300: MAP]" classname="org.bukkit.PerMaterialTest" time="0"/>
  <testcase name="isRecord[300: MAP]" classname="org.bukkit.PerMaterialTest" time="0"/>
  <testcase name="isFlammable[300: MAP]" classname="org.bukkit.PerMaterialTest" time="0"/>
  <testcase name="maxStackSize[300: MAP]" classname="org.bukkit.PerMaterialTest" time="0"/>
  <testcase name="isTransparent[300: MAP]" classname="org.bukkit.PerMaterialTest" time="0"/>
  <testcase name="isSolid[300: MAP]" classname="org.bukkit.PerMaterialTest" time="0"/>
  <testcase name="hasGravity[301: SHEARS]" classname="org.bukkit.PerMaterialTest" time="0"/>
  <testcase name="isBurnable[301: SHEARS]" classname="org.bukkit.PerMaterialTest" time="0"/>
  <testcase name="isEdible[301: SHEARS]" classname="org.bukkit.PerMaterialTest" time="0"/>
  <testcase name="maxDurability[301: SHEARS]" classname="org.bukkit.PerMaterialTest" time="0"/>
  <testcase name="isOccluding[301: SHEARS]" classname="org.bukkit.PerMaterialTest" time="0"/>
  <testcase name="isRecord[301: SHEARS]" classname="org.bukkit.PerMaterialTest" time="0"/>
  <testcase name="isFlammable[301: SHEARS]" classname="org.bukkit.PerMaterialTest" time="0"/>
  <testcase name="maxStackSize[301: SHEARS]" classname="org.bukkit.PerMaterialTest" time="0"/>
  <testcase name="isTransparent[301: SHEARS]" classname="org.bukkit.PerMaterialTest" time="0"/>
  <testcase name="isSolid[301: SHEARS]" classname="org.bukkit.PerMaterialTest" time="0"/>
  <testcase name="hasGravity[302: MELON]" classname="org.bukkit.PerMaterialTest" time="0"/>
  <testcase name="isBurnable[302: MELON]" classname="org.bukkit.PerMaterialTest" time="0"/>
  <testcase name="isEdible[302: MELON]" classname="org.bukkit.PerMaterialTest" time="0"/>
  <testcase name="maxDurability[302: MELON]" classname="org.bukkit.PerMaterialTest" time="0"/>
  <testcase name="isOccluding[302: MELON]" classname="org.bukkit.PerMaterialTest" time="0"/>
  <testcase name="isRecord[302: MELON]" classname="org.bukkit.PerMaterialTest" time="0"/>
  <testcase name="isFlammable[302: MELON]" classname="org.bukkit.PerMaterialTest" time="0"/>
  <testcase name="maxStackSize[302: MELON]" classname="org.bukkit.PerMaterialTest" time="0"/>
  <testcase name="isTransparent[302: MELON]" classname="org.bukkit.PerMaterialTest" time="0"/>
  <testcase name="isSolid[302: MELON]" classname="org.bukkit.PerMaterialTest" time="0"/>
  <testcase name="hasGravity[303: PUMPKIN_SEEDS]" classname="org.bukkit.PerMaterialTest" time="0"/>
  <testcase name="isBurnable[303: PUMPKIN_SEEDS]" classname="org.bukkit.PerMaterialTest" time="0"/>
  <testcase name="isEdible[303: PUMPKIN_SEEDS]" classname="org.bukkit.PerMaterialTest" time="0"/>
  <testcase name="maxDurability[303: PUMPKIN_SEEDS]" classname="org.bukkit.PerMaterialTest" time="0"/>
  <testcase name="isOccluding[303: PUMPKIN_SEEDS]" classname="org.bukkit.PerMaterialTest" time="0"/>
  <testcase name="isRecord[303: PUMPKIN_SEEDS]" classname="org.bukkit.PerMaterialTest" time="0"/>
  <testcase name="isFlammable[303: PUMPKIN_SEEDS]" classname="org.bukkit.PerMaterialTest" time="0"/>
  <testcase name="maxStackSize[303: PUMPKIN_SEEDS]" classname="org.bukkit.PerMaterialTest" time="0"/>
  <testcase name="isTransparent[303: PUMPKIN_SEEDS]" classname="org.bukkit.PerMaterialTest" time="0"/>
  <testcase name="isSolid[303: PUMPKIN_SEEDS]" classname="org.bukkit.PerMaterialTest" time="0"/>
  <testcase name="hasGravity[304: MELON_SEEDS]" classname="org.bukkit.PerMaterialTest" time="0"/>
  <testcase name="isBurnable[304: MELON_SEEDS]" classname="org.bukkit.PerMaterialTest" time="0"/>
  <testcase name="isEdible[304: MELON_SEEDS]" classname="org.bukkit.PerMaterialTest" time="0"/>
  <testcase name="maxDurability[304: MELON_SEEDS]" classname="org.bukkit.PerMaterialTest" time="0"/>
  <testcase name="isOccluding[304: MELON_SEEDS]" classname="org.bukkit.PerMaterialTest" time="0"/>
  <testcase name="isRecord[304: MELON_SEEDS]" classname="org.bukkit.PerMaterialTest" time="0"/>
  <testcase name="isFlammable[304: MELON_SEEDS]" classname="org.bukkit.PerMaterialTest" time="0"/>
  <testcase name="maxStackSize[304: MELON_SEEDS]" classname="org.bukkit.PerMaterialTest" time="0"/>
  <testcase name="isTransparent[304: MELON_SEEDS]" classname="org.bukkit.PerMaterialTest" time="0"/>
  <testcase name="isSolid[304: MELON_SEEDS]" classname="org.bukkit.PerMaterialTest" time="0"/>
  <testcase name="hasGravity[305: RAW_BEEF]" classname="org.bukkit.PerMaterialTest" time="0"/>
  <testcase name="isBurnable[305: RAW_BEEF]" classname="org.bukkit.PerMaterialTest" time="0"/>
  <testcase name="isEdible[305: RAW_BEEF]" classname="org.bukkit.PerMaterialTest" time="0"/>
  <testcase name="maxDurability[305: RAW_BEEF]" classname="org.bukkit.PerMaterialTest" time="0"/>
  <testcase name="isOccluding[305: RAW_BEEF]" classname="org.bukkit.PerMaterialTest" time="0"/>
  <testcase name="isRecord[305: RAW_BEEF]" classname="org.bukkit.PerMaterialTest" time="0"/>
  <testcase name="isFlammable[305: RAW_BEEF]" classname="org.bukkit.PerMaterialTest" time="0"/>
  <testcase name="maxStackSize[305: RAW_BEEF]" classname="org.bukkit.PerMaterialTest" time="0"/>
  <testcase name="isTransparent[305: RAW_BEEF]" classname="org.bukkit.PerMaterialTest" time="0"/>
  <testcase name="isSolid[305: RAW_BEEF]" classname="org.bukkit.PerMaterialTest" time="0"/>
  <testcase name="hasGravity[306: COOKED_BEEF]" classname="org.bukkit.PerMaterialTest" time="0"/>
  <testcase name="isBurnable[306: COOKED_BEEF]" classname="org.bukkit.PerMaterialTest" time="0"/>
  <testcase name="isEdible[306: COOKED_BEEF]" classname="org.bukkit.PerMaterialTest" time="0"/>
  <testcase name="maxDurability[306: COOKED_BEEF]" classname="org.bukkit.PerMaterialTest" time="0"/>
  <testcase name="isOccluding[306: COOKED_BEEF]" classname="org.bukkit.PerMaterialTest" time="0"/>
  <testcase name="isRecord[306: COOKED_BEEF]" classname="org.bukkit.PerMaterialTest" time="0"/>
  <testcase name="isFlammable[306: COOKED_BEEF]" classname="org.bukkit.PerMaterialTest" time="0"/>
  <testcase name="maxStackSize[306: COOKED_BEEF]" classname="org.bukkit.PerMaterialTest" time="0"/>
  <testcase name="isTransparent[306: COOKED_BEEF]" classname="org.bukkit.PerMaterialTest" time="0"/>
  <testcase name="isSolid[306: COOKED_BEEF]" classname="org.bukkit.PerMaterialTest" time="0"/>
  <testcase name="hasGravity[307: RAW_CHICKEN]" classname="org.bukkit.PerMaterialTest" time="0"/>
  <testcase name="isBurnable[307: RAW_CHICKEN]" classname="org.bukkit.PerMaterialTest" time="0"/>
  <testcase name="isEdible[307: RAW_CHICKEN]" classname="org.bukkit.PerMaterialTest" time="0"/>
  <testcase name="maxDurability[307: RAW_CHICKEN]" classname="org.bukkit.PerMaterialTest" time="0"/>
  <testcase name="isOccluding[307: RAW_CHICKEN]" classname="org.bukkit.PerMaterialTest" time="0"/>
  <testcase name="isRecord[307: RAW_CHICKEN]" classname="org.bukkit.PerMaterialTest" time="0"/>
  <testcase name="isFlammable[307: RAW_CHICKEN]" classname="org.bukkit.PerMaterialTest" time="0"/>
  <testcase name="maxStackSize[307: RAW_CHICKEN]" classname="org.bukkit.PerMaterialTest" time="0"/>
  <testcase name="isTransparent[307: RAW_CHICKEN]" classname="org.bukkit.PerMaterialTest" time="0"/>
  <testcase name="isSolid[307: RAW_CHICKEN]" classname="org.bukkit.PerMaterialTest" time="0"/>
  <testcase name="hasGravity[308: COOKED_CHICKEN]" classname="org.bukkit.PerMaterialTest" time="0"/>
  <testcase name="isBurnable[308: COOKED_CHICKEN]" classname="org.bukkit.PerMaterialTest" time="0"/>
  <testcase name="isEdible[308: COOKED_CHICKEN]" classname="org.bukkit.PerMaterialTest" time="0"/>
  <testcase name="maxDurability[308: COOKED_CHICKEN]" classname="org.bukkit.PerMaterialTest" time="0"/>
  <testcase name="isOccluding[308: COOKED_CHICKEN]" classname="org.bukkit.PerMaterialTest" time="0"/>
  <testcase name="isRecord[308: COOKED_CHICKEN]" classname="org.bukkit.PerMaterialTest" time="0"/>
  <testcase name="isFlammable[308: COOKED_CHICKEN]" classname="org.bukkit.PerMaterialTest" time="0"/>
  <testcase name="maxStackSize[308: COOKED_CHICKEN]" classname="org.bukkit.PerMaterialTest" time="0"/>
  <testcase name="isTransparent[308: COOKED_CHICKEN]" classname="org.bukkit.PerMaterialTest" time="0"/>
  <testcase name="isSolid[308: COOKED_CHICKEN]" classname="org.bukkit.PerMaterialTest" time="0"/>
  <testcase name="hasGravity[309: ROTTEN_FLESH]" classname="org.bukkit.PerMaterialTest" time="0"/>
  <testcase name="isBurnable[309: ROTTEN_FLESH]" classname="org.bukkit.PerMaterialTest" time="0"/>
  <testcase name="isEdible[309: ROTTEN_FLESH]" classname="org.bukkit.PerMaterialTest" time="0"/>
  <testcase name="maxDurability[309: ROTTEN_FLESH]" classname="org.bukkit.PerMaterialTest" time="0"/>
  <testcase name="isOccluding[309: ROTTEN_FLESH]" classname="org.bukkit.PerMaterialTest" time="0"/>
  <testcase name="isRecord[309: ROTTEN_FLESH]" classname="org.bukkit.PerMaterialTest" time="0"/>
  <testcase name="isFlammable[309: ROTTEN_FLESH]" classname="org.bukkit.PerMaterialTest" time="0"/>
  <testcase name="maxStackSize[309: ROTTEN_FLESH]" classname="org.bukkit.PerMaterialTest" time="0"/>
  <testcase name="isTransparent[309: ROTTEN_FLESH]" classname="org.bukkit.PerMaterialTest" time="0"/>
  <testcase name="isSolid[309: ROTTEN_FLESH]" classname="org.bukkit.PerMaterialTest" time="0"/>
  <testcase name="hasGravity[310: ENDER_PEARL]" classname="org.bukkit.PerMaterialTest" time="0"/>
  <testcase name="isBurnable[310: ENDER_PEARL]" classname="org.bukkit.PerMaterialTest" time="0"/>
  <testcase name="isEdible[310: ENDER_PEARL]" classname="org.bukkit.PerMaterialTest" time="0"/>
  <testcase name="maxDurability[310: ENDER_PEARL]" classname="org.bukkit.PerMaterialTest" time="0"/>
  <testcase name="isOccluding[310: ENDER_PEARL]" classname="org.bukkit.PerMaterialTest" time="0"/>
  <testcase name="isRecord[310: ENDER_PEARL]" classname="org.bukkit.PerMaterialTest" time="0"/>
  <testcase name="isFlammable[310: ENDER_PEARL]" classname="org.bukkit.PerMaterialTest" time="0"/>
  <testcase name="maxStackSize[310: ENDER_PEARL]" classname="org.bukkit.PerMaterialTest" time="0"/>
  <testcase name="isTransparent[310: ENDER_PEARL]" classname="org.bukkit.PerMaterialTest" time="0"/>
  <testcase name="isSolid[310: ENDER_PEARL]" classname="org.bukkit.PerMaterialTest" time="0"/>
  <testcase name="hasGravity[311: BLAZE_ROD]" classname="org.bukkit.PerMaterialTest" time="0"/>
  <testcase name="isBurnable[311: BLAZE_ROD]" classname="org.bukkit.PerMaterialTest" time="0"/>
  <testcase name="isEdible[311: BLAZE_ROD]" classname="org.bukkit.PerMaterialTest" time="0"/>
  <testcase name="maxDurability[311: BLAZE_ROD]" classname="org.bukkit.PerMaterialTest" time="0"/>
  <testcase name="isOccluding[311: BLAZE_ROD]" classname="org.bukkit.PerMaterialTest" time="0"/>
  <testcase name="isRecord[311: BLAZE_ROD]" classname="org.bukkit.PerMaterialTest" time="0"/>
  <testcase name="isFlammable[311: BLAZE_ROD]" classname="org.bukkit.PerMaterialTest" time="0"/>
  <testcase name="maxStackSize[311: BLAZE_ROD]" classname="org.bukkit.PerMaterialTest" time="0"/>
  <testcase name="isTransparent[311: BLAZE_ROD]" classname="org.bukkit.PerMaterialTest" time="0"/>
  <testcase name="isSolid[311: BLAZE_ROD]" classname="org.bukkit.PerMaterialTest" time="0"/>
  <testcase name="hasGravity[312: GHAST_TEAR]" classname="org.bukkit.PerMaterialTest" time="0"/>
  <testcase name="isBurnable[312: GHAST_TEAR]" classname="org.bukkit.PerMaterialTest" time="0"/>
  <testcase name="isEdible[312: GHAST_TEAR]" classname="org.bukkit.PerMaterialTest" time="0"/>
  <testcase name="maxDurability[312: GHAST_TEAR]" classname="org.bukkit.PerMaterialTest" time="0"/>
  <testcase name="isOccluding[312: GHAST_TEAR]" classname="org.bukkit.PerMaterialTest" time="0"/>
  <testcase name="isRecord[312: GHAST_TEAR]" classname="org.bukkit.PerMaterialTest" time="0"/>
  <testcase name="isFlammable[312: GHAST_TEAR]" classname="org.bukkit.PerMaterialTest" time="0"/>
  <testcase name="maxStackSize[312: GHAST_TEAR]" classname="org.bukkit.PerMaterialTest" time="0"/>
  <testcase name="isTransparent[312: GHAST_TEAR]" classname="org.bukkit.PerMaterialTest" time="0"/>
  <testcase name="isSolid[312: GHAST_TEAR]" classname="org.bukkit.PerMaterialTest" time="0.001"/>
  <testcase name="hasGravity[313: GOLD_NUGGET]" classname="org.bukkit.PerMaterialTest" time="0"/>
  <testcase name="isBurnable[313: GOLD_NUGGET]" classname="org.bukkit.PerMaterialTest" time="0"/>
  <testcase name="isEdible[313: GOLD_NUGGET]" classname="org.bukkit.PerMaterialTest" time="0"/>
  <testcase name="maxDurability[313: GOLD_NUGGET]" classname="org.bukkit.PerMaterialTest" time="0"/>
  <testcase name="isOccluding[313: GOLD_NUGGET]" classname="org.bukkit.PerMaterialTest" time="0"/>
  <testcase name="isRecord[313: GOLD_NUGGET]" classname="org.bukkit.PerMaterialTest" time="0"/>
  <testcase name="isFlammable[313: GOLD_NUGGET]" classname="org.bukkit.PerMaterialTest" time="0"/>
  <testcase name="maxStackSize[313: GOLD_NUGGET]" classname="org.bukkit.PerMaterialTest" time="0"/>
  <testcase name="isTransparent[313: GOLD_NUGGET]" classname="org.bukkit.PerMaterialTest" time="0"/>
  <testcase name="isSolid[313: GOLD_NUGGET]" classname="org.bukkit.PerMaterialTest" time="0"/>
  <testcase name="hasGravity[314: NETHER_STALK]" classname="org.bukkit.PerMaterialTest" time="0"/>
  <testcase name="isBurnable[314: NETHER_STALK]" classname="org.bukkit.PerMaterialTest" time="0"/>
  <testcase name="isEdible[314: NETHER_STALK]" classname="org.bukkit.PerMaterialTest" time="0"/>
  <testcase name="maxDurability[314: NETHER_STALK]" classname="org.bukkit.PerMaterialTest" time="0"/>
  <testcase name="isOccluding[314: NETHER_STALK]" classname="org.bukkit.PerMaterialTest" time="0"/>
  <testcase name="isRecord[314: NETHER_STALK]" classname="org.bukkit.PerMaterialTest" time="0"/>
  <testcase name="isFlammable[314: NETHER_STALK]" classname="org.bukkit.PerMaterialTest" time="0"/>
  <testcase name="maxStackSize[314: NETHER_STALK]" classname="org.bukkit.PerMaterialTest" time="0"/>
  <testcase name="isTransparent[314: NETHER_STALK]" classname="org.bukkit.PerMaterialTest" time="0"/>
  <testcase name="isSolid[314: NETHER_STALK]" classname="org.bukkit.PerMaterialTest" time="0"/>
  <testcase name="hasGravity[315: POTION]" classname="org.bukkit.PerMaterialTest" time="0"/>
  <testcase name="isBurnable[315: POTION]" classname="org.bukkit.PerMaterialTest" time="0"/>
  <testcase name="isEdible[315: POTION]" classname="org.bukkit.PerMaterialTest" time="0"/>
  <testcase name="maxDurability[315: POTION]" classname="org.bukkit.PerMaterialTest" time="0"/>
  <testcase name="isOccluding[315: POTION]" classname="org.bukkit.PerMaterialTest" time="0"/>
  <testcase name="isRecord[315: POTION]" classname="org.bukkit.PerMaterialTest" time="0"/>
  <testcase name="isFlammable[315: POTION]" classname="org.bukkit.PerMaterialTest" time="0"/>
  <testcase name="maxStackSize[315: POTION]" classname="org.bukkit.PerMaterialTest" time="0"/>
  <testcase name="isTransparent[315: POTION]" classname="org.bukkit.PerMaterialTest" time="0"/>
  <testcase name="isSolid[315: POTION]" classname="org.bukkit.PerMaterialTest" time="0"/>
  <testcase name="hasGravity[316: GLASS_BOTTLE]" classname="org.bukkit.PerMaterialTest" time="0"/>
  <testcase name="isBurnable[316: GLASS_BOTTLE]" classname="org.bukkit.PerMaterialTest" time="0"/>
  <testcase name="isEdible[316: GLASS_BOTTLE]" classname="org.bukkit.PerMaterialTest" time="0"/>
  <testcase name="maxDurability[316: GLASS_BOTTLE]" classname="org.bukkit.PerMaterialTest" time="0"/>
  <testcase name="isOccluding[316: GLASS_BOTTLE]" classname="org.bukkit.PerMaterialTest" time="0"/>
  <testcase name="isRecord[316: GLASS_BOTTLE]" classname="org.bukkit.PerMaterialTest" time="0"/>
  <testcase name="isFlammable[316: GLASS_BOTTLE]" classname="org.bukkit.PerMaterialTest" time="0"/>
  <testcase name="maxStackSize[316: GLASS_BOTTLE]" classname="org.bukkit.PerMaterialTest" time="0"/>
  <testcase name="isTransparent[316: GLASS_BOTTLE]" classname="org.bukkit.PerMaterialTest" time="0"/>
  <testcase name="isSolid[316: GLASS_BOTTLE]" classname="org.bukkit.PerMaterialTest" time="0"/>
  <testcase name="hasGravity[317: SPIDER_EYE]" classname="org.bukkit.PerMaterialTest" time="0"/>
  <testcase name="isBurnable[317: SPIDER_EYE]" classname="org.bukkit.PerMaterialTest" time="0"/>
  <testcase name="isEdible[317: SPIDER_EYE]" classname="org.bukkit.PerMaterialTest" time="0"/>
  <testcase name="maxDurability[317: SPIDER_EYE]" classname="org.bukkit.PerMaterialTest" time="0"/>
  <testcase name="isOccluding[317: SPIDER_EYE]" classname="org.bukkit.PerMaterialTest" time="0"/>
  <testcase name="isRecord[317: SPIDER_EYE]" classname="org.bukkit.PerMaterialTest" time="0"/>
  <testcase name="isFlammable[317: SPIDER_EYE]" classname="org.bukkit.PerMaterialTest" time="0"/>
  <testcase name="maxStackSize[317: SPIDER_EYE]" classname="org.bukkit.PerMaterialTest" time="0"/>
  <testcase name="isTransparent[317: SPIDER_EYE]" classname="org.bukkit.PerMaterialTest" time="0"/>
  <testcase name="isSolid[317: SPIDER_EYE]" classname="org.bukkit.PerMaterialTest" time="0"/>
  <testcase name="hasGravity[318: FERMENTED_SPIDER_EYE]" classname="org.bukkit.PerMaterialTest" time="0"/>
  <testcase name="isBurnable[318: FERMENTED_SPIDER_EYE]" classname="org.bukkit.PerMaterialTest" time="0"/>
  <testcase name="isEdible[318: FERMENTED_SPIDER_EYE]" classname="org.bukkit.PerMaterialTest" time="0"/>
  <testcase name="maxDurability[318: FERMENTED_SPIDER_EYE]" classname="org.bukkit.PerMaterialTest" time="0"/>
  <testcase name="isOccluding[318: FERMENTED_SPIDER_EYE]" classname="org.bukkit.PerMaterialTest" time="0"/>
  <testcase name="isRecord[318: FERMENTED_SPIDER_EYE]" classname="org.bukkit.PerMaterialTest" time="0"/>
  <testcase name="isFlammable[318: FERMENTED_SPIDER_EYE]" classname="org.bukkit.PerMaterialTest" time="0"/>
  <testcase name="maxStackSize[318: FERMENTED_SPIDER_EYE]" classname="org.bukkit.PerMaterialTest" time="0"/>
  <testcase name="isTransparent[318: FERMENTED_SPIDER_EYE]" classname="org.bukkit.PerMaterialTest" time="0"/>
  <testcase name="isSolid[318: FERMENTED_SPIDER_EYE]" classname="org.bukkit.PerMaterialTest" time="0"/>
  <testcase name="hasGravity[319: BLAZE_POWDER]" classname="org.bukkit.PerMaterialTest" time="0"/>
  <testcase name="isBurnable[319: BLAZE_POWDER]" classname="org.bukkit.PerMaterialTest" time="0"/>
  <testcase name="isEdible[319: BLAZE_POWDER]" classname="org.bukkit.PerMaterialTest" time="0"/>
  <testcase name="maxDurability[319: BLAZE_POWDER]" classname="org.bukkit.PerMaterialTest" time="0"/>
  <testcase name="isOccluding[319: BLAZE_POWDER]" classname="org.bukkit.PerMaterialTest" time="0"/>
  <testcase name="isRecord[319: BLAZE_POWDER]" classname="org.bukkit.PerMaterialTest" time="0"/>
  <testcase name="isFlammable[319: BLAZE_POWDER]" classname="org.bukkit.PerMaterialTest" time="0"/>
  <testcase name="maxStackSize[319: BLAZE_POWDER]" classname="org.bukkit.PerMaterialTest" time="0"/>
  <testcase name="isTransparent[319: BLAZE_POWDER]" classname="org.bukkit.PerMaterialTest" time="0"/>
  <testcase name="isSolid[319: BLAZE_POWDER]" classname="org.bukkit.PerMaterialTest" time="0"/>
  <testcase name="hasGravity[320: MAGMA_CREAM]" classname="org.bukkit.PerMaterialTest" time="0"/>
  <testcase name="isBurnable[320: MAGMA_CREAM]" classname="org.bukkit.PerMaterialTest" time="0"/>
  <testcase name="isEdible[320: MAGMA_CREAM]" classname="org.bukkit.PerMaterialTest" time="0"/>
  <testcase name="maxDurability[320: MAGMA_CREAM]" classname="org.bukkit.PerMaterialTest" time="0"/>
  <testcase name="isOccluding[320: MAGMA_CREAM]" classname="org.bukkit.PerMaterialTest" time="0"/>
  <testcase name="isRecord[320: MAGMA_CREAM]" classname="org.bukkit.PerMaterialTest" time="0"/>
  <testcase name="isFlammable[320: MAGMA_CREAM]" classname="org.bukkit.PerMaterialTest" time="0"/>
  <testcase name="maxStackSize[320: MAGMA_CREAM]" classname="org.bukkit.PerMaterialTest" time="0"/>
  <testcase name="isTransparent[320: MAGMA_CREAM]" classname="org.bukkit.PerMaterialTest" time="0"/>
  <testcase name="isSolid[320: MAGMA_CREAM]" classname="org.bukkit.PerMaterialTest" time="0"/>
  <testcase name="hasGravity[321: BREWING_STAND_ITEM]" classname="org.bukkit.PerMaterialTest" time="0"/>
  <testcase name="isBurnable[321: BREWING_STAND_ITEM]" classname="org.bukkit.PerMaterialTest" time="0"/>
  <testcase name="isEdible[321: BREWING_STAND_ITEM]" classname="org.bukkit.PerMaterialTest" time="0"/>
  <testcase name="maxDurability[321: BREWING_STAND_ITEM]" classname="org.bukkit.PerMaterialTest" time="0"/>
  <testcase name="isOccluding[321: BREWING_STAND_ITEM]" classname="org.bukkit.PerMaterialTest" time="0"/>
  <testcase name="isRecord[321: BREWING_STAND_ITEM]" classname="org.bukkit.PerMaterialTest" time="0"/>
  <testcase name="isFlammable[321: BREWING_STAND_ITEM]" classname="org.bukkit.PerMaterialTest" time="0"/>
  <testcase name="maxStackSize[321: BREWING_STAND_ITEM]" classname="org.bukkit.PerMaterialTest" time="0"/>
  <testcase name="isTransparent[321: BREWING_STAND_ITEM]" classname="org.bukkit.PerMaterialTest" time="0"/>
  <testcase name="isSolid[321: BREWING_STAND_ITEM]" classname="org.bukkit.PerMaterialTest" time="0"/>
  <testcase name="hasGravity[322: CAULDRON_ITEM]" classname="org.bukkit.PerMaterialTest" time="0"/>
  <testcase name="isBurnable[322: CAULDRON_ITEM]" classname="org.bukkit.PerMaterialTest" time="0"/>
  <testcase name="isEdible[322: CAULDRON_ITEM]" classname="org.bukkit.PerMaterialTest" time="0"/>
  <testcase name="maxDurability[322: CAULDRON_ITEM]" classname="org.bukkit.PerMaterialTest" time="0"/>
  <testcase name="isOccluding[322: CAULDRON_ITEM]" classname="org.bukkit.PerMaterialTest" time="0"/>
  <testcase name="isRecord[322: CAULDRON_ITEM]" classname="org.bukkit.PerMaterialTest" time="0"/>
  <testcase name="isFlammable[322: CAULDRON_ITEM]" classname="org.bukkit.PerMaterialTest" time="0"/>
  <testcase name="maxStackSize[322: CAULDRON_ITEM]" classname="org.bukkit.PerMaterialTest" time="0"/>
  <testcase name="isTransparent[322: CAULDRON_ITEM]" classname="org.bukkit.PerMaterialTest" time="0"/>
  <testcase name="isSolid[322: CAULDRON_ITEM]" classname="org.bukkit.PerMaterialTest" time="0"/>
  <testcase name="hasGravity[323: EYE_OF_ENDER]" classname="org.bukkit.PerMaterialTest" time="0"/>
  <testcase name="isBurnable[323: EYE_OF_ENDER]" classname="org.bukkit.PerMaterialTest" time="0"/>
  <testcase name="isEdible[323: EYE_OF_ENDER]" classname="org.bukkit.PerMaterialTest" time="0"/>
  <testcase name="maxDurability[323: EYE_OF_ENDER]" classname="org.bukkit.PerMaterialTest" time="0"/>
  <testcase name="isOccluding[323: EYE_OF_ENDER]" classname="org.bukkit.PerMaterialTest" time="0"/>
  <testcase name="isRecord[323: EYE_OF_ENDER]" classname="org.bukkit.PerMaterialTest" time="0"/>
  <testcase name="isFlammable[323: EYE_OF_ENDER]" classname="org.bukkit.PerMaterialTest" time="0"/>
  <testcase name="maxStackSize[323: EYE_OF_ENDER]" classname="org.bukkit.PerMaterialTest" time="0"/>
  <testcase name="isTransparent[323: EYE_OF_ENDER]" classname="org.bukkit.PerMaterialTest" time="0"/>
  <testcase name="isSolid[323: EYE_OF_ENDER]" classname="org.bukkit.PerMaterialTest" time="0"/>
  <testcase name="hasGravity[324: SPECKLED_MELON]" classname="org.bukkit.PerMaterialTest" time="0"/>
  <testcase name="isBurnable[324: SPECKLED_MELON]" classname="org.bukkit.PerMaterialTest" time="0"/>
  <testcase name="isEdible[324: SPECKLED_MELON]" classname="org.bukkit.PerMaterialTest" time="0"/>
  <testcase name="maxDurability[324: SPECKLED_MELON]" classname="org.bukkit.PerMaterialTest" time="0"/>
  <testcase name="isOccluding[324: SPECKLED_MELON]" classname="org.bukkit.PerMaterialTest" time="0"/>
  <testcase name="isRecord[324: SPECKLED_MELON]" classname="org.bukkit.PerMaterialTest" time="0"/>
  <testcase name="isFlammable[324: SPECKLED_MELON]" classname="org.bukkit.PerMaterialTest" time="0"/>
  <testcase name="maxStackSize[324: SPECKLED_MELON]" classname="org.bukkit.PerMaterialTest" time="0"/>
  <testcase name="isTransparent[324: SPECKLED_MELON]" classname="org.bukkit.PerMaterialTest" time="0"/>
  <testcase name="isSolid[324: SPECKLED_MELON]" classname="org.bukkit.PerMaterialTest" time="0"/>
  <testcase name="hasGravity[325: MONSTER_EGG]" classname="org.bukkit.PerMaterialTest" time="0"/>
  <testcase name="isBurnable[325: MONSTER_EGG]" classname="org.bukkit.PerMaterialTest" time="0"/>
  <testcase name="isEdible[325: MONSTER_EGG]" classname="org.bukkit.PerMaterialTest" time="0"/>
  <testcase name="maxDurability[325: MONSTER_EGG]" classname="org.bukkit.PerMaterialTest" time="0"/>
  <testcase name="isOccluding[325: MONSTER_EGG]" classname="org.bukkit.PerMaterialTest" time="0"/>
  <testcase name="isRecord[325: MONSTER_EGG]" classname="org.bukkit.PerMaterialTest" time="0"/>
  <testcase name="isFlammable[325: MONSTER_EGG]" classname="org.bukkit.PerMaterialTest" time="0"/>
  <testcase name="maxStackSize[325: MONSTER_EGG]" classname="org.bukkit.PerMaterialTest" time="0"/>
  <testcase name="isTransparent[325: MONSTER_EGG]" classname="org.bukkit.PerMaterialTest" time="0"/>
  <testcase name="isSolid[325: MONSTER_EGG]" classname="org.bukkit.PerMaterialTest" time="0"/>
  <testcase name="hasGravity[326: EXP_BOTTLE]" classname="org.bukkit.PerMaterialTest" time="0"/>
  <testcase name="isBurnable[326: EXP_BOTTLE]" classname="org.bukkit.PerMaterialTest" time="0"/>
  <testcase name="isEdible[326: EXP_BOTTLE]" classname="org.bukkit.PerMaterialTest" time="0"/>
  <testcase name="maxDurability[326: EXP_BOTTLE]" classname="org.bukkit.PerMaterialTest" time="0"/>
  <testcase name="isOccluding[326: EXP_BOTTLE]" classname="org.bukkit.PerMaterialTest" time="0"/>
  <testcase name="isRecord[326: EXP_BOTTLE]" classname="org.bukkit.PerMaterialTest" time="0"/>
  <testcase name="isFlammable[326: EXP_BOTTLE]" classname="org.bukkit.PerMaterialTest" time="0"/>
  <testcase name="maxStackSize[326: EXP_BOTTLE]" classname="org.bukkit.PerMaterialTest" time="0"/>
  <testcase name="isTransparent[326: EXP_BOTTLE]" classname="org.bukkit.PerMaterialTest" time="0"/>
  <testcase name="isSolid[326: EXP_BOTTLE]" classname="org.bukkit.PerMaterialTest" time="0"/>
  <testcase name="hasGravity[327: FIREBALL]" classname="org.bukkit.PerMaterialTest" time="0"/>
  <testcase name="isBurnable[327: FIREBALL]" classname="org.bukkit.PerMaterialTest" time="0"/>
  <testcase name="isEdible[327: FIREBALL]" classname="org.bukkit.PerMaterialTest" time="0"/>
  <testcase name="maxDurability[327: FIREBALL]" classname="org.bukkit.PerMaterialTest" time="0"/>
  <testcase name="isOccluding[327: FIREBALL]" classname="org.bukkit.PerMaterialTest" time="0"/>
  <testcase name="isRecord[327: FIREBALL]" classname="org.bukkit.PerMaterialTest" time="0"/>
  <testcase name="isFlammable[327: FIREBALL]" classname="org.bukkit.PerMaterialTest" time="0"/>
  <testcase name="maxStackSize[327: FIREBALL]" classname="org.bukkit.PerMaterialTest" time="0"/>
  <testcase name="isTransparent[327: FIREBALL]" classname="org.bukkit.PerMaterialTest" time="0"/>
  <testcase name="isSolid[327: FIREBALL]" classname="org.bukkit.PerMaterialTest" time="0"/>
  <testcase name="hasGravity[328: BOOK_AND_QUILL]" classname="org.bukkit.PerMaterialTest" time="0"/>
  <testcase name="isBurnable[328: BOOK_AND_QUILL]" classname="org.bukkit.PerMaterialTest" time="0"/>
  <testcase name="isEdible[328: BOOK_AND_QUILL]" classname="org.bukkit.PerMaterialTest" time="0"/>
  <testcase name="maxDurability[328: BOOK_AND_QUILL]" classname="org.bukkit.PerMaterialTest" time="0"/>
  <testcase name="isOccluding[328: BOOK_AND_QUILL]" classname="org.bukkit.PerMaterialTest" time="0"/>
  <testcase name="isRecord[328: BOOK_AND_QUILL]" classname="org.bukkit.PerMaterialTest" time="0"/>
  <testcase name="isFlammable[328: BOOK_AND_QUILL]" classname="org.bukkit.PerMaterialTest" time="0"/>
  <testcase name="maxStackSize[328: BOOK_AND_QUILL]" classname="org.bukkit.PerMaterialTest" time="0"/>
  <testcase name="isTransparent[328: BOOK_AND_QUILL]" classname="org.bukkit.PerMaterialTest" time="0"/>
  <testcase name="isSolid[328: BOOK_AND_QUILL]" classname="org.bukkit.PerMaterialTest" time="0"/>
  <testcase name="hasGravity[329: WRITTEN_BOOK]" classname="org.bukkit.PerMaterialTest" time="0"/>
  <testcase name="isBurnable[329: WRITTEN_BOOK]" classname="org.bukkit.PerMaterialTest" time="0"/>
  <testcase name="isEdible[329: WRITTEN_BOOK]" classname="org.bukkit.PerMaterialTest" time="0"/>
  <testcase name="maxDurability[329: WRITTEN_BOOK]" classname="org.bukkit.PerMaterialTest" time="0"/>
  <testcase name="isOccluding[329: WRITTEN_BOOK]" classname="org.bukkit.PerMaterialTest" time="0"/>
  <testcase name="isRecord[329: WRITTEN_BOOK]" classname="org.bukkit.PerMaterialTest" time="0"/>
  <testcase name="isFlammable[329: WRITTEN_BOOK]" classname="org.bukkit.PerMaterialTest" time="0"/>
  <testcase name="maxStackSize[329: WRITTEN_BOOK]" classname="org.bukkit.PerMaterialTest" time="0"/>
  <testcase name="isTransparent[329: WRITTEN_BOOK]" classname="org.bukkit.PerMaterialTest" time="0"/>
  <testcase name="isSolid[329: WRITTEN_BOOK]" classname="org.bukkit.PerMaterialTest" time="0"/>
  <testcase name="hasGravity[330: EMERALD]" classname="org.bukkit.PerMaterialTest" time="0"/>
  <testcase name="isBurnable[330: EMERALD]" classname="org.bukkit.PerMaterialTest" time="0"/>
  <testcase name="isEdible[330: EMERALD]" classname="org.bukkit.PerMaterialTest" time="0"/>
  <testcase name="maxDurability[330: EMERALD]" classname="org.bukkit.PerMaterialTest" time="0"/>
  <testcase name="isOccluding[330: EMERALD]" classname="org.bukkit.PerMaterialTest" time="0"/>
  <testcase name="isRecord[330: EMERALD]" classname="org.bukkit.PerMaterialTest" time="0"/>
  <testcase name="isFlammable[330: EMERALD]" classname="org.bukkit.PerMaterialTest" time="0"/>
  <testcase name="maxStackSize[330: EMERALD]" classname="org.bukkit.PerMaterialTest" time="0.001"/>
  <testcase name="isTransparent[330: EMERALD]" classname="org.bukkit.PerMaterialTest" time="0"/>
  <testcase name="isSolid[330: EMERALD]" classname="org.bukkit.PerMaterialTest" time="0"/>
  <testcase name="hasGravity[331: ITEM_FRAME]" classname="org.bukkit.PerMaterialTest" time="0"/>
  <testcase name="isBurnable[331: ITEM_FRAME]" classname="org.bukkit.PerMaterialTest" time="0"/>
  <testcase name="isEdible[331: ITEM_FRAME]" classname="org.bukkit.PerMaterialTest" time="0"/>
  <testcase name="maxDurability[331: ITEM_FRAME]" classname="org.bukkit.PerMaterialTest" time="0"/>
  <testcase name="isOccluding[331: ITEM_FRAME]" classname="org.bukkit.PerMaterialTest" time="0"/>
  <testcase name="isRecord[331: ITEM_FRAME]" classname="org.bukkit.PerMaterialTest" time="0"/>
  <testcase name="isFlammable[331: ITEM_FRAME]" classname="org.bukkit.PerMaterialTest" time="0"/>
  <testcase name="maxStackSize[331: ITEM_FRAME]" classname="org.bukkit.PerMaterialTest" time="0"/>
  <testcase name="isTransparent[331: ITEM_FRAME]" classname="org.bukkit.PerMaterialTest" time="0"/>
  <testcase name="isSolid[331: ITEM_FRAME]" classname="org.bukkit.PerMaterialTest" time="0"/>
  <testcase name="hasGravity[332: FLOWER_POT_ITEM]" classname="org.bukkit.PerMaterialTest" time="0"/>
  <testcase name="isBurnable[332: FLOWER_POT_ITEM]" classname="org.bukkit.PerMaterialTest" time="0"/>
  <testcase name="isEdible[332: FLOWER_POT_ITEM]" classname="org.bukkit.PerMaterialTest" time="0"/>
  <testcase name="maxDurability[332: FLOWER_POT_ITEM]" classname="org.bukkit.PerMaterialTest" time="0"/>
  <testcase name="isOccluding[332: FLOWER_POT_ITEM]" classname="org.bukkit.PerMaterialTest" time="0"/>
  <testcase name="isRecord[332: FLOWER_POT_ITEM]" classname="org.bukkit.PerMaterialTest" time="0"/>
  <testcase name="isFlammable[332: FLOWER_POT_ITEM]" classname="org.bukkit.PerMaterialTest" time="0"/>
  <testcase name="maxStackSize[332: FLOWER_POT_ITEM]" classname="org.bukkit.PerMaterialTest" time="0"/>
  <testcase name="isTransparent[332: FLOWER_POT_ITEM]" classname="org.bukkit.PerMaterialTest" time="0"/>
  <testcase name="isSolid[332: FLOWER_POT_ITEM]" classname="org.bukkit.PerMaterialTest" time="0"/>
  <testcase name="hasGravity[333: CARROT_ITEM]" classname="org.bukkit.PerMaterialTest" time="0"/>
  <testcase name="isBurnable[333: CARROT_ITEM]" classname="org.bukkit.PerMaterialTest" time="0"/>
  <testcase name="isEdible[333: CARROT_ITEM]" classname="org.bukkit.PerMaterialTest" time="0"/>
  <testcase name="maxDurability[333: CARROT_ITEM]" classname="org.bukkit.PerMaterialTest" time="0"/>
  <testcase name="isOccluding[333: CARROT_ITEM]" classname="org.bukkit.PerMaterialTest" time="0"/>
  <testcase name="isRecord[333: CARROT_ITEM]" classname="org.bukkit.PerMaterialTest" time="0"/>
  <testcase name="isFlammable[333: CARROT_ITEM]" classname="org.bukkit.PerMaterialTest" time="0"/>
  <testcase name="maxStackSize[333: CARROT_ITEM]" classname="org.bukkit.PerMaterialTest" time="0"/>
  <testcase name="isTransparent[333: CARROT_ITEM]" classname="org.bukkit.PerMaterialTest" time="0"/>
  <testcase name="isSolid[333: CARROT_ITEM]" classname="org.bukkit.PerMaterialTest" time="0"/>
  <testcase name="hasGravity[334: POTATO_ITEM]" classname="org.bukkit.PerMaterialTest" time="0"/>
  <testcase name="isBurnable[334: POTATO_ITEM]" classname="org.bukkit.PerMaterialTest" time="0"/>
  <testcase name="isEdible[334: POTATO_ITEM]" classname="org.bukkit.PerMaterialTest" time="0"/>
  <testcase name="maxDurability[334: POTATO_ITEM]" classname="org.bukkit.PerMaterialTest" time="0"/>
  <testcase name="isOccluding[334: POTATO_ITEM]" classname="org.bukkit.PerMaterialTest" time="0"/>
  <testcase name="isRecord[334: POTATO_ITEM]" classname="org.bukkit.PerMaterialTest" time="0"/>
  <testcase name="isFlammable[334: POTATO_ITEM]" classname="org.bukkit.PerMaterialTest" time="0"/>
  <testcase name="maxStackSize[334: POTATO_ITEM]" classname="org.bukkit.PerMaterialTest" time="0"/>
  <testcase name="isTransparent[334: POTATO_ITEM]" classname="org.bukkit.PerMaterialTest" time="0"/>
  <testcase name="isSolid[334: POTATO_ITEM]" classname="org.bukkit.PerMaterialTest" time="0"/>
  <testcase name="hasGravity[335: BAKED_POTATO]" classname="org.bukkit.PerMaterialTest" time="0"/>
  <testcase name="isBurnable[335: BAKED_POTATO]" classname="org.bukkit.PerMaterialTest" time="0"/>
  <testcase name="isEdible[335: BAKED_POTATO]" classname="org.bukkit.PerMaterialTest" time="0"/>
  <testcase name="maxDurability[335: BAKED_POTATO]" classname="org.bukkit.PerMaterialTest" time="0"/>
  <testcase name="isOccluding[335: BAKED_POTATO]" classname="org.bukkit.PerMaterialTest" time="0"/>
  <testcase name="isRecord[335: BAKED_POTATO]" classname="org.bukkit.PerMaterialTest" time="0"/>
  <testcase name="isFlammable[335: BAKED_POTATO]" classname="org.bukkit.PerMaterialTest" time="0"/>
  <testcase name="maxStackSize[335: BAKED_POTATO]" classname="org.bukkit.PerMaterialTest" time="0"/>
  <testcase name="isTransparent[335: BAKED_POTATO]" classname="org.bukkit.PerMaterialTest" time="0"/>
  <testcase name="isSolid[335: BAKED_POTATO]" classname="org.bukkit.PerMaterialTest" time="0"/>
  <testcase name="hasGravity[336: POISONOUS_POTATO]" classname="org.bukkit.PerMaterialTest" time="0"/>
  <testcase name="isBurnable[336: POISONOUS_POTATO]" classname="org.bukkit.PerMaterialTest" time="0"/>
  <testcase name="isEdible[336: POISONOUS_POTATO]" classname="org.bukkit.PerMaterialTest" time="0"/>
  <testcase name="maxDurability[336: POISONOUS_POTATO]" classname="org.bukkit.PerMaterialTest" time="0"/>
  <testcase name="isOccluding[336: POISONOUS_POTATO]" classname="org.bukkit.PerMaterialTest" time="0"/>
  <testcase name="isRecord[336: POISONOUS_POTATO]" classname="org.bukkit.PerMaterialTest" time="0"/>
  <testcase name="isFlammable[336: POISONOUS_POTATO]" classname="org.bukkit.PerMaterialTest" time="0"/>
  <testcase name="maxStackSize[336: POISONOUS_POTATO]" classname="org.bukkit.PerMaterialTest" time="0"/>
  <testcase name="isTransparent[336: POISONOUS_POTATO]" classname="org.bukkit.PerMaterialTest" time="0"/>
  <testcase name="isSolid[336: POISONOUS_POTATO]" classname="org.bukkit.PerMaterialTest" time="0"/>
  <testcase name="hasGravity[337: EMPTY_MAP]" classname="org.bukkit.PerMaterialTest" time="0"/>
  <testcase name="isBurnable[337: EMPTY_MAP]" classname="org.bukkit.PerMaterialTest" time="0"/>
  <testcase name="isEdible[337: EMPTY_MAP]" classname="org.bukkit.PerMaterialTest" time="0"/>
  <testcase name="maxDurability[337: EMPTY_MAP]" classname="org.bukkit.PerMaterialTest" time="0"/>
  <testcase name="isOccluding[337: EMPTY_MAP]" classname="org.bukkit.PerMaterialTest" time="0"/>
  <testcase name="isRecord[337: EMPTY_MAP]" classname="org.bukkit.PerMaterialTest" time="0"/>
  <testcase name="isFlammable[337: EMPTY_MAP]" classname="org.bukkit.PerMaterialTest" time="0"/>
  <testcase name="maxStackSize[337: EMPTY_MAP]" classname="org.bukkit.PerMaterialTest" time="0"/>
  <testcase name="isTransparent[337: EMPTY_MAP]" classname="org.bukkit.PerMaterialTest" time="0"/>
  <testcase name="isSolid[337: EMPTY_MAP]" classname="org.bukkit.PerMaterialTest" time="0"/>
  <testcase name="hasGravity[338: GOLDEN_CARROT]" classname="org.bukkit.PerMaterialTest" time="0"/>
  <testcase name="isBurnable[338: GOLDEN_CARROT]" classname="org.bukkit.PerMaterialTest" time="0"/>
  <testcase name="isEdible[338: GOLDEN_CARROT]" classname="org.bukkit.PerMaterialTest" time="0"/>
  <testcase name="maxDurability[338: GOLDEN_CARROT]" classname="org.bukkit.PerMaterialTest" time="0"/>
  <testcase name="isOccluding[338: GOLDEN_CARROT]" classname="org.bukkit.PerMaterialTest" time="0.016"/>
  <testcase name="isRecord[338: GOLDEN_CARROT]" classname="org.bukkit.PerMaterialTest" time="0"/>
  <testcase name="isFlammable[338: GOLDEN_CARROT]" classname="org.bukkit.PerMaterialTest" time="0"/>
  <testcase name="maxStackSize[338: GOLDEN_CARROT]" classname="org.bukkit.PerMaterialTest" time="0"/>
  <testcase name="isTransparent[338: GOLDEN_CARROT]" classname="org.bukkit.PerMaterialTest" time="0"/>
  <testcase name="isSolid[338: GOLDEN_CARROT]" classname="org.bukkit.PerMaterialTest" time="0"/>
  <testcase name="hasGravity[339: SKULL_ITEM]" classname="org.bukkit.PerMaterialTest" time="0"/>
  <testcase name="isBurnable[339: SKULL_ITEM]" classname="org.bukkit.PerMaterialTest" time="0"/>
  <testcase name="isEdible[339: SKULL_ITEM]" classname="org.bukkit.PerMaterialTest" time="0"/>
  <testcase name="maxDurability[339: SKULL_ITEM]" classname="org.bukkit.PerMaterialTest" time="0"/>
  <testcase name="isOccluding[339: SKULL_ITEM]" classname="org.bukkit.PerMaterialTest" time="0"/>
  <testcase name="isRecord[339: SKULL_ITEM]" classname="org.bukkit.PerMaterialTest" time="0"/>
  <testcase name="isFlammable[339: SKULL_ITEM]" classname="org.bukkit.PerMaterialTest" time="0"/>
  <testcase name="maxStackSize[339: SKULL_ITEM]" classname="org.bukkit.PerMaterialTest" time="0"/>
  <testcase name="isTransparent[339: SKULL_ITEM]" classname="org.bukkit.PerMaterialTest" time="0"/>
  <testcase name="isSolid[339: SKULL_ITEM]" classname="org.bukkit.PerMaterialTest" time="0"/>
  <testcase name="hasGravity[340: CARROT_STICK]" classname="org.bukkit.PerMaterialTest" time="0"/>
  <testcase name="isBurnable[340: CARROT_STICK]" classname="org.bukkit.PerMaterialTest" time="0"/>
  <testcase name="isEdible[340: CARROT_STICK]" classname="org.bukkit.PerMaterialTest" time="0"/>
  <testcase name="maxDurability[340: CARROT_STICK]" classname="org.bukkit.PerMaterialTest" time="0"/>
  <testcase name="isOccluding[340: CARROT_STICK]" classname="org.bukkit.PerMaterialTest" time="0"/>
  <testcase name="isRecord[340: CARROT_STICK]" classname="org.bukkit.PerMaterialTest" time="0"/>
  <testcase name="isFlammable[340: CARROT_STICK]" classname="org.bukkit.PerMaterialTest" time="0"/>
  <testcase name="maxStackSize[340: CARROT_STICK]" classname="org.bukkit.PerMaterialTest" time="0"/>
  <testcase name="isTransparent[340: CARROT_STICK]" classname="org.bukkit.PerMaterialTest" time="0"/>
  <testcase name="isSolid[340: CARROT_STICK]" classname="org.bukkit.PerMaterialTest" time="0"/>
  <testcase name="hasGravity[341: NETHER_STAR]" classname="org.bukkit.PerMaterialTest" time="0"/>
  <testcase name="isBurnable[341: NETHER_STAR]" classname="org.bukkit.PerMaterialTest" time="0"/>
  <testcase name="isEdible[341: NETHER_STAR]" classname="org.bukkit.PerMaterialTest" time="0"/>
  <testcase name="maxDurability[341: NETHER_STAR]" classname="org.bukkit.PerMaterialTest" time="0"/>
  <testcase name="isOccluding[341: NETHER_STAR]" classname="org.bukkit.PerMaterialTest" time="0"/>
  <testcase name="isRecord[341: NETHER_STAR]" classname="org.bukkit.PerMaterialTest" time="0"/>
  <testcase name="isFlammable[341: NETHER_STAR]" classname="org.bukkit.PerMaterialTest" time="0"/>
  <testcase name="maxStackSize[341: NETHER_STAR]" classname="org.bukkit.PerMaterialTest" time="0"/>
  <testcase name="isTransparent[341: NETHER_STAR]" classname="org.bukkit.PerMaterialTest" time="0"/>
  <testcase name="isSolid[341: NETHER_STAR]" classname="org.bukkit.PerMaterialTest" time="0"/>
  <testcase name="hasGravity[342: PUMPKIN_PIE]" classname="org.bukkit.PerMaterialTest" time="0"/>
  <testcase name="isBurnable[342: PUMPKIN_PIE]" classname="org.bukkit.PerMaterialTest" time="0"/>
  <testcase name="isEdible[342: PUMPKIN_PIE]" classname="org.bukkit.PerMaterialTest" time="0"/>
  <testcase name="maxDurability[342: PUMPKIN_PIE]" classname="org.bukkit.PerMaterialTest" time="0"/>
  <testcase name="isOccluding[342: PUMPKIN_PIE]" classname="org.bukkit.PerMaterialTest" time="0"/>
  <testcase name="isRecord[342: PUMPKIN_PIE]" classname="org.bukkit.PerMaterialTest" time="0"/>
  <testcase name="isFlammable[342: PUMPKIN_PIE]" classname="org.bukkit.PerMaterialTest" time="0"/>
  <testcase name="maxStackSize[342: PUMPKIN_PIE]" classname="org.bukkit.PerMaterialTest" time="0"/>
  <testcase name="isTransparent[342: PUMPKIN_PIE]" classname="org.bukkit.PerMaterialTest" time="0"/>
  <testcase name="isSolid[342: PUMPKIN_PIE]" classname="org.bukkit.PerMaterialTest" time="0"/>
  <testcase name="hasGravity[343: FIREWORK]" classname="org.bukkit.PerMaterialTest" time="0"/>
  <testcase name="isBurnable[343: FIREWORK]" classname="org.bukkit.PerMaterialTest" time="0"/>
  <testcase name="isEdible[343: FIREWORK]" classname="org.bukkit.PerMaterialTest" time="0"/>
  <testcase name="maxDurability[343: FIREWORK]" classname="org.bukkit.PerMaterialTest" time="0"/>
  <testcase name="isOccluding[343: FIREWORK]" classname="org.bukkit.PerMaterialTest" time="0"/>
  <testcase name="isRecord[343: FIREWORK]" classname="org.bukkit.PerMaterialTest" time="0"/>
  <testcase name="isFlammable[343: FIREWORK]" classname="org.bukkit.PerMaterialTest" time="0"/>
  <testcase name="maxStackSize[343: FIREWORK]" classname="org.bukkit.PerMaterialTest" time="0"/>
  <testcase name="isTransparent[343: FIREWORK]" classname="org.bukkit.PerMaterialTest" time="0"/>
  <testcase name="isSolid[343: FIREWORK]" classname="org.bukkit.PerMaterialTest" time="0"/>
  <testcase name="hasGravity[344: FIREWORK_CHARGE]" classname="org.bukkit.PerMaterialTest" time="0"/>
  <testcase name="isBurnable[344: FIREWORK_CHARGE]" classname="org.bukkit.PerMaterialTest" time="0"/>
  <testcase name="isEdible[344: FIREWORK_CHARGE]" classname="org.bukkit.PerMaterialTest" time="0"/>
  <testcase name="maxDurability[344: FIREWORK_CHARGE]" classname="org.bukkit.PerMaterialTest" time="0"/>
  <testcase name="isOccluding[344: FIREWORK_CHARGE]" classname="org.bukkit.PerMaterialTest" time="0"/>
  <testcase name="isRecord[344: FIREWORK_CHARGE]" classname="org.bukkit.PerMaterialTest" time="0"/>
  <testcase name="isFlammable[344: FIREWORK_CHARGE]" classname="org.bukkit.PerMaterialTest" time="0"/>
  <testcase name="maxStackSize[344: FIREWORK_CHARGE]" classname="org.bukkit.PerMaterialTest" time="0"/>
  <testcase name="isTransparent[344: FIREWORK_CHARGE]" classname="org.bukkit.PerMaterialTest" time="0"/>
  <testcase name="isSolid[344: FIREWORK_CHARGE]" classname="org.bukkit.PerMaterialTest" time="0"/>
  <testcase name="hasGravity[345: ENCHANTED_BOOK]" classname="org.bukkit.PerMaterialTest" time="0"/>
  <testcase name="isBurnable[345: ENCHANTED_BOOK]" classname="org.bukkit.PerMaterialTest" time="0"/>
  <testcase name="isEdible[345: ENCHANTED_BOOK]" classname="org.bukkit.PerMaterialTest" time="0"/>
  <testcase name="maxDurability[345: ENCHANTED_BOOK]" classname="org.bukkit.PerMaterialTest" time="0"/>
  <testcase name="isOccluding[345: ENCHANTED_BOOK]" classname="org.bukkit.PerMaterialTest" time="0"/>
  <testcase name="isRecord[345: ENCHANTED_BOOK]" classname="org.bukkit.PerMaterialTest" time="0"/>
  <testcase name="isFlammable[345: ENCHANTED_BOOK]" classname="org.bukkit.PerMaterialTest" time="0"/>
  <testcase name="maxStackSize[345: ENCHANTED_BOOK]" classname="org.bukkit.PerMaterialTest" time="0"/>
  <testcase name="isTransparent[345: ENCHANTED_BOOK]" classname="org.bukkit.PerMaterialTest" time="0"/>
  <testcase name="isSolid[345: ENCHANTED_BOOK]" classname="org.bukkit.PerMaterialTest" time="0"/>
  <testcase name="hasGravity[346: REDSTONE_COMPARATOR]" classname="org.bukkit.PerMaterialTest" time="0"/>
  <testcase name="isBurnable[346: REDSTONE_COMPARATOR]" classname="org.bukkit.PerMaterialTest" time="0"/>
  <testcase name="isEdible[346: REDSTONE_COMPARATOR]" classname="org.bukkit.PerMaterialTest" time="0"/>
  <testcase name="maxDurability[346: REDSTONE_COMPARATOR]" classname="org.bukkit.PerMaterialTest" time="0"/>
  <testcase name="isOccluding[346: REDSTONE_COMPARATOR]" classname="org.bukkit.PerMaterialTest" time="0"/>
  <testcase name="isRecord[346: REDSTONE_COMPARATOR]" classname="org.bukkit.PerMaterialTest" time="0"/>
  <testcase name="isFlammable[346: REDSTONE_COMPARATOR]" classname="org.bukkit.PerMaterialTest" time="0"/>
  <testcase name="maxStackSize[346: REDSTONE_COMPARATOR]" classname="org.bukkit.PerMaterialTest" time="0"/>
  <testcase name="isTransparent[346: REDSTONE_COMPARATOR]" classname="org.bukkit.PerMaterialTest" time="0"/>
  <testcase name="isSolid[346: REDSTONE_COMPARATOR]" classname="org.bukkit.PerMaterialTest" time="0"/>
  <testcase name="hasGravity[347: NETHER_BRICK_ITEM]" classname="org.bukkit.PerMaterialTest" time="0"/>
  <testcase name="isBurnable[347: NETHER_BRICK_ITEM]" classname="org.bukkit.PerMaterialTest" time="0"/>
  <testcase name="isEdible[347: NETHER_BRICK_ITEM]" classname="org.bukkit.PerMaterialTest" time="0"/>
  <testcase name="maxDurability[347: NETHER_BRICK_ITEM]" classname="org.bukkit.PerMaterialTest" time="0"/>
  <testcase name="isOccluding[347: NETHER_BRICK_ITEM]" classname="org.bukkit.PerMaterialTest" time="0"/>
  <testcase name="isRecord[347: NETHER_BRICK_ITEM]" classname="org.bukkit.PerMaterialTest" time="0"/>
  <testcase name="isFlammable[347: NETHER_BRICK_ITEM]" classname="org.bukkit.PerMaterialTest" time="0"/>
  <testcase name="maxStackSize[347: NETHER_BRICK_ITEM]" classname="org.bukkit.PerMaterialTest" time="0"/>
  <testcase name="isTransparent[347: NETHER_BRICK_ITEM]" classname="org.bukkit.PerMaterialTest" time="0"/>
  <testcase name="isSolid[347: NETHER_BRICK_ITEM]" classname="org.bukkit.PerMaterialTest" time="0"/>
  <testcase name="hasGravity[348: QUARTZ]" classname="org.bukkit.PerMaterialTest" time="0"/>
  <testcase name="isBurnable[348: QUARTZ]" classname="org.bukkit.PerMaterialTest" time="0"/>
  <testcase name="isEdible[348: QUARTZ]" classname="org.bukkit.PerMaterialTest" time="0"/>
  <testcase name="maxDurability[348: QUARTZ]" classname="org.bukkit.PerMaterialTest" time="0"/>
  <testcase name="isOccluding[348: QUARTZ]" classname="org.bukkit.PerMaterialTest" time="0"/>
  <testcase name="isRecord[348: QUARTZ]" classname="org.bukkit.PerMaterialTest" time="0"/>
  <testcase name="isFlammable[348: QUARTZ]" classname="org.bukkit.PerMaterialTest" time="0"/>
  <testcase name="maxStackSize[348: QUARTZ]" classname="org.bukkit.PerMaterialTest" time="0"/>
  <testcase name="isTransparent[348: QUARTZ]" classname="org.bukkit.PerMaterialTest" time="0"/>
  <testcase name="isSolid[348: QUARTZ]" classname="org.bukkit.PerMaterialTest" time="0"/>
  <testcase name="hasGravity[349: EXPLOSIVE_MINECART]" classname="org.bukkit.PerMaterialTest" time="0"/>
  <testcase name="isBurnable[349: EXPLOSIVE_MINECART]" classname="org.bukkit.PerMaterialTest" time="0"/>
  <testcase name="isEdible[349: EXPLOSIVE_MINECART]" classname="org.bukkit.PerMaterialTest" time="0"/>
  <testcase name="maxDurability[349: EXPLOSIVE_MINECART]" classname="org.bukkit.PerMaterialTest" time="0"/>
  <testcase name="isOccluding[349: EXPLOSIVE_MINECART]" classname="org.bukkit.PerMaterialTest" time="0"/>
  <testcase name="isRecord[349: EXPLOSIVE_MINECART]" classname="org.bukkit.PerMaterialTest" time="0"/>
  <testcase name="isFlammable[349: EXPLOSIVE_MINECART]" classname="org.bukkit.PerMaterialTest" time="0"/>
  <testcase name="maxStackSize[349: EXPLOSIVE_MINECART]" classname="org.bukkit.PerMaterialTest" time="0"/>
  <testcase name="isTransparent[349: EXPLOSIVE_MINECART]" classname="org.bukkit.PerMaterialTest" time="0"/>
  <testcase name="isSolid[349: EXPLOSIVE_MINECART]" classname="org.bukkit.PerMaterialTest" time="0"/>
  <testcase name="hasGravity[350: HOPPER_MINECART]" classname="org.bukkit.PerMaterialTest" time="0"/>
  <testcase name="isBurnable[350: HOPPER_MINECART]" classname="org.bukkit.PerMaterialTest" time="0"/>
  <testcase name="isEdible[350: HOPPER_MINECART]" classname="org.bukkit.PerMaterialTest" time="0"/>
  <testcase name="maxDurability[350: HOPPER_MINECART]" classname="org.bukkit.PerMaterialTest" time="0"/>
  <testcase name="isOccluding[350: HOPPER_MINECART]" classname="org.bukkit.PerMaterialTest" time="0"/>
  <testcase name="isRecord[350: HOPPER_MINECART]" classname="org.bukkit.PerMaterialTest" time="0"/>
  <testcase name="isFlammable[350: HOPPER_MINECART]" classname="org.bukkit.PerMaterialTest" time="0"/>
  <testcase name="maxStackSize[350: HOPPER_MINECART]" classname="org.bukkit.PerMaterialTest" time="0"/>
  <testcase name="isTransparent[350: HOPPER_MINECART]" classname="org.bukkit.PerMaterialTest" time="0"/>
  <testcase name="isSolid[350: HOPPER_MINECART]" classname="org.bukkit.PerMaterialTest" time="0"/>
  <testcase name="hasGravity[351: PRISMARINE_SHARD]" classname="org.bukkit.PerMaterialTest" time="0"/>
  <testcase name="isBurnable[351: PRISMARINE_SHARD]" classname="org.bukkit.PerMaterialTest" time="0"/>
  <testcase name="isEdible[351: PRISMARINE_SHARD]" classname="org.bukkit.PerMaterialTest" time="0"/>
  <testcase name="maxDurability[351: PRISMARINE_SHARD]" classname="org.bukkit.PerMaterialTest" time="0"/>
  <testcase name="isOccluding[351: PRISMARINE_SHARD]" classname="org.bukkit.PerMaterialTest" time="0"/>
  <testcase name="isRecord[351: PRISMARINE_SHARD]" classname="org.bukkit.PerMaterialTest" time="0"/>
  <testcase name="isFlammable[351: PRISMARINE_SHARD]" classname="org.bukkit.PerMaterialTest" time="0"/>
  <testcase name="maxStackSize[351: PRISMARINE_SHARD]" classname="org.bukkit.PerMaterialTest" time="0"/>
  <testcase name="isTransparent[351: PRISMARINE_SHARD]" classname="org.bukkit.PerMaterialTest" time="0"/>
  <testcase name="isSolid[351: PRISMARINE_SHARD]" classname="org.bukkit.PerMaterialTest" time="0"/>
  <testcase name="hasGravity[352: PRISMARINE_CRYSTALS]" classname="org.bukkit.PerMaterialTest" time="0"/>
  <testcase name="isBurnable[352: PRISMARINE_CRYSTALS]" classname="org.bukkit.PerMaterialTest" time="0"/>
  <testcase name="isEdible[352: PRISMARINE_CRYSTALS]" classname="org.bukkit.PerMaterialTest" time="0"/>
  <testcase name="maxDurability[352: PRISMARINE_CRYSTALS]" classname="org.bukkit.PerMaterialTest" time="0"/>
  <testcase name="isOccluding[352: PRISMARINE_CRYSTALS]" classname="org.bukkit.PerMaterialTest" time="0"/>
  <testcase name="isRecord[352: PRISMARINE_CRYSTALS]" classname="org.bukkit.PerMaterialTest" time="0"/>
  <testcase name="isFlammable[352: PRISMARINE_CRYSTALS]" classname="org.bukkit.PerMaterialTest" time="0"/>
  <testcase name="maxStackSize[352: PRISMARINE_CRYSTALS]" classname="org.bukkit.PerMaterialTest" time="0"/>
  <testcase name="isTransparent[352: PRISMARINE_CRYSTALS]" classname="org.bukkit.PerMaterialTest" time="0"/>
  <testcase name="isSolid[352: PRISMARINE_CRYSTALS]" classname="org.bukkit.PerMaterialTest" time="0"/>
  <testcase name="hasGravity[353: RABBIT]" classname="org.bukkit.PerMaterialTest" time="0"/>
  <testcase name="isBurnable[353: RABBIT]" classname="org.bukkit.PerMaterialTest" time="0"/>
  <testcase name="isEdible[353: RABBIT]" classname="org.bukkit.PerMaterialTest" time="0"/>
  <testcase name="maxDurability[353: RABBIT]" classname="org.bukkit.PerMaterialTest" time="0"/>
  <testcase name="isOccluding[353: RABBIT]" classname="org.bukkit.PerMaterialTest" time="0"/>
  <testcase name="isRecord[353: RABBIT]" classname="org.bukkit.PerMaterialTest" time="0"/>
  <testcase name="isFlammable[353: RABBIT]" classname="org.bukkit.PerMaterialTest" time="0"/>
  <testcase name="maxStackSize[353: RABBIT]" classname="org.bukkit.PerMaterialTest" time="0"/>
  <testcase name="isTransparent[353: RABBIT]" classname="org.bukkit.PerMaterialTest" time="0"/>
  <testcase name="isSolid[353: RABBIT]" classname="org.bukkit.PerMaterialTest" time="0"/>
  <testcase name="hasGravity[354: COOKED_RABBIT]" classname="org.bukkit.PerMaterialTest" time="0"/>
  <testcase name="isBurnable[354: COOKED_RABBIT]" classname="org.bukkit.PerMaterialTest" time="0"/>
  <testcase name="isEdible[354: COOKED_RABBIT]" classname="org.bukkit.PerMaterialTest" time="0"/>
  <testcase name="maxDurability[354: COOKED_RABBIT]" classname="org.bukkit.PerMaterialTest" time="0"/>
  <testcase name="isOccluding[354: COOKED_RABBIT]" classname="org.bukkit.PerMaterialTest" time="0"/>
  <testcase name="isRecord[354: COOKED_RABBIT]" classname="org.bukkit.PerMaterialTest" time="0"/>
  <testcase name="isFlammable[354: COOKED_RABBIT]" classname="org.bukkit.PerMaterialTest" time="0"/>
  <testcase name="maxStackSize[354: COOKED_RABBIT]" classname="org.bukkit.PerMaterialTest" time="0"/>
  <testcase name="isTransparent[354: COOKED_RABBIT]" classname="org.bukkit.PerMaterialTest" time="0"/>
  <testcase name="isSolid[354: COOKED_RABBIT]" classname="org.bukkit.PerMaterialTest" time="0"/>
  <testcase name="hasGravity[355: RABBIT_STEW]" classname="org.bukkit.PerMaterialTest" time="0"/>
  <testcase name="isBurnable[355: RABBIT_STEW]" classname="org.bukkit.PerMaterialTest" time="0"/>
  <testcase name="isEdible[355: RABBIT_STEW]" classname="org.bukkit.PerMaterialTest" time="0"/>
  <testcase name="maxDurability[355: RABBIT_STEW]" classname="org.bukkit.PerMaterialTest" time="0"/>
  <testcase name="isOccluding[355: RABBIT_STEW]" classname="org.bukkit.PerMaterialTest" time="0"/>
  <testcase name="isRecord[355: RABBIT_STEW]" classname="org.bukkit.PerMaterialTest" time="0"/>
  <testcase name="isFlammable[355: RABBIT_STEW]" classname="org.bukkit.PerMaterialTest" time="0"/>
  <testcase name="maxStackSize[355: RABBIT_STEW]" classname="org.bukkit.PerMaterialTest" time="0"/>
  <testcase name="isTransparent[355: RABBIT_STEW]" classname="org.bukkit.PerMaterialTest" time="0"/>
  <testcase name="isSolid[355: RABBIT_STEW]" classname="org.bukkit.PerMaterialTest" time="0"/>
  <testcase name="hasGravity[356: RABBIT_FOOT]" classname="org.bukkit.PerMaterialTest" time="0"/>
  <testcase name="isBurnable[356: RABBIT_FOOT]" classname="org.bukkit.PerMaterialTest" time="0"/>
  <testcase name="isEdible[356: RABBIT_FOOT]" classname="org.bukkit.PerMaterialTest" time="0"/>
  <testcase name="maxDurability[356: RABBIT_FOOT]" classname="org.bukkit.PerMaterialTest" time="0"/>
  <testcase name="isOccluding[356: RABBIT_FOOT]" classname="org.bukkit.PerMaterialTest" time="0"/>
  <testcase name="isRecord[356: RABBIT_FOOT]" classname="org.bukkit.PerMaterialTest" time="0"/>
  <testcase name="isFlammable[356: RABBIT_FOOT]" classname="org.bukkit.PerMaterialTest" time="0"/>
  <testcase name="maxStackSize[356: RABBIT_FOOT]" classname="org.bukkit.PerMaterialTest" time="0"/>
  <testcase name="isTransparent[356: RABBIT_FOOT]" classname="org.bukkit.PerMaterialTest" time="0"/>
  <testcase name="isSolid[356: RABBIT_FOOT]" classname="org.bukkit.PerMaterialTest" time="0"/>
  <testcase name="hasGravity[357: RABBIT_HIDE]" classname="org.bukkit.PerMaterialTest" time="0"/>
  <testcase name="isBurnable[357: RABBIT_HIDE]" classname="org.bukkit.PerMaterialTest" time="0"/>
  <testcase name="isEdible[357: RABBIT_HIDE]" classname="org.bukkit.PerMaterialTest" time="0"/>
  <testcase name="maxDurability[357: RABBIT_HIDE]" classname="org.bukkit.PerMaterialTest" time="0"/>
  <testcase name="isOccluding[357: RABBIT_HIDE]" classname="org.bukkit.PerMaterialTest" time="0"/>
  <testcase name="isRecord[357: RABBIT_HIDE]" classname="org.bukkit.PerMaterialTest" time="0"/>
  <testcase name="isFlammable[357: RABBIT_HIDE]" classname="org.bukkit.PerMaterialTest" time="0"/>
  <testcase name="maxStackSize[357: RABBIT_HIDE]" classname="org.bukkit.PerMaterialTest" time="0"/>
  <testcase name="isTransparent[357: RABBIT_HIDE]" classname="org.bukkit.PerMaterialTest" time="0"/>
  <testcase name="isSolid[357: RABBIT_HIDE]" classname="org.bukkit.PerMaterialTest" time="0"/>
  <testcase name="hasGravity[358: ARMOR_STAND]" classname="org.bukkit.PerMaterialTest" time="0"/>
  <testcase name="isBurnable[358: ARMOR_STAND]" classname="org.bukkit.PerMaterialTest" time="0"/>
  <testcase name="isEdible[358: ARMOR_STAND]" classname="org.bukkit.PerMaterialTest" time="0"/>
  <testcase name="maxDurability[358: ARMOR_STAND]" classname="org.bukkit.PerMaterialTest" time="0"/>
  <testcase name="isOccluding[358: ARMOR_STAND]" classname="org.bukkit.PerMaterialTest" time="0"/>
  <testcase name="isRecord[358: ARMOR_STAND]" classname="org.bukkit.PerMaterialTest" time="0"/>
  <testcase name="isFlammable[358: ARMOR_STAND]" classname="org.bukkit.PerMaterialTest" time="0"/>
  <testcase name="maxStackSize[358: ARMOR_STAND]" classname="org.bukkit.PerMaterialTest" time="0"/>
  <testcase name="isTransparent[358: ARMOR_STAND]" classname="org.bukkit.PerMaterialTest" time="0"/>
  <testcase name="isSolid[358: ARMOR_STAND]" classname="org.bukkit.PerMaterialTest" time="0"/>
  <testcase name="hasGravity[359: IRON_BARDING]" classname="org.bukkit.PerMaterialTest" time="0"/>
  <testcase name="isBurnable[359: IRON_BARDING]" classname="org.bukkit.PerMaterialTest" time="0"/>
  <testcase name="isEdible[359: IRON_BARDING]" classname="org.bukkit.PerMaterialTest" time="0"/>
  <testcase name="maxDurability[359: IRON_BARDING]" classname="org.bukkit.PerMaterialTest" time="0"/>
  <testcase name="isOccluding[359: IRON_BARDING]" classname="org.bukkit.PerMaterialTest" time="0"/>
  <testcase name="isRecord[359: IRON_BARDING]" classname="org.bukkit.PerMaterialTest" time="0"/>
  <testcase name="isFlammable[359: IRON_BARDING]" classname="org.bukkit.PerMaterialTest" time="0"/>
  <testcase name="maxStackSize[359: IRON_BARDING]" classname="org.bukkit.PerMaterialTest" time="0"/>
  <testcase name="isTransparent[359: IRON_BARDING]" classname="org.bukkit.PerMaterialTest" time="0"/>
  <testcase name="isSolid[359: IRON_BARDING]" classname="org.bukkit.PerMaterialTest" time="0"/>
  <testcase name="hasGravity[360: GOLD_BARDING]" classname="org.bukkit.PerMaterialTest" time="0"/>
  <testcase name="isBurnable[360: GOLD_BARDING]" classname="org.bukkit.PerMaterialTest" time="0"/>
  <testcase name="isEdible[360: GOLD_BARDING]" classname="org.bukkit.PerMaterialTest" time="0"/>
  <testcase name="maxDurability[360: GOLD_BARDING]" classname="org.bukkit.PerMaterialTest" time="0"/>
  <testcase name="isOccluding[360: GOLD_BARDING]" classname="org.bukkit.PerMaterialTest" time="0"/>
  <testcase name="isRecord[360: GOLD_BARDING]" classname="org.bukkit.PerMaterialTest" time="0"/>
  <testcase name="isFlammable[360: GOLD_BARDING]" classname="org.bukkit.PerMaterialTest" time="0"/>
  <testcase name="maxStackSize[360: GOLD_BARDING]" classname="org.bukkit.PerMaterialTest" time="0"/>
  <testcase name="isTransparent[360: GOLD_BARDING]" classname="org.bukkit.PerMaterialTest" time="0"/>
  <testcase name="isSolid[360: GOLD_BARDING]" classname="org.bukkit.PerMaterialTest" time="0"/>
  <testcase name="hasGravity[361: DIAMOND_BARDING]" classname="org.bukkit.PerMaterialTest" time="0"/>
  <testcase name="isBurnable[361: DIAMOND_BARDING]" classname="org.bukkit.PerMaterialTest" time="0"/>
  <testcase name="isEdible[361: DIAMOND_BARDING]" classname="org.bukkit.PerMaterialTest" time="0"/>
  <testcase name="maxDurability[361: DIAMOND_BARDING]" classname="org.bukkit.PerMaterialTest" time="0"/>
  <testcase name="isOccluding[361: DIAMOND_BARDING]" classname="org.bukkit.PerMaterialTest" time="0"/>
  <testcase name="isRecord[361: DIAMOND_BARDING]" classname="org.bukkit.PerMaterialTest" time="0"/>
  <testcase name="isFlammable[361: DIAMOND_BARDING]" classname="org.bukkit.PerMaterialTest" time="0"/>
  <testcase name="maxStackSize[361: DIAMOND_BARDING]" classname="org.bukkit.PerMaterialTest" time="0"/>
  <testcase name="isTransparent[361: DIAMOND_BARDING]" classname="org.bukkit.PerMaterialTest" time="0"/>
  <testcase name="isSolid[361: DIAMOND_BARDING]" classname="org.bukkit.PerMaterialTest" time="0"/>
  <testcase name="hasGravity[362: LEASH]" classname="org.bukkit.PerMaterialTest" time="0"/>
  <testcase name="isBurnable[362: LEASH]" classname="org.bukkit.PerMaterialTest" time="0"/>
  <testcase name="isEdible[362: LEASH]" classname="org.bukkit.PerMaterialTest" time="0"/>
  <testcase name="maxDurability[362: LEASH]" classname="org.bukkit.PerMaterialTest" time="0"/>
  <testcase name="isOccluding[362: LEASH]" classname="org.bukkit.PerMaterialTest" time="0"/>
  <testcase name="isRecord[362: LEASH]" classname="org.bukkit.PerMaterialTest" time="0"/>
  <testcase name="isFlammable[362: LEASH]" classname="org.bukkit.PerMaterialTest" time="0"/>
  <testcase name="maxStackSize[362: LEASH]" classname="org.bukkit.PerMaterialTest" time="0"/>
  <testcase name="isTransparent[362: LEASH]" classname="org.bukkit.PerMaterialTest" time="0"/>
  <testcase name="isSolid[362: LEASH]" classname="org.bukkit.PerMaterialTest" time="0"/>
  <testcase name="hasGravity[363: NAME_TAG]" classname="org.bukkit.PerMaterialTest" time="0"/>
  <testcase name="isBurnable[363: NAME_TAG]" classname="org.bukkit.PerMaterialTest" time="0"/>
  <testcase name="isEdible[363: NAME_TAG]" classname="org.bukkit.PerMaterialTest" time="0"/>
  <testcase name="maxDurability[363: NAME_TAG]" classname="org.bukkit.PerMaterialTest" time="0"/>
  <testcase name="isOccluding[363: NAME_TAG]" classname="org.bukkit.PerMaterialTest" time="0"/>
  <testcase name="isRecord[363: NAME_TAG]" classname="org.bukkit.PerMaterialTest" time="0"/>
  <testcase name="isFlammable[363: NAME_TAG]" classname="org.bukkit.PerMaterialTest" time="0"/>
  <testcase name="maxStackSize[363: NAME_TAG]" classname="org.bukkit.PerMaterialTest" time="0"/>
  <testcase name="isTransparent[363: NAME_TAG]" classname="org.bukkit.PerMaterialTest" time="0"/>
  <testcase name="isSolid[363: NAME_TAG]" classname="org.bukkit.PerMaterialTest" time="0"/>
  <testcase name="hasGravity[364: COMMAND_MINECART]" classname="org.bukkit.PerMaterialTest" time="0"/>
  <testcase name="isBurnable[364: COMMAND_MINECART]" classname="org.bukkit.PerMaterialTest" time="0"/>
  <testcase name="isEdible[364: COMMAND_MINECART]" classname="org.bukkit.PerMaterialTest" time="0"/>
  <testcase name="maxDurability[364: COMMAND_MINECART]" classname="org.bukkit.PerMaterialTest" time="0"/>
  <testcase name="isOccluding[364: COMMAND_MINECART]" classname="org.bukkit.PerMaterialTest" time="0"/>
  <testcase name="isRecord[364: COMMAND_MINECART]" classname="org.bukkit.PerMaterialTest" time="0"/>
  <testcase name="isFlammable[364: COMMAND_MINECART]" classname="org.bukkit.PerMaterialTest" time="0"/>
  <testcase name="maxStackSize[364: COMMAND_MINECART]" classname="org.bukkit.PerMaterialTest" time="0"/>
  <testcase name="isTransparent[364: COMMAND_MINECART]" classname="org.bukkit.PerMaterialTest" time="0"/>
  <testcase name="isSolid[364: COMMAND_MINECART]" classname="org.bukkit.PerMaterialTest" time="0"/>
  <testcase name="hasGravity[365: MUTTON]" classname="org.bukkit.PerMaterialTest" time="0"/>
  <testcase name="isBurnable[365: MUTTON]" classname="org.bukkit.PerMaterialTest" time="0"/>
  <testcase name="isEdible[365: MUTTON]" classname="org.bukkit.PerMaterialTest" time="0"/>
  <testcase name="maxDurability[365: MUTTON]" classname="org.bukkit.PerMaterialTest" time="0"/>
  <testcase name="isOccluding[365: MUTTON]" classname="org.bukkit.PerMaterialTest" time="0"/>
  <testcase name="isRecord[365: MUTTON]" classname="org.bukkit.PerMaterialTest" time="0"/>
  <testcase name="isFlammable[365: MUTTON]" classname="org.bukkit.PerMaterialTest" time="0"/>
  <testcase name="maxStackSize[365: MUTTON]" classname="org.bukkit.PerMaterialTest" time="0"/>
  <testcase name="isTransparent[365: MUTTON]" classname="org.bukkit.PerMaterialTest" time="0"/>
  <testcase name="isSolid[365: MUTTON]" classname="org.bukkit.PerMaterialTest" time="0"/>
  <testcase name="hasGravity[366: COOKED_MUTTON]" classname="org.bukkit.PerMaterialTest" time="0"/>
  <testcase name="isBurnable[366: COOKED_MUTTON]" classname="org.bukkit.PerMaterialTest" time="0"/>
  <testcase name="isEdible[366: COOKED_MUTTON]" classname="org.bukkit.PerMaterialTest" time="0"/>
  <testcase name="maxDurability[366: COOKED_MUTTON]" classname="org.bukkit.PerMaterialTest" time="0"/>
  <testcase name="isOccluding[366: COOKED_MUTTON]" classname="org.bukkit.PerMaterialTest" time="0"/>
  <testcase name="isRecord[366: COOKED_MUTTON]" classname="org.bukkit.PerMaterialTest" time="0"/>
  <testcase name="isFlammable[366: COOKED_MUTTON]" classname="org.bukkit.PerMaterialTest" time="0"/>
  <testcase name="maxStackSize[366: COOKED_MUTTON]" classname="org.bukkit.PerMaterialTest" time="0"/>
  <testcase name="isTransparent[366: COOKED_MUTTON]" classname="org.bukkit.PerMaterialTest" time="0"/>
  <testcase name="isSolid[366: COOKED_MUTTON]" classname="org.bukkit.PerMaterialTest" time="0"/>
  <testcase name="hasGravity[367: BANNER]" classname="org.bukkit.PerMaterialTest" time="0"/>
  <testcase name="isBurnable[367: BANNER]" classname="org.bukkit.PerMaterialTest" time="0"/>
  <testcase name="isEdible[367: BANNER]" classname="org.bukkit.PerMaterialTest" time="0"/>
  <testcase name="maxDurability[367: BANNER]" classname="org.bukkit.PerMaterialTest" time="0"/>
  <testcase name="isOccluding[367: BANNER]" classname="org.bukkit.PerMaterialTest" time="0"/>
  <testcase name="isRecord[367: BANNER]" classname="org.bukkit.PerMaterialTest" time="0"/>
  <testcase name="isFlammable[367: BANNER]" classname="org.bukkit.PerMaterialTest" time="0"/>
  <testcase name="maxStackSize[367: BANNER]" classname="org.bukkit.PerMaterialTest" time="0"/>
  <testcase name="isTransparent[367: BANNER]" classname="org.bukkit.PerMaterialTest" time="0"/>
  <testcase name="isSolid[367: BANNER]" classname="org.bukkit.PerMaterialTest" time="0"/>
  <testcase name="hasGravity[368: SPRUCE_DOOR_ITEM]" classname="org.bukkit.PerMaterialTest" time="0"/>
  <testcase name="isBurnable[368: SPRUCE_DOOR_ITEM]" classname="org.bukkit.PerMaterialTest" time="0"/>
  <testcase name="isEdible[368: SPRUCE_DOOR_ITEM]" classname="org.bukkit.PerMaterialTest" time="0"/>
  <testcase name="maxDurability[368: SPRUCE_DOOR_ITEM]" classname="org.bukkit.PerMaterialTest" time="0"/>
  <testcase name="isOccluding[368: SPRUCE_DOOR_ITEM]" classname="org.bukkit.PerMaterialTest" time="0"/>
  <testcase name="isRecord[368: SPRUCE_DOOR_ITEM]" classname="org.bukkit.PerMaterialTest" time="0"/>
  <testcase name="isFlammable[368: SPRUCE_DOOR_ITEM]" classname="org.bukkit.PerMaterialTest" time="0"/>
  <testcase name="maxStackSize[368: SPRUCE_DOOR_ITEM]" classname="org.bukkit.PerMaterialTest" time="0"/>
  <testcase name="isTransparent[368: SPRUCE_DOOR_ITEM]" classname="org.bukkit.PerMaterialTest" time="0"/>
  <testcase name="isSolid[368: SPRUCE_DOOR_ITEM]" classname="org.bukkit.PerMaterialTest" time="0"/>
  <testcase name="hasGravity[369: BIRCH_DOOR_ITEM]" classname="org.bukkit.PerMaterialTest" time="0"/>
  <testcase name="isBurnable[369: BIRCH_DOOR_ITEM]" classname="org.bukkit.PerMaterialTest" time="0"/>
  <testcase name="isEdible[369: BIRCH_DOOR_ITEM]" classname="org.bukkit.PerMaterialTest" time="0"/>
  <testcase name="maxDurability[369: BIRCH_DOOR_ITEM]" classname="org.bukkit.PerMaterialTest" time="0"/>
  <testcase name="isOccluding[369: BIRCH_DOOR_ITEM]" classname="org.bukkit.PerMaterialTest" time="0"/>
  <testcase name="isRecord[369: BIRCH_DOOR_ITEM]" classname="org.bukkit.PerMaterialTest" time="0"/>
  <testcase name="isFlammable[369: BIRCH_DOOR_ITEM]" classname="org.bukkit.PerMaterialTest" time="0"/>
  <testcase name="maxStackSize[369: BIRCH_DOOR_ITEM]" classname="org.bukkit.PerMaterialTest" time="0"/>
  <testcase name="isTransparent[369: BIRCH_DOOR_ITEM]" classname="org.bukkit.PerMaterialTest" time="0"/>
  <testcase name="isSolid[369: BIRCH_DOOR_ITEM]" classname="org.bukkit.PerMaterialTest" time="0"/>
  <testcase name="hasGravity[370: JUNGLE_DOOR_ITEM]" classname="org.bukkit.PerMaterialTest" time="0"/>
  <testcase name="isBurnable[370: JUNGLE_DOOR_ITEM]" classname="org.bukkit.PerMaterialTest" time="0"/>
  <testcase name="isEdible[370: JUNGLE_DOOR_ITEM]" classname="org.bukkit.PerMaterialTest" time="0"/>
  <testcase name="maxDurability[370: JUNGLE_DOOR_ITEM]" classname="org.bukkit.PerMaterialTest" time="0"/>
  <testcase name="isOccluding[370: JUNGLE_DOOR_ITEM]" classname="org.bukkit.PerMaterialTest" time="0"/>
  <testcase name="isRecord[370: JUNGLE_DOOR_ITEM]" classname="org.bukkit.PerMaterialTest" time="0"/>
  <testcase name="isFlammable[370: JUNGLE_DOOR_ITEM]" classname="org.bukkit.PerMaterialTest" time="0"/>
  <testcase name="maxStackSize[370: JUNGLE_DOOR_ITEM]" classname="org.bukkit.PerMaterialTest" time="0"/>
  <testcase name="isTransparent[370: JUNGLE_DOOR_ITEM]" classname="org.bukkit.PerMaterialTest" time="0"/>
  <testcase name="isSolid[370: JUNGLE_DOOR_ITEM]" classname="org.bukkit.PerMaterialTest" time="0"/>
  <testcase name="hasGravity[371: ACACIA_DOOR_ITEM]" classname="org.bukkit.PerMaterialTest" time="0"/>
  <testcase name="isBurnable[371: ACACIA_DOOR_ITEM]" classname="org.bukkit.PerMaterialTest" time="0"/>
  <testcase name="isEdible[371: ACACIA_DOOR_ITEM]" classname="org.bukkit.PerMaterialTest" time="0"/>
  <testcase name="maxDurability[371: ACACIA_DOOR_ITEM]" classname="org.bukkit.PerMaterialTest" time="0"/>
  <testcase name="isOccluding[371: ACACIA_DOOR_ITEM]" classname="org.bukkit.PerMaterialTest" time="0"/>
  <testcase name="isRecord[371: ACACIA_DOOR_ITEM]" classname="org.bukkit.PerMaterialTest" time="0"/>
  <testcase name="isFlammable[371: ACACIA_DOOR_ITEM]" classname="org.bukkit.PerMaterialTest" time="0"/>
  <testcase name="maxStackSize[371: ACACIA_DOOR_ITEM]" classname="org.bukkit.PerMaterialTest" time="0"/>
  <testcase name="isTransparent[371: ACACIA_DOOR_ITEM]" classname="org.bukkit.PerMaterialTest" time="0"/>
  <testcase name="isSolid[371: ACACIA_DOOR_ITEM]" classname="org.bukkit.PerMaterialTest" time="0"/>
  <testcase name="hasGravity[372: DARK_OAK_DOOR_ITEM]" classname="org.bukkit.PerMaterialTest" time="0"/>
  <testcase name="isBurnable[372: DARK_OAK_DOOR_ITEM]" classname="org.bukkit.PerMaterialTest" time="0"/>
  <testcase name="isEdible[372: DARK_OAK_DOOR_ITEM]" classname="org.bukkit.PerMaterialTest" time="0"/>
  <testcase name="maxDurability[372: DARK_OAK_DOOR_ITEM]" classname="org.bukkit.PerMaterialTest" time="0"/>
  <testcase name="isOccluding[372: DARK_OAK_DOOR_ITEM]" classname="org.bukkit.PerMaterialTest" time="0"/>
  <testcase name="isRecord[372: DARK_OAK_DOOR_ITEM]" classname="org.bukkit.PerMaterialTest" time="0"/>
  <testcase name="isFlammable[372: DARK_OAK_DOOR_ITEM]" classname="org.bukkit.PerMaterialTest" time="0"/>
  <testcase name="maxStackSize[372: DARK_OAK_DOOR_ITEM]" classname="org.bukkit.PerMaterialTest" time="0"/>
  <testcase name="isTransparent[372: DARK_OAK_DOOR_ITEM]" classname="org.bukkit.PerMaterialTest" time="0"/>
  <testcase name="isSolid[372: DARK_OAK_DOOR_ITEM]" classname="org.bukkit.PerMaterialTest" time="0"/>
  <testcase name="hasGravity[373: GOLD_RECORD]" classname="org.bukkit.PerMaterialTest" time="0"/>
  <testcase name="isBurnable[373: GOLD_RECORD]" classname="org.bukkit.PerMaterialTest" time="0"/>
  <testcase name="isEdible[373: GOLD_RECORD]" classname="org.bukkit.PerMaterialTest" time="0"/>
  <testcase name="maxDurability[373: GOLD_RECORD]" classname="org.bukkit.PerMaterialTest" time="0"/>
  <testcase name="isOccluding[373: GOLD_RECORD]" classname="org.bukkit.PerMaterialTest" time="0"/>
  <testcase name="isRecord[373: GOLD_RECORD]" classname="org.bukkit.PerMaterialTest" time="0"/>
  <testcase name="isFlammable[373: GOLD_RECORD]" classname="org.bukkit.PerMaterialTest" time="0"/>
  <testcase name="maxStackSize[373: GOLD_RECORD]" classname="org.bukkit.PerMaterialTest" time="0"/>
  <testcase name="isTransparent[373: GOLD_RECORD]" classname="org.bukkit.PerMaterialTest" time="0"/>
  <testcase name="isSolid[373: GOLD_RECORD]" classname="org.bukkit.PerMaterialTest" time="0"/>
  <testcase name="hasGravity[374: GREEN_RECORD]" classname="org.bukkit.PerMaterialTest" time="0"/>
  <testcase name="isBurnable[374: GREEN_RECORD]" classname="org.bukkit.PerMaterialTest" time="0"/>
  <testcase name="isEdible[374: GREEN_RECORD]" classname="org.bukkit.PerMaterialTest" time="0"/>
  <testcase name="maxDurability[374: GREEN_RECORD]" classname="org.bukkit.PerMaterialTest" time="0"/>
  <testcase name="isOccluding[374: GREEN_RECORD]" classname="org.bukkit.PerMaterialTest" time="0"/>
  <testcase name="isRecord[374: GREEN_RECORD]" classname="org.bukkit.PerMaterialTest" time="0"/>
  <testcase name="isFlammable[374: GREEN_RECORD]" classname="org.bukkit.PerMaterialTest" time="0"/>
  <testcase name="maxStackSize[374: GREEN_RECORD]" classname="org.bukkit.PerMaterialTest" time="0"/>
  <testcase name="isTransparent[374: GREEN_RECORD]" classname="org.bukkit.PerMaterialTest" time="0"/>
  <testcase name="isSolid[374: GREEN_RECORD]" classname="org.bukkit.PerMaterialTest" time="0"/>
  <testcase name="hasGravity[375: RECORD_3]" classname="org.bukkit.PerMaterialTest" time="0"/>
  <testcase name="isBurnable[375: RECORD_3]" classname="org.bukkit.PerMaterialTest" time="0"/>
  <testcase name="isEdible[375: RECORD_3]" classname="org.bukkit.PerMaterialTest" time="0"/>
  <testcase name="maxDurability[375: RECORD_3]" classname="org.bukkit.PerMaterialTest" time="0"/>
  <testcase name="isOccluding[375: RECORD_3]" classname="org.bukkit.PerMaterialTest" time="0"/>
  <testcase name="isRecord[375: RECORD_3]" classname="org.bukkit.PerMaterialTest" time="0"/>
  <testcase name="isFlammable[375: RECORD_3]" classname="org.bukkit.PerMaterialTest" time="0"/>
  <testcase name="maxStackSize[375: RECORD_3]" classname="org.bukkit.PerMaterialTest" time="0"/>
  <testcase name="isTransparent[375: RECORD_3]" classname="org.bukkit.PerMaterialTest" time="0"/>
  <testcase name="isSolid[375: RECORD_3]" classname="org.bukkit.PerMaterialTest" time="0"/>
  <testcase name="hasGravity[376: RECORD_4]" classname="org.bukkit.PerMaterialTest" time="0"/>
  <testcase name="isBurnable[376: RECORD_4]" classname="org.bukkit.PerMaterialTest" time="0"/>
  <testcase name="isEdible[376: RECORD_4]" classname="org.bukkit.PerMaterialTest" time="0"/>
  <testcase name="maxDurability[376: RECORD_4]" classname="org.bukkit.PerMaterialTest" time="0"/>
  <testcase name="isOccluding[376: RECORD_4]" classname="org.bukkit.PerMaterialTest" time="0"/>
  <testcase name="isRecord[376: RECORD_4]" classname="org.bukkit.PerMaterialTest" time="0"/>
  <testcase name="isFlammable[376: RECORD_4]" classname="org.bukkit.PerMaterialTest" time="0"/>
  <testcase name="maxStackSize[376: RECORD_4]" classname="org.bukkit.PerMaterialTest" time="0"/>
  <testcase name="isTransparent[376: RECORD_4]" classname="org.bukkit.PerMaterialTest" time="0"/>
  <testcase name="isSolid[376: RECORD_4]" classname="org.bukkit.PerMaterialTest" time="0"/>
  <testcase name="hasGravity[377: RECORD_5]" classname="org.bukkit.PerMaterialTest" time="0"/>
  <testcase name="isBurnable[377: RECORD_5]" classname="org.bukkit.PerMaterialTest" time="0"/>
  <testcase name="isEdible[377: RECORD_5]" classname="org.bukkit.PerMaterialTest" time="0"/>
  <testcase name="maxDurability[377: RECORD_5]" classname="org.bukkit.PerMaterialTest" time="0"/>
  <testcase name="isOccluding[377: RECORD_5]" classname="org.bukkit.PerMaterialTest" time="0"/>
  <testcase name="isRecord[377: RECORD_5]" classname="org.bukkit.PerMaterialTest" time="0"/>
  <testcase name="isFlammable[377: RECORD_5]" classname="org.bukkit.PerMaterialTest" time="0"/>
  <testcase name="maxStackSize[377: RECORD_5]" classname="org.bukkit.PerMaterialTest" time="0"/>
  <testcase name="isTransparent[377: RECORD_5]" classname="org.bukkit.PerMaterialTest" time="0"/>
  <testcase name="isSolid[377: RECORD_5]" classname="org.bukkit.PerMaterialTest" time="0"/>
  <testcase name="hasGravity[378: RECORD_6]" classname="org.bukkit.PerMaterialTest" time="0"/>
  <testcase name="isBurnable[378: RECORD_6]" classname="org.bukkit.PerMaterialTest" time="0"/>
  <testcase name="isEdible[378: RECORD_6]" classname="org.bukkit.PerMaterialTest" time="0"/>
  <testcase name="maxDurability[378: RECORD_6]" classname="org.bukkit.PerMaterialTest" time="0"/>
  <testcase name="isOccluding[378: RECORD_6]" classname="org.bukkit.PerMaterialTest" time="0"/>
  <testcase name="isRecord[378: RECORD_6]" classname="org.bukkit.PerMaterialTest" time="0"/>
  <testcase name="isFlammable[378: RECORD_6]" classname="org.bukkit.PerMaterialTest" time="0"/>
  <testcase name="maxStackSize[378: RECORD_6]" classname="org.bukkit.PerMaterialTest" time="0"/>
  <testcase name="isTransparent[378: RECORD_6]" classname="org.bukkit.PerMaterialTest" time="0"/>
  <testcase name="isSolid[378: RECORD_6]" classname="org.bukkit.PerMaterialTest" time="0"/>
  <testcase name="hasGravity[379: RECORD_7]" classname="org.bukkit.PerMaterialTest" time="0"/>
  <testcase name="isBurnable[379: RECORD_7]" classname="org.bukkit.PerMaterialTest" time="0"/>
  <testcase name="isEdible[379: RECORD_7]" classname="org.bukkit.PerMaterialTest" time="0"/>
  <testcase name="maxDurability[379: RECORD_7]" classname="org.bukkit.PerMaterialTest" time="0"/>
  <testcase name="isOccluding[379: RECORD_7]" classname="org.bukkit.PerMaterialTest" time="0"/>
  <testcase name="isRecord[379: RECORD_7]" classname="org.bukkit.PerMaterialTest" time="0"/>
  <testcase name="isFlammable[379: RECORD_7]" classname="org.bukkit.PerMaterialTest" time="0"/>
  <testcase name="maxStackSize[379: RECORD_7]" classname="org.bukkit.PerMaterialTest" time="0"/>
  <testcase name="isTransparent[379: RECORD_7]" classname="org.bukkit.PerMaterialTest" time="0"/>
  <testcase name="isSolid[379: RECORD_7]" classname="org.bukkit.PerMaterialTest" time="0"/>
  <testcase name="hasGravity[380: RECORD_8]" classname="org.bukkit.PerMaterialTest" time="0"/>
  <testcase name="isBurnable[380: RECORD_8]" classname="org.bukkit.PerMaterialTest" time="0"/>
  <testcase name="isEdible[380: RECORD_8]" classname="org.bukkit.PerMaterialTest" time="0"/>
  <testcase name="maxDurability[380: RECORD_8]" classname="org.bukkit.PerMaterialTest" time="0"/>
  <testcase name="isOccluding[380: RECORD_8]" classname="org.bukkit.PerMaterialTest" time="0"/>
  <testcase name="isRecord[380: RECORD_8]" classname="org.bukkit.PerMaterialTest" time="0"/>
  <testcase name="isFlammable[380: RECORD_8]" classname="org.bukkit.PerMaterialTest" time="0"/>
  <testcase name="maxStackSize[380: RECORD_8]" classname="org.bukkit.PerMaterialTest" time="0"/>
  <testcase name="isTransparent[380: RECORD_8]" classname="org.bukkit.PerMaterialTest" time="0"/>
  <testcase name="isSolid[380: RECORD_8]" classname="org.bukkit.PerMaterialTest" time="0"/>
  <testcase name="hasGravity[381: RECORD_9]" classname="org.bukkit.PerMaterialTest" time="0"/>
  <testcase name="isBurnable[381: RECORD_9]" classname="org.bukkit.PerMaterialTest" time="0"/>
  <testcase name="isEdible[381: RECORD_9]" classname="org.bukkit.PerMaterialTest" time="0"/>
  <testcase name="maxDurability[381: RECORD_9]" classname="org.bukkit.PerMaterialTest" time="0"/>
  <testcase name="isOccluding[381: RECORD_9]" classname="org.bukkit.PerMaterialTest" time="0"/>
  <testcase name="isRecord[381: RECORD_9]" classname="org.bukkit.PerMaterialTest" time="0"/>
  <testcase name="isFlammable[381: RECORD_9]" classname="org.bukkit.PerMaterialTest" time="0"/>
  <testcase name="maxStackSize[381: RECORD_9]" classname="org.bukkit.PerMaterialTest" time="0"/>
  <testcase name="isTransparent[381: RECORD_9]" classname="org.bukkit.PerMaterialTest" time="0"/>
  <testcase name="isSolid[381: RECORD_9]" classname="org.bukkit.PerMaterialTest" time="0"/>
  <testcase name="hasGravity[382: RECORD_10]" classname="org.bukkit.PerMaterialTest" time="0"/>
  <testcase name="isBurnable[382: RECORD_10]" classname="org.bukkit.PerMaterialTest" time="0"/>
  <testcase name="isEdible[382: RECORD_10]" classname="org.bukkit.PerMaterialTest" time="0"/>
  <testcase name="maxDurability[382: RECORD_10]" classname="org.bukkit.PerMaterialTest" time="0"/>
  <testcase name="isOccluding[382: RECORD_10]" classname="org.bukkit.PerMaterialTest" time="0"/>
  <testcase name="isRecord[382: RECORD_10]" classname="org.bukkit.PerMaterialTest" time="0"/>
  <testcase name="isFlammable[382: RECORD_10]" classname="org.bukkit.PerMaterialTest" time="0"/>
  <testcase name="maxStackSize[382: RECORD_10]" classname="org.bukkit.PerMaterialTest" time="0"/>
  <testcase name="isTransparent[382: RECORD_10]" classname="org.bukkit.PerMaterialTest" time="0"/>
  <testcase name="isSolid[382: RECORD_10]" classname="org.bukkit.PerMaterialTest" time="0"/>
  <testcase name="hasGravity[383: RECORD_11]" classname="org.bukkit.PerMaterialTest" time="0"/>
  <testcase name="isBurnable[383: RECORD_11]" classname="org.bukkit.PerMaterialTest" time="0"/>
  <testcase name="isEdible[383: RECORD_11]" classname="org.bukkit.PerMaterialTest" time="0"/>
  <testcase name="maxDurability[383: RECORD_11]" classname="org.bukkit.PerMaterialTest" time="0"/>
  <testcase name="isOccluding[383: RECORD_11]" classname="org.bukkit.PerMaterialTest" time="0"/>
  <testcase name="isRecord[383: RECORD_11]" classname="org.bukkit.PerMaterialTest" time="0"/>
  <testcase name="isFlammable[383: RECORD_11]" classname="org.bukkit.PerMaterialTest" time="0"/>
  <testcase name="maxStackSize[383: RECORD_11]" classname="org.bukkit.PerMaterialTest" time="0"/>
  <testcase name="isTransparent[383: RECORD_11]" classname="org.bukkit.PerMaterialTest" time="0"/>
  <testcase name="isSolid[383: RECORD_11]" classname="org.bukkit.PerMaterialTest" time="0"/>
  <testcase name="hasGravity[384: RECORD_12]" classname="org.bukkit.PerMaterialTest" time="0"/>
  <testcase name="isBurnable[384: RECORD_12]" classname="org.bukkit.PerMaterialTest" time="0"/>
  <testcase name="isEdible[384: RECORD_12]" classname="org.bukkit.PerMaterialTest" time="0"/>
  <testcase name="maxDurability[384: RECORD_12]" classname="org.bukkit.PerMaterialTest" time="0"/>
  <testcase name="isOccluding[384: RECORD_12]" classname="org.bukkit.PerMaterialTest" time="0"/>
  <testcase name="isRecord[384: RECORD_12]" classname="org.bukkit.PerMaterialTest" time="0"/>
  <testcase name="isFlammable[384: RECORD_12]" classname="org.bukkit.PerMaterialTest" time="0"/>
  <testcase name="maxStackSize[384: RECORD_12]" classname="org.bukkit.PerMaterialTest" time="0"/>
  <testcase name="isTransparent[384: RECORD_12]" classname="org.bukkit.PerMaterialTest" time="0"/>
  <testcase name="isSolid[384: RECORD_12]" classname="org.bukkit.PerMaterialTest" time="0"/>
</testsuite>